Experiment saved to: /wang_hp/zhy/OCD/source_code/checkpoints/log/(12.04.2024_|_14.276)
['checkpoints']
Namespace(base_model='vit_dino', batch_size=128, contrast_unlabel_only=False, cuda=True, dataset_name='flowers', epochs=100, eval_funcs=['v1', 'v2'], exp_root='/wang_hp/zhy/OCD/source_code', gamma=0.1, grad_from_block=11, image_size=224, log_dir='/wang_hp/zhy/OCD/source_code/checkpoints/log/(12.04.2024_|_14.276)', lr=0.01, model_dir='/wang_hp/zhy/OCD/source_code/checkpoints/log/(12.04.2024_|_14.276)/checkpoints', model_name='vit_dino', model_path='/wang_hp/zhy/OCD/source_code/checkpoints/log/(12.04.2024_|_14.276)/checkpoints/model.pt', momentum=0.9, n_views=2, num_labeled_classes=51, num_unlabeled_classes=51, num_workers=16, prop_train_labels=0.5, save_best_thresh=None, seed=1, sup_con_weight=0.5, temperature=1.0, train_classes=range(0, 51), transform='imagenet', unlabeled_classes=range(51, 102), use_ssb_splits=True, warmup_model_dir=None, weight_decay=5e-05, writer=<torch.utils.tensorboard.writer.SummaryWriter object at 0x7fb7980b4a60>)
Using evaluation function v1 to print results
Train Epoch: 0 Avg Loss: 8.9224 | Seen Class Acc: 0.0000 
Collating features...
203 765
Epoch 0, Train ACC Unlabelled_v1: All 0.2810 | Old 0.3255 | New 0.2588
Epoch 0, Train ACC Unlabelled_v2: All 0.2510 | Old 0.2549 | New 0.2490
Train Accuracies: All 0.2810 | Old 0.3255 | New 0.2588
Train Epoch: 1 Avg Loss: 5.3728 | Seen Class Acc: 0.0000 
Collating features...
191 765
Epoch 1, Train ACC Unlabelled_v1: All 0.2719 | Old 0.3333 | New 0.2412
Epoch 1, Train ACC Unlabelled_v2: All 0.2392 | Old 0.2510 | New 0.2333
Train Accuracies: All 0.2719 | Old 0.3333 | New 0.2412
Train Epoch: 2 Avg Loss: 4.5357 | Seen Class Acc: 0.0000 
Collating features...
175 765
Epoch 2, Train ACC Unlabelled_v1: All 0.2850 | Old 0.3569 | New 0.2490
Epoch 2, Train ACC Unlabelled_v2: All 0.2523 | Old 0.2784 | New 0.2392
Train Accuracies: All 0.2850 | Old 0.3569 | New 0.2490
Train Epoch: 3 Avg Loss: 4.1679 | Seen Class Acc: 0.0000 
Collating features...
160 765
Epoch 3, Train ACC Unlabelled_v1: All 0.2719 | Old 0.3725 | New 0.2216
Epoch 3, Train ACC Unlabelled_v2: All 0.2379 | Old 0.2941 | New 0.2098
Train Accuracies: All 0.2719 | Old 0.3725 | New 0.2216
Train Epoch: 4 Avg Loss: 3.6386 | Seen Class Acc: 0.0000 
Collating features...
165 765
Epoch 4, Train ACC Unlabelled_v1: All 0.2654 | Old 0.3647 | New 0.2157
Epoch 4, Train ACC Unlabelled_v2: All 0.2366 | Old 0.3059 | New 0.2020
Train Accuracies: All 0.2654 | Old 0.3647 | New 0.2157
Train Epoch: 5 Avg Loss: 3.4529 | Seen Class Acc: 0.0000 
Collating features...
186 765
Epoch 5, Train ACC Unlabelled_v1: All 0.3020 | Old 0.3804 | New 0.2627
Epoch 5, Train ACC Unlabelled_v2: All 0.2719 | Old 0.2980 | New 0.2588
Train Accuracies: All 0.3020 | Old 0.3804 | New 0.2627
Train Epoch: 6 Avg Loss: 3.2433 | Seen Class Acc: 0.0000 
Collating features...
214 765
Epoch 6, Train ACC Unlabelled_v1: All 0.2954 | Old 0.3804 | New 0.2529
Epoch 6, Train ACC Unlabelled_v2: All 0.2693 | Old 0.3137 | New 0.2471
Train Accuracies: All 0.2954 | Old 0.3804 | New 0.2529
Train Epoch: 7 Avg Loss: 3.2661 | Seen Class Acc: 0.0000 
Collating features...
243 765
Epoch 7, Train ACC Unlabelled_v1: All 0.3059 | Old 0.4000 | New 0.2588
Epoch 7, Train ACC Unlabelled_v2: All 0.2810 | Old 0.3569 | New 0.2431
Train Accuracies: All 0.3059 | Old 0.4000 | New 0.2588
Train Epoch: 8 Avg Loss: 3.2081 | Seen Class Acc: 0.0000 
Collating features...
253 765
Epoch 8, Train ACC Unlabelled_v1: All 0.3229 | Old 0.4353 | New 0.2667
Epoch 8, Train ACC Unlabelled_v2: All 0.3046 | Old 0.3843 | New 0.2647
Train Accuracies: All 0.3229 | Old 0.4353 | New 0.2667
Train Epoch: 9 Avg Loss: 2.9280 | Seen Class Acc: 0.0000 
Collating features...
264 765
Epoch 9, Train ACC Unlabelled_v1: All 0.3059 | Old 0.4235 | New 0.2471
Epoch 9, Train ACC Unlabelled_v2: All 0.2954 | Old 0.3922 | New 0.2471
Train Accuracies: All 0.3059 | Old 0.4235 | New 0.2471
Train Epoch: 10 Avg Loss: 2.9759 | Seen Class Acc: 0.0000 
Collating features...
287 765
Epoch 10, Train ACC Unlabelled_v1: All 0.3046 | Old 0.4157 | New 0.2490
Epoch 10, Train ACC Unlabelled_v2: All 0.2902 | Old 0.3765 | New 0.2471
Train Accuracies: All 0.3046 | Old 0.4157 | New 0.2490
Train Epoch: 11 Avg Loss: 2.8810 | Seen Class Acc: 0.0000 
Collating features...
289 765
Epoch 11, Train ACC Unlabelled_v1: All 0.3229 | Old 0.4353 | New 0.2667
Epoch 11, Train ACC Unlabelled_v2: All 0.3085 | Old 0.4078 | New 0.2588
Train Accuracies: All 0.3229 | Old 0.4353 | New 0.2667
Train Epoch: 12 Avg Loss: 2.9384 | Seen Class Acc: 0.0000 
Collating features...
275 765
Epoch 12, Train ACC Unlabelled_v1: All 0.3307 | Old 0.4392 | New 0.2765
Epoch 12, Train ACC Unlabelled_v2: All 0.3150 | Old 0.4078 | New 0.2686
Train Accuracies: All 0.3307 | Old 0.4392 | New 0.2765
Train Epoch: 13 Avg Loss: 2.7854 | Seen Class Acc: 0.0000 
Collating features...
277 765
Epoch 13, Train ACC Unlabelled_v1: All 0.3190 | Old 0.4431 | New 0.2569
Epoch 13, Train ACC Unlabelled_v2: All 0.3020 | Old 0.4118 | New 0.2471
Train Accuracies: All 0.3190 | Old 0.4431 | New 0.2569
Train Epoch: 14 Avg Loss: 2.7231 | Seen Class Acc: 0.0000 
Collating features...
283 765
Epoch 14, Train ACC Unlabelled_v1: All 0.3085 | Old 0.4549 | New 0.2353
Epoch 14, Train ACC Unlabelled_v2: All 0.2863 | Old 0.4078 | New 0.2255
Train Accuracies: All 0.3085 | Old 0.4549 | New 0.2353
Train Epoch: 15 Avg Loss: 2.6673 | Seen Class Acc: 0.0000 
Collating features...
282 765
Epoch 15, Train ACC Unlabelled_v1: All 0.3124 | Old 0.4549 | New 0.2412
Epoch 15, Train ACC Unlabelled_v2: All 0.2941 | Old 0.4196 | New 0.2314
Train Accuracies: All 0.3124 | Old 0.4549 | New 0.2412
Train Epoch: 16 Avg Loss: 2.7083 | Seen Class Acc: 0.0000 
Collating features...
284 765
Epoch 16, Train ACC Unlabelled_v1: All 0.3203 | Old 0.4471 | New 0.2569
Epoch 16, Train ACC Unlabelled_v2: All 0.2980 | Old 0.3961 | New 0.2490
Train Accuracies: All 0.3203 | Old 0.4471 | New 0.2569
Train Epoch: 17 Avg Loss: 2.6161 | Seen Class Acc: 0.0000 
Collating features...
286 765
Epoch 17, Train ACC Unlabelled_v1: All 0.3163 | Old 0.4588 | New 0.2451
Epoch 17, Train ACC Unlabelled_v2: All 0.2993 | Old 0.4118 | New 0.2431
Train Accuracies: All 0.3163 | Old 0.4588 | New 0.2451
Train Epoch: 18 Avg Loss: 2.5668 | Seen Class Acc: 0.0000 
Collating features...
287 765
Epoch 18, Train ACC Unlabelled_v1: All 0.3333 | Old 0.4941 | New 0.2529
Epoch 18, Train ACC Unlabelled_v2: All 0.3150 | Old 0.4431 | New 0.2510
Train Accuracies: All 0.3333 | Old 0.4941 | New 0.2529
Train Epoch: 19 Avg Loss: 2.5595 | Seen Class Acc: 0.0000 
Collating features...
292 765
Epoch 19, Train ACC Unlabelled_v1: All 0.3412 | Old 0.5176 | New 0.2529
Epoch 19, Train ACC Unlabelled_v2: All 0.3229 | Old 0.4706 | New 0.2490
Train Accuracies: All 0.3412 | Old 0.5176 | New 0.2529
Train Epoch: 20 Avg Loss: 2.5023 | Seen Class Acc: 0.0000 
Collating features...
286 765
Epoch 20, Train ACC Unlabelled_v1: All 0.3399 | Old 0.5294 | New 0.2451
Epoch 20, Train ACC Unlabelled_v2: All 0.3203 | Old 0.4784 | New 0.2412
Train Accuracies: All 0.3399 | Old 0.5294 | New 0.2451
Train Epoch: 21 Avg Loss: 2.5164 | Seen Class Acc: 0.0000 
Collating features...
289 765
Epoch 21, Train ACC Unlabelled_v1: All 0.3412 | Old 0.5333 | New 0.2451
Epoch 21, Train ACC Unlabelled_v2: All 0.3255 | Old 0.5020 | New 0.2373
Train Accuracies: All 0.3412 | Old 0.5333 | New 0.2451
Train Epoch: 22 Avg Loss: 2.4781 | Seen Class Acc: 0.0000 
Collating features...
296 765
Epoch 22, Train ACC Unlabelled_v1: All 0.3529 | Old 0.5412 | New 0.2588
Epoch 22, Train ACC Unlabelled_v2: All 0.3359 | Old 0.5020 | New 0.2529
Train Accuracies: All 0.3529 | Old 0.5412 | New 0.2588
Train Epoch: 23 Avg Loss: 2.5288 | Seen Class Acc: 0.0000 
Collating features...
302 765
Epoch 23, Train ACC Unlabelled_v1: All 0.3464 | Old 0.5373 | New 0.2510
Epoch 23, Train ACC Unlabelled_v2: All 0.3294 | Old 0.4863 | New 0.2510
Train Accuracies: All 0.3464 | Old 0.5373 | New 0.2510
Train Epoch: 24 Avg Loss: 2.4184 | Seen Class Acc: 0.0000 
Collating features...
301 765
Epoch 24, Train ACC Unlabelled_v1: All 0.3503 | Old 0.5608 | New 0.2451
Epoch 24, Train ACC Unlabelled_v2: All 0.3346 | Old 0.5255 | New 0.2392
Train Accuracies: All 0.3503 | Old 0.5608 | New 0.2451
Train Epoch: 25 Avg Loss: 2.4407 | Seen Class Acc: 0.0000 
Collating features...
321 765
Epoch 25, Train ACC Unlabelled_v1: All 0.3477 | Old 0.5608 | New 0.2412
Epoch 25, Train ACC Unlabelled_v2: All 0.3307 | Old 0.5216 | New 0.2353
Train Accuracies: All 0.3477 | Old 0.5608 | New 0.2412
Train Epoch: 26 Avg Loss: 2.3796 | Seen Class Acc: 0.0000 
Collating features...
308 765
Epoch 26, Train ACC Unlabelled_v1: All 0.3542 | Old 0.5725 | New 0.2451
Epoch 26, Train ACC Unlabelled_v2: All 0.3386 | Old 0.5294 | New 0.2431
Train Accuracies: All 0.3542 | Old 0.5725 | New 0.2451
Train Epoch: 27 Avg Loss: 2.4147 | Seen Class Acc: 0.0000 
Collating features...
302 765
Epoch 27, Train ACC Unlabelled_v1: All 0.3556 | Old 0.5686 | New 0.2490
Epoch 27, Train ACC Unlabelled_v2: All 0.3333 | Old 0.5137 | New 0.2431
Train Accuracies: All 0.3556 | Old 0.5686 | New 0.2490
Train Epoch: 28 Avg Loss: 2.3567 | Seen Class Acc: 0.0000 
Collating features...
292 765
Epoch 28, Train ACC Unlabelled_v1: All 0.3699 | Old 0.5961 | New 0.2569
Epoch 28, Train ACC Unlabelled_v2: All 0.3490 | Old 0.5490 | New 0.2490
Train Accuracies: All 0.3699 | Old 0.5961 | New 0.2569
Train Epoch: 29 Avg Loss: 2.3281 | Seen Class Acc: 0.0000 
Collating features...
297 765
Epoch 29, Train ACC Unlabelled_v1: All 0.3686 | Old 0.6078 | New 0.2490
Epoch 29, Train ACC Unlabelled_v2: All 0.3490 | Old 0.5569 | New 0.2451
Train Accuracies: All 0.3686 | Old 0.6078 | New 0.2490
Train Epoch: 30 Avg Loss: 2.3037 | Seen Class Acc: 0.0000 
Collating features...
297 765
Epoch 30, Train ACC Unlabelled_v1: All 0.3712 | Old 0.6118 | New 0.2510
Epoch 30, Train ACC Unlabelled_v2: All 0.3490 | Old 0.5569 | New 0.2451
Train Accuracies: All 0.3712 | Old 0.6118 | New 0.2510
Train Epoch: 31 Avg Loss: 2.3293 | Seen Class Acc: 0.0000 
Collating features...
290 765
Epoch 31, Train ACC Unlabelled_v1: All 0.3686 | Old 0.6078 | New 0.2490
Epoch 31, Train ACC Unlabelled_v2: All 0.3464 | Old 0.5490 | New 0.2451
Train Accuracies: All 0.3686 | Old 0.6078 | New 0.2490
Train Epoch: 32 Avg Loss: 2.3199 | Seen Class Acc: 0.0000 
Collating features...
291 765
Epoch 32, Train ACC Unlabelled_v1: All 0.3699 | Old 0.6157 | New 0.2471
Epoch 32, Train ACC Unlabelled_v2: All 0.3438 | Old 0.5412 | New 0.2451
Train Accuracies: All 0.3699 | Old 0.6157 | New 0.2471
Train Epoch: 33 Avg Loss: 2.2515 | Seen Class Acc: 0.0000 
Collating features...
287 765
Epoch 33, Train ACC Unlabelled_v1: All 0.3739 | Old 0.6275 | New 0.2471
Epoch 33, Train ACC Unlabelled_v2: All 0.3529 | Old 0.5725 | New 0.2431
Train Accuracies: All 0.3739 | Old 0.6275 | New 0.2471
Train Epoch: 34 Avg Loss: 2.2693 | Seen Class Acc: 0.0000 
Collating features...
284 765
Epoch 34, Train ACC Unlabelled_v1: All 0.3791 | Old 0.6471 | New 0.2451
Epoch 34, Train ACC Unlabelled_v2: All 0.3529 | Old 0.5804 | New 0.2392
Train Accuracies: All 0.3791 | Old 0.6471 | New 0.2451
Train Epoch: 35 Avg Loss: 2.2752 | Seen Class Acc: 0.0000 
Collating features...
282 765
Epoch 35, Train ACC Unlabelled_v1: All 0.3869 | Old 0.6627 | New 0.2490
Epoch 35, Train ACC Unlabelled_v2: All 0.3569 | Old 0.5843 | New 0.2431
Train Accuracies: All 0.3869 | Old 0.6627 | New 0.2490
Train Epoch: 36 Avg Loss: 2.2583 | Seen Class Acc: 0.0000 
Collating features...
279 765
Epoch 36, Train ACC Unlabelled_v1: All 0.3869 | Old 0.6627 | New 0.2490
Epoch 36, Train ACC Unlabelled_v2: All 0.3595 | Old 0.6000 | New 0.2392
Train Accuracies: All 0.3869 | Old 0.6627 | New 0.2490
Train Epoch: 37 Avg Loss: 2.1714 | Seen Class Acc: 0.0000 
Collating features...
271 765
Epoch 37, Train ACC Unlabelled_v1: All 0.3922 | Old 0.6745 | New 0.2510
Epoch 37, Train ACC Unlabelled_v2: All 0.3673 | Old 0.6118 | New 0.2451
Train Accuracies: All 0.3922 | Old 0.6745 | New 0.2510
Train Epoch: 38 Avg Loss: 2.2058 | Seen Class Acc: 0.0000 
Collating features...
271 765
Epoch 38, Train ACC Unlabelled_v1: All 0.3856 | Old 0.6667 | New 0.2451
Epoch 38, Train ACC Unlabelled_v2: All 0.3582 | Old 0.6235 | New 0.2255
Train Accuracies: All 0.3856 | Old 0.6667 | New 0.2451
Train Epoch: 39 Avg Loss: 2.2473 | Seen Class Acc: 0.0000 
Collating features...
269 765
Epoch 39, Train ACC Unlabelled_v1: All 0.3882 | Old 0.6784 | New 0.2431
Epoch 39, Train ACC Unlabelled_v2: All 0.3595 | Old 0.6314 | New 0.2235
Train Accuracies: All 0.3882 | Old 0.6784 | New 0.2431
Train Epoch: 40 Avg Loss: 2.1839 | Seen Class Acc: 0.0000 
Collating features...
267 765
Epoch 40, Train ACC Unlabelled_v1: All 0.3895 | Old 0.6784 | New 0.2451
Epoch 40, Train ACC Unlabelled_v2: All 0.3621 | Old 0.6314 | New 0.2275
Train Accuracies: All 0.3895 | Old 0.6784 | New 0.2451
Train Epoch: 41 Avg Loss: 2.2160 | Seen Class Acc: 0.0000 
Collating features...
270 765
Epoch 41, Train ACC Unlabelled_v1: All 0.3948 | Old 0.6824 | New 0.2510
Epoch 41, Train ACC Unlabelled_v2: All 0.3634 | Old 0.6118 | New 0.2392
Train Accuracies: All 0.3948 | Old 0.6824 | New 0.2510
Train Epoch: 42 Avg Loss: 2.1797 | Seen Class Acc: 0.0000 
Collating features...
269 765
Epoch 42, Train ACC Unlabelled_v1: All 0.3974 | Old 0.6863 | New 0.2529
Epoch 42, Train ACC Unlabelled_v2: All 0.3647 | Old 0.6196 | New 0.2373
Train Accuracies: All 0.3974 | Old 0.6863 | New 0.2529
Train Epoch: 43 Avg Loss: 2.1812 | Seen Class Acc: 0.0000 
Collating features...
263 765
Epoch 43, Train ACC Unlabelled_v1: All 0.3974 | Old 0.6863 | New 0.2529
Epoch 43, Train ACC Unlabelled_v2: All 0.3634 | Old 0.6157 | New 0.2373
Train Accuracies: All 0.3974 | Old 0.6863 | New 0.2529
Train Epoch: 44 Avg Loss: 2.1888 | Seen Class Acc: 0.0000 
Collating features...
257 765
Epoch 44, Train ACC Unlabelled_v1: All 0.3987 | Old 0.6863 | New 0.2549
Epoch 44, Train ACC Unlabelled_v2: All 0.3660 | Old 0.6275 | New 0.2353
Train Accuracies: All 0.3987 | Old 0.6863 | New 0.2549
Train Epoch: 45 Avg Loss: 2.1427 | Seen Class Acc: 0.0000 
Collating features...
253 765
Epoch 45, Train ACC Unlabelled_v1: All 0.4000 | Old 0.6824 | New 0.2588
Epoch 45, Train ACC Unlabelled_v2: All 0.3660 | Old 0.6196 | New 0.2392
Train Accuracies: All 0.4000 | Old 0.6824 | New 0.2588
Train Epoch: 46 Avg Loss: 2.1854 | Seen Class Acc: 0.0000 
Collating features...
253 765
Epoch 46, Train ACC Unlabelled_v1: All 0.3987 | Old 0.6706 | New 0.2627
Epoch 46, Train ACC Unlabelled_v2: All 0.3647 | Old 0.6157 | New 0.2392
Train Accuracies: All 0.3987 | Old 0.6706 | New 0.2627
Train Epoch: 47 Avg Loss: 2.1522 | Seen Class Acc: 0.0000 
Collating features...
246 765
Epoch 47, Train ACC Unlabelled_v1: All 0.4013 | Old 0.6667 | New 0.2686
Epoch 47, Train ACC Unlabelled_v2: All 0.3686 | Old 0.6039 | New 0.2510
Train Accuracies: All 0.4013 | Old 0.6667 | New 0.2686
Train Epoch: 48 Avg Loss: 2.1362 | Seen Class Acc: 0.0000 
Collating features...
242 765
Epoch 48, Train ACC Unlabelled_v1: All 0.4013 | Old 0.6667 | New 0.2686
Epoch 48, Train ACC Unlabelled_v2: All 0.3699 | Old 0.5961 | New 0.2569
Train Accuracies: All 0.4013 | Old 0.6667 | New 0.2686
Train Epoch: 49 Avg Loss: 2.2076 | Seen Class Acc: 0.0000 
Collating features...
239 765
Epoch 49, Train ACC Unlabelled_v1: All 0.4000 | Old 0.6588 | New 0.2706
Epoch 49, Train ACC Unlabelled_v2: All 0.3673 | Old 0.5843 | New 0.2588
Train Accuracies: All 0.4000 | Old 0.6588 | New 0.2706
Train Epoch: 50 Avg Loss: 2.1094 | Seen Class Acc: 0.0000 
Collating features...
235 765
Epoch 50, Train ACC Unlabelled_v1: All 0.3948 | Old 0.6549 | New 0.2647
Epoch 50, Train ACC Unlabelled_v2: All 0.3595 | Old 0.5804 | New 0.2490
Train Accuracies: All 0.3948 | Old 0.6549 | New 0.2647
Train Epoch: 51 Avg Loss: 2.0882 | Seen Class Acc: 0.0000 
Collating features...
235 765
Epoch 51, Train ACC Unlabelled_v1: All 0.3961 | Old 0.6627 | New 0.2627
Epoch 51, Train ACC Unlabelled_v2: All 0.3569 | Old 0.5686 | New 0.2510
Train Accuracies: All 0.3961 | Old 0.6627 | New 0.2627
Train Epoch: 52 Avg Loss: 2.1549 | Seen Class Acc: 0.0000 
Collating features...
236 765
Epoch 52, Train ACC Unlabelled_v1: All 0.3961 | Old 0.6706 | New 0.2588
Epoch 52, Train ACC Unlabelled_v2: All 0.3582 | Old 0.5765 | New 0.2490
Train Accuracies: All 0.3961 | Old 0.6706 | New 0.2588
Train Epoch: 53 Avg Loss: 2.1055 | Seen Class Acc: 0.0000 
Collating features...
236 765
Epoch 53, Train ACC Unlabelled_v1: All 0.4000 | Old 0.6745 | New 0.2627
Epoch 53, Train ACC Unlabelled_v2: All 0.3608 | Old 0.5922 | New 0.2451
Train Accuracies: All 0.4000 | Old 0.6745 | New 0.2627
Train Epoch: 54 Avg Loss: 2.0899 | Seen Class Acc: 0.0000 
Collating features...
235 765
Epoch 54, Train ACC Unlabelled_v1: All 0.4000 | Old 0.6706 | New 0.2647
Epoch 54, Train ACC Unlabelled_v2: All 0.3647 | Old 0.5922 | New 0.2510
Train Accuracies: All 0.4000 | Old 0.6706 | New 0.2647
Train Epoch: 55 Avg Loss: 2.1050 | Seen Class Acc: 0.0000 
Collating features...
236 765
Epoch 55, Train ACC Unlabelled_v1: All 0.3974 | Old 0.6627 | New 0.2647
Epoch 55, Train ACC Unlabelled_v2: All 0.3582 | Old 0.5569 | New 0.2588
Train Accuracies: All 0.3974 | Old 0.6627 | New 0.2647
Train Epoch: 56 Avg Loss: 2.0981 | Seen Class Acc: 0.0000 
Collating features...
236 765
Epoch 56, Train ACC Unlabelled_v1: All 0.3935 | Old 0.6627 | New 0.2588
Epoch 56, Train ACC Unlabelled_v2: All 0.3542 | Old 0.5569 | New 0.2529
Train Accuracies: All 0.3935 | Old 0.6627 | New 0.2588
Train Epoch: 57 Avg Loss: 2.1431 | Seen Class Acc: 0.0000 
Collating features...
244 765
Epoch 57, Train ACC Unlabelled_v1: All 0.3869 | Old 0.6627 | New 0.2490
Epoch 57, Train ACC Unlabelled_v2: All 0.3477 | Old 0.5647 | New 0.2392
Train Accuracies: All 0.3869 | Old 0.6627 | New 0.2490
Train Epoch: 58 Avg Loss: 2.1302 | Seen Class Acc: 0.0000 
Collating features...
247 765
Epoch 58, Train ACC Unlabelled_v1: All 0.3895 | Old 0.6706 | New 0.2490
Epoch 58, Train ACC Unlabelled_v2: All 0.3503 | Old 0.5686 | New 0.2412
Train Accuracies: All 0.3895 | Old 0.6706 | New 0.2490
Train Epoch: 59 Avg Loss: 2.1562 | Seen Class Acc: 0.0000 
Collating features...
248 765
Epoch 59, Train ACC Unlabelled_v1: All 0.3948 | Old 0.6784 | New 0.2529
Epoch 59, Train ACC Unlabelled_v2: All 0.3569 | Old 0.5725 | New 0.2490
Train Accuracies: All 0.3948 | Old 0.6784 | New 0.2529
Train Epoch: 60 Avg Loss: 2.0276 | Seen Class Acc: 0.0000 
Collating features...
252 765
Epoch 60, Train ACC Unlabelled_v1: All 0.3935 | Old 0.6784 | New 0.2510
Epoch 60, Train ACC Unlabelled_v2: All 0.3582 | Old 0.5804 | New 0.2471
Train Accuracies: All 0.3935 | Old 0.6784 | New 0.2510
Train Epoch: 61 Avg Loss: 2.1302 | Seen Class Acc: 0.0000 
Collating features...
256 765
Epoch 61, Train ACC Unlabelled_v1: All 0.3948 | Old 0.6784 | New 0.2529
Epoch 61, Train ACC Unlabelled_v2: All 0.3595 | Old 0.5843 | New 0.2471
Train Accuracies: All 0.3948 | Old 0.6784 | New 0.2529
Train Epoch: 62 Avg Loss: 2.0670 | Seen Class Acc: 0.0000 
Collating features...
257 765
Epoch 62, Train ACC Unlabelled_v1: All 0.3935 | Old 0.6784 | New 0.2510
Epoch 62, Train ACC Unlabelled_v2: All 0.3582 | Old 0.5804 | New 0.2471
Train Accuracies: All 0.3935 | Old 0.6784 | New 0.2510
Train Epoch: 63 Avg Loss: 2.1179 | Seen Class Acc: 0.0000 
Collating features...
257 765
Epoch 63, Train ACC Unlabelled_v1: All 0.3974 | Old 0.6784 | New 0.2569
Epoch 63, Train ACC Unlabelled_v2: All 0.3621 | Old 0.5804 | New 0.2529
Train Accuracies: All 0.3974 | Old 0.6784 | New 0.2569
Train Epoch: 64 Avg Loss: 2.0665 | Seen Class Acc: 0.0000 
Collating features...
258 765
Epoch 64, Train ACC Unlabelled_v1: All 0.4000 | Old 0.6784 | New 0.2608
Epoch 64, Train ACC Unlabelled_v2: All 0.3647 | Old 0.5804 | New 0.2569
Train Accuracies: All 0.4000 | Old 0.6784 | New 0.2608
Train Epoch: 65 Avg Loss: 2.1027 | Seen Class Acc: 0.0000 
Collating features...
257 765
Epoch 65, Train ACC Unlabelled_v1: All 0.4013 | Old 0.6784 | New 0.2627
Epoch 65, Train ACC Unlabelled_v2: All 0.3660 | Old 0.5804 | New 0.2588
Train Accuracies: All 0.4013 | Old 0.6784 | New 0.2627
Train Epoch: 66 Avg Loss: 2.0754 | Seen Class Acc: 0.0000 
Collating features...
255 765
Epoch 66, Train ACC Unlabelled_v1: All 0.4000 | Old 0.6745 | New 0.2627
Epoch 66, Train ACC Unlabelled_v2: All 0.3660 | Old 0.5765 | New 0.2608
Train Accuracies: All 0.4000 | Old 0.6745 | New 0.2627
Train Epoch: 67 Avg Loss: 2.0957 | Seen Class Acc: 0.0000 
Collating features...
255 765
Epoch 67, Train ACC Unlabelled_v1: All 0.4039 | Old 0.6784 | New 0.2667
Epoch 67, Train ACC Unlabelled_v2: All 0.3699 | Old 0.5804 | New 0.2647
Train Accuracies: All 0.4039 | Old 0.6784 | New 0.2667
Train Epoch: 68 Avg Loss: 2.0510 | Seen Class Acc: 0.0000 
Collating features...
254 765
Epoch 68, Train ACC Unlabelled_v1: All 0.4052 | Old 0.6863 | New 0.2647
Epoch 68, Train ACC Unlabelled_v2: All 0.3712 | Old 0.5882 | New 0.2627
Train Accuracies: All 0.4052 | Old 0.6863 | New 0.2647
Train Epoch: 69 Avg Loss: 2.0228 | Seen Class Acc: 0.0000 
Collating features...
252 765
Epoch 69, Train ACC Unlabelled_v1: All 0.3987 | Old 0.6745 | New 0.2608
Epoch 69, Train ACC Unlabelled_v2: All 0.3634 | Old 0.5765 | New 0.2569
Train Accuracies: All 0.3987 | Old 0.6745 | New 0.2608
Train Epoch: 70 Avg Loss: 1.9989 | Seen Class Acc: 0.0000 
Collating features...
256 765
Epoch 70, Train ACC Unlabelled_v1: All 0.3987 | Old 0.6745 | New 0.2608
Epoch 70, Train ACC Unlabelled_v2: All 0.3634 | Old 0.5765 | New 0.2569
Train Accuracies: All 0.3987 | Old 0.6745 | New 0.2608
Train Epoch: 71 Avg Loss: 2.0468 | Seen Class Acc: 0.0000 
Collating features...
256 765
Epoch 71, Train ACC Unlabelled_v1: All 0.4000 | Old 0.6784 | New 0.2608
Epoch 71, Train ACC Unlabelled_v2: All 0.3647 | Old 0.5804 | New 0.2569
Train Accuracies: All 0.4000 | Old 0.6784 | New 0.2608
Train Epoch: 72 Avg Loss: 2.0410 | Seen Class Acc: 0.0000 
Collating features...
256 765
Epoch 72, Train ACC Unlabelled_v1: All 0.4052 | Old 0.6863 | New 0.2647
Epoch 72, Train ACC Unlabelled_v2: All 0.3647 | Old 0.5843 | New 0.2549
Train Accuracies: All 0.4052 | Old 0.6863 | New 0.2647
Train Epoch: 73 Avg Loss: 2.0279 | Seen Class Acc: 0.0000 
Collating features...
254 765
Epoch 73, Train ACC Unlabelled_v1: All 0.4078 | Old 0.6824 | New 0.2706
Epoch 73, Train ACC Unlabelled_v2: All 0.3699 | Old 0.5843 | New 0.2627
Train Accuracies: All 0.4078 | Old 0.6824 | New 0.2706
Train Epoch: 74 Avg Loss: 2.0699 | Seen Class Acc: 0.0000 
Collating features...
255 765
Epoch 74, Train ACC Unlabelled_v1: All 0.4092 | Old 0.6824 | New 0.2725
Epoch 74, Train ACC Unlabelled_v2: All 0.3725 | Old 0.5843 | New 0.2667
Train Accuracies: All 0.4092 | Old 0.6824 | New 0.2725
Train Epoch: 75 Avg Loss: 2.0175 | Seen Class Acc: 0.0000 
Collating features...
257 765
Epoch 75, Train ACC Unlabelled_v1: All 0.4078 | Old 0.6824 | New 0.2706
Epoch 75, Train ACC Unlabelled_v2: All 0.3739 | Old 0.5843 | New 0.2686
Train Accuracies: All 0.4078 | Old 0.6824 | New 0.2706
Train Epoch: 76 Avg Loss: 2.0702 | Seen Class Acc: 0.0000 
Collating features...
253 765
Epoch 76, Train ACC Unlabelled_v1: All 0.4039 | Old 0.6863 | New 0.2627
Epoch 76, Train ACC Unlabelled_v2: All 0.3673 | Old 0.5804 | New 0.2608
Train Accuracies: All 0.4039 | Old 0.6863 | New 0.2627
Train Epoch: 77 Avg Loss: 2.0636 | Seen Class Acc: 0.0000 
Collating features...
258 765
Epoch 77, Train ACC Unlabelled_v1: All 0.4078 | Old 0.6902 | New 0.2667
Epoch 77, Train ACC Unlabelled_v2: All 0.3725 | Old 0.5882 | New 0.2647
Train Accuracies: All 0.4078 | Old 0.6902 | New 0.2667
Train Epoch: 78 Avg Loss: 2.0265 | Seen Class Acc: 0.0000 
Collating features...
256 765
Epoch 78, Train ACC Unlabelled_v1: All 0.4065 | Old 0.6863 | New 0.2667
Epoch 78, Train ACC Unlabelled_v2: All 0.3712 | Old 0.5882 | New 0.2627
Train Accuracies: All 0.4065 | Old 0.6863 | New 0.2667
Train Epoch: 79 Avg Loss: 2.1011 | Seen Class Acc: 0.0000 
Collating features...
254 765
Epoch 79, Train ACC Unlabelled_v1: All 0.4065 | Old 0.6902 | New 0.2647
Epoch 79, Train ACC Unlabelled_v2: All 0.3712 | Old 0.5882 | New 0.2627
Train Accuracies: All 0.4065 | Old 0.6902 | New 0.2647
Train Epoch: 80 Avg Loss: 2.0811 | Seen Class Acc: 0.0000 
Collating features...
258 765
Epoch 80, Train ACC Unlabelled_v1: All 0.4052 | Old 0.6824 | New 0.2667
Epoch 80, Train ACC Unlabelled_v2: All 0.3699 | Old 0.5843 | New 0.2627
Train Accuracies: All 0.4052 | Old 0.6824 | New 0.2667
Train Epoch: 81 Avg Loss: 2.0776 | Seen Class Acc: 0.0000 
Collating features...
257 765
Epoch 81, Train ACC Unlabelled_v1: All 0.4026 | Old 0.6824 | New 0.2627
Epoch 81, Train ACC Unlabelled_v2: All 0.3660 | Old 0.5843 | New 0.2569
Train Accuracies: All 0.4026 | Old 0.6824 | New 0.2627
Train Epoch: 82 Avg Loss: 2.0441 | Seen Class Acc: 0.0000 
Collating features...
252 765
Epoch 82, Train ACC Unlabelled_v1: All 0.4039 | Old 0.6902 | New 0.2608
Epoch 82, Train ACC Unlabelled_v2: All 0.3660 | Old 0.5882 | New 0.2549
Train Accuracies: All 0.4039 | Old 0.6902 | New 0.2608
Train Epoch: 83 Avg Loss: 2.0241 | Seen Class Acc: 0.0000 
Collating features...
253 765
Epoch 83, Train ACC Unlabelled_v1: All 0.4026 | Old 0.6902 | New 0.2588
Epoch 83, Train ACC Unlabelled_v2: All 0.3647 | Old 0.5882 | New 0.2529
Train Accuracies: All 0.4026 | Old 0.6902 | New 0.2588
Train Epoch: 84 Avg Loss: 1.9901 | Seen Class Acc: 0.0000 
Collating features...
250 765
Epoch 84, Train ACC Unlabelled_v1: All 0.4039 | Old 0.6902 | New 0.2608
Epoch 84, Train ACC Unlabelled_v2: All 0.3660 | Old 0.5882 | New 0.2549
Train Accuracies: All 0.4039 | Old 0.6902 | New 0.2608
Train Epoch: 85 Avg Loss: 2.0551 | Seen Class Acc: 0.0000 
Collating features...
247 765
Epoch 85, Train ACC Unlabelled_v1: All 0.4026 | Old 0.6902 | New 0.2588
Epoch 85, Train ACC Unlabelled_v2: All 0.3621 | Old 0.5804 | New 0.2529
Train Accuracies: All 0.4026 | Old 0.6902 | New 0.2588
Train Epoch: 86 Avg Loss: 2.1226 | Seen Class Acc: 0.0000 
Collating features...
252 765
Epoch 86, Train ACC Unlabelled_v1: All 0.4039 | Old 0.6902 | New 0.2608
Epoch 86, Train ACC Unlabelled_v2: All 0.3647 | Old 0.5843 | New 0.2549
Train Accuracies: All 0.4039 | Old 0.6902 | New 0.2608
Train Epoch: 87 Avg Loss: 2.0700 | Seen Class Acc: 0.0000 
Collating features...
251 765
Epoch 87, Train ACC Unlabelled_v1: All 0.4052 | Old 0.6902 | New 0.2627
Epoch 87, Train ACC Unlabelled_v2: All 0.3673 | Old 0.5882 | New 0.2569
Train Accuracies: All 0.4052 | Old 0.6902 | New 0.2627
Train Epoch: 88 Avg Loss: 2.0754 | Seen Class Acc: 0.0000 
Collating features...
248 765
Epoch 88, Train ACC Unlabelled_v1: All 0.4052 | Old 0.6902 | New 0.2627
Epoch 88, Train ACC Unlabelled_v2: All 0.3647 | Old 0.5804 | New 0.2569
Train Accuracies: All 0.4052 | Old 0.6902 | New 0.2627
Train Epoch: 89 Avg Loss: 2.0835 | Seen Class Acc: 0.0000 
Collating features...
251 765
Epoch 89, Train ACC Unlabelled_v1: All 0.4026 | Old 0.6863 | New 0.2608
Epoch 89, Train ACC Unlabelled_v2: All 0.3621 | Old 0.5765 | New 0.2549
Train Accuracies: All 0.4026 | Old 0.6863 | New 0.2608
Train Epoch: 90 Avg Loss: 2.0028 | Seen Class Acc: 0.0000 
Collating features...
251 765
Epoch 90, Train ACC Unlabelled_v1: All 0.4026 | Old 0.6863 | New 0.2608
Epoch 90, Train ACC Unlabelled_v2: All 0.3634 | Old 0.5804 | New 0.2549
Train Accuracies: All 0.4026 | Old 0.6863 | New 0.2608
Train Epoch: 91 Avg Loss: 2.0947 | Seen Class Acc: 0.0000 
Collating features...
247 765
Epoch 91, Train ACC Unlabelled_v1: All 0.4000 | Old 0.6824 | New 0.2588
Epoch 91, Train ACC Unlabelled_v2: All 0.3621 | Old 0.5804 | New 0.2529
Train Accuracies: All 0.4000 | Old 0.6824 | New 0.2588
Train Epoch: 92 Avg Loss: 2.0498 | Seen Class Acc: 0.0000 
Collating features...
250 765
Epoch 92, Train ACC Unlabelled_v1: All 0.4039 | Old 0.6863 | New 0.2627
Epoch 92, Train ACC Unlabelled_v2: All 0.3634 | Old 0.5765 | New 0.2569
Train Accuracies: All 0.4039 | Old 0.6863 | New 0.2627
Train Epoch: 93 Avg Loss: 2.0399 | Seen Class Acc: 0.0000 
Collating features...
249 765
Epoch 93, Train ACC Unlabelled_v1: All 0.4039 | Old 0.6902 | New 0.2608
Epoch 93, Train ACC Unlabelled_v2: All 0.3647 | Old 0.5843 | New 0.2549
Train Accuracies: All 0.4039 | Old 0.6902 | New 0.2608
Train Epoch: 94 Avg Loss: 2.0205 | Seen Class Acc: 0.0000 
Collating features...
251 765
Epoch 94, Train ACC Unlabelled_v1: All 0.4039 | Old 0.6863 | New 0.2627
Epoch 94, Train ACC Unlabelled_v2: All 0.3660 | Old 0.5843 | New 0.2569
Train Accuracies: All 0.4039 | Old 0.6863 | New 0.2627
Train Epoch: 95 Avg Loss: 2.0257 | Seen Class Acc: 0.0000 
Collating features...
252 765
Epoch 95, Train ACC Unlabelled_v1: All 0.4026 | Old 0.6863 | New 0.2608
Epoch 95, Train ACC Unlabelled_v2: All 0.3660 | Old 0.5843 | New 0.2569
Train Accuracies: All 0.4026 | Old 0.6863 | New 0.2608
Train Epoch: 96 Avg Loss: 2.0880 | Seen Class Acc: 0.0000 
Collating features...
253 765
Epoch 96, Train ACC Unlabelled_v1: All 0.4039 | Old 0.6902 | New 0.2608
Epoch 96, Train ACC Unlabelled_v2: All 0.3660 | Old 0.5882 | New 0.2549
Train Accuracies: All 0.4039 | Old 0.6902 | New 0.2608
Train Epoch: 97 Avg Loss: 2.0118 | Seen Class Acc: 0.0000 
Collating features...
253 765
Epoch 97, Train ACC Unlabelled_v1: All 0.4026 | Old 0.6863 | New 0.2608
Epoch 97, Train ACC Unlabelled_v2: All 0.3660 | Old 0.5882 | New 0.2549
Train Accuracies: All 0.4026 | Old 0.6863 | New 0.2608
Train Epoch: 98 Avg Loss: 2.0135 | Seen Class Acc: 0.0000 
Collating features...
253 765
Epoch 98, Train ACC Unlabelled_v1: All 0.4026 | Old 0.6902 | New 0.2588
Epoch 98, Train ACC Unlabelled_v2: All 0.3660 | Old 0.5882 | New 0.2549
Train Accuracies: All 0.4026 | Old 0.6902 | New 0.2588
Train Epoch: 99 Avg Loss: 2.0602 | Seen Class Acc: 0.0000 
Collating features...
252 765
Epoch 99, Train ACC Unlabelled_v1: All 0.4052 | Old 0.6902 | New 0.2627
Epoch 99, Train ACC Unlabelled_v2: All 0.3673 | Old 0.5843 | New 0.2588
Train Accuracies: All 0.4052 | Old 0.6902 | New 0.2627
Experiment saved to: /wang_hp/zhy/OCD/source_code/checkpoints/log/(12.04.2024_|_20.812)
['checkpoints']
Namespace(base_model='vit_dino', batch_size=128, contrast_unlabel_only=False, cuda=True, dataset_name='flowers', epochs=100, eval_funcs=['v1', 'v2'], exp_root='/wang_hp/zhy/OCD/source_code', gamma=0.1, grad_from_block=11, image_size=224, log_dir='/wang_hp/zhy/OCD/source_code/checkpoints/log/(12.04.2024_|_20.812)', lr=0.01, model_dir='/wang_hp/zhy/OCD/source_code/checkpoints/log/(12.04.2024_|_20.812)/checkpoints', model_name='vit_dino', model_path='/wang_hp/zhy/OCD/source_code/checkpoints/log/(12.04.2024_|_20.812)/checkpoints/model.pt', momentum=0.9, n_views=2, num_labeled_classes=51, num_unlabeled_classes=51, num_workers=16, prop_train_labels=0.5, save_best_thresh=None, seed=1, sup_con_weight=0.5, temperature=1.0, train_classes=range(0, 51), transform='imagenet', unlabeled_classes=range(51, 102), use_ssb_splits=True, warmup_model_dir=None, weight_decay=5e-05, writer=<torch.utils.tensorboard.writer.SummaryWriter object at 0x7fb79071ef10>)
Using evaluation function v1 to print results
Train Epoch: 0 Avg Loss: 8.9592 | Seen Class Acc: 0.0000 
Collating features...
295 765
Epoch 0, Train ACC Unlabelled_v1: All 0.2536 | Old 0.2980 | New 0.2314
Epoch 0, Train ACC Unlabelled_v2: All 0.2379 | Old 0.2745 | New 0.2196
Train Accuracies: All 0.2536 | Old 0.2980 | New 0.2314
Train Epoch: 1 Avg Loss: 5.2142 | Seen Class Acc: 0.0000 
Collating features...
243 765
Epoch 1, Train ACC Unlabelled_v1: All 0.2810 | Old 0.3216 | New 0.2608
Epoch 1, Train ACC Unlabelled_v2: All 0.2588 | Old 0.2549 | New 0.2608
Train Accuracies: All 0.2810 | Old 0.3216 | New 0.2608
Train Epoch: 2 Avg Loss: 4.3967 | Seen Class Acc: 0.0000 
Collating features...
219 765
Epoch 2, Train ACC Unlabelled_v1: All 0.2863 | Old 0.3529 | New 0.2529
Epoch 2, Train ACC Unlabelled_v2: All 0.2654 | Old 0.2980 | New 0.2490
Train Accuracies: All 0.2863 | Old 0.3529 | New 0.2529
Train Epoch: 3 Avg Loss: 3.5343 | Seen Class Acc: 0.0000 
Collating features...
196 765
Epoch 3, Train ACC Unlabelled_v1: All 0.2902 | Old 0.3529 | New 0.2588
Epoch 3, Train ACC Unlabelled_v2: All 0.2575 | Old 0.2667 | New 0.2529
Train Accuracies: All 0.2902 | Old 0.3529 | New 0.2588
Train Epoch: 4 Avg Loss: 3.6631 | Seen Class Acc: 0.0000 
Collating features...
188 765
Epoch 4, Train ACC Unlabelled_v1: All 0.3216 | Old 0.4118 | New 0.2765
Epoch 4, Train ACC Unlabelled_v2: All 0.2850 | Old 0.3176 | New 0.2686
Train Accuracies: All 0.3216 | Old 0.4118 | New 0.2765
Train Epoch: 5 Avg Loss: 3.1942 | Seen Class Acc: 0.0000 
Collating features...
214 765
Epoch 5, Train ACC Unlabelled_v1: All 0.3294 | Old 0.4196 | New 0.2843
Epoch 5, Train ACC Unlabelled_v2: All 0.2967 | Old 0.3608 | New 0.2647
Train Accuracies: All 0.3294 | Old 0.4196 | New 0.2843
Train Epoch: 6 Avg Loss: 3.1839 | Seen Class Acc: 0.0000 
Collating features...
233 765
Epoch 6, Train ACC Unlabelled_v1: All 0.3203 | Old 0.4157 | New 0.2725
Epoch 6, Train ACC Unlabelled_v2: All 0.2915 | Old 0.3412 | New 0.2667
Train Accuracies: All 0.3203 | Old 0.4157 | New 0.2725
Train Epoch: 7 Avg Loss: 3.0287 | Seen Class Acc: 0.0000 
Collating features...
253 765
Epoch 7, Train ACC Unlabelled_v1: All 0.3072 | Old 0.3765 | New 0.2725
Epoch 7, Train ACC Unlabelled_v2: All 0.2902 | Old 0.3255 | New 0.2725
Train Accuracies: All 0.3072 | Old 0.3765 | New 0.2725
Train Epoch: 8 Avg Loss: 3.0499 | Seen Class Acc: 0.0000 
Collating features...
256 765
Epoch 8, Train ACC Unlabelled_v1: All 0.2993 | Old 0.3608 | New 0.2686
Epoch 8, Train ACC Unlabelled_v2: All 0.2863 | Old 0.3216 | New 0.2686
Train Accuracies: All 0.2993 | Old 0.3608 | New 0.2686
Train Epoch: 9 Avg Loss: 2.8961 | Seen Class Acc: 0.0000 
Collating features...
253 765
Epoch 9, Train ACC Unlabelled_v1: All 0.3137 | Old 0.3804 | New 0.2804
Epoch 9, Train ACC Unlabelled_v2: All 0.2980 | Old 0.3373 | New 0.2784
Train Accuracies: All 0.3137 | Old 0.3804 | New 0.2804
Train Epoch: 10 Avg Loss: 2.8956 | Seen Class Acc: 0.0000 
Collating features...
245 765
Epoch 10, Train ACC Unlabelled_v1: All 0.3229 | Old 0.4000 | New 0.2843
Epoch 10, Train ACC Unlabelled_v2: All 0.3020 | Old 0.3529 | New 0.2765
Train Accuracies: All 0.3229 | Old 0.4000 | New 0.2843
Train Epoch: 11 Avg Loss: 2.7771 | Seen Class Acc: 0.0000 
Collating features...
239 765
Epoch 11, Train ACC Unlabelled_v1: All 0.3268 | Old 0.3961 | New 0.2922
Epoch 11, Train ACC Unlabelled_v2: All 0.3072 | Old 0.3451 | New 0.2882
Train Accuracies: All 0.3268 | Old 0.3961 | New 0.2922
Train Epoch: 12 Avg Loss: 2.7755 | Seen Class Acc: 0.0000 
Collating features...
248 765
Epoch 12, Train ACC Unlabelled_v1: All 0.3281 | Old 0.4157 | New 0.2843
Epoch 12, Train ACC Unlabelled_v2: All 0.3033 | Old 0.3686 | New 0.2706
Train Accuracies: All 0.3281 | Old 0.4157 | New 0.2843
Train Epoch: 13 Avg Loss: 2.6925 | Seen Class Acc: 0.0000 
Collating features...
259 765
Epoch 13, Train ACC Unlabelled_v1: All 0.3098 | Old 0.4275 | New 0.2510
Epoch 13, Train ACC Unlabelled_v2: All 0.2902 | Old 0.3725 | New 0.2490
Train Accuracies: All 0.3098 | Old 0.4275 | New 0.2510
Train Epoch: 14 Avg Loss: 2.7273 | Seen Class Acc: 0.0000 
Collating features...
269 765
Epoch 14, Train ACC Unlabelled_v1: All 0.3124 | Old 0.4275 | New 0.2549
Epoch 14, Train ACC Unlabelled_v2: All 0.2967 | Old 0.4000 | New 0.2451
Train Accuracies: All 0.3124 | Old 0.4275 | New 0.2549
Train Epoch: 15 Avg Loss: 2.6279 | Seen Class Acc: 0.0000 
Collating features...
284 765
Epoch 15, Train ACC Unlabelled_v1: All 0.3176 | Old 0.4275 | New 0.2627
Epoch 15, Train ACC Unlabelled_v2: All 0.2928 | Old 0.3647 | New 0.2569
Train Accuracies: All 0.3176 | Old 0.4275 | New 0.2627
Train Epoch: 16 Avg Loss: 2.6493 | Seen Class Acc: 0.0000 
Collating features...
281 765
Epoch 16, Train ACC Unlabelled_v1: All 0.3176 | Old 0.4431 | New 0.2549
Epoch 16, Train ACC Unlabelled_v2: All 0.2928 | Old 0.3765 | New 0.2510
Train Accuracies: All 0.3176 | Old 0.4431 | New 0.2549
Train Epoch: 17 Avg Loss: 2.5837 | Seen Class Acc: 0.0000 
Collating features...
294 765
Epoch 17, Train ACC Unlabelled_v1: All 0.3203 | Old 0.4549 | New 0.2529
Epoch 17, Train ACC Unlabelled_v2: All 0.2967 | Old 0.3922 | New 0.2490
Train Accuracies: All 0.3203 | Old 0.4549 | New 0.2529
Train Epoch: 18 Avg Loss: 2.5931 | Seen Class Acc: 0.0000 
Collating features...
304 765
Epoch 18, Train ACC Unlabelled_v1: All 0.3242 | Old 0.4588 | New 0.2569
Epoch 18, Train ACC Unlabelled_v2: All 0.2954 | Old 0.3922 | New 0.2471
Train Accuracies: All 0.3242 | Old 0.4588 | New 0.2569
Train Epoch: 19 Avg Loss: 2.5204 | Seen Class Acc: 0.0000 
Collating features...
314 765
Epoch 19, Train ACC Unlabelled_v1: All 0.3268 | Old 0.4510 | New 0.2647
Epoch 19, Train ACC Unlabelled_v2: All 0.3098 | Old 0.4118 | New 0.2588
Train Accuracies: All 0.3268 | Old 0.4510 | New 0.2647
Train Epoch: 20 Avg Loss: 2.5002 | Seen Class Acc: 0.0000 
Collating features...
310 765
Epoch 20, Train ACC Unlabelled_v1: All 0.3346 | Old 0.4549 | New 0.2745
Epoch 20, Train ACC Unlabelled_v2: All 0.3176 | Old 0.4235 | New 0.2647
Train Accuracies: All 0.3346 | Old 0.4549 | New 0.2745
Train Epoch: 21 Avg Loss: 2.4429 | Seen Class Acc: 0.0000 
Collating features...
303 765
Epoch 21, Train ACC Unlabelled_v1: All 0.3386 | Old 0.4784 | New 0.2686
Epoch 21, Train ACC Unlabelled_v2: All 0.3216 | Old 0.4431 | New 0.2608
Train Accuracies: All 0.3386 | Old 0.4784 | New 0.2686
Train Epoch: 22 Avg Loss: 2.4206 | Seen Class Acc: 0.0000 
Collating features...
300 765
Epoch 22, Train ACC Unlabelled_v1: All 0.3477 | Old 0.5059 | New 0.2686
Epoch 22, Train ACC Unlabelled_v2: All 0.3281 | Old 0.4745 | New 0.2549
Train Accuracies: All 0.3477 | Old 0.5059 | New 0.2686
Train Epoch: 23 Avg Loss: 2.3585 | Seen Class Acc: 0.0000 
Collating features...
299 765
Epoch 23, Train ACC Unlabelled_v1: All 0.3660 | Old 0.5255 | New 0.2863
Epoch 23, Train ACC Unlabelled_v2: All 0.3477 | Old 0.4902 | New 0.2765
Train Accuracies: All 0.3660 | Old 0.5255 | New 0.2863
Train Epoch: 24 Avg Loss: 2.3963 | Seen Class Acc: 0.0000 
Collating features...
308 765
Epoch 24, Train ACC Unlabelled_v1: All 0.3595 | Old 0.5490 | New 0.2647
Epoch 24, Train ACC Unlabelled_v2: All 0.3399 | Old 0.5176 | New 0.2510
Train Accuracies: All 0.3595 | Old 0.5490 | New 0.2647
Train Epoch: 25 Avg Loss: 2.3747 | Seen Class Acc: 0.0000 
Collating features...
312 765
Epoch 25, Train ACC Unlabelled_v1: All 0.3556 | Old 0.5451 | New 0.2608
Epoch 25, Train ACC Unlabelled_v2: All 0.3386 | Old 0.5137 | New 0.2510
Train Accuracies: All 0.3556 | Old 0.5451 | New 0.2608
Train Epoch: 26 Avg Loss: 2.3308 | Seen Class Acc: 0.0000 
Collating features...
310 765
Epoch 26, Train ACC Unlabelled_v1: All 0.3490 | Old 0.5333 | New 0.2569
Epoch 26, Train ACC Unlabelled_v2: All 0.3359 | Old 0.5137 | New 0.2471
Train Accuracies: All 0.3490 | Old 0.5333 | New 0.2569
Train Epoch: 27 Avg Loss: 2.3574 | Seen Class Acc: 0.0000 
Collating features...
301 765
Epoch 27, Train ACC Unlabelled_v1: All 0.3608 | Old 0.5451 | New 0.2686
Epoch 27, Train ACC Unlabelled_v2: All 0.3451 | Old 0.5176 | New 0.2588
Train Accuracies: All 0.3608 | Old 0.5451 | New 0.2686
Train Epoch: 28 Avg Loss: 2.3248 | Seen Class Acc: 0.0000 
Collating features...
299 765
Epoch 28, Train ACC Unlabelled_v1: All 0.3712 | Old 0.5686 | New 0.2725
Epoch 28, Train ACC Unlabelled_v2: All 0.3490 | Old 0.5294 | New 0.2588
Train Accuracies: All 0.3712 | Old 0.5686 | New 0.2725
Train Epoch: 29 Avg Loss: 2.2760 | Seen Class Acc: 0.0000 
Collating features...
305 765
Epoch 29, Train ACC Unlabelled_v1: All 0.3765 | Old 0.5882 | New 0.2706
Epoch 29, Train ACC Unlabelled_v2: All 0.3516 | Old 0.5373 | New 0.2588
Train Accuracies: All 0.3765 | Old 0.5882 | New 0.2706
Train Epoch: 30 Avg Loss: 2.2474 | Seen Class Acc: 0.0000 
Collating features...
314 765
Epoch 30, Train ACC Unlabelled_v1: All 0.3752 | Old 0.6000 | New 0.2627
Epoch 30, Train ACC Unlabelled_v2: All 0.3464 | Old 0.5529 | New 0.2431
Train Accuracies: All 0.3752 | Old 0.6000 | New 0.2627
Train Epoch: 31 Avg Loss: 2.2738 | Seen Class Acc: 0.0000 
Collating features...
309 765
Epoch 31, Train ACC Unlabelled_v1: All 0.3817 | Old 0.6039 | New 0.2706
Epoch 31, Train ACC Unlabelled_v2: All 0.3490 | Old 0.5569 | New 0.2451
Train Accuracies: All 0.3817 | Old 0.6039 | New 0.2706
Train Epoch: 32 Avg Loss: 2.2560 | Seen Class Acc: 0.0000 
Collating features...
318 765
Epoch 32, Train ACC Unlabelled_v1: All 0.3673 | Old 0.5961 | New 0.2529
Epoch 32, Train ACC Unlabelled_v2: All 0.3412 | Old 0.5373 | New 0.2431
Train Accuracies: All 0.3673 | Old 0.5961 | New 0.2529
Train Epoch: 33 Avg Loss: 2.2281 | Seen Class Acc: 0.0000 
Collating features...
310 765
Epoch 33, Train ACC Unlabelled_v1: All 0.3699 | Old 0.6078 | New 0.2510
Epoch 33, Train ACC Unlabelled_v2: All 0.3386 | Old 0.5608 | New 0.2275
Train Accuracies: All 0.3699 | Old 0.6078 | New 0.2510
Train Epoch: 34 Avg Loss: 2.2395 | Seen Class Acc: 0.0000 
Collating features...
305 765
Epoch 34, Train ACC Unlabelled_v1: All 0.3739 | Old 0.6118 | New 0.2549
Epoch 34, Train ACC Unlabelled_v2: All 0.3490 | Old 0.5765 | New 0.2353
Train Accuracies: All 0.3739 | Old 0.6118 | New 0.2549
Train Epoch: 35 Avg Loss: 2.2280 | Seen Class Acc: 0.0000 
Collating features...
304 765
Epoch 35, Train ACC Unlabelled_v1: All 0.3817 | Old 0.6196 | New 0.2627
Epoch 35, Train ACC Unlabelled_v2: All 0.3569 | Old 0.5765 | New 0.2471
Train Accuracies: All 0.3817 | Old 0.6196 | New 0.2627
Train Epoch: 36 Avg Loss: 2.2491 | Seen Class Acc: 0.0000 
Collating features...
301 765
Epoch 36, Train ACC Unlabelled_v1: All 0.3830 | Old 0.6196 | New 0.2647
Epoch 36, Train ACC Unlabelled_v2: All 0.3569 | Old 0.5765 | New 0.2471
Train Accuracies: All 0.3830 | Old 0.6196 | New 0.2647
Train Epoch: 37 Avg Loss: 2.2117 | Seen Class Acc: 0.0000 
Collating features...
302 765
Epoch 37, Train ACC Unlabelled_v1: All 0.3882 | Old 0.6314 | New 0.2667
Epoch 37, Train ACC Unlabelled_v2: All 0.3595 | Old 0.5843 | New 0.2471
Train Accuracies: All 0.3882 | Old 0.6314 | New 0.2667
Train Epoch: 38 Avg Loss: 2.2282 | Seen Class Acc: 0.0000 
Collating features...
303 765
Epoch 38, Train ACC Unlabelled_v1: All 0.3895 | Old 0.6353 | New 0.2667
Epoch 38, Train ACC Unlabelled_v2: All 0.3582 | Old 0.5843 | New 0.2451
Train Accuracies: All 0.3895 | Old 0.6353 | New 0.2667
Train Epoch: 39 Avg Loss: 2.1251 | Seen Class Acc: 0.0000 
Collating features...
306 765
Epoch 39, Train ACC Unlabelled_v1: All 0.3908 | Old 0.6353 | New 0.2686
Epoch 39, Train ACC Unlabelled_v2: All 0.3582 | Old 0.5804 | New 0.2471
Train Accuracies: All 0.3908 | Old 0.6353 | New 0.2686
Train Epoch: 40 Avg Loss: 2.1058 | Seen Class Acc: 0.0000 
Collating features...
312 765
Epoch 40, Train ACC Unlabelled_v1: All 0.3948 | Old 0.6392 | New 0.2725
Epoch 40, Train ACC Unlabelled_v2: All 0.3621 | Old 0.5882 | New 0.2490
Train Accuracies: All 0.3948 | Old 0.6392 | New 0.2725
Train Epoch: 41 Avg Loss: 2.1678 | Seen Class Acc: 0.0000 
Collating features...
310 765
Epoch 41, Train ACC Unlabelled_v1: All 0.4013 | Old 0.6431 | New 0.2804
Epoch 41, Train ACC Unlabelled_v2: All 0.3660 | Old 0.5882 | New 0.2549
Train Accuracies: All 0.4013 | Old 0.6431 | New 0.2804
Train Epoch: 42 Avg Loss: 2.1830 | Seen Class Acc: 0.0000 
Collating features...
301 765
Epoch 42, Train ACC Unlabelled_v1: All 0.4052 | Old 0.6471 | New 0.2843
Epoch 42, Train ACC Unlabelled_v2: All 0.3712 | Old 0.5961 | New 0.2588
Train Accuracies: All 0.4052 | Old 0.6471 | New 0.2843
Train Epoch: 43 Avg Loss: 2.1473 | Seen Class Acc: 0.0000 
Collating features...
294 765
Epoch 43, Train ACC Unlabelled_v1: All 0.4092 | Old 0.6549 | New 0.2863
Epoch 43, Train ACC Unlabelled_v2: All 0.3725 | Old 0.5882 | New 0.2647
Train Accuracies: All 0.4092 | Old 0.6549 | New 0.2863
Train Epoch: 44 Avg Loss: 2.2103 | Seen Class Acc: 0.0000 
Collating features...
282 765
Epoch 44, Train ACC Unlabelled_v1: All 0.4105 | Old 0.6549 | New 0.2882
Epoch 44, Train ACC Unlabelled_v2: All 0.3778 | Old 0.5804 | New 0.2765
Train Accuracies: All 0.4105 | Old 0.6549 | New 0.2882
Train Epoch: 45 Avg Loss: 2.1452 | Seen Class Acc: 0.0000 
Collating features...
279 765
Epoch 45, Train ACC Unlabelled_v1: All 0.4105 | Old 0.6431 | New 0.2941
Epoch 45, Train ACC Unlabelled_v2: All 0.3791 | Old 0.5686 | New 0.2843
Train Accuracies: All 0.4105 | Old 0.6431 | New 0.2941
Train Epoch: 46 Avg Loss: 2.0986 | Seen Class Acc: 0.0000 
Collating features...
281 765
Epoch 46, Train ACC Unlabelled_v1: All 0.4092 | Old 0.6431 | New 0.2922
Epoch 46, Train ACC Unlabelled_v2: All 0.3817 | Old 0.5725 | New 0.2863
Train Accuracies: All 0.4092 | Old 0.6431 | New 0.2922
Train Epoch: 47 Avg Loss: 2.1836 | Seen Class Acc: 0.0000 
Collating features...
282 765
Epoch 47, Train ACC Unlabelled_v1: All 0.4105 | Old 0.6510 | New 0.2902
Epoch 47, Train ACC Unlabelled_v2: All 0.3817 | Old 0.5765 | New 0.2843
Train Accuracies: All 0.4105 | Old 0.6510 | New 0.2902
Train Epoch: 48 Avg Loss: 2.0697 | Seen Class Acc: 0.0000 
Collating features...
277 765
Epoch 48, Train ACC Unlabelled_v1: All 0.4131 | Old 0.6510 | New 0.2941
Epoch 48, Train ACC Unlabelled_v2: All 0.3817 | Old 0.5725 | New 0.2863
Train Accuracies: All 0.4131 | Old 0.6510 | New 0.2941
Train Epoch: 49 Avg Loss: 2.1115 | Seen Class Acc: 0.0000 
Collating features...
277 765
Epoch 49, Train ACC Unlabelled_v1: All 0.4170 | Old 0.6627 | New 0.2941
Epoch 49, Train ACC Unlabelled_v2: All 0.3830 | Old 0.5804 | New 0.2843
Train Accuracies: All 0.4170 | Old 0.6627 | New 0.2941
Train Epoch: 50 Avg Loss: 2.1489 | Seen Class Acc: 0.0000 
Collating features...
275 765
Epoch 50, Train ACC Unlabelled_v1: All 0.4183 | Old 0.6627 | New 0.2961
Epoch 50, Train ACC Unlabelled_v2: All 0.3843 | Old 0.5765 | New 0.2882
Train Accuracies: All 0.4183 | Old 0.6627 | New 0.2961
Train Epoch: 51 Avg Loss: 2.1015 | Seen Class Acc: 0.0000 
Collating features...
279 765
Epoch 51, Train ACC Unlabelled_v1: All 0.4131 | Old 0.6706 | New 0.2843
Epoch 51, Train ACC Unlabelled_v2: All 0.3817 | Old 0.6000 | New 0.2725
Train Accuracies: All 0.4131 | Old 0.6706 | New 0.2843
Train Epoch: 52 Avg Loss: 2.0471 | Seen Class Acc: 0.0000 
Collating features...
280 765
Epoch 52, Train ACC Unlabelled_v1: All 0.4131 | Old 0.6667 | New 0.2863
Epoch 52, Train ACC Unlabelled_v2: All 0.3817 | Old 0.5961 | New 0.2745
Train Accuracies: All 0.4131 | Old 0.6667 | New 0.2863
Train Epoch: 53 Avg Loss: 2.0220 | Seen Class Acc: 0.0000 
Collating features...
283 765
Epoch 53, Train ACC Unlabelled_v1: All 0.4092 | Old 0.6627 | New 0.2824
Epoch 53, Train ACC Unlabelled_v2: All 0.3791 | Old 0.5922 | New 0.2725
Train Accuracies: All 0.4092 | Old 0.6627 | New 0.2824
Train Epoch: 54 Avg Loss: 2.0563 | Seen Class Acc: 0.0000 
Collating features...
287 765
Epoch 54, Train ACC Unlabelled_v1: All 0.4118 | Old 0.6667 | New 0.2843
Epoch 54, Train ACC Unlabelled_v2: All 0.3817 | Old 0.5961 | New 0.2745
Train Accuracies: All 0.4118 | Old 0.6667 | New 0.2843
Train Epoch: 55 Avg Loss: 2.2243 | Seen Class Acc: 0.0000 
Collating features...
283 765
Epoch 55, Train ACC Unlabelled_v1: All 0.4183 | Old 0.6706 | New 0.2922
Epoch 55, Train ACC Unlabelled_v2: All 0.3843 | Old 0.5961 | New 0.2784
Train Accuracies: All 0.4183 | Old 0.6706 | New 0.2922
Train Epoch: 56 Avg Loss: 2.0963 | Seen Class Acc: 0.0000 
Collating features...
281 765
Epoch 56, Train ACC Unlabelled_v1: All 0.4196 | Old 0.6784 | New 0.2902
Epoch 56, Train ACC Unlabelled_v2: All 0.3843 | Old 0.6039 | New 0.2745
Train Accuracies: All 0.4196 | Old 0.6784 | New 0.2902
Train Epoch: 57 Avg Loss: 2.0686 | Seen Class Acc: 0.0000 
Collating features...
279 765
Epoch 57, Train ACC Unlabelled_v1: All 0.4170 | Old 0.6784 | New 0.2863
Epoch 57, Train ACC Unlabelled_v2: All 0.3817 | Old 0.6039 | New 0.2706
Train Accuracies: All 0.4170 | Old 0.6784 | New 0.2863
Train Epoch: 58 Avg Loss: 2.1275 | Seen Class Acc: 0.0000 
Collating features...
285 765
Epoch 58, Train ACC Unlabelled_v1: All 0.4157 | Old 0.6824 | New 0.2824
Epoch 58, Train ACC Unlabelled_v2: All 0.3791 | Old 0.6078 | New 0.2647
Train Accuracies: All 0.4157 | Old 0.6824 | New 0.2824
Train Epoch: 59 Avg Loss: 2.1061 | Seen Class Acc: 0.0000 
Collating features...
289 765
Epoch 59, Train ACC Unlabelled_v1: All 0.4196 | Old 0.6824 | New 0.2882
Epoch 59, Train ACC Unlabelled_v2: All 0.3830 | Old 0.6078 | New 0.2706
Train Accuracies: All 0.4196 | Old 0.6824 | New 0.2882
Train Epoch: 60 Avg Loss: 2.0864 | Seen Class Acc: 0.0000 
Collating features...
289 765
Epoch 60, Train ACC Unlabelled_v1: All 0.4183 | Old 0.6824 | New 0.2863
Epoch 60, Train ACC Unlabelled_v2: All 0.3791 | Old 0.6000 | New 0.2686
Train Accuracies: All 0.4183 | Old 0.6824 | New 0.2863
Train Epoch: 61 Avg Loss: 2.0727 | Seen Class Acc: 0.0000 
Collating features...
287 765
Epoch 61, Train ACC Unlabelled_v1: All 0.4144 | Old 0.6745 | New 0.2843
Epoch 61, Train ACC Unlabelled_v2: All 0.3765 | Old 0.5961 | New 0.2667
Train Accuracies: All 0.4144 | Old 0.6745 | New 0.2843
Train Epoch: 62 Avg Loss: 2.0982 | Seen Class Acc: 0.0000 
Collating features...
288 765
Epoch 62, Train ACC Unlabelled_v1: All 0.4183 | Old 0.6824 | New 0.2863
Epoch 62, Train ACC Unlabelled_v2: All 0.3791 | Old 0.6039 | New 0.2667
Train Accuracies: All 0.4183 | Old 0.6824 | New 0.2863
Train Epoch: 63 Avg Loss: 2.0665 | Seen Class Acc: 0.0000 
Collating features...
291 765
Epoch 63, Train ACC Unlabelled_v1: All 0.4157 | Old 0.6824 | New 0.2824
Epoch 63, Train ACC Unlabelled_v2: All 0.3791 | Old 0.6275 | New 0.2549
Train Accuracies: All 0.4157 | Old 0.6824 | New 0.2824
Train Epoch: 64 Avg Loss: 2.0586 | Seen Class Acc: 0.0000 
Collating features...
290 765
Epoch 64, Train ACC Unlabelled_v1: All 0.4144 | Old 0.6824 | New 0.2804
Epoch 64, Train ACC Unlabelled_v2: All 0.3765 | Old 0.6078 | New 0.2608
Train Accuracies: All 0.4144 | Old 0.6824 | New 0.2804
Train Epoch: 65 Avg Loss: 2.0879 | Seen Class Acc: 0.0000 
Collating features...
288 765
Epoch 65, Train ACC Unlabelled_v1: All 0.4131 | Old 0.6824 | New 0.2784
Epoch 65, Train ACC Unlabelled_v2: All 0.3752 | Old 0.6078 | New 0.2588
Train Accuracies: All 0.4131 | Old 0.6824 | New 0.2784
Train Epoch: 66 Avg Loss: 2.0806 | Seen Class Acc: 0.0000 
Collating features...
284 765
Epoch 66, Train ACC Unlabelled_v1: All 0.4144 | Old 0.6863 | New 0.2784
Epoch 66, Train ACC Unlabelled_v2: All 0.3817 | Old 0.6196 | New 0.2627
Train Accuracies: All 0.4144 | Old 0.6863 | New 0.2784
Train Epoch: 67 Avg Loss: 2.0305 | Seen Class Acc: 0.0000 
Collating features...
286 765
Epoch 67, Train ACC Unlabelled_v1: All 0.4157 | Old 0.6863 | New 0.2804
Epoch 67, Train ACC Unlabelled_v2: All 0.3843 | Old 0.6196 | New 0.2667
Train Accuracies: All 0.4157 | Old 0.6863 | New 0.2804
Train Epoch: 68 Avg Loss: 2.0098 | Seen Class Acc: 0.0000 
Collating features...
290 765
Epoch 68, Train ACC Unlabelled_v1: All 0.4144 | Old 0.6863 | New 0.2784
Epoch 68, Train ACC Unlabelled_v2: All 0.3830 | Old 0.6196 | New 0.2647
Train Accuracies: All 0.4144 | Old 0.6863 | New 0.2784
Train Epoch: 69 Avg Loss: 2.1139 | Seen Class Acc: 0.0000 
Collating features...
288 765
Epoch 69, Train ACC Unlabelled_v1: All 0.4170 | Old 0.6902 | New 0.2804
Epoch 69, Train ACC Unlabelled_v2: All 0.3843 | Old 0.6235 | New 0.2647
Train Accuracies: All 0.4170 | Old 0.6902 | New 0.2804
Train Epoch: 70 Avg Loss: 2.0495 | Seen Class Acc: 0.0000 
Collating features...
288 765
Epoch 70, Train ACC Unlabelled_v1: All 0.4183 | Old 0.6902 | New 0.2824
Epoch 70, Train ACC Unlabelled_v2: All 0.3830 | Old 0.6235 | New 0.2627
Train Accuracies: All 0.4183 | Old 0.6902 | New 0.2824
Train Epoch: 71 Avg Loss: 1.9943 | Seen Class Acc: 0.0000 
Collating features...
286 765
Epoch 71, Train ACC Unlabelled_v1: All 0.4209 | Old 0.6941 | New 0.2843
Epoch 71, Train ACC Unlabelled_v2: All 0.3856 | Old 0.6275 | New 0.2647
Train Accuracies: All 0.4209 | Old 0.6941 | New 0.2843
Train Epoch: 72 Avg Loss: 2.0694 | Seen Class Acc: 0.0000 
Collating features...
284 765
Epoch 72, Train ACC Unlabelled_v1: All 0.4183 | Old 0.6941 | New 0.2804
Epoch 72, Train ACC Unlabelled_v2: All 0.3843 | Old 0.6235 | New 0.2647
Train Accuracies: All 0.4183 | Old 0.6941 | New 0.2804
Train Epoch: 73 Avg Loss: 2.0945 | Seen Class Acc: 0.0000 
Collating features...
282 765
Epoch 73, Train ACC Unlabelled_v1: All 0.4248 | Old 0.6980 | New 0.2882
Epoch 73, Train ACC Unlabelled_v2: All 0.3882 | Old 0.6275 | New 0.2686
Train Accuracies: All 0.4248 | Old 0.6980 | New 0.2882
Train Epoch: 74 Avg Loss: 2.0610 | Seen Class Acc: 0.0000 
Collating features...
286 765
Epoch 74, Train ACC Unlabelled_v1: All 0.4248 | Old 0.7020 | New 0.2863
Epoch 74, Train ACC Unlabelled_v2: All 0.3895 | Old 0.6353 | New 0.2667
Train Accuracies: All 0.4248 | Old 0.7020 | New 0.2863
Train Epoch: 75 Avg Loss: 2.0907 | Seen Class Acc: 0.0000 
Collating features...
283 765
Epoch 75, Train ACC Unlabelled_v1: All 0.4235 | Old 0.7020 | New 0.2843
Epoch 75, Train ACC Unlabelled_v2: All 0.3882 | Old 0.6353 | New 0.2647
Train Accuracies: All 0.4235 | Old 0.7020 | New 0.2843
Train Epoch: 76 Avg Loss: 2.0612 | Seen Class Acc: 0.0000 
Collating features...
285 765
Epoch 76, Train ACC Unlabelled_v1: All 0.4235 | Old 0.6941 | New 0.2882
Epoch 76, Train ACC Unlabelled_v2: All 0.3895 | Old 0.6275 | New 0.2706
Train Accuracies: All 0.4235 | Old 0.6941 | New 0.2882
Train Epoch: 77 Avg Loss: 2.0003 | Seen Class Acc: 0.0000 
Collating features...
289 765
Epoch 77, Train ACC Unlabelled_v1: All 0.4235 | Old 0.6980 | New 0.2863
Epoch 77, Train ACC Unlabelled_v2: All 0.3895 | Old 0.6314 | New 0.2686
Train Accuracies: All 0.4235 | Old 0.6980 | New 0.2863
Train Epoch: 78 Avg Loss: 2.0349 | Seen Class Acc: 0.0000 
Collating features...
286 765
Epoch 78, Train ACC Unlabelled_v1: All 0.4261 | Old 0.7020 | New 0.2882
Epoch 78, Train ACC Unlabelled_v2: All 0.3935 | Old 0.6353 | New 0.2725
Train Accuracies: All 0.4261 | Old 0.7020 | New 0.2882
Train Epoch: 79 Avg Loss: 2.0900 | Seen Class Acc: 0.0000 
Collating features...
287 765
Epoch 79, Train ACC Unlabelled_v1: All 0.4235 | Old 0.6941 | New 0.2882
Epoch 79, Train ACC Unlabelled_v2: All 0.3908 | Old 0.6275 | New 0.2725
Train Accuracies: All 0.4235 | Old 0.6941 | New 0.2882
Train Epoch: 80 Avg Loss: 1.9683 | Seen Class Acc: 0.0000 
Collating features...
284 765
Epoch 80, Train ACC Unlabelled_v1: All 0.4261 | Old 0.6980 | New 0.2902
Epoch 80, Train ACC Unlabelled_v2: All 0.3948 | Old 0.6314 | New 0.2765
Train Accuracies: All 0.4261 | Old 0.6980 | New 0.2902
Train Epoch: 81 Avg Loss: 2.0126 | Seen Class Acc: 0.0000 
Collating features...
285 765
Epoch 81, Train ACC Unlabelled_v1: All 0.4261 | Old 0.6980 | New 0.2902
Epoch 81, Train ACC Unlabelled_v2: All 0.3935 | Old 0.6314 | New 0.2745
Train Accuracies: All 0.4261 | Old 0.6980 | New 0.2902
Train Epoch: 82 Avg Loss: 2.0301 | Seen Class Acc: 0.0000 
Collating features...
286 765
Epoch 82, Train ACC Unlabelled_v1: All 0.4209 | Old 0.6980 | New 0.2824
Epoch 82, Train ACC Unlabelled_v2: All 0.3882 | Old 0.6314 | New 0.2667
Train Accuracies: All 0.4209 | Old 0.6980 | New 0.2824
Train Epoch: 83 Avg Loss: 2.0333 | Seen Class Acc: 0.0000 
Collating features...
284 765
Epoch 83, Train ACC Unlabelled_v1: All 0.4261 | Old 0.6980 | New 0.2902
Epoch 83, Train ACC Unlabelled_v2: All 0.3935 | Old 0.6314 | New 0.2745
Train Accuracies: All 0.4261 | Old 0.6980 | New 0.2902
Train Epoch: 84 Avg Loss: 1.9587 | Seen Class Acc: 0.0000 
Collating features...
284 765
Epoch 84, Train ACC Unlabelled_v1: All 0.4261 | Old 0.7020 | New 0.2882
Epoch 84, Train ACC Unlabelled_v2: All 0.3948 | Old 0.6353 | New 0.2745
Train Accuracies: All 0.4261 | Old 0.7020 | New 0.2882
Train Epoch: 85 Avg Loss: 2.0623 | Seen Class Acc: 0.0000 
Collating features...
286 765
Epoch 85, Train ACC Unlabelled_v1: All 0.4248 | Old 0.7020 | New 0.2863
Epoch 85, Train ACC Unlabelled_v2: All 0.3922 | Old 0.6353 | New 0.2706
Train Accuracies: All 0.4248 | Old 0.7020 | New 0.2863
Train Epoch: 86 Avg Loss: 1.9720 | Seen Class Acc: 0.0000 
Collating features...
284 765
Epoch 86, Train ACC Unlabelled_v1: All 0.4248 | Old 0.7059 | New 0.2843
Epoch 86, Train ACC Unlabelled_v2: All 0.3935 | Old 0.6431 | New 0.2686
Train Accuracies: All 0.4248 | Old 0.7059 | New 0.2843
Train Epoch: 87 Avg Loss: 1.9991 | Seen Class Acc: 0.0000 
Collating features...
286 765
Epoch 87, Train ACC Unlabelled_v1: All 0.4275 | Old 0.7059 | New 0.2882
Epoch 87, Train ACC Unlabelled_v2: All 0.3948 | Old 0.6392 | New 0.2725
Train Accuracies: All 0.4275 | Old 0.7059 | New 0.2882
Train Epoch: 88 Avg Loss: 2.0093 | Seen Class Acc: 0.0000 
Collating features...
287 765
Epoch 88, Train ACC Unlabelled_v1: All 0.4248 | Old 0.7020 | New 0.2863
Epoch 88, Train ACC Unlabelled_v2: All 0.3908 | Old 0.6353 | New 0.2686
Train Accuracies: All 0.4248 | Old 0.7020 | New 0.2863
Train Epoch: 89 Avg Loss: 1.9834 | Seen Class Acc: 0.0000 
Collating features...
284 765
Epoch 89, Train ACC Unlabelled_v1: All 0.4248 | Old 0.6980 | New 0.2882
Epoch 89, Train ACC Unlabelled_v2: All 0.3935 | Old 0.6353 | New 0.2725
Train Accuracies: All 0.4248 | Old 0.6980 | New 0.2882
Train Epoch: 90 Avg Loss: 1.9582 | Seen Class Acc: 0.0000 
Collating features...
284 765
Epoch 90, Train ACC Unlabelled_v1: All 0.4275 | Old 0.7020 | New 0.2902
Epoch 90, Train ACC Unlabelled_v2: All 0.3948 | Old 0.6353 | New 0.2745
Train Accuracies: All 0.4275 | Old 0.7020 | New 0.2902
Train Epoch: 91 Avg Loss: 2.0129 | Seen Class Acc: 0.0000 
Collating features...
285 765
Epoch 91, Train ACC Unlabelled_v1: All 0.4288 | Old 0.7020 | New 0.2922
Epoch 91, Train ACC Unlabelled_v2: All 0.3948 | Old 0.6353 | New 0.2745
Train Accuracies: All 0.4288 | Old 0.7020 | New 0.2922
Train Epoch: 92 Avg Loss: 2.1480 | Seen Class Acc: 0.0000 
Collating features...
286 765
Epoch 92, Train ACC Unlabelled_v1: All 0.4261 | Old 0.6980 | New 0.2902
Epoch 92, Train ACC Unlabelled_v2: All 0.3935 | Old 0.6314 | New 0.2745
Train Accuracies: All 0.4261 | Old 0.6980 | New 0.2902
Train Epoch: 93 Avg Loss: 2.0231 | Seen Class Acc: 0.0000 
Collating features...
281 765
Epoch 93, Train ACC Unlabelled_v1: All 0.4288 | Old 0.7020 | New 0.2922
Epoch 93, Train ACC Unlabelled_v2: All 0.3961 | Old 0.6353 | New 0.2765
Train Accuracies: All 0.4288 | Old 0.7020 | New 0.2922
Train Epoch: 94 Avg Loss: 2.0000 | Seen Class Acc: 0.0000 
Collating features...
285 765
Epoch 94, Train ACC Unlabelled_v1: All 0.4261 | Old 0.7020 | New 0.2882
Epoch 94, Train ACC Unlabelled_v2: All 0.3935 | Old 0.6353 | New 0.2725
Train Accuracies: All 0.4261 | Old 0.7020 | New 0.2882
Train Epoch: 95 Avg Loss: 2.0986 | Seen Class Acc: 0.0000 
Collating features...
285 765
Epoch 95, Train ACC Unlabelled_v1: All 0.4235 | Old 0.7020 | New 0.2843
Epoch 95, Train ACC Unlabelled_v2: All 0.3908 | Old 0.6353 | New 0.2686
Train Accuracies: All 0.4235 | Old 0.7020 | New 0.2843
Train Epoch: 96 Avg Loss: 2.1278 | Seen Class Acc: 0.0000 
Collating features...
285 765
Epoch 96, Train ACC Unlabelled_v1: All 0.4235 | Old 0.6980 | New 0.2863
Epoch 96, Train ACC Unlabelled_v2: All 0.3908 | Old 0.6314 | New 0.2706
Train Accuracies: All 0.4235 | Old 0.6980 | New 0.2863
Train Epoch: 97 Avg Loss: 2.0248 | Seen Class Acc: 0.0000 
Collating features...
287 765
Epoch 97, Train ACC Unlabelled_v1: All 0.4248 | Old 0.6941 | New 0.2902
Epoch 97, Train ACC Unlabelled_v2: All 0.3922 | Old 0.6275 | New 0.2745
Train Accuracies: All 0.4248 | Old 0.6941 | New 0.2902
Train Epoch: 98 Avg Loss: 2.0535 | Seen Class Acc: 0.0000 
Collating features...
288 765
Epoch 98, Train ACC Unlabelled_v1: All 0.4222 | Old 0.6902 | New 0.2882
Epoch 98, Train ACC Unlabelled_v2: All 0.3908 | Old 0.6235 | New 0.2745
Train Accuracies: All 0.4222 | Old 0.6902 | New 0.2882
Train Epoch: 99 Avg Loss: 2.0244 | Seen Class Acc: 0.0000 
Collating features...
283 765
Epoch 99, Train ACC Unlabelled_v1: All 0.4261 | Old 0.6980 | New 0.2902
Epoch 99, Train ACC Unlabelled_v2: All 0.3948 | Old 0.6314 | New 0.2765
Train Accuracies: All 0.4261 | Old 0.6980 | New 0.2902
Experiment saved to: /wang_hp/zhy/OCD/source_code/checkpoints/log/(12.04.2024_|_50.666)
['checkpoints']
Namespace(base_model='vit_dino', batch_size=128, contrast_unlabel_only=False, cuda=True, dataset_name='flowers', epochs=100, eval_funcs=['v1', 'v2'], exp_root='/wang_hp/zhy/OCD/source_code', gamma=0.1, grad_from_block=11, image_size=224, log_dir='/wang_hp/zhy/OCD/source_code/checkpoints/log/(12.04.2024_|_50.666)', lr=0.01, model_dir='/wang_hp/zhy/OCD/source_code/checkpoints/log/(12.04.2024_|_50.666)/checkpoints', model_name='vit_dino', model_path='/wang_hp/zhy/OCD/source_code/checkpoints/log/(12.04.2024_|_50.666)/checkpoints/model.pt', momentum=0.9, n_views=2, num_labeled_classes=51, num_unlabeled_classes=51, num_workers=16, prop_train_labels=0.5, save_best_thresh=None, seed=1, sup_con_weight=0.5, temperature=1.0, train_classes=range(0, 51), transform='imagenet', unlabeled_classes=range(51, 102), use_ssb_splits=True, warmup_model_dir=None, weight_decay=5e-05, writer=<torch.utils.tensorboard.writer.SummaryWriter object at 0x7fb790174130>)
Using evaluation function v1 to print results
Train Epoch: 0 Avg Loss: 7.9316 | Seen Class Acc: 0.0000 
Collating features...
329 765
Epoch 0, Train ACC Unlabelled_v1: All 0.2523 | Old 0.2941 | New 0.2314
Epoch 0, Train ACC Unlabelled_v2: All 0.2366 | Old 0.2549 | New 0.2275
Train Accuracies: All 0.2523 | Old 0.2941 | New 0.2314
Train Epoch: 1 Avg Loss: 5.4587 | Seen Class Acc: 0.0000 
Collating features...
262 765
Epoch 1, Train ACC Unlabelled_v1: All 0.2863 | Old 0.3216 | New 0.2686
Epoch 1, Train ACC Unlabelled_v2: All 0.2588 | Old 0.2510 | New 0.2627
Train Accuracies: All 0.2863 | Old 0.3216 | New 0.2686
Train Epoch: 2 Avg Loss: 4.1804 | Seen Class Acc: 0.0000 
Collating features...
217 765
Epoch 2, Train ACC Unlabelled_v1: All 0.3046 | Old 0.3490 | New 0.2824
Epoch 2, Train ACC Unlabelled_v2: All 0.2706 | Old 0.2706 | New 0.2706
Train Accuracies: All 0.3046 | Old 0.3490 | New 0.2824
Train Epoch: 3 Avg Loss: 3.7524 | Seen Class Acc: 0.0000 
Collating features...
199 765
Epoch 3, Train ACC Unlabelled_v1: All 0.3268 | Old 0.4039 | New 0.2882
Epoch 3, Train ACC Unlabelled_v2: All 0.2902 | Old 0.3216 | New 0.2745
Train Accuracies: All 0.3268 | Old 0.4039 | New 0.2882
Train Epoch: 4 Avg Loss: 3.5996 | Seen Class Acc: 0.0000 
Collating features...
213 765
Epoch 4, Train ACC Unlabelled_v1: All 0.3268 | Old 0.4196 | New 0.2804
Epoch 4, Train ACC Unlabelled_v2: All 0.2928 | Old 0.3333 | New 0.2725
Train Accuracies: All 0.3268 | Old 0.4196 | New 0.2804
Train Epoch: 5 Avg Loss: 3.3897 | Seen Class Acc: 0.0000 
Collating features...
228 765
Epoch 5, Train ACC Unlabelled_v1: All 0.3163 | Old 0.4039 | New 0.2725
Epoch 5, Train ACC Unlabelled_v2: All 0.2980 | Old 0.3608 | New 0.2667
Train Accuracies: All 0.3163 | Old 0.4039 | New 0.2725
Train Epoch: 6 Avg Loss: 3.3702 | Seen Class Acc: 0.0000 
Collating features...
253 765
Epoch 6, Train ACC Unlabelled_v1: All 0.3229 | Old 0.4118 | New 0.2784
Epoch 6, Train ACC Unlabelled_v2: All 0.3007 | Old 0.3569 | New 0.2725
Train Accuracies: All 0.3229 | Old 0.4118 | New 0.2784
Train Epoch: 7 Avg Loss: 3.1492 | Seen Class Acc: 0.0000 
Collating features...
259 765
Epoch 7, Train ACC Unlabelled_v1: All 0.3320 | Old 0.4000 | New 0.2980
Epoch 7, Train ACC Unlabelled_v2: All 0.3020 | Old 0.3608 | New 0.2725
Train Accuracies: All 0.3320 | Old 0.4000 | New 0.2980
Train Epoch: 8 Avg Loss: 3.0577 | Seen Class Acc: 0.0000 
Collating features...
261 765
Epoch 8, Train ACC Unlabelled_v1: All 0.3346 | Old 0.4039 | New 0.3000
Epoch 8, Train ACC Unlabelled_v2: All 0.3098 | Old 0.3569 | New 0.2863
Train Accuracies: All 0.3346 | Old 0.4039 | New 0.3000
Train Epoch: 9 Avg Loss: 3.0153 | Seen Class Acc: 0.0000 
Collating features...
273 765
Epoch 9, Train ACC Unlabelled_v1: All 0.3216 | Old 0.4000 | New 0.2824
Epoch 9, Train ACC Unlabelled_v2: All 0.3059 | Old 0.3725 | New 0.2725
Train Accuracies: All 0.3216 | Old 0.4000 | New 0.2824
Train Epoch: 10 Avg Loss: 2.9327 | Seen Class Acc: 0.0000 
Collating features...
272 765
Epoch 10, Train ACC Unlabelled_v1: All 0.3216 | Old 0.4078 | New 0.2784
Epoch 10, Train ACC Unlabelled_v2: All 0.3007 | Old 0.3686 | New 0.2667
Train Accuracies: All 0.3216 | Old 0.4078 | New 0.2784
Train Epoch: 11 Avg Loss: 2.8256 | Seen Class Acc: 0.0000 
Collating features...
277 765
Epoch 11, Train ACC Unlabelled_v1: All 0.3176 | Old 0.4157 | New 0.2686
Epoch 11, Train ACC Unlabelled_v2: All 0.2941 | Old 0.3490 | New 0.2667
Train Accuracies: All 0.3176 | Old 0.4157 | New 0.2686
Train Epoch: 12 Avg Loss: 2.8199 | Seen Class Acc: 0.0000 
Collating features...
278 765
Epoch 12, Train ACC Unlabelled_v1: All 0.3098 | Old 0.4235 | New 0.2529
Epoch 12, Train ACC Unlabelled_v2: All 0.2850 | Old 0.3608 | New 0.2471
Train Accuracies: All 0.3098 | Old 0.4235 | New 0.2529
Train Epoch: 13 Avg Loss: 2.7542 | Seen Class Acc: 0.0000 
Collating features...
268 765
Epoch 13, Train ACC Unlabelled_v1: All 0.3346 | Old 0.4510 | New 0.2765
Epoch 13, Train ACC Unlabelled_v2: All 0.3137 | Old 0.3961 | New 0.2725
Train Accuracies: All 0.3346 | Old 0.4510 | New 0.2765
Train Epoch: 14 Avg Loss: 2.7076 | Seen Class Acc: 0.0000 
Collating features...
281 765
Epoch 14, Train ACC Unlabelled_v1: All 0.3281 | Old 0.4902 | New 0.2471
Epoch 14, Train ACC Unlabelled_v2: All 0.3137 | Old 0.4667 | New 0.2373
Train Accuracies: All 0.3281 | Old 0.4902 | New 0.2471
Train Epoch: 15 Avg Loss: 2.6474 | Seen Class Acc: 0.0000 
Collating features...
284 765
Epoch 15, Train ACC Unlabelled_v1: All 0.3229 | Old 0.4824 | New 0.2431
Epoch 15, Train ACC Unlabelled_v2: All 0.3085 | Old 0.4471 | New 0.2392
Train Accuracies: All 0.3229 | Old 0.4824 | New 0.2431
Train Epoch: 16 Avg Loss: 2.5855 | Seen Class Acc: 0.0000 
Collating features...
292 765
Epoch 16, Train ACC Unlabelled_v1: All 0.3490 | Old 0.5059 | New 0.2706
Epoch 16, Train ACC Unlabelled_v2: All 0.3333 | Old 0.4627 | New 0.2686
Train Accuracies: All 0.3490 | Old 0.5059 | New 0.2706
Train Epoch: 17 Avg Loss: 2.5669 | Seen Class Acc: 0.0000 
Collating features...
292 765
Epoch 17, Train ACC Unlabelled_v1: All 0.3320 | Old 0.4980 | New 0.2490
Epoch 17, Train ACC Unlabelled_v2: All 0.3216 | Old 0.4667 | New 0.2490
Train Accuracies: All 0.3320 | Old 0.4980 | New 0.2490
Train Epoch: 18 Avg Loss: 2.5417 | Seen Class Acc: 0.0000 
Collating features...
309 765
Epoch 18, Train ACC Unlabelled_v1: All 0.3281 | Old 0.4980 | New 0.2431
Epoch 18, Train ACC Unlabelled_v2: All 0.3137 | Old 0.4706 | New 0.2353
Train Accuracies: All 0.3281 | Old 0.4980 | New 0.2431
Train Epoch: 19 Avg Loss: 2.5671 | Seen Class Acc: 0.0000 
Collating features...
323 765
Epoch 19, Train ACC Unlabelled_v1: All 0.3412 | Old 0.4902 | New 0.2667
Epoch 19, Train ACC Unlabelled_v2: All 0.3255 | Old 0.4588 | New 0.2588
Train Accuracies: All 0.3412 | Old 0.4902 | New 0.2667
Train Epoch: 20 Avg Loss: 2.4824 | Seen Class Acc: 0.0000 
Collating features...
314 765
Epoch 20, Train ACC Unlabelled_v1: All 0.3699 | Old 0.5255 | New 0.2922
Epoch 20, Train ACC Unlabelled_v2: All 0.3516 | Old 0.4902 | New 0.2824
Train Accuracies: All 0.3699 | Old 0.5255 | New 0.2922
Train Epoch: 21 Avg Loss: 2.5384 | Seen Class Acc: 0.0000 
Collating features...
308 765
Epoch 21, Train ACC Unlabelled_v1: All 0.3804 | Old 0.5333 | New 0.3039
Epoch 21, Train ACC Unlabelled_v2: All 0.3660 | Old 0.4980 | New 0.3000
Train Accuracies: All 0.3804 | Old 0.5333 | New 0.3039
Train Epoch: 22 Avg Loss: 2.5326 | Seen Class Acc: 0.0000 
Collating features...
303 765
Epoch 22, Train ACC Unlabelled_v1: All 0.3817 | Old 0.5294 | New 0.3078
Epoch 22, Train ACC Unlabelled_v2: All 0.3673 | Old 0.4941 | New 0.3039
Train Accuracies: All 0.3817 | Old 0.5294 | New 0.3078
Train Epoch: 23 Avg Loss: 2.5206 | Seen Class Acc: 0.0000 
Collating features...
306 765
Epoch 23, Train ACC Unlabelled_v1: All 0.3791 | Old 0.5569 | New 0.2902
Epoch 23, Train ACC Unlabelled_v2: All 0.3647 | Old 0.5255 | New 0.2843
Train Accuracies: All 0.3791 | Old 0.5569 | New 0.2902
Train Epoch: 24 Avg Loss: 2.4646 | Seen Class Acc: 0.0000 
Collating features...
303 765
Epoch 24, Train ACC Unlabelled_v1: All 0.3725 | Old 0.5686 | New 0.2745
Epoch 24, Train ACC Unlabelled_v2: All 0.3569 | Old 0.5412 | New 0.2647
Train Accuracies: All 0.3725 | Old 0.5686 | New 0.2745
Train Epoch: 25 Avg Loss: 2.3926 | Seen Class Acc: 0.0000 
Collating features...
310 765
Epoch 25, Train ACC Unlabelled_v1: All 0.3647 | Old 0.5804 | New 0.2569
Epoch 25, Train ACC Unlabelled_v2: All 0.3503 | Old 0.5529 | New 0.2490
Train Accuracies: All 0.3647 | Old 0.5804 | New 0.2569
Train Epoch: 26 Avg Loss: 2.3975 | Seen Class Acc: 0.0000 
Collating features...
298 765
Epoch 26, Train ACC Unlabelled_v1: All 0.3660 | Old 0.5882 | New 0.2549
Epoch 26, Train ACC Unlabelled_v2: All 0.3451 | Old 0.5294 | New 0.2529
Train Accuracies: All 0.3660 | Old 0.5882 | New 0.2549
Train Epoch: 27 Avg Loss: 2.3964 | Seen Class Acc: 0.0000 
Collating features...
285 765
Epoch 27, Train ACC Unlabelled_v1: All 0.3621 | Old 0.5961 | New 0.2451
Epoch 27, Train ACC Unlabelled_v2: All 0.3464 | Old 0.5490 | New 0.2451
Train Accuracies: All 0.3621 | Old 0.5961 | New 0.2451
Train Epoch: 28 Avg Loss: 2.3788 | Seen Class Acc: 0.0000 
Collating features...
289 765
Epoch 28, Train ACC Unlabelled_v1: All 0.3686 | Old 0.5922 | New 0.2569
Epoch 28, Train ACC Unlabelled_v2: All 0.3490 | Old 0.5412 | New 0.2529
Train Accuracies: All 0.3686 | Old 0.5922 | New 0.2569
Train Epoch: 29 Avg Loss: 2.3227 | Seen Class Acc: 0.0000 
Collating features...
287 765
Epoch 29, Train ACC Unlabelled_v1: All 0.3778 | Old 0.6118 | New 0.2608
Epoch 29, Train ACC Unlabelled_v2: All 0.3569 | Old 0.5686 | New 0.2510
Train Accuracies: All 0.3778 | Old 0.6118 | New 0.2608
Train Epoch: 30 Avg Loss: 2.3069 | Seen Class Acc: 0.0000 
Collating features...
285 765
Epoch 30, Train ACC Unlabelled_v1: All 0.3817 | Old 0.6118 | New 0.2667
Epoch 30, Train ACC Unlabelled_v2: All 0.3569 | Old 0.5569 | New 0.2569
Train Accuracies: All 0.3817 | Old 0.6118 | New 0.2667
Train Epoch: 31 Avg Loss: 2.3107 | Seen Class Acc: 0.0000 
Collating features...
278 765
Epoch 31, Train ACC Unlabelled_v1: All 0.3856 | Old 0.6353 | New 0.2608
Epoch 31, Train ACC Unlabelled_v2: All 0.3595 | Old 0.5804 | New 0.2490
Train Accuracies: All 0.3856 | Old 0.6353 | New 0.2608
Train Epoch: 32 Avg Loss: 2.2910 | Seen Class Acc: 0.0000 
Collating features...
286 765
Epoch 32, Train ACC Unlabelled_v1: All 0.3856 | Old 0.6314 | New 0.2627
Epoch 32, Train ACC Unlabelled_v2: All 0.3621 | Old 0.5882 | New 0.2490
Train Accuracies: All 0.3856 | Old 0.6314 | New 0.2627
Train Epoch: 33 Avg Loss: 2.3338 | Seen Class Acc: 0.0000 
Collating features...
288 765
Epoch 33, Train ACC Unlabelled_v1: All 0.3908 | Old 0.6314 | New 0.2706
Epoch 33, Train ACC Unlabelled_v2: All 0.3686 | Old 0.5804 | New 0.2627
Train Accuracies: All 0.3908 | Old 0.6314 | New 0.2706
Train Epoch: 34 Avg Loss: 2.2634 | Seen Class Acc: 0.0000 
Collating features...
289 765
Epoch 34, Train ACC Unlabelled_v1: All 0.3948 | Old 0.6471 | New 0.2686
Epoch 34, Train ACC Unlabelled_v2: All 0.3699 | Old 0.5922 | New 0.2588
Train Accuracies: All 0.3948 | Old 0.6471 | New 0.2686
Train Epoch: 35 Avg Loss: 2.2346 | Seen Class Acc: 0.0000 
Collating features...
297 765
Epoch 35, Train ACC Unlabelled_v1: All 0.3856 | Old 0.6471 | New 0.2549
Epoch 35, Train ACC Unlabelled_v2: All 0.3542 | Old 0.5882 | New 0.2373
Train Accuracies: All 0.3856 | Old 0.6471 | New 0.2549
Train Epoch: 36 Avg Loss: 2.2687 | Seen Class Acc: 0.0000 
Collating features...
293 765
Epoch 36, Train ACC Unlabelled_v1: All 0.3961 | Old 0.6549 | New 0.2667
Epoch 36, Train ACC Unlabelled_v2: All 0.3686 | Old 0.6039 | New 0.2510
Train Accuracies: All 0.3961 | Old 0.6549 | New 0.2667
Train Epoch: 37 Avg Loss: 2.2609 | Seen Class Acc: 0.0000 
Collating features...
295 765
Epoch 37, Train ACC Unlabelled_v1: All 0.3961 | Old 0.6588 | New 0.2647
Epoch 37, Train ACC Unlabelled_v2: All 0.3686 | Old 0.6078 | New 0.2490
Train Accuracies: All 0.3961 | Old 0.6588 | New 0.2647
Train Epoch: 38 Avg Loss: 2.2508 | Seen Class Acc: 0.0000 
Collating features...
295 765
Epoch 38, Train ACC Unlabelled_v1: All 0.4000 | Old 0.6588 | New 0.2706
Epoch 38, Train ACC Unlabelled_v2: All 0.3712 | Old 0.6078 | New 0.2529
Train Accuracies: All 0.4000 | Old 0.6588 | New 0.2706
Train Epoch: 39 Avg Loss: 2.2698 | Seen Class Acc: 0.0000 
Collating features...
283 765
Epoch 39, Train ACC Unlabelled_v1: All 0.4052 | Old 0.6784 | New 0.2686
Epoch 39, Train ACC Unlabelled_v2: All 0.3739 | Old 0.6275 | New 0.2471
Train Accuracies: All 0.4052 | Old 0.6784 | New 0.2686
Train Epoch: 40 Avg Loss: 2.1841 | Seen Class Acc: 0.0000 
Collating features...
280 765
Epoch 40, Train ACC Unlabelled_v1: All 0.4052 | Old 0.6745 | New 0.2706
Epoch 40, Train ACC Unlabelled_v2: All 0.3725 | Old 0.6314 | New 0.2431
Train Accuracies: All 0.4052 | Old 0.6745 | New 0.2706
Train Epoch: 41 Avg Loss: 2.1760 | Seen Class Acc: 0.0000 
Collating features...
285 765
Epoch 41, Train ACC Unlabelled_v1: All 0.4013 | Old 0.6667 | New 0.2686
Epoch 41, Train ACC Unlabelled_v2: All 0.3699 | Old 0.6118 | New 0.2490
Train Accuracies: All 0.4013 | Old 0.6667 | New 0.2686
Train Epoch: 42 Avg Loss: 2.1105 | Seen Class Acc: 0.0000 
Collating features...
285 765
Epoch 42, Train ACC Unlabelled_v1: All 0.4000 | Old 0.6627 | New 0.2686
Epoch 42, Train ACC Unlabelled_v2: All 0.3699 | Old 0.6078 | New 0.2510
Train Accuracies: All 0.4000 | Old 0.6627 | New 0.2686
Train Epoch: 43 Avg Loss: 2.1736 | Seen Class Acc: 0.0000 
Collating features...
290 765
Epoch 43, Train ACC Unlabelled_v1: All 0.3974 | Old 0.6745 | New 0.2588
Epoch 43, Train ACC Unlabelled_v2: All 0.3660 | Old 0.6196 | New 0.2392
Train Accuracies: All 0.3974 | Old 0.6745 | New 0.2588
Train Epoch: 44 Avg Loss: 2.1435 | Seen Class Acc: 0.0000 
Collating features...
297 765
Epoch 44, Train ACC Unlabelled_v1: All 0.3922 | Old 0.6667 | New 0.2549
Epoch 44, Train ACC Unlabelled_v2: All 0.3621 | Old 0.6078 | New 0.2392
Train Accuracies: All 0.3922 | Old 0.6667 | New 0.2549
Train Epoch: 45 Avg Loss: 2.2105 | Seen Class Acc: 0.0000 
Collating features...
293 765
Epoch 45, Train ACC Unlabelled_v1: All 0.3869 | Old 0.6706 | New 0.2451
Epoch 45, Train ACC Unlabelled_v2: All 0.3595 | Old 0.6039 | New 0.2373
Train Accuracies: All 0.3869 | Old 0.6706 | New 0.2451
Train Epoch: 46 Avg Loss: 2.0980 | Seen Class Acc: 0.0000 
Collating features...
295 765
Epoch 46, Train ACC Unlabelled_v1: All 0.3843 | Old 0.6667 | New 0.2431
Epoch 46, Train ACC Unlabelled_v2: All 0.3595 | Old 0.6078 | New 0.2353
Train Accuracies: All 0.3843 | Old 0.6667 | New 0.2431
Train Epoch: 47 Avg Loss: 2.1490 | Seen Class Acc: 0.0000 
Collating features...
293 765
Epoch 47, Train ACC Unlabelled_v1: All 0.3804 | Old 0.6549 | New 0.2431
Epoch 47, Train ACC Unlabelled_v2: All 0.3582 | Old 0.6118 | New 0.2314
Train Accuracies: All 0.3804 | Old 0.6549 | New 0.2431
Train Epoch: 48 Avg Loss: 2.0812 | Seen Class Acc: 0.0000 
Collating features...
296 765
Epoch 48, Train ACC Unlabelled_v1: All 0.3817 | Old 0.6588 | New 0.2431
Epoch 48, Train ACC Unlabelled_v2: All 0.3608 | Old 0.6118 | New 0.2353
Train Accuracies: All 0.3817 | Old 0.6588 | New 0.2431
Train Epoch: 49 Avg Loss: 2.1088 | Seen Class Acc: 0.0000 
Collating features...
298 765
Epoch 49, Train ACC Unlabelled_v1: All 0.3843 | Old 0.6549 | New 0.2490
Epoch 49, Train ACC Unlabelled_v2: All 0.3634 | Old 0.6078 | New 0.2412
Train Accuracies: All 0.3843 | Old 0.6549 | New 0.2490
Train Epoch: 50 Avg Loss: 2.1092 | Seen Class Acc: 0.0000 
Collating features...
300 765
Epoch 50, Train ACC Unlabelled_v1: All 0.3817 | Old 0.6549 | New 0.2451
Epoch 50, Train ACC Unlabelled_v2: All 0.3634 | Old 0.6196 | New 0.2353
Train Accuracies: All 0.3817 | Old 0.6549 | New 0.2451
Train Epoch: 51 Avg Loss: 2.1020 | Seen Class Acc: 0.0000 
Collating features...
298 765
Epoch 51, Train ACC Unlabelled_v1: All 0.3856 | Old 0.6706 | New 0.2431
Epoch 51, Train ACC Unlabelled_v2: All 0.3608 | Old 0.6157 | New 0.2333
Train Accuracies: All 0.3856 | Old 0.6706 | New 0.2431
Train Epoch: 52 Avg Loss: 2.1133 | Seen Class Acc: 0.0000 
Collating features...
299 765
Epoch 52, Train ACC Unlabelled_v1: All 0.3908 | Old 0.6706 | New 0.2510
Epoch 52, Train ACC Unlabelled_v2: All 0.3660 | Old 0.6275 | New 0.2353
Train Accuracies: All 0.3908 | Old 0.6706 | New 0.2510
Train Epoch: 53 Avg Loss: 2.1204 | Seen Class Acc: 0.0000 
Collating features...
296 765
Epoch 53, Train ACC Unlabelled_v1: All 0.4013 | Old 0.6784 | New 0.2627
Epoch 53, Train ACC Unlabelled_v2: All 0.3739 | Old 0.6275 | New 0.2471
Train Accuracies: All 0.4013 | Old 0.6784 | New 0.2627
Train Epoch: 54 Avg Loss: 2.0903 | Seen Class Acc: 0.0000 
Collating features...
297 765
Epoch 54, Train ACC Unlabelled_v1: All 0.3987 | Old 0.6745 | New 0.2608
Epoch 54, Train ACC Unlabelled_v2: All 0.3699 | Old 0.6118 | New 0.2490
Train Accuracies: All 0.3987 | Old 0.6745 | New 0.2608
Train Epoch: 55 Avg Loss: 2.0904 | Seen Class Acc: 0.0000 
Collating features...
295 765
Epoch 55, Train ACC Unlabelled_v1: All 0.3987 | Old 0.6706 | New 0.2627
Epoch 55, Train ACC Unlabelled_v2: All 0.3712 | Old 0.6078 | New 0.2529
Train Accuracies: All 0.3987 | Old 0.6706 | New 0.2627
Train Epoch: 56 Avg Loss: 2.1052 | Seen Class Acc: 0.0000 
Collating features...
297 765
Epoch 56, Train ACC Unlabelled_v1: All 0.4078 | Old 0.6824 | New 0.2706
Epoch 56, Train ACC Unlabelled_v2: All 0.3778 | Old 0.6118 | New 0.2608
Train Accuracies: All 0.4078 | Old 0.6824 | New 0.2706
Train Epoch: 57 Avg Loss: 2.0887 | Seen Class Acc: 0.0000 
Collating features...
296 765
Epoch 57, Train ACC Unlabelled_v1: All 0.4131 | Old 0.6824 | New 0.2784
Epoch 57, Train ACC Unlabelled_v2: All 0.3778 | Old 0.6000 | New 0.2667
Train Accuracies: All 0.4131 | Old 0.6824 | New 0.2784
Train Epoch: 58 Avg Loss: 2.0702 | Seen Class Acc: 0.0000 
Collating features...
300 765
Epoch 58, Train ACC Unlabelled_v1: All 0.4105 | Old 0.6784 | New 0.2765
Epoch 58, Train ACC Unlabelled_v2: All 0.3739 | Old 0.5961 | New 0.2627
Train Accuracies: All 0.4105 | Old 0.6784 | New 0.2765
Train Epoch: 59 Avg Loss: 2.0905 | Seen Class Acc: 0.0000 
Collating features...
299 765
Epoch 59, Train ACC Unlabelled_v1: All 0.4065 | Old 0.6824 | New 0.2686
Epoch 59, Train ACC Unlabelled_v2: All 0.3725 | Old 0.6118 | New 0.2529
Train Accuracies: All 0.4065 | Old 0.6824 | New 0.2686
Train Epoch: 60 Avg Loss: 2.0384 | Seen Class Acc: 0.0000 
Collating features...
297 765
Epoch 60, Train ACC Unlabelled_v1: All 0.4078 | Old 0.6863 | New 0.2686
Epoch 60, Train ACC Unlabelled_v2: All 0.3712 | Old 0.6078 | New 0.2529
Train Accuracies: All 0.4078 | Old 0.6863 | New 0.2686
Train Epoch: 61 Avg Loss: 2.0762 | Seen Class Acc: 0.0000 
Collating features...
297 765
Epoch 61, Train ACC Unlabelled_v1: All 0.4065 | Old 0.6863 | New 0.2667
Epoch 61, Train ACC Unlabelled_v2: All 0.3712 | Old 0.6157 | New 0.2490
Train Accuracies: All 0.4065 | Old 0.6863 | New 0.2667
Train Epoch: 62 Avg Loss: 2.0878 | Seen Class Acc: 0.0000 
Collating features...
294 765
Epoch 62, Train ACC Unlabelled_v1: All 0.4105 | Old 0.6824 | New 0.2745
Epoch 62, Train ACC Unlabelled_v2: All 0.3765 | Old 0.6157 | New 0.2569
Train Accuracies: All 0.4105 | Old 0.6824 | New 0.2745
Train Epoch: 63 Avg Loss: 2.0634 | Seen Class Acc: 0.0000 
Collating features...
294 765
Epoch 63, Train ACC Unlabelled_v1: All 0.4092 | Old 0.6824 | New 0.2725
Epoch 63, Train ACC Unlabelled_v2: All 0.3752 | Old 0.6157 | New 0.2549
Train Accuracies: All 0.4092 | Old 0.6824 | New 0.2725
Train Epoch: 64 Avg Loss: 2.0772 | Seen Class Acc: 0.0000 
Collating features...
293 765
Epoch 64, Train ACC Unlabelled_v1: All 0.4118 | Old 0.6863 | New 0.2745
Epoch 64, Train ACC Unlabelled_v2: All 0.3778 | Old 0.6196 | New 0.2569
Train Accuracies: All 0.4118 | Old 0.6863 | New 0.2745
Train Epoch: 65 Avg Loss: 2.1669 | Seen Class Acc: 0.0000 
Collating features...
294 765
Epoch 65, Train ACC Unlabelled_v1: All 0.4118 | Old 0.6902 | New 0.2725
Epoch 65, Train ACC Unlabelled_v2: All 0.3752 | Old 0.6118 | New 0.2569
Train Accuracies: All 0.4118 | Old 0.6902 | New 0.2725
Train Epoch: 66 Avg Loss: 2.1352 | Seen Class Acc: 0.0000 
Collating features...
295 765
Epoch 66, Train ACC Unlabelled_v1: All 0.4170 | Old 0.6863 | New 0.2824
Epoch 66, Train ACC Unlabelled_v2: All 0.3817 | Old 0.6157 | New 0.2647
Train Accuracies: All 0.4170 | Old 0.6863 | New 0.2824
Train Epoch: 67 Avg Loss: 2.0672 | Seen Class Acc: 0.0000 
Collating features...
294 765
Epoch 67, Train ACC Unlabelled_v1: All 0.4118 | Old 0.6902 | New 0.2725
Epoch 67, Train ACC Unlabelled_v2: All 0.3752 | Old 0.6157 | New 0.2549
Train Accuracies: All 0.4118 | Old 0.6902 | New 0.2725
Train Epoch: 68 Avg Loss: 2.0772 | Seen Class Acc: 0.0000 
Collating features...
294 765
Epoch 68, Train ACC Unlabelled_v1: All 0.4118 | Old 0.6863 | New 0.2745
Epoch 68, Train ACC Unlabelled_v2: All 0.3752 | Old 0.6118 | New 0.2569
Train Accuracies: All 0.4118 | Old 0.6863 | New 0.2745
Train Epoch: 69 Avg Loss: 2.0677 | Seen Class Acc: 0.0000 
Collating features...
294 765
Epoch 69, Train ACC Unlabelled_v1: All 0.4092 | Old 0.6863 | New 0.2706
Epoch 69, Train ACC Unlabelled_v2: All 0.3725 | Old 0.6118 | New 0.2529
Train Accuracies: All 0.4092 | Old 0.6863 | New 0.2706
Train Epoch: 70 Avg Loss: 2.0202 | Seen Class Acc: 0.0000 
Collating features...
292 765
Epoch 70, Train ACC Unlabelled_v1: All 0.4131 | Old 0.6941 | New 0.2725
Epoch 70, Train ACC Unlabelled_v2: All 0.3725 | Old 0.6118 | New 0.2529
Train Accuracies: All 0.4131 | Old 0.6941 | New 0.2725
Train Epoch: 71 Avg Loss: 2.0605 | Seen Class Acc: 0.0000 
Collating features...
293 765
Epoch 71, Train ACC Unlabelled_v1: All 0.4170 | Old 0.6902 | New 0.2804
Epoch 71, Train ACC Unlabelled_v2: All 0.3778 | Old 0.6078 | New 0.2627
Train Accuracies: All 0.4170 | Old 0.6902 | New 0.2804
Train Epoch: 72 Avg Loss: 2.0739 | Seen Class Acc: 0.0000 
Collating features...
292 765
Epoch 72, Train ACC Unlabelled_v1: All 0.4157 | Old 0.6902 | New 0.2784
Epoch 72, Train ACC Unlabelled_v2: All 0.3765 | Old 0.6078 | New 0.2608
Train Accuracies: All 0.4157 | Old 0.6902 | New 0.2784
Train Epoch: 73 Avg Loss: 2.0566 | Seen Class Acc: 0.0000 
Collating features...
290 765
Epoch 73, Train ACC Unlabelled_v1: All 0.4157 | Old 0.6941 | New 0.2765
Epoch 73, Train ACC Unlabelled_v2: All 0.3752 | Old 0.6078 | New 0.2588
Train Accuracies: All 0.4157 | Old 0.6941 | New 0.2765
Train Epoch: 74 Avg Loss: 2.0025 | Seen Class Acc: 0.0000 
Collating features...
290 765
Epoch 74, Train ACC Unlabelled_v1: All 0.4196 | Old 0.7020 | New 0.2784
Epoch 74, Train ACC Unlabelled_v2: All 0.3791 | Old 0.6157 | New 0.2608
Train Accuracies: All 0.4196 | Old 0.7020 | New 0.2784
Train Epoch: 75 Avg Loss: 2.0135 | Seen Class Acc: 0.0000 
Collating features...
286 765
Epoch 75, Train ACC Unlabelled_v1: All 0.4196 | Old 0.7020 | New 0.2784
Epoch 75, Train ACC Unlabelled_v2: All 0.3778 | Old 0.6118 | New 0.2608
Train Accuracies: All 0.4196 | Old 0.7020 | New 0.2784
Train Epoch: 76 Avg Loss: 2.0411 | Seen Class Acc: 0.0000 
Collating features...
292 765
Epoch 76, Train ACC Unlabelled_v1: All 0.4196 | Old 0.7059 | New 0.2765
Epoch 76, Train ACC Unlabelled_v2: All 0.3791 | Old 0.6314 | New 0.2529
Train Accuracies: All 0.4196 | Old 0.7059 | New 0.2765
Train Epoch: 77 Avg Loss: 2.0757 | Seen Class Acc: 0.0000 
Collating features...
292 765
Epoch 77, Train ACC Unlabelled_v1: All 0.4209 | Old 0.7059 | New 0.2784
Epoch 77, Train ACC Unlabelled_v2: All 0.3804 | Old 0.6314 | New 0.2549
Train Accuracies: All 0.4209 | Old 0.7059 | New 0.2784
Train Epoch: 78 Avg Loss: 2.0210 | Seen Class Acc: 0.0000 
Collating features...
292 765
Epoch 78, Train ACC Unlabelled_v1: All 0.4209 | Old 0.7059 | New 0.2784
Epoch 78, Train ACC Unlabelled_v2: All 0.3817 | Old 0.6314 | New 0.2569
Train Accuracies: All 0.4209 | Old 0.7059 | New 0.2784
Train Epoch: 79 Avg Loss: 2.0374 | Seen Class Acc: 0.0000 
Collating features...
289 765
Epoch 79, Train ACC Unlabelled_v1: All 0.4235 | Old 0.7098 | New 0.2804
Epoch 79, Train ACC Unlabelled_v2: All 0.3856 | Old 0.6353 | New 0.2608
Train Accuracies: All 0.4235 | Old 0.7098 | New 0.2804
Train Epoch: 80 Avg Loss: 2.0095 | Seen Class Acc: 0.0000 
Collating features...
291 765
Epoch 80, Train ACC Unlabelled_v1: All 0.4209 | Old 0.7098 | New 0.2765
Epoch 80, Train ACC Unlabelled_v2: All 0.3843 | Old 0.6392 | New 0.2569
Train Accuracies: All 0.4209 | Old 0.7098 | New 0.2765
Train Epoch: 81 Avg Loss: 2.0538 | Seen Class Acc: 0.0000 
Collating features...
290 765
Epoch 81, Train ACC Unlabelled_v1: All 0.4209 | Old 0.7137 | New 0.2745
Epoch 81, Train ACC Unlabelled_v2: All 0.3869 | Old 0.6392 | New 0.2608
Train Accuracies: All 0.4209 | Old 0.7137 | New 0.2745
Train Epoch: 82 Avg Loss: 1.9598 | Seen Class Acc: 0.0000 
Collating features...
287 765
Epoch 82, Train ACC Unlabelled_v1: All 0.4209 | Old 0.7137 | New 0.2745
Epoch 82, Train ACC Unlabelled_v2: All 0.3869 | Old 0.6392 | New 0.2608
Train Accuracies: All 0.4209 | Old 0.7137 | New 0.2745
Train Epoch: 83 Avg Loss: 2.0288 | Seen Class Acc: 0.0000 
Collating features...
288 765
Epoch 83, Train ACC Unlabelled_v1: All 0.4196 | Old 0.7137 | New 0.2725
Epoch 83, Train ACC Unlabelled_v2: All 0.3856 | Old 0.6431 | New 0.2569
Train Accuracies: All 0.4196 | Old 0.7137 | New 0.2725
Train Epoch: 84 Avg Loss: 2.0562 | Seen Class Acc: 0.0000 
Collating features...
289 765
Epoch 84, Train ACC Unlabelled_v1: All 0.4222 | Old 0.7137 | New 0.2765
Epoch 84, Train ACC Unlabelled_v2: All 0.3882 | Old 0.6431 | New 0.2608
Train Accuracies: All 0.4222 | Old 0.7137 | New 0.2765
Train Epoch: 85 Avg Loss: 2.0254 | Seen Class Acc: 0.0000 
Collating features...
289 765
Epoch 85, Train ACC Unlabelled_v1: All 0.4209 | Old 0.7137 | New 0.2745
Epoch 85, Train ACC Unlabelled_v2: All 0.3869 | Old 0.6431 | New 0.2588
Train Accuracies: All 0.4209 | Old 0.7137 | New 0.2745
Train Epoch: 86 Avg Loss: 2.0378 | Seen Class Acc: 0.0000 
Collating features...
285 765
Epoch 86, Train ACC Unlabelled_v1: All 0.4209 | Old 0.7098 | New 0.2765
Epoch 86, Train ACC Unlabelled_v2: All 0.3856 | Old 0.6392 | New 0.2588
Train Accuracies: All 0.4209 | Old 0.7098 | New 0.2765
Train Epoch: 87 Avg Loss: 2.0614 | Seen Class Acc: 0.0000 
Collating features...
287 765
Epoch 87, Train ACC Unlabelled_v1: All 0.4222 | Old 0.7176 | New 0.2745
Epoch 87, Train ACC Unlabelled_v2: All 0.3869 | Old 0.6510 | New 0.2549
Train Accuracies: All 0.4222 | Old 0.7176 | New 0.2745
Train Epoch: 88 Avg Loss: 2.0371 | Seen Class Acc: 0.0000 
Collating features...
289 765
Epoch 88, Train ACC Unlabelled_v1: All 0.4209 | Old 0.7176 | New 0.2725
Epoch 88, Train ACC Unlabelled_v2: All 0.3869 | Old 0.6510 | New 0.2549
Train Accuracies: All 0.4209 | Old 0.7176 | New 0.2725
Train Epoch: 89 Avg Loss: 2.0576 | Seen Class Acc: 0.0000 
Collating features...
287 765
Epoch 89, Train ACC Unlabelled_v1: All 0.4209 | Old 0.7176 | New 0.2725
Epoch 89, Train ACC Unlabelled_v2: All 0.3869 | Old 0.6471 | New 0.2569
Train Accuracies: All 0.4209 | Old 0.7176 | New 0.2725
Train Epoch: 90 Avg Loss: 1.9997 | Seen Class Acc: 0.0000 
Collating features...
287 765
Epoch 90, Train ACC Unlabelled_v1: All 0.4196 | Old 0.7176 | New 0.2706
Epoch 90, Train ACC Unlabelled_v2: All 0.3856 | Old 0.6549 | New 0.2510
Train Accuracies: All 0.4196 | Old 0.7176 | New 0.2706
Train Epoch: 91 Avg Loss: 2.0369 | Seen Class Acc: 0.0000 
Collating features...
289 765
Epoch 91, Train ACC Unlabelled_v1: All 0.4170 | Old 0.7137 | New 0.2686
Epoch 91, Train ACC Unlabelled_v2: All 0.3830 | Old 0.6471 | New 0.2510
Train Accuracies: All 0.4170 | Old 0.7137 | New 0.2686
Train Epoch: 92 Avg Loss: 2.0584 | Seen Class Acc: 0.0000 
Collating features...
288 765
Epoch 92, Train ACC Unlabelled_v1: All 0.4235 | Old 0.7176 | New 0.2765
Epoch 92, Train ACC Unlabelled_v2: All 0.3895 | Old 0.6510 | New 0.2588
Train Accuracies: All 0.4235 | Old 0.7176 | New 0.2765
Train Epoch: 93 Avg Loss: 2.0293 | Seen Class Acc: 0.0000 
Collating features...
291 765
Epoch 93, Train ACC Unlabelled_v1: All 0.4222 | Old 0.7176 | New 0.2745
Epoch 93, Train ACC Unlabelled_v2: All 0.3869 | Old 0.6510 | New 0.2549
Train Accuracies: All 0.4222 | Old 0.7176 | New 0.2745
Train Epoch: 94 Avg Loss: 2.0643 | Seen Class Acc: 0.0000 
Collating features...
290 765
Epoch 94, Train ACC Unlabelled_v1: All 0.4235 | Old 0.7137 | New 0.2784
Epoch 94, Train ACC Unlabelled_v2: All 0.3895 | Old 0.6471 | New 0.2608
Train Accuracies: All 0.4235 | Old 0.7137 | New 0.2784
Train Epoch: 95 Avg Loss: 2.1373 | Seen Class Acc: 0.0000 
Collating features...
292 765
Epoch 95, Train ACC Unlabelled_v1: All 0.4235 | Old 0.7098 | New 0.2804
Epoch 95, Train ACC Unlabelled_v2: All 0.3882 | Old 0.6431 | New 0.2608
Train Accuracies: All 0.4235 | Old 0.7098 | New 0.2804
Train Epoch: 96 Avg Loss: 2.0223 | Seen Class Acc: 0.0000 
Collating features...
287 765
Epoch 96, Train ACC Unlabelled_v1: All 0.4235 | Old 0.7176 | New 0.2765
Epoch 96, Train ACC Unlabelled_v2: All 0.3908 | Old 0.6510 | New 0.2608
Train Accuracies: All 0.4235 | Old 0.7176 | New 0.2765
Train Epoch: 97 Avg Loss: 2.0590 | Seen Class Acc: 0.0000 
Collating features...
286 765
Epoch 97, Train ACC Unlabelled_v1: All 0.4235 | Old 0.7216 | New 0.2745
Epoch 97, Train ACC Unlabelled_v2: All 0.3895 | Old 0.6549 | New 0.2569
Train Accuracies: All 0.4235 | Old 0.7216 | New 0.2745
Train Epoch: 98 Avg Loss: 2.0635 | Seen Class Acc: 0.0000 
Collating features...
283 765
Epoch 98, Train ACC Unlabelled_v1: All 0.4222 | Old 0.7216 | New 0.2725
Epoch 98, Train ACC Unlabelled_v2: All 0.3882 | Old 0.6549 | New 0.2549
Train Accuracies: All 0.4222 | Old 0.7216 | New 0.2725
Train Epoch: 99 Avg Loss: 2.0220 | Seen Class Acc: 0.0000 
Collating features...
286 765
Epoch 99, Train ACC Unlabelled_v1: All 0.4275 | Old 0.7216 | New 0.2804
Epoch 99, Train ACC Unlabelled_v2: All 0.3935 | Old 0.6549 | New 0.2627
Train Accuracies: All 0.4275 | Old 0.7216 | New 0.2804
