Experiment saved to: /home/pszzz/hyzheng/myocd/SMILE/checkpoints/log/(28.04.2024_|_52.561)
['checkpoints']
Namespace(batch_size=128, num_workers=16, eval_funcs=['v1', 'v2'], warmup_model_dir=None, model_name='vit_dino', dataset_name='Fungi', prop_train_labels=0.5, use_ssb_splits=True, grad_from_block=11, lr=0.01, save_best_thresh=None, gamma=0.1, momentum=0.9, weight_decay=5e-05, epochs=100, exp_root='/home/pszzz/hyzheng/myocd/SMILE/', transform='imagenet', seed=1, base_model='vit_dino', temperature=1.0, sup_con_weight=0.5, n_views=2, contrast_unlabel_only=False, image_size=224, train_classes=range(0, 61), unlabeled_classes=range(61, 121), num_labeled_classes=61, num_unlabeled_classes=60, cuda=True, log_dir='/home/pszzz/hyzheng/myocd/SMILE/checkpoints/log/(28.04.2024_|_52.561)', model_dir='/home/pszzz/hyzheng/myocd/SMILE/checkpoints/log/(28.04.2024_|_52.561)/checkpoints', model_path='/home/pszzz/hyzheng/myocd/SMILE/checkpoints/log/(28.04.2024_|_52.561)/checkpoints/model.pt', writer=<tensorboardX.writer.SummaryWriter object at 0x7fa5fa9cda30>)
Using evaluation function v1 to print results
Train Epoch: 0 Avg Loss: 6.2532 | Seen Class Acc: 0.0000 
Collating features...
604 5820
Epoch 0, Train ACC Unlabelled_v1: All 0.2045 | Old 0.3240 | New 0.1515
Epoch 0, Train ACC Unlabelled_v2: All 0.1816 | Old 0.2792 | New 0.1384
Train Accuracies: All 0.2045 | Old 0.3240 | New 0.1515
Train Epoch: 1 Avg Loss: 4.5329 | Seen Class Acc: 0.0000 
Collating features...
586 5820
Epoch 1, Train ACC Unlabelled_v1: All 0.2253 | Old 0.3895 | New 0.1525
Epoch 1, Train ACC Unlabelled_v2: All 0.2055 | Old 0.3565 | New 0.1386
Train Accuracies: All 0.2253 | Old 0.3895 | New 0.1525
Train Epoch: 2 Avg Loss: 3.8581 | Seen Class Acc: 0.0000 
Collating features...
517 5820
Epoch 2, Train ACC Unlabelled_v1: All 0.2486 | Old 0.4354 | New 0.1659
Epoch 2, Train ACC Unlabelled_v2: All 0.2256 | Old 0.4091 | New 0.1443
Train Accuracies: All 0.2486 | Old 0.4354 | New 0.1659
Train Epoch: 3 Avg Loss: 3.4923 | Seen Class Acc: 0.0000 
Collating features...
578 5820
Epoch 3, Train ACC Unlabelled_v1: All 0.2593 | Old 0.4896 | New 0.1572
Epoch 3, Train ACC Unlabelled_v2: All 0.2373 | Old 0.4673 | New 0.1354
Train Accuracies: All 0.2593 | Old 0.4896 | New 0.1572
Train Epoch: 4 Avg Loss: 3.1810 | Seen Class Acc: 0.0000 
Collating features...
546 5820
Epoch 4, Train ACC Unlabelled_v1: All 0.2694 | Old 0.5014 | New 0.1666
Epoch 4, Train ACC Unlabelled_v2: All 0.2428 | Old 0.4745 | New 0.1401
Train Accuracies: All 0.2694 | Old 0.5014 | New 0.1666
Train Epoch: 5 Avg Loss: 2.9831 | Seen Class Acc: 0.0000 
Collating features...
558 5820
Epoch 5, Train ACC Unlabelled_v1: All 0.2658 | Old 0.5339 | New 0.1470
Epoch 5, Train ACC Unlabelled_v2: All 0.2388 | Old 0.5064 | New 0.1203
Train Accuracies: All 0.2658 | Old 0.5339 | New 0.1470
Train Epoch: 6 Avg Loss: 2.8268 | Seen Class Acc: 0.0000 
Collating features...
503 5820
Epoch 6, Train ACC Unlabelled_v1: All 0.2832 | Old 0.5478 | New 0.1659
Epoch 6, Train ACC Unlabelled_v2: All 0.2524 | Old 0.5255 | New 0.1314
Train Accuracies: All 0.2832 | Old 0.5478 | New 0.1659
Train Epoch: 7 Avg Loss: 2.6441 | Seen Class Acc: 0.0000 
Collating features...
539 5820
Epoch 7, Train ACC Unlabelled_v1: All 0.2868 | Old 0.5837 | New 0.1552
Epoch 7, Train ACC Unlabelled_v2: All 0.2588 | Old 0.5484 | New 0.1304
Train Accuracies: All 0.2868 | Old 0.5837 | New 0.1552
Train Epoch: 8 Avg Loss: 2.5863 | Seen Class Acc: 0.0000 
Collating features...
570 5820
Epoch 8, Train ACC Unlabelled_v1: All 0.2888 | Old 0.5898 | New 0.1555
Epoch 8, Train ACC Unlabelled_v2: All 0.2612 | Old 0.5478 | New 0.1341
Train Accuracies: All 0.2888 | Old 0.5898 | New 0.1555
Train Epoch: 9 Avg Loss: 2.4830 | Seen Class Acc: 0.0000 
Collating features...
561 5820
Epoch 9, Train ACC Unlabelled_v1: All 0.2943 | Old 0.6032 | New 0.1575
Epoch 9, Train ACC Unlabelled_v2: All 0.2641 | Old 0.5456 | New 0.1394
Train Accuracies: All 0.2943 | Old 0.6032 | New 0.1575
Train Epoch: 10 Avg Loss: 2.4158 | Seen Class Acc: 0.0000 
Collating features...
570 5820
Epoch 10, Train ACC Unlabelled_v1: All 0.2945 | Old 0.6228 | New 0.1490
Epoch 10, Train ACC Unlabelled_v2: All 0.2629 | Old 0.5758 | New 0.1242
Train Accuracies: All 0.2945 | Old 0.6228 | New 0.1490
Train Epoch: 11 Avg Loss: 2.2983 | Seen Class Acc: 0.0000 
Collating features...
617 5820
Epoch 11, Train ACC Unlabelled_v1: All 0.3015 | Old 0.6335 | New 0.1545
Epoch 11, Train ACC Unlabelled_v2: All 0.2686 | Old 0.5876 | New 0.1272
Train Accuracies: All 0.3015 | Old 0.6335 | New 0.1545
Train Epoch: 12 Avg Loss: 2.2825 | Seen Class Acc: 0.0000 
Collating features...
544 5820
Epoch 12, Train ACC Unlabelled_v1: All 0.3079 | Old 0.6447 | New 0.1587
Epoch 12, Train ACC Unlabelled_v2: All 0.2747 | Old 0.5887 | New 0.1356
Train Accuracies: All 0.3079 | Old 0.6447 | New 0.1587
Train Epoch: 13 Avg Loss: 2.2048 | Seen Class Acc: 0.0000 
Collating features...
589 5820
Epoch 13, Train ACC Unlabelled_v1: All 0.3074 | Old 0.6379 | New 0.1609
Epoch 13, Train ACC Unlabelled_v2: All 0.2722 | Old 0.5926 | New 0.1302
Train Accuracies: All 0.3074 | Old 0.6379 | New 0.1609
Train Epoch: 14 Avg Loss: 2.2163 | Seen Class Acc: 0.0000 
Collating features...
584 5820
Epoch 14, Train ACC Unlabelled_v1: All 0.3180 | Old 0.6654 | New 0.1641
Epoch 14, Train ACC Unlabelled_v2: All 0.2789 | Old 0.6122 | New 0.1312
Train Accuracies: All 0.3180 | Old 0.6654 | New 0.1641
Train Epoch: 15 Avg Loss: 2.1890 | Seen Class Acc: 0.0000 
Collating features...
555 5820
Epoch 15, Train ACC Unlabelled_v1: All 0.3211 | Old 0.6721 | New 0.1656
Epoch 15, Train ACC Unlabelled_v2: All 0.2880 | Old 0.6195 | New 0.1411
Train Accuracies: All 0.3211 | Old 0.6721 | New 0.1656
Train Epoch: 16 Avg Loss: 2.1111 | Seen Class Acc: 0.0000 
Collating features...
533 5820
Epoch 16, Train ACC Unlabelled_v1: All 0.3232 | Old 0.6749 | New 0.1674
Epoch 16, Train ACC Unlabelled_v2: All 0.2869 | Old 0.6312 | New 0.1344
Train Accuracies: All 0.3232 | Old 0.6749 | New 0.1674
Train Epoch: 17 Avg Loss: 2.1011 | Seen Class Acc: 0.0000 
Collating features...
574 5820
Epoch 17, Train ACC Unlabelled_v1: All 0.3206 | Old 0.6732 | New 0.1644
Epoch 17, Train ACC Unlabelled_v2: All 0.2866 | Old 0.6346 | New 0.1324
Train Accuracies: All 0.3206 | Old 0.6732 | New 0.1644
Train Epoch: 18 Avg Loss: 2.0560 | Seen Class Acc: 0.0000 
Collating features...
558 5820
Epoch 18, Train ACC Unlabelled_v1: All 0.3241 | Old 0.6637 | New 0.1736
Epoch 18, Train ACC Unlabelled_v2: All 0.2873 | Old 0.6234 | New 0.1384
Train Accuracies: All 0.3241 | Old 0.6637 | New 0.1736
Train Epoch: 19 Avg Loss: 2.0516 | Seen Class Acc: 0.0000 
Collating features...
562 5820
Epoch 19, Train ACC Unlabelled_v1: All 0.3239 | Old 0.6648 | New 0.1728
Epoch 19, Train ACC Unlabelled_v2: All 0.2876 | Old 0.6167 | New 0.1418
Train Accuracies: All 0.3239 | Old 0.6648 | New 0.1728
Train Epoch: 20 Avg Loss: 2.0198 | Seen Class Acc: 0.0000 
Collating features...
566 5820
Epoch 20, Train ACC Unlabelled_v1: All 0.3337 | Old 0.6911 | New 0.1753
Epoch 20, Train ACC Unlabelled_v2: All 0.2985 | Old 0.6469 | New 0.1441
Train Accuracies: All 0.3337 | Old 0.6911 | New 0.1753
Train Epoch: 21 Avg Loss: 1.9927 | Seen Class Acc: 0.0000 
Collating features...
566 5820
Epoch 21, Train ACC Unlabelled_v1: All 0.3352 | Old 0.6956 | New 0.1756
Epoch 21, Train ACC Unlabelled_v2: All 0.2986 | Old 0.6503 | New 0.1428
Train Accuracies: All 0.3352 | Old 0.6956 | New 0.1756
Train Epoch: 22 Avg Loss: 1.9965 | Seen Class Acc: 0.0000 
Collating features...
561 5820
Epoch 22, Train ACC Unlabelled_v1: All 0.3340 | Old 0.6810 | New 0.1803
Epoch 22, Train ACC Unlabelled_v2: All 0.2936 | Old 0.6363 | New 0.1418
Train Accuracies: All 0.3340 | Old 0.6810 | New 0.1803
Train Epoch: 23 Avg Loss: 1.9919 | Seen Class Acc: 0.0000 
Collating features...
540 5820
Epoch 23, Train ACC Unlabelled_v1: All 0.3309 | Old 0.6833 | New 0.1748
Epoch 23, Train ACC Unlabelled_v2: All 0.2942 | Old 0.6441 | New 0.1391
Train Accuracies: All 0.3309 | Old 0.6833 | New 0.1748
Train Epoch: 24 Avg Loss: 1.9512 | Seen Class Acc: 0.0000 
Collating features...
554 5820
Epoch 24, Train ACC Unlabelled_v1: All 0.3287 | Old 0.6844 | New 0.1711
Epoch 24, Train ACC Unlabelled_v2: All 0.2930 | Old 0.6396 | New 0.1394
Train Accuracies: All 0.3287 | Old 0.6844 | New 0.1711
Train Epoch: 25 Avg Loss: 1.9414 | Seen Class Acc: 0.0000 
Collating features...
522 5820
Epoch 25, Train ACC Unlabelled_v1: All 0.3363 | Old 0.6922 | New 0.1785
Epoch 25, Train ACC Unlabelled_v2: All 0.2986 | Old 0.6402 | New 0.1473
Train Accuracies: All 0.3363 | Old 0.6922 | New 0.1785
Train Epoch: 26 Avg Loss: 1.9473 | Seen Class Acc: 0.0000 
Collating features...
529 5820
Epoch 26, Train ACC Unlabelled_v1: All 0.3385 | Old 0.6945 | New 0.1808
Epoch 26, Train ACC Unlabelled_v2: All 0.3026 | Old 0.6441 | New 0.1513
Train Accuracies: All 0.3385 | Old 0.6945 | New 0.1808
Train Epoch: 27 Avg Loss: 1.9238 | Seen Class Acc: 0.0000 
Collating features...
547 5820
Epoch 27, Train ACC Unlabelled_v1: All 0.3333 | Old 0.6950 | New 0.1731
Epoch 27, Train ACC Unlabelled_v2: All 0.2966 | Old 0.6503 | New 0.1398
Train Accuracies: All 0.3333 | Old 0.6950 | New 0.1731
Train Epoch: 28 Avg Loss: 1.9239 | Seen Class Acc: 0.0000 
Collating features...
532 5820
Epoch 28, Train ACC Unlabelled_v1: All 0.3376 | Old 0.7012 | New 0.1765
Epoch 28, Train ACC Unlabelled_v2: All 0.3007 | Old 0.6542 | New 0.1441
Train Accuracies: All 0.3376 | Old 0.7012 | New 0.1765
Train Epoch: 29 Avg Loss: 1.8930 | Seen Class Acc: 0.0000 
Collating features...
535 5820
Epoch 29, Train ACC Unlabelled_v1: All 0.3359 | Old 0.6973 | New 0.1758
Epoch 29, Train ACC Unlabelled_v2: All 0.2981 | Old 0.6553 | New 0.1398
Train Accuracies: All 0.3359 | Old 0.6973 | New 0.1758
Train Epoch: 30 Avg Loss: 1.9345 | Seen Class Acc: 0.0000 
Collating features...
528 5820
Epoch 30, Train ACC Unlabelled_v1: All 0.3390 | Old 0.7029 | New 0.1778
Epoch 30, Train ACC Unlabelled_v2: All 0.3012 | Old 0.6519 | New 0.1458
Train Accuracies: All 0.3390 | Old 0.7029 | New 0.1778
Train Epoch: 31 Avg Loss: 1.9105 | Seen Class Acc: 0.0000 
Collating features...
517 5820
Epoch 31, Train ACC Unlabelled_v1: All 0.3352 | Old 0.6883 | New 0.1788
Epoch 31, Train ACC Unlabelled_v2: All 0.2962 | Old 0.6407 | New 0.1436
Train Accuracies: All 0.3352 | Old 0.6883 | New 0.1788
Train Epoch: 32 Avg Loss: 1.8983 | Seen Class Acc: 0.0000 
Collating features...
544 5820
Epoch 32, Train ACC Unlabelled_v1: All 0.3388 | Old 0.7034 | New 0.1773
Epoch 32, Train ACC Unlabelled_v2: All 0.3012 | Old 0.6525 | New 0.1455
Train Accuracies: All 0.3388 | Old 0.7034 | New 0.1773
Train Epoch: 33 Avg Loss: 1.9334 | Seen Class Acc: 0.0000 
Collating features...
536 5820
Epoch 33, Train ACC Unlabelled_v1: All 0.3347 | Old 0.7023 | New 0.1718
Epoch 33, Train ACC Unlabelled_v2: All 0.2971 | Old 0.6519 | New 0.1398
Train Accuracies: All 0.3347 | Old 0.7023 | New 0.1718
Train Epoch: 34 Avg Loss: 1.8710 | Seen Class Acc: 0.0000 
Collating features...
533 5820
Epoch 34, Train ACC Unlabelled_v1: All 0.3321 | Old 0.6928 | New 0.1723
Epoch 34, Train ACC Unlabelled_v2: All 0.2919 | Old 0.6435 | New 0.1361
Train Accuracies: All 0.3321 | Old 0.6928 | New 0.1723
Train Epoch: 35 Avg Loss: 1.8850 | Seen Class Acc: 0.0000 
Collating features...
527 5820
Epoch 35, Train ACC Unlabelled_v1: All 0.3392 | Old 0.7017 | New 0.1785
Epoch 35, Train ACC Unlabelled_v2: All 0.3002 | Old 0.6530 | New 0.1438
Train Accuracies: All 0.3392 | Old 0.7017 | New 0.1785
Train Epoch: 36 Avg Loss: 1.9003 | Seen Class Acc: 0.0000 
Collating features...
534 5820
Epoch 36, Train ACC Unlabelled_v1: All 0.3421 | Old 0.7068 | New 0.1805
Epoch 36, Train ACC Unlabelled_v2: All 0.3026 | Old 0.6547 | New 0.1465
Train Accuracies: All 0.3421 | Old 0.7068 | New 0.1805
Train Epoch: 37 Avg Loss: 1.8807 | Seen Class Acc: 0.0000 
Collating features...
528 5820
Epoch 37, Train ACC Unlabelled_v1: All 0.3409 | Old 0.7029 | New 0.1805
Epoch 37, Train ACC Unlabelled_v2: All 0.3003 | Old 0.6514 | New 0.1448
Train Accuracies: All 0.3409 | Old 0.7029 | New 0.1805
Train Epoch: 38 Avg Loss: 1.9092 | Seen Class Acc: 0.0000 
Collating features...
535 5820
Epoch 38, Train ACC Unlabelled_v1: All 0.3385 | Old 0.7040 | New 0.1765
Epoch 38, Train ACC Unlabelled_v2: All 0.2993 | Old 0.6536 | New 0.1423
Train Accuracies: All 0.3385 | Old 0.7040 | New 0.1765
Train Epoch: 39 Avg Loss: 1.8978 | Seen Class Acc: 0.0000 
Collating features...
523 5820
Epoch 39, Train ACC Unlabelled_v1: All 0.3405 | Old 0.7051 | New 0.1790
Epoch 39, Train ACC Unlabelled_v2: All 0.3007 | Old 0.6503 | New 0.1458
Train Accuracies: All 0.3405 | Old 0.7051 | New 0.1790
Train Epoch: 40 Avg Loss: 1.8746 | Seen Class Acc: 0.0000 
Collating features...
508 5820
Epoch 40, Train ACC Unlabelled_v1: All 0.3404 | Old 0.7040 | New 0.1793
Epoch 40, Train ACC Unlabelled_v2: All 0.3014 | Old 0.6592 | New 0.1428
Train Accuracies: All 0.3404 | Old 0.7040 | New 0.1793
Train Epoch: 41 Avg Loss: 1.8856 | Seen Class Acc: 0.0000 
Collating features...
535 5820
Epoch 41, Train ACC Unlabelled_v1: All 0.3418 | Old 0.7057 | New 0.1805
Epoch 41, Train ACC Unlabelled_v2: All 0.3038 | Old 0.6570 | New 0.1473
Train Accuracies: All 0.3418 | Old 0.7057 | New 0.1805
Train Epoch: 42 Avg Loss: 1.8659 | Seen Class Acc: 0.0000 
Collating features...
528 5820
Epoch 42, Train ACC Unlabelled_v1: All 0.3393 | Old 0.7040 | New 0.1778
Epoch 42, Train ACC Unlabelled_v2: All 0.3009 | Old 0.6603 | New 0.1416
Train Accuracies: All 0.3393 | Old 0.7040 | New 0.1778
Train Epoch: 43 Avg Loss: 1.8784 | Seen Class Acc: 0.0000 
Collating features...
531 5820
Epoch 43, Train ACC Unlabelled_v1: All 0.3426 | Old 0.7084 | New 0.1805
Epoch 43, Train ACC Unlabelled_v2: All 0.3014 | Old 0.6575 | New 0.1436
Train Accuracies: All 0.3426 | Old 0.7084 | New 0.1805
Train Epoch: 44 Avg Loss: 1.8787 | Seen Class Acc: 0.0000 
Collating features...
517 5820
Epoch 44, Train ACC Unlabelled_v1: All 0.3433 | Old 0.7073 | New 0.1820
Epoch 44, Train ACC Unlabelled_v2: All 0.3041 | Old 0.6558 | New 0.1483
Train Accuracies: All 0.3433 | Old 0.7073 | New 0.1820
Train Epoch: 45 Avg Loss: 1.8570 | Seen Class Acc: 0.0000 
Collating features...
509 5820
Epoch 45, Train ACC Unlabelled_v1: All 0.3435 | Old 0.7101 | New 0.1810
Epoch 45, Train ACC Unlabelled_v2: All 0.3045 | Old 0.6631 | New 0.1455
Train Accuracies: All 0.3435 | Old 0.7101 | New 0.1810
Train Epoch: 46 Avg Loss: 1.8836 | Seen Class Acc: 0.0000 
Collating features...
514 5820
Epoch 46, Train ACC Unlabelled_v1: All 0.3428 | Old 0.7068 | New 0.1815
Epoch 46, Train ACC Unlabelled_v2: All 0.3021 | Old 0.6603 | New 0.1433
Train Accuracies: All 0.3428 | Old 0.7068 | New 0.1815
Train Epoch: 47 Avg Loss: 1.8704 | Seen Class Acc: 0.0000 
Collating features...
504 5820
Epoch 47, Train ACC Unlabelled_v1: All 0.3418 | Old 0.7034 | New 0.1815
Epoch 47, Train ACC Unlabelled_v2: All 0.3017 | Old 0.6519 | New 0.1465
Train Accuracies: All 0.3418 | Old 0.7034 | New 0.1815
Train Epoch: 48 Avg Loss: 1.8356 | Seen Class Acc: 0.0000 
Collating features...
516 5820
Epoch 48, Train ACC Unlabelled_v1: All 0.3421 | Old 0.7068 | New 0.1805
Epoch 48, Train ACC Unlabelled_v2: All 0.3022 | Old 0.6564 | New 0.1453
Train Accuracies: All 0.3421 | Old 0.7068 | New 0.1805
Train Epoch: 49 Avg Loss: 1.8585 | Seen Class Acc: 0.0000 
Collating features...
506 5820
Epoch 49, Train ACC Unlabelled_v1: All 0.3416 | Old 0.7057 | New 0.1803
Epoch 49, Train ACC Unlabelled_v2: All 0.3003 | Old 0.6553 | New 0.1431
Train Accuracies: All 0.3416 | Old 0.7057 | New 0.1803
Train Epoch: 50 Avg Loss: 1.8809 | Seen Class Acc: 0.0000 
Collating features...
509 5820
Epoch 50, Train ACC Unlabelled_v1: All 0.3416 | Old 0.7062 | New 0.1800
Epoch 50, Train ACC Unlabelled_v2: All 0.3015 | Old 0.6598 | New 0.1428
Train Accuracies: All 0.3416 | Old 0.7062 | New 0.1800
Train Epoch: 51 Avg Loss: 1.8532 | Seen Class Acc: 0.0000 
Collating features...
517 5820
Epoch 51, Train ACC Unlabelled_v1: All 0.3436 | Old 0.7129 | New 0.1800
Epoch 51, Train ACC Unlabelled_v2: All 0.3050 | Old 0.6665 | New 0.1448
Train Accuracies: All 0.3436 | Old 0.7129 | New 0.1800
Train Epoch: 52 Avg Loss: 1.8372 | Seen Class Acc: 0.0000 
Collating features...
501 5820
Epoch 52, Train ACC Unlabelled_v1: All 0.3421 | Old 0.7073 | New 0.1803
Epoch 52, Train ACC Unlabelled_v2: All 0.3021 | Old 0.6564 | New 0.1451
Train Accuracies: All 0.3421 | Old 0.7073 | New 0.1803
Train Epoch: 53 Avg Loss: 1.8759 | Seen Class Acc: 0.0000 
Collating features...
499 5820
Epoch 53, Train ACC Unlabelled_v1: All 0.3421 | Old 0.7068 | New 0.1805
Epoch 53, Train ACC Unlabelled_v2: All 0.3029 | Old 0.6570 | New 0.1460
Train Accuracies: All 0.3421 | Old 0.7068 | New 0.1805
Train Epoch: 54 Avg Loss: 1.8892 | Seen Class Acc: 0.0000 
Collating features...
509 5820
Epoch 54, Train ACC Unlabelled_v1: All 0.3438 | Old 0.7101 | New 0.1815
Epoch 54, Train ACC Unlabelled_v2: All 0.3040 | Old 0.6581 | New 0.1470
Train Accuracies: All 0.3438 | Old 0.7101 | New 0.1815
Train Epoch: 55 Avg Loss: 1.8550 | Seen Class Acc: 0.0000 
Collating features...
498 5820
Epoch 55, Train ACC Unlabelled_v1: All 0.3423 | Old 0.7129 | New 0.1780
Epoch 55, Train ACC Unlabelled_v2: All 0.3034 | Old 0.6609 | New 0.1451
Train Accuracies: All 0.3423 | Old 0.7129 | New 0.1780
Train Epoch: 56 Avg Loss: 1.8572 | Seen Class Acc: 0.0000 
Collating features...
504 5820
Epoch 56, Train ACC Unlabelled_v1: All 0.3397 | Old 0.7062 | New 0.1773
Epoch 56, Train ACC Unlabelled_v2: All 0.3015 | Old 0.6631 | New 0.1413
Train Accuracies: All 0.3397 | Old 0.7062 | New 0.1773
Train Epoch: 57 Avg Loss: 1.8511 | Seen Class Acc: 0.0000 
Collating features...
510 5820
Epoch 57, Train ACC Unlabelled_v1: All 0.3433 | Old 0.7112 | New 0.1803
Epoch 57, Train ACC Unlabelled_v2: All 0.3052 | Old 0.6654 | New 0.1455
Train Accuracies: All 0.3433 | Old 0.7112 | New 0.1803
Train Epoch: 58 Avg Loss: 1.8702 | Seen Class Acc: 0.0000 
Collating features...
490 5820
Epoch 58, Train ACC Unlabelled_v1: All 0.3405 | Old 0.7079 | New 0.1778
Epoch 58, Train ACC Unlabelled_v2: All 0.3031 | Old 0.6626 | New 0.1438
Train Accuracies: All 0.3405 | Old 0.7079 | New 0.1778
Train Epoch: 59 Avg Loss: 1.8539 | Seen Class Acc: 0.0000 
Collating features...
504 5820
Epoch 59, Train ACC Unlabelled_v1: All 0.3419 | Old 0.7101 | New 0.1788
Epoch 59, Train ACC Unlabelled_v2: All 0.3036 | Old 0.6603 | New 0.1455
Train Accuracies: All 0.3419 | Old 0.7101 | New 0.1788
Train Epoch: 60 Avg Loss: 1.8370 | Seen Class Acc: 0.0000 
Collating features...
495 5820
Epoch 60, Train ACC Unlabelled_v1: All 0.3426 | Old 0.7084 | New 0.1805
Epoch 60, Train ACC Unlabelled_v2: All 0.3031 | Old 0.6570 | New 0.1463
Train Accuracies: All 0.3426 | Old 0.7084 | New 0.1805
Train Epoch: 61 Avg Loss: 1.8668 | Seen Class Acc: 0.0000 
Collating features...
501 5820
Epoch 61, Train ACC Unlabelled_v1: All 0.3423 | Old 0.7084 | New 0.1800
Epoch 61, Train ACC Unlabelled_v2: All 0.3031 | Old 0.6570 | New 0.1463
Train Accuracies: All 0.3423 | Old 0.7084 | New 0.1800
Train Epoch: 62 Avg Loss: 1.8276 | Seen Class Acc: 0.0000 
Collating features...
497 5820
Epoch 62, Train ACC Unlabelled_v1: All 0.3414 | Old 0.7062 | New 0.1798
Epoch 62, Train ACC Unlabelled_v2: All 0.3026 | Old 0.6553 | New 0.1463
Train Accuracies: All 0.3414 | Old 0.7062 | New 0.1798
Train Epoch: 63 Avg Loss: 1.8275 | Seen Class Acc: 0.0000 
Collating features...
508 5820
Epoch 63, Train ACC Unlabelled_v1: All 0.3414 | Old 0.7096 | New 0.1783
Epoch 63, Train ACC Unlabelled_v2: All 0.3029 | Old 0.6665 | New 0.1418
Train Accuracies: All 0.3414 | Old 0.7096 | New 0.1783
Train Epoch: 64 Avg Loss: 1.8640 | Seen Class Acc: 0.0000 
Collating features...
497 5820
Epoch 64, Train ACC Unlabelled_v1: All 0.3431 | Old 0.7079 | New 0.1815
Epoch 64, Train ACC Unlabelled_v2: All 0.3036 | Old 0.6586 | New 0.1463
Train Accuracies: All 0.3431 | Old 0.7079 | New 0.1815
Train Epoch: 65 Avg Loss: 1.8651 | Seen Class Acc: 0.0000 
Collating features...
497 5820
Epoch 65, Train ACC Unlabelled_v1: All 0.3436 | Old 0.7101 | New 0.1813
Epoch 65, Train ACC Unlabelled_v2: All 0.3034 | Old 0.6598 | New 0.1455
Train Accuracies: All 0.3436 | Old 0.7101 | New 0.1813
Train Epoch: 66 Avg Loss: 1.8563 | Seen Class Acc: 0.0000 
Collating features...
492 5820
Epoch 66, Train ACC Unlabelled_v1: All 0.3431 | Old 0.7073 | New 0.1818
Epoch 66, Train ACC Unlabelled_v2: All 0.3036 | Old 0.6519 | New 0.1493
Train Accuracies: All 0.3431 | Old 0.7073 | New 0.1818
Train Epoch: 67 Avg Loss: 1.8522 | Seen Class Acc: 0.0000 
Collating features...
501 5820
Epoch 67, Train ACC Unlabelled_v1: All 0.3412 | Old 0.7084 | New 0.1785
Epoch 67, Train ACC Unlabelled_v2: All 0.3029 | Old 0.6586 | New 0.1453
Train Accuracies: All 0.3412 | Old 0.7084 | New 0.1785
Train Epoch: 68 Avg Loss: 1.8315 | Seen Class Acc: 0.0000 
Collating features...
493 5820
Epoch 68, Train ACC Unlabelled_v1: All 0.3428 | Old 0.7084 | New 0.1808
Epoch 68, Train ACC Unlabelled_v2: All 0.3045 | Old 0.6586 | New 0.1475
Train Accuracies: All 0.3428 | Old 0.7084 | New 0.1808
Train Epoch: 69 Avg Loss: 1.8464 | Seen Class Acc: 0.0000 
Collating features...
488 5820
Epoch 69, Train ACC Unlabelled_v1: All 0.3423 | Old 0.7068 | New 0.1808
Epoch 69, Train ACC Unlabelled_v2: All 0.3031 | Old 0.6575 | New 0.1460
Train Accuracies: All 0.3423 | Old 0.7068 | New 0.1808
Train Epoch: 70 Avg Loss: 1.8194 | Seen Class Acc: 0.0000 
Collating features...
495 5820
Epoch 70, Train ACC Unlabelled_v1: All 0.3416 | Old 0.7062 | New 0.1800
Epoch 70, Train ACC Unlabelled_v2: All 0.3019 | Old 0.6558 | New 0.1451
Train Accuracies: All 0.3416 | Old 0.7062 | New 0.1800
Train Epoch: 71 Avg Loss: 1.8553 | Seen Class Acc: 0.0000 
Collating features...
497 5820
Epoch 71, Train ACC Unlabelled_v1: All 0.3414 | Old 0.7101 | New 0.1780
Epoch 71, Train ACC Unlabelled_v2: All 0.3019 | Old 0.6603 | New 0.1431
Train Accuracies: All 0.3414 | Old 0.7101 | New 0.1780
Train Epoch: 72 Avg Loss: 1.8703 | Seen Class Acc: 0.0000 
Collating features...
503 5820
Epoch 72, Train ACC Unlabelled_v1: All 0.3438 | Old 0.7107 | New 0.1813
Epoch 72, Train ACC Unlabelled_v2: All 0.3045 | Old 0.6648 | New 0.1448
Train Accuracies: All 0.3438 | Old 0.7107 | New 0.1813
Train Epoch: 73 Avg Loss: 1.8456 | Seen Class Acc: 0.0000 
Collating features...
516 5820
Epoch 73, Train ACC Unlabelled_v1: All 0.3436 | Old 0.7096 | New 0.1815
Epoch 73, Train ACC Unlabelled_v2: All 0.3043 | Old 0.6536 | New 0.1495
Train Accuracies: All 0.3436 | Old 0.7096 | New 0.1815
Train Epoch: 74 Avg Loss: 1.8399 | Seen Class Acc: 0.0000 
Collating features...
509 5820
Epoch 74, Train ACC Unlabelled_v1: All 0.3443 | Old 0.7135 | New 0.1808
Epoch 74, Train ACC Unlabelled_v2: All 0.3058 | Old 0.6631 | New 0.1475
Train Accuracies: All 0.3443 | Old 0.7135 | New 0.1808
Train Epoch: 75 Avg Loss: 1.8446 | Seen Class Acc: 0.0000 
Collating features...
508 5820
Epoch 75, Train ACC Unlabelled_v1: All 0.3438 | Old 0.7124 | New 0.1805
Epoch 75, Train ACC Unlabelled_v2: All 0.3041 | Old 0.6659 | New 0.1438
Train Accuracies: All 0.3438 | Old 0.7124 | New 0.1805
Train Epoch: 76 Avg Loss: 1.8831 | Seen Class Acc: 0.0000 
Collating features...
501 5820
Epoch 76, Train ACC Unlabelled_v1: All 0.3431 | Old 0.7112 | New 0.1800
Epoch 76, Train ACC Unlabelled_v2: All 0.3043 | Old 0.6609 | New 0.1463
Train Accuracies: All 0.3431 | Old 0.7112 | New 0.1800
Train Epoch: 77 Avg Loss: 1.8525 | Seen Class Acc: 0.0000 
Collating features...
498 5820
Epoch 77, Train ACC Unlabelled_v1: All 0.3426 | Old 0.7096 | New 0.1800
Epoch 77, Train ACC Unlabelled_v2: All 0.3034 | Old 0.6598 | New 0.1455
Train Accuracies: All 0.3426 | Old 0.7096 | New 0.1800
Train Epoch: 78 Avg Loss: 1.8576 | Seen Class Acc: 0.0000 
Collating features...
493 5820
Epoch 78, Train ACC Unlabelled_v1: All 0.3423 | Old 0.7090 | New 0.1798
Epoch 78, Train ACC Unlabelled_v2: All 0.3026 | Old 0.6592 | New 0.1446
Train Accuracies: All 0.3423 | Old 0.7090 | New 0.1798
Train Epoch: 79 Avg Loss: 1.8296 | Seen Class Acc: 0.0000 
Collating features...
506 5820
Epoch 79, Train ACC Unlabelled_v1: All 0.3428 | Old 0.7107 | New 0.1798
Epoch 79, Train ACC Unlabelled_v2: All 0.3034 | Old 0.6603 | New 0.1453
Train Accuracies: All 0.3428 | Old 0.7107 | New 0.1798
Train Epoch: 80 Avg Loss: 1.8046 | Seen Class Acc: 0.0000 
Collating features...
508 5820
Epoch 80, Train ACC Unlabelled_v1: All 0.3426 | Old 0.7112 | New 0.1793
Epoch 80, Train ACC Unlabelled_v2: All 0.3033 | Old 0.6603 | New 0.1451
Train Accuracies: All 0.3426 | Old 0.7112 | New 0.1793
Train Epoch: 81 Avg Loss: 1.8312 | Seen Class Acc: 0.0000 
Collating features...
515 5820
Epoch 81, Train ACC Unlabelled_v1: All 0.3423 | Old 0.7101 | New 0.1793
Epoch 81, Train ACC Unlabelled_v2: All 0.3033 | Old 0.6586 | New 0.1458
Train Accuracies: All 0.3423 | Old 0.7101 | New 0.1793
Train Epoch: 82 Avg Loss: 1.8645 | Seen Class Acc: 0.0000 
Collating features...
499 5820
Epoch 82, Train ACC Unlabelled_v1: All 0.3411 | Old 0.7062 | New 0.1793
Epoch 82, Train ACC Unlabelled_v2: All 0.3024 | Old 0.6558 | New 0.1458
Train Accuracies: All 0.3411 | Old 0.7062 | New 0.1793
Train Epoch: 83 Avg Loss: 1.8675 | Seen Class Acc: 0.0000 
Collating features...
496 5820
Epoch 83, Train ACC Unlabelled_v1: All 0.3421 | Old 0.7101 | New 0.1790
Epoch 83, Train ACC Unlabelled_v2: All 0.3029 | Old 0.6592 | New 0.1451
Train Accuracies: All 0.3421 | Old 0.7101 | New 0.1790
Train Epoch: 84 Avg Loss: 1.8643 | Seen Class Acc: 0.0000 
Collating features...
500 5820
Epoch 84, Train ACC Unlabelled_v1: All 0.3443 | Old 0.7118 | New 0.1815
Epoch 84, Train ACC Unlabelled_v2: All 0.3029 | Old 0.6609 | New 0.1443
Train Accuracies: All 0.3443 | Old 0.7118 | New 0.1815
Train Epoch: 85 Avg Loss: 1.8265 | Seen Class Acc: 0.0000 
Collating features...
507 5820
Epoch 85, Train ACC Unlabelled_v1: All 0.3400 | Old 0.7090 | New 0.1765
Epoch 85, Train ACC Unlabelled_v2: All 0.3012 | Old 0.6598 | New 0.1423
Train Accuracies: All 0.3400 | Old 0.7090 | New 0.1765
Train Epoch: 86 Avg Loss: 1.8432 | Seen Class Acc: 0.0000 
Collating features...
508 5820
Epoch 86, Train ACC Unlabelled_v1: All 0.3407 | Old 0.7107 | New 0.1768
Epoch 86, Train ACC Unlabelled_v2: All 0.3024 | Old 0.6654 | New 0.1416
Train Accuracies: All 0.3407 | Old 0.7107 | New 0.1768
Train Epoch: 87 Avg Loss: 1.8425 | Seen Class Acc: 0.0000 
Collating features...
505 5820
Epoch 87, Train ACC Unlabelled_v1: All 0.3423 | Old 0.7107 | New 0.1790
Epoch 87, Train ACC Unlabelled_v2: All 0.3036 | Old 0.6603 | New 0.1455
Train Accuracies: All 0.3423 | Old 0.7107 | New 0.1790
Train Epoch: 88 Avg Loss: 1.8206 | Seen Class Acc: 0.0000 
Collating features...
496 5820
Epoch 88, Train ACC Unlabelled_v1: All 0.3418 | Old 0.7090 | New 0.1790
Epoch 88, Train ACC Unlabelled_v2: All 0.3029 | Old 0.6598 | New 0.1448
Train Accuracies: All 0.3418 | Old 0.7090 | New 0.1790
Train Epoch: 89 Avg Loss: 1.8483 | Seen Class Acc: 0.0000 
Collating features...
500 5820
Epoch 89, Train ACC Unlabelled_v1: All 0.3428 | Old 0.7112 | New 0.1795
Epoch 89, Train ACC Unlabelled_v2: All 0.3038 | Old 0.6642 | New 0.1441
Train Accuracies: All 0.3428 | Old 0.7112 | New 0.1795
Train Epoch: 90 Avg Loss: 1.8375 | Seen Class Acc: 0.0000 
Collating features...
498 5820
Epoch 90, Train ACC Unlabelled_v1: All 0.3447 | Old 0.7118 | New 0.1820
Epoch 90, Train ACC Unlabelled_v2: All 0.3040 | Old 0.6603 | New 0.1460
Train Accuracies: All 0.3447 | Old 0.7118 | New 0.1820
Train Epoch: 91 Avg Loss: 1.8477 | Seen Class Acc: 0.0000 
Collating features...
495 5820
Epoch 91, Train ACC Unlabelled_v1: All 0.3421 | Old 0.7079 | New 0.1800
Epoch 91, Train ACC Unlabelled_v2: All 0.3014 | Old 0.6581 | New 0.1433
Train Accuracies: All 0.3421 | Old 0.7079 | New 0.1800
Train Epoch: 92 Avg Loss: 1.8519 | Seen Class Acc: 0.0000 
Collating features...
504 5820
Epoch 92, Train ACC Unlabelled_v1: All 0.3416 | Old 0.7096 | New 0.1785
Epoch 92, Train ACC Unlabelled_v2: All 0.3027 | Old 0.6637 | New 0.1428
Train Accuracies: All 0.3416 | Old 0.7096 | New 0.1785
Train Epoch: 93 Avg Loss: 1.8564 | Seen Class Acc: 0.0000 
Collating features...
507 5820
Epoch 93, Train ACC Unlabelled_v1: All 0.3421 | Old 0.7107 | New 0.1788
Epoch 93, Train ACC Unlabelled_v2: All 0.3031 | Old 0.6637 | New 0.1433
Train Accuracies: All 0.3421 | Old 0.7107 | New 0.1788
Train Epoch: 94 Avg Loss: 1.8302 | Seen Class Acc: 0.0000 
Collating features...
507 5820
Epoch 94, Train ACC Unlabelled_v1: All 0.3419 | Old 0.7112 | New 0.1783
Epoch 94, Train ACC Unlabelled_v2: All 0.3019 | Old 0.6609 | New 0.1428
Train Accuracies: All 0.3419 | Old 0.7112 | New 0.1783
Train Epoch: 95 Avg Loss: 1.8626 | Seen Class Acc: 0.0000 
Collating features...
496 5820
Epoch 95, Train ACC Unlabelled_v1: All 0.3428 | Old 0.7096 | New 0.1803
Epoch 95, Train ACC Unlabelled_v2: All 0.3036 | Old 0.6592 | New 0.1460
Train Accuracies: All 0.3428 | Old 0.7096 | New 0.1803
Train Epoch: 96 Avg Loss: 1.8470 | Seen Class Acc: 0.0000 
Collating features...
502 5820
Epoch 96, Train ACC Unlabelled_v1: All 0.3412 | Old 0.7096 | New 0.1780
Epoch 96, Train ACC Unlabelled_v2: All 0.3027 | Old 0.6637 | New 0.1428
Train Accuracies: All 0.3412 | Old 0.7096 | New 0.1780
Train Epoch: 97 Avg Loss: 1.8270 | Seen Class Acc: 0.0000 
Collating features...
500 5820
Epoch 97, Train ACC Unlabelled_v1: All 0.3407 | Old 0.7084 | New 0.1778
Epoch 97, Train ACC Unlabelled_v2: All 0.3024 | Old 0.6626 | New 0.1428
Train Accuracies: All 0.3407 | Old 0.7084 | New 0.1778
Train Epoch: 98 Avg Loss: 1.8459 | Seen Class Acc: 0.0000 
Collating features...
500 5820
Epoch 98, Train ACC Unlabelled_v1: All 0.3431 | Old 0.7079 | New 0.1815
Epoch 98, Train ACC Unlabelled_v2: All 0.3029 | Old 0.6581 | New 0.1455
Train Accuracies: All 0.3431 | Old 0.7079 | New 0.1815
Train Epoch: 99 Avg Loss: 1.8410 | Seen Class Acc: 0.0000 
Collating features...
496 5820
Epoch 99, Train ACC Unlabelled_v1: All 0.3424 | Old 0.7084 | New 0.1803
Epoch 99, Train ACC Unlabelled_v2: All 0.3031 | Old 0.6626 | New 0.1438
Train Accuracies: All 0.3424 | Old 0.7084 | New 0.1803
Experiment saved to: /home/pszzz/hyzheng/myocd/SMILE/checkpoints/log/(28.04.2024_|_36.185)
['checkpoints']
Namespace(batch_size=128, num_workers=16, eval_funcs=['v1', 'v2'], warmup_model_dir=None, model_name='vit_dino', dataset_name='Fungi', prop_train_labels=0.5, use_ssb_splits=True, grad_from_block=11, lr=0.01, save_best_thresh=None, gamma=0.1, momentum=0.9, weight_decay=5e-05, epochs=100, exp_root='/home/pszzz/hyzheng/myocd/SMILE/', transform='imagenet', seed=1, base_model='vit_dino', temperature=1.0, sup_con_weight=0.5, n_views=2, contrast_unlabel_only=False, image_size=224, train_classes=range(0, 61), unlabeled_classes=range(61, 121), num_labeled_classes=61, num_unlabeled_classes=60, cuda=True, log_dir='/home/pszzz/hyzheng/myocd/SMILE/checkpoints/log/(28.04.2024_|_36.185)', model_dir='/home/pszzz/hyzheng/myocd/SMILE/checkpoints/log/(28.04.2024_|_36.185)/checkpoints', model_path='/home/pszzz/hyzheng/myocd/SMILE/checkpoints/log/(28.04.2024_|_36.185)/checkpoints/model.pt', writer=<tensorboardX.writer.SummaryWriter object at 0x7fa5f01c9520>)
Using evaluation function v1 to print results
Train Epoch: 0 Avg Loss: 6.1073 | Seen Class Acc: 0.0000 
Collating features...
435 5820
Epoch 0, Train ACC Unlabelled_v1: All 0.2239 | Old 0.3218 | New 0.1805
Epoch 0, Train ACC Unlabelled_v2: All 0.2003 | Old 0.2854 | New 0.1627
Train Accuracies: All 0.2239 | Old 0.3218 | New 0.1805
Train Epoch: 1 Avg Loss: 4.5004 | Seen Class Acc: 0.0000 
Collating features...
631 5820
Epoch 1, Train ACC Unlabelled_v1: All 0.2241 | Old 0.3352 | New 0.1748
Epoch 1, Train ACC Unlabelled_v2: All 0.2002 | Old 0.2815 | New 0.1641
Train Accuracies: All 0.2241 | Old 0.3352 | New 0.1748
Train Epoch: 2 Avg Loss: 3.9938 | Seen Class Acc: 0.0000 
Collating features...
454 5820
Epoch 2, Train ACC Unlabelled_v1: All 0.2548 | Old 0.4085 | New 0.1867
Epoch 2, Train ACC Unlabelled_v2: All 0.2271 | Old 0.3525 | New 0.1716
Train Accuracies: All 0.2548 | Old 0.4085 | New 0.1867
Train Epoch: 3 Avg Loss: 3.5647 | Seen Class Acc: 0.0000 
Collating features...
573 5820
Epoch 3, Train ACC Unlabelled_v1: All 0.2576 | Old 0.4689 | New 0.1639
Epoch 3, Train ACC Unlabelled_v2: All 0.2356 | Old 0.4415 | New 0.1443
Train Accuracies: All 0.2576 | Old 0.4689 | New 0.1639
Train Epoch: 4 Avg Loss: 3.2221 | Seen Class Acc: 0.0000 
Collating features...
510 5820
Epoch 4, Train ACC Unlabelled_v1: All 0.2665 | Old 0.4801 | New 0.1718
Epoch 4, Train ACC Unlabelled_v2: All 0.2344 | Old 0.4119 | New 0.1557
Train Accuracies: All 0.2665 | Old 0.4801 | New 0.1718
Train Epoch: 5 Avg Loss: 2.9738 | Seen Class Acc: 0.0000 
Collating features...
531 5820
Epoch 5, Train ACC Unlabelled_v1: All 0.2699 | Old 0.5232 | New 0.1577
Epoch 5, Train ACC Unlabelled_v2: All 0.2469 | Old 0.4947 | New 0.1371
Train Accuracies: All 0.2699 | Old 0.5232 | New 0.1577
Train Epoch: 6 Avg Loss: 2.7875 | Seen Class Acc: 0.0000 
Collating features...
532 5820
Epoch 6, Train ACC Unlabelled_v1: All 0.2842 | Old 0.5400 | New 0.1708
Epoch 6, Train ACC Unlabelled_v2: All 0.2543 | Old 0.4902 | New 0.1498
Train Accuracies: All 0.2842 | Old 0.5400 | New 0.1708
Train Epoch: 7 Avg Loss: 2.6676 | Seen Class Acc: 0.0000 
Collating features...
564 5820
Epoch 7, Train ACC Unlabelled_v1: All 0.2983 | Old 0.5753 | New 0.1756
Epoch 7, Train ACC Unlabelled_v2: All 0.2646 | Old 0.5316 | New 0.1463
Train Accuracies: All 0.2983 | Old 0.5753 | New 0.1756
Train Epoch: 8 Avg Loss: 2.5496 | Seen Class Acc: 0.0000 
Collating features...
563 5820
Epoch 8, Train ACC Unlabelled_v1: All 0.2926 | Old 0.5898 | New 0.1609
Epoch 8, Train ACC Unlabelled_v2: All 0.2613 | Old 0.5506 | New 0.1332
Train Accuracies: All 0.2926 | Old 0.5898 | New 0.1609
Train Epoch: 9 Avg Loss: 2.4745 | Seen Class Acc: 0.0000 
Collating features...
535 5820
Epoch 9, Train ACC Unlabelled_v1: All 0.2995 | Old 0.5982 | New 0.1671
Epoch 9, Train ACC Unlabelled_v2: All 0.2639 | Old 0.5562 | New 0.1344
Train Accuracies: All 0.2995 | Old 0.5982 | New 0.1671
Train Epoch: 10 Avg Loss: 2.3847 | Seen Class Acc: 0.0000 
Collating features...
547 5820
Epoch 10, Train ACC Unlabelled_v1: All 0.3036 | Old 0.6100 | New 0.1679
Epoch 10, Train ACC Unlabelled_v2: All 0.2718 | Old 0.5658 | New 0.1416
Train Accuracies: All 0.3036 | Old 0.6100 | New 0.1679
Train Epoch: 11 Avg Loss: 2.3047 | Seen Class Acc: 0.0000 
Collating features...
521 5820
Epoch 11, Train ACC Unlabelled_v1: All 0.3045 | Old 0.6139 | New 0.1674
Epoch 11, Train ACC Unlabelled_v2: All 0.2751 | Old 0.5769 | New 0.1413
Train Accuracies: All 0.3045 | Old 0.6139 | New 0.1674
Train Epoch: 12 Avg Loss: 2.2615 | Seen Class Acc: 0.0000 
Collating features...
527 5820
Epoch 12, Train ACC Unlabelled_v1: All 0.3153 | Old 0.6335 | New 0.1743
Epoch 12, Train ACC Unlabelled_v2: All 0.2832 | Old 0.5926 | New 0.1460
Train Accuracies: All 0.3153 | Old 0.6335 | New 0.1743
Train Epoch: 13 Avg Loss: 2.2233 | Seen Class Acc: 0.0000 
Collating features...
547 5820
Epoch 13, Train ACC Unlabelled_v1: All 0.3151 | Old 0.6385 | New 0.1718
Epoch 13, Train ACC Unlabelled_v2: All 0.2777 | Old 0.5893 | New 0.1396
Train Accuracies: All 0.3151 | Old 0.6385 | New 0.1718
Train Epoch: 14 Avg Loss: 2.1754 | Seen Class Acc: 0.0000 
Collating features...
541 5820
Epoch 14, Train ACC Unlabelled_v1: All 0.3151 | Old 0.6379 | New 0.1721
Epoch 14, Train ACC Unlabelled_v2: All 0.2809 | Old 0.5909 | New 0.1436
Train Accuracies: All 0.3151 | Old 0.6379 | New 0.1721
Train Epoch: 15 Avg Loss: 2.1381 | Seen Class Acc: 0.0000 
Collating features...
540 5820
Epoch 15, Train ACC Unlabelled_v1: All 0.3229 | Old 0.6603 | New 0.1733
Epoch 15, Train ACC Unlabelled_v2: All 0.2861 | Old 0.6100 | New 0.1426
Train Accuracies: All 0.3229 | Old 0.6603 | New 0.1733
Train Epoch: 16 Avg Loss: 2.0839 | Seen Class Acc: 0.0000 
Collating features...
542 5820
Epoch 16, Train ACC Unlabelled_v1: All 0.3198 | Old 0.6558 | New 0.1708
Epoch 16, Train ACC Unlabelled_v2: All 0.2840 | Old 0.6122 | New 0.1386
Train Accuracies: All 0.3198 | Old 0.6558 | New 0.1708
Train Epoch: 17 Avg Loss: 2.0618 | Seen Class Acc: 0.0000 
Collating features...
548 5820
Epoch 17, Train ACC Unlabelled_v1: All 0.3201 | Old 0.6536 | New 0.1723
Epoch 17, Train ACC Unlabelled_v2: All 0.2826 | Old 0.6027 | New 0.1408
Train Accuracies: All 0.3201 | Old 0.6536 | New 0.1723
Train Epoch: 18 Avg Loss: 2.0821 | Seen Class Acc: 0.0000 
Collating features...
538 5820
Epoch 18, Train ACC Unlabelled_v1: All 0.3168 | Old 0.6609 | New 0.1644
Epoch 18, Train ACC Unlabelled_v2: All 0.2816 | Old 0.6189 | New 0.1322
Train Accuracies: All 0.3168 | Old 0.6609 | New 0.1644
Train Epoch: 19 Avg Loss: 2.0281 | Seen Class Acc: 0.0000 
Collating features...
535 5820
Epoch 19, Train ACC Unlabelled_v1: All 0.3247 | Old 0.6710 | New 0.1713
Epoch 19, Train ACC Unlabelled_v2: All 0.2873 | Old 0.6256 | New 0.1374
Train Accuracies: All 0.3247 | Old 0.6710 | New 0.1713
Train Epoch: 20 Avg Loss: 2.0219 | Seen Class Acc: 0.0000 
Collating features...
527 5820
Epoch 20, Train ACC Unlabelled_v1: All 0.3229 | Old 0.6676 | New 0.1701
Epoch 20, Train ACC Unlabelled_v2: All 0.2866 | Old 0.6212 | New 0.1384
Train Accuracies: All 0.3229 | Old 0.6676 | New 0.1701
Train Epoch: 21 Avg Loss: 2.0188 | Seen Class Acc: 0.0000 
Collating features...
526 5820
Epoch 21, Train ACC Unlabelled_v1: All 0.3229 | Old 0.6693 | New 0.1694
Epoch 21, Train ACC Unlabelled_v2: All 0.2838 | Old 0.6144 | New 0.1374
Train Accuracies: All 0.3229 | Old 0.6693 | New 0.1694
Train Epoch: 22 Avg Loss: 1.9893 | Seen Class Acc: 0.0000 
Collating features...
529 5820
Epoch 22, Train ACC Unlabelled_v1: All 0.3241 | Old 0.6687 | New 0.1713
Epoch 22, Train ACC Unlabelled_v2: All 0.2857 | Old 0.6323 | New 0.1322
Train Accuracies: All 0.3241 | Old 0.6687 | New 0.1713
Train Epoch: 23 Avg Loss: 1.9962 | Seen Class Acc: 0.0000 
Collating features...
547 5820
Epoch 23, Train ACC Unlabelled_v1: All 0.3216 | Old 0.6766 | New 0.1644
Epoch 23, Train ACC Unlabelled_v2: All 0.2861 | Old 0.6256 | New 0.1356
Train Accuracies: All 0.3216 | Old 0.6766 | New 0.1644
Train Epoch: 24 Avg Loss: 1.9492 | Seen Class Acc: 0.0000 
Collating features...
518 5820
Epoch 24, Train ACC Unlabelled_v1: All 0.3229 | Old 0.6777 | New 0.1656
Epoch 24, Train ACC Unlabelled_v2: All 0.2859 | Old 0.6391 | New 0.1294
Train Accuracies: All 0.3229 | Old 0.6777 | New 0.1656
Train Epoch: 25 Avg Loss: 1.9682 | Seen Class Acc: 0.0000 
Collating features...
544 5820
Epoch 25, Train ACC Unlabelled_v1: All 0.3234 | Old 0.6782 | New 0.1661
Epoch 25, Train ACC Unlabelled_v2: All 0.2857 | Old 0.6290 | New 0.1336
Train Accuracies: All 0.3234 | Old 0.6782 | New 0.1661
Train Epoch: 26 Avg Loss: 1.9179 | Seen Class Acc: 0.0000 
Collating features...
527 5820
Epoch 26, Train ACC Unlabelled_v1: All 0.3296 | Old 0.6821 | New 0.1733
Epoch 26, Train ACC Unlabelled_v2: All 0.2873 | Old 0.6374 | New 0.1322
Train Accuracies: All 0.3296 | Old 0.6821 | New 0.1733
Train Epoch: 27 Avg Loss: 1.9231 | Seen Class Acc: 0.0000 
Collating features...
542 5820
Epoch 27, Train ACC Unlabelled_v1: All 0.3263 | Old 0.6805 | New 0.1694
Epoch 27, Train ACC Unlabelled_v2: All 0.2881 | Old 0.6340 | New 0.1349
Train Accuracies: All 0.3263 | Old 0.6805 | New 0.1694
Train Epoch: 28 Avg Loss: 1.9380 | Seen Class Acc: 0.0000 
Collating features...
524 5820
Epoch 28, Train ACC Unlabelled_v1: All 0.3273 | Old 0.6749 | New 0.1733
Epoch 28, Train ACC Unlabelled_v2: All 0.2857 | Old 0.6340 | New 0.1314
Train Accuracies: All 0.3273 | Old 0.6749 | New 0.1733
Train Epoch: 29 Avg Loss: 1.9131 | Seen Class Acc: 0.0000 
Collating features...
542 5820
Epoch 29, Train ACC Unlabelled_v1: All 0.3244 | Old 0.6782 | New 0.1676
Epoch 29, Train ACC Unlabelled_v2: All 0.2857 | Old 0.6340 | New 0.1314
Train Accuracies: All 0.3244 | Old 0.6782 | New 0.1676
Train Epoch: 30 Avg Loss: 1.9260 | Seen Class Acc: 0.0000 
Collating features...
537 5820
Epoch 30, Train ACC Unlabelled_v1: All 0.3263 | Old 0.6782 | New 0.1703
Epoch 30, Train ACC Unlabelled_v2: All 0.2851 | Old 0.6379 | New 0.1287
Train Accuracies: All 0.3263 | Old 0.6782 | New 0.1703
Train Epoch: 31 Avg Loss: 1.9078 | Seen Class Acc: 0.0000 
Collating features...
524 5820
Epoch 31, Train ACC Unlabelled_v1: All 0.3285 | Old 0.6794 | New 0.1731
Epoch 31, Train ACC Unlabelled_v2: All 0.2881 | Old 0.6307 | New 0.1364
Train Accuracies: All 0.3285 | Old 0.6794 | New 0.1731
Train Epoch: 32 Avg Loss: 1.9121 | Seen Class Acc: 0.0000 
Collating features...
517 5820
Epoch 32, Train ACC Unlabelled_v1: All 0.3263 | Old 0.6788 | New 0.1701
Epoch 32, Train ACC Unlabelled_v2: All 0.2878 | Old 0.6379 | New 0.1327
Train Accuracies: All 0.3263 | Old 0.6788 | New 0.1701
Train Epoch: 33 Avg Loss: 1.9057 | Seen Class Acc: 0.0000 
Collating features...
515 5820
Epoch 33, Train ACC Unlabelled_v1: All 0.3285 | Old 0.6866 | New 0.1698
Epoch 33, Train ACC Unlabelled_v2: All 0.2890 | Old 0.6419 | New 0.1327
Train Accuracies: All 0.3285 | Old 0.6866 | New 0.1698
Train Epoch: 34 Avg Loss: 1.8986 | Seen Class Acc: 0.0000 
Collating features...
519 5820
Epoch 34, Train ACC Unlabelled_v1: All 0.3301 | Old 0.6827 | New 0.1738
Epoch 34, Train ACC Unlabelled_v2: All 0.2844 | Old 0.6379 | New 0.1277
Train Accuracies: All 0.3301 | Old 0.6827 | New 0.1738
Train Epoch: 35 Avg Loss: 1.9080 | Seen Class Acc: 0.0000 
Collating features...
528 5820
Epoch 35, Train ACC Unlabelled_v1: All 0.3270 | Old 0.6833 | New 0.1691
Epoch 35, Train ACC Unlabelled_v2: All 0.2854 | Old 0.6407 | New 0.1279
Train Accuracies: All 0.3270 | Old 0.6833 | New 0.1691
Train Epoch: 36 Avg Loss: 1.8797 | Seen Class Acc: 0.0000 
Collating features...
527 5820
Epoch 36, Train ACC Unlabelled_v1: All 0.3280 | Old 0.6849 | New 0.1698
Epoch 36, Train ACC Unlabelled_v2: All 0.2861 | Old 0.6391 | New 0.1297
Train Accuracies: All 0.3280 | Old 0.6849 | New 0.1698
Train Epoch: 37 Avg Loss: 1.8754 | Seen Class Acc: 0.0000 
Collating features...
511 5820
Epoch 37, Train ACC Unlabelled_v1: All 0.3306 | Old 0.6889 | New 0.1718
Epoch 37, Train ACC Unlabelled_v2: All 0.2887 | Old 0.6430 | New 0.1317
Train Accuracies: All 0.3306 | Old 0.6889 | New 0.1718
Train Epoch: 38 Avg Loss: 1.8516 | Seen Class Acc: 0.0000 
Collating features...
507 5820
Epoch 38, Train ACC Unlabelled_v1: All 0.3321 | Old 0.6872 | New 0.1748
Epoch 38, Train ACC Unlabelled_v2: All 0.2895 | Old 0.6424 | New 0.1332
Train Accuracies: All 0.3321 | Old 0.6872 | New 0.1748
Train Epoch: 39 Avg Loss: 1.8852 | Seen Class Acc: 0.0000 
Collating features...
508 5820
Epoch 39, Train ACC Unlabelled_v1: All 0.3296 | Old 0.6872 | New 0.1711
Epoch 39, Train ACC Unlabelled_v2: All 0.2864 | Old 0.6413 | New 0.1292
Train Accuracies: All 0.3296 | Old 0.6872 | New 0.1711
Train Epoch: 40 Avg Loss: 1.8709 | Seen Class Acc: 0.0000 
Collating features...
517 5820
Epoch 40, Train ACC Unlabelled_v1: All 0.3309 | Old 0.6889 | New 0.1723
Epoch 40, Train ACC Unlabelled_v2: All 0.2892 | Old 0.6419 | New 0.1329
Train Accuracies: All 0.3309 | Old 0.6889 | New 0.1723
Train Epoch: 41 Avg Loss: 1.8382 | Seen Class Acc: 0.0000 
Collating features...
524 5820
Epoch 41, Train ACC Unlabelled_v1: All 0.3284 | Old 0.6883 | New 0.1689
Epoch 41, Train ACC Unlabelled_v2: All 0.2856 | Old 0.6413 | New 0.1279
Train Accuracies: All 0.3284 | Old 0.6883 | New 0.1689
Train Epoch: 42 Avg Loss: 1.8706 | Seen Class Acc: 0.0000 
Collating features...
515 5820
Epoch 42, Train ACC Unlabelled_v1: All 0.3297 | Old 0.6905 | New 0.1698
Epoch 42, Train ACC Unlabelled_v2: All 0.2880 | Old 0.6525 | New 0.1265
Train Accuracies: All 0.3297 | Old 0.6905 | New 0.1698
Train Epoch: 43 Avg Loss: 1.8883 | Seen Class Acc: 0.0000 
Collating features...
515 5820
Epoch 43, Train ACC Unlabelled_v1: All 0.3320 | Old 0.6917 | New 0.1726
Epoch 43, Train ACC Unlabelled_v2: All 0.2899 | Old 0.6447 | New 0.1327
Train Accuracies: All 0.3320 | Old 0.6917 | New 0.1726
Train Epoch: 44 Avg Loss: 1.9184 | Seen Class Acc: 0.0000 
Collating features...
513 5820
Epoch 44, Train ACC Unlabelled_v1: All 0.3337 | Old 0.6933 | New 0.1743
Epoch 44, Train ACC Unlabelled_v2: All 0.2899 | Old 0.6542 | New 0.1284
Train Accuracies: All 0.3337 | Old 0.6933 | New 0.1743
Train Epoch: 45 Avg Loss: 1.8624 | Seen Class Acc: 0.0000 
Collating features...
513 5820
Epoch 45, Train ACC Unlabelled_v1: All 0.3308 | Old 0.6905 | New 0.1713
Epoch 45, Train ACC Unlabelled_v2: All 0.2895 | Old 0.6447 | New 0.1322
Train Accuracies: All 0.3308 | Old 0.6905 | New 0.1713
Train Epoch: 46 Avg Loss: 1.8418 | Seen Class Acc: 0.0000 
Collating features...
517 5820
Epoch 46, Train ACC Unlabelled_v1: All 0.3335 | Old 0.6905 | New 0.1753
Epoch 46, Train ACC Unlabelled_v2: All 0.2893 | Old 0.6407 | New 0.1336
Train Accuracies: All 0.3335 | Old 0.6905 | New 0.1753
Train Epoch: 47 Avg Loss: 1.8881 | Seen Class Acc: 0.0000 
Collating features...
515 5820
Epoch 47, Train ACC Unlabelled_v1: All 0.3309 | Old 0.6900 | New 0.1718
Epoch 47, Train ACC Unlabelled_v2: All 0.2897 | Old 0.6441 | New 0.1327
Train Accuracies: All 0.3309 | Old 0.6900 | New 0.1718
Train Epoch: 48 Avg Loss: 1.8518 | Seen Class Acc: 0.0000 
Collating features...
509 5820
Epoch 48, Train ACC Unlabelled_v1: All 0.3318 | Old 0.6917 | New 0.1723
Epoch 48, Train ACC Unlabelled_v2: All 0.2869 | Old 0.6458 | New 0.1279
Train Accuracies: All 0.3318 | Old 0.6917 | New 0.1723
Train Epoch: 49 Avg Loss: 1.8737 | Seen Class Acc: 0.0000 
Collating features...
516 5820
Epoch 49, Train ACC Unlabelled_v1: All 0.3314 | Old 0.6917 | New 0.1718
Epoch 49, Train ACC Unlabelled_v2: All 0.2895 | Old 0.6452 | New 0.1319
Train Accuracies: All 0.3314 | Old 0.6917 | New 0.1718
Train Epoch: 50 Avg Loss: 1.8716 | Seen Class Acc: 0.0000 
Collating features...
512 5820
Epoch 50, Train ACC Unlabelled_v1: All 0.3304 | Old 0.6917 | New 0.1703
Epoch 50, Train ACC Unlabelled_v2: All 0.2887 | Old 0.6463 | New 0.1302
Train Accuracies: All 0.3304 | Old 0.6917 | New 0.1703
Train Epoch: 51 Avg Loss: 1.8474 | Seen Class Acc: 0.0000 
Collating features...
526 5820
Epoch 51, Train ACC Unlabelled_v1: All 0.3321 | Old 0.6900 | New 0.1736
Epoch 51, Train ACC Unlabelled_v2: All 0.2878 | Old 0.6435 | New 0.1302
Train Accuracies: All 0.3321 | Old 0.6900 | New 0.1736
Train Epoch: 52 Avg Loss: 1.8610 | Seen Class Acc: 0.0000 
Collating features...
511 5820
Epoch 52, Train ACC Unlabelled_v1: All 0.3313 | Old 0.6894 | New 0.1726
Epoch 52, Train ACC Unlabelled_v2: All 0.2885 | Old 0.6424 | New 0.1317
Train Accuracies: All 0.3313 | Old 0.6894 | New 0.1726
Train Epoch: 53 Avg Loss: 1.8427 | Seen Class Acc: 0.0000 
Collating features...
512 5820
Epoch 53, Train ACC Unlabelled_v1: All 0.3320 | Old 0.6939 | New 0.1716
Epoch 53, Train ACC Unlabelled_v2: All 0.2892 | Old 0.6480 | New 0.1302
Train Accuracies: All 0.3320 | Old 0.6939 | New 0.1716
Train Epoch: 54 Avg Loss: 1.8716 | Seen Class Acc: 0.0000 
Collating features...
522 5820
Epoch 54, Train ACC Unlabelled_v1: All 0.3304 | Old 0.6855 | New 0.1731
Epoch 54, Train ACC Unlabelled_v2: All 0.2875 | Old 0.6396 | New 0.1314
Train Accuracies: All 0.3304 | Old 0.6855 | New 0.1731
Train Epoch: 55 Avg Loss: 1.8691 | Seen Class Acc: 0.0000 
Collating features...
517 5820
Epoch 55, Train ACC Unlabelled_v1: All 0.3301 | Old 0.6889 | New 0.1711
Epoch 55, Train ACC Unlabelled_v2: All 0.2873 | Old 0.6407 | New 0.1307
Train Accuracies: All 0.3301 | Old 0.6889 | New 0.1711
Train Epoch: 56 Avg Loss: 1.8594 | Seen Class Acc: 0.0000 
Collating features...
531 5820
Epoch 56, Train ACC Unlabelled_v1: All 0.3313 | Old 0.6917 | New 0.1716
Epoch 56, Train ACC Unlabelled_v2: All 0.2876 | Old 0.6441 | New 0.1297
Train Accuracies: All 0.3313 | Old 0.6917 | New 0.1716
Train Epoch: 57 Avg Loss: 1.8497 | Seen Class Acc: 0.0000 
Collating features...
523 5820
Epoch 57, Train ACC Unlabelled_v1: All 0.3314 | Old 0.6877 | New 0.1736
Epoch 57, Train ACC Unlabelled_v2: All 0.2878 | Old 0.6424 | New 0.1307
Train Accuracies: All 0.3314 | Old 0.6877 | New 0.1736
Train Epoch: 58 Avg Loss: 1.8333 | Seen Class Acc: 0.0000 
Collating features...
517 5820
Epoch 58, Train ACC Unlabelled_v1: All 0.3314 | Old 0.6922 | New 0.1716
Epoch 58, Train ACC Unlabelled_v2: All 0.2890 | Old 0.6452 | New 0.1312
Train Accuracies: All 0.3314 | Old 0.6922 | New 0.1716
Train Epoch: 59 Avg Loss: 1.8397 | Seen Class Acc: 0.0000 
Collating features...
521 5820
Epoch 59, Train ACC Unlabelled_v1: All 0.3320 | Old 0.6922 | New 0.1723
Epoch 59, Train ACC Unlabelled_v2: All 0.2890 | Old 0.6475 | New 0.1302
Train Accuracies: All 0.3320 | Old 0.6922 | New 0.1723
Train Epoch: 60 Avg Loss: 1.8564 | Seen Class Acc: 0.0000 
Collating features...
525 5820
Epoch 60, Train ACC Unlabelled_v1: All 0.3332 | Old 0.6933 | New 0.1736
Epoch 60, Train ACC Unlabelled_v2: All 0.2900 | Old 0.6435 | New 0.1334
Train Accuracies: All 0.3332 | Old 0.6933 | New 0.1736
Train Epoch: 61 Avg Loss: 1.8602 | Seen Class Acc: 0.0000 
Collating features...
505 5820
Epoch 61, Train ACC Unlabelled_v1: All 0.3344 | Old 0.6956 | New 0.1743
Epoch 61, Train ACC Unlabelled_v2: All 0.2899 | Old 0.6452 | New 0.1324
Train Accuracies: All 0.3344 | Old 0.6956 | New 0.1743
Train Epoch: 62 Avg Loss: 1.8624 | Seen Class Acc: 0.0000 
Collating features...
509 5820
Epoch 62, Train ACC Unlabelled_v1: All 0.3316 | Old 0.6922 | New 0.1718
Epoch 62, Train ACC Unlabelled_v2: All 0.2890 | Old 0.6430 | New 0.1322
Train Accuracies: All 0.3316 | Old 0.6922 | New 0.1718
Train Epoch: 63 Avg Loss: 1.8321 | Seen Class Acc: 0.0000 
Collating features...
515 5820
Epoch 63, Train ACC Unlabelled_v1: All 0.3318 | Old 0.6922 | New 0.1721
Epoch 63, Train ACC Unlabelled_v2: All 0.2892 | Old 0.6430 | New 0.1324
Train Accuracies: All 0.3318 | Old 0.6922 | New 0.1721
Train Epoch: 64 Avg Loss: 1.8280 | Seen Class Acc: 0.0000 
Collating features...
512 5820
Epoch 64, Train ACC Unlabelled_v1: All 0.3332 | Old 0.6900 | New 0.1751
Epoch 64, Train ACC Unlabelled_v2: All 0.2904 | Old 0.6441 | New 0.1336
Train Accuracies: All 0.3332 | Old 0.6900 | New 0.1751
Train Epoch: 65 Avg Loss: 1.8415 | Seen Class Acc: 0.0000 
Collating features...
512 5820
Epoch 65, Train ACC Unlabelled_v1: All 0.3321 | Old 0.6900 | New 0.1736
Epoch 65, Train ACC Unlabelled_v2: All 0.2883 | Old 0.6491 | New 0.1284
Train Accuracies: All 0.3321 | Old 0.6900 | New 0.1736
Train Epoch: 66 Avg Loss: 1.8304 | Seen Class Acc: 0.0000 
Collating features...
516 5820
Epoch 66, Train ACC Unlabelled_v1: All 0.3314 | Old 0.6933 | New 0.1711
Epoch 66, Train ACC Unlabelled_v2: All 0.2883 | Old 0.6547 | New 0.1260
Train Accuracies: All 0.3314 | Old 0.6933 | New 0.1711
Train Epoch: 67 Avg Loss: 1.8523 | Seen Class Acc: 0.0000 
Collating features...
516 5820
Epoch 67, Train ACC Unlabelled_v1: All 0.3326 | Old 0.6945 | New 0.1723
Epoch 67, Train ACC Unlabelled_v2: All 0.2904 | Old 0.6463 | New 0.1327
Train Accuracies: All 0.3326 | Old 0.6945 | New 0.1723
Train Epoch: 68 Avg Loss: 1.8449 | Seen Class Acc: 0.0000 
Collating features...
508 5820
Epoch 68, Train ACC Unlabelled_v1: All 0.3325 | Old 0.6928 | New 0.1728
Epoch 68, Train ACC Unlabelled_v2: All 0.2893 | Old 0.6458 | New 0.1314
Train Accuracies: All 0.3325 | Old 0.6928 | New 0.1728
Train Epoch: 69 Avg Loss: 1.8586 | Seen Class Acc: 0.0000 
Collating features...
517 5820
Epoch 69, Train ACC Unlabelled_v1: All 0.3304 | Old 0.6911 | New 0.1706
Epoch 69, Train ACC Unlabelled_v2: All 0.2881 | Old 0.6530 | New 0.1265
Train Accuracies: All 0.3304 | Old 0.6911 | New 0.1706
Train Epoch: 70 Avg Loss: 1.8604 | Seen Class Acc: 0.0000 
Collating features...
517 5820
Epoch 70, Train ACC Unlabelled_v1: All 0.3301 | Old 0.6939 | New 0.1689
Epoch 70, Train ACC Unlabelled_v2: All 0.2883 | Old 0.6508 | New 0.1277
Train Accuracies: All 0.3301 | Old 0.6939 | New 0.1689
Train Epoch: 71 Avg Loss: 1.8373 | Seen Class Acc: 0.0000 
Collating features...
518 5820
Epoch 71, Train ACC Unlabelled_v1: All 0.3306 | Old 0.6928 | New 0.1701
Epoch 71, Train ACC Unlabelled_v2: All 0.2881 | Old 0.6491 | New 0.1282
Train Accuracies: All 0.3306 | Old 0.6928 | New 0.1701
Train Epoch: 72 Avg Loss: 1.8500 | Seen Class Acc: 0.0000 
Collating features...
517 5820
Epoch 72, Train ACC Unlabelled_v1: All 0.3325 | Old 0.6939 | New 0.1723
Epoch 72, Train ACC Unlabelled_v2: All 0.2904 | Old 0.6530 | New 0.1297
Train Accuracies: All 0.3325 | Old 0.6939 | New 0.1723
Train Epoch: 73 Avg Loss: 1.8512 | Seen Class Acc: 0.0000 
Collating features...
516 5820
Epoch 73, Train ACC Unlabelled_v1: All 0.3320 | Old 0.6939 | New 0.1716
Epoch 73, Train ACC Unlabelled_v2: All 0.2888 | Old 0.6525 | New 0.1277
Train Accuracies: All 0.3320 | Old 0.6939 | New 0.1716
Train Epoch: 74 Avg Loss: 1.8415 | Seen Class Acc: 0.0000 
Collating features...
516 5820
Epoch 74, Train ACC Unlabelled_v1: All 0.3316 | Old 0.6950 | New 0.1706
Epoch 74, Train ACC Unlabelled_v2: All 0.2892 | Old 0.6558 | New 0.1267
Train Accuracies: All 0.3316 | Old 0.6950 | New 0.1706
Train Epoch: 75 Avg Loss: 1.8364 | Seen Class Acc: 0.0000 
Collating features...
510 5820
Epoch 75, Train ACC Unlabelled_v1: All 0.3311 | Old 0.6922 | New 0.1711
Epoch 75, Train ACC Unlabelled_v2: All 0.2888 | Old 0.6547 | New 0.1267
Train Accuracies: All 0.3311 | Old 0.6922 | New 0.1711
Train Epoch: 76 Avg Loss: 1.8459 | Seen Class Acc: 0.0000 
Collating features...
515 5820
Epoch 76, Train ACC Unlabelled_v1: All 0.3299 | Old 0.6905 | New 0.1701
Epoch 76, Train ACC Unlabelled_v2: All 0.2893 | Old 0.6497 | New 0.1297
Train Accuracies: All 0.3299 | Old 0.6905 | New 0.1701
Train Epoch: 77 Avg Loss: 1.8408 | Seen Class Acc: 0.0000 
Collating features...
508 5820
Epoch 77, Train ACC Unlabelled_v1: All 0.3314 | Old 0.6939 | New 0.1708
Epoch 77, Train ACC Unlabelled_v2: All 0.2893 | Old 0.6497 | New 0.1297
Train Accuracies: All 0.3314 | Old 0.6939 | New 0.1708
Train Epoch: 78 Avg Loss: 1.8630 | Seen Class Acc: 0.0000 
Collating features...
516 5820
Epoch 78, Train ACC Unlabelled_v1: All 0.3313 | Old 0.6928 | New 0.1711
Epoch 78, Train ACC Unlabelled_v2: All 0.2893 | Old 0.6525 | New 0.1284
Train Accuracies: All 0.3313 | Old 0.6928 | New 0.1711
Train Epoch: 79 Avg Loss: 1.8322 | Seen Class Acc: 0.0000 
Collating features...
510 5820
Epoch 79, Train ACC Unlabelled_v1: All 0.3321 | Old 0.6945 | New 0.1716
Epoch 79, Train ACC Unlabelled_v2: All 0.2897 | Old 0.6486 | New 0.1307
Train Accuracies: All 0.3321 | Old 0.6945 | New 0.1716
Train Epoch: 80 Avg Loss: 1.8503 | Seen Class Acc: 0.0000 
Collating features...
511 5820
Epoch 80, Train ACC Unlabelled_v1: All 0.3333 | Old 0.6956 | New 0.1728
Epoch 80, Train ACC Unlabelled_v2: All 0.2911 | Old 0.6519 | New 0.1312
Train Accuracies: All 0.3333 | Old 0.6956 | New 0.1728
Train Epoch: 81 Avg Loss: 1.8464 | Seen Class Acc: 0.0000 
Collating features...
517 5820
Epoch 81, Train ACC Unlabelled_v1: All 0.3325 | Old 0.6984 | New 0.1703
Epoch 81, Train ACC Unlabelled_v2: All 0.2909 | Old 0.6570 | New 0.1287
Train Accuracies: All 0.3325 | Old 0.6984 | New 0.1703
Train Epoch: 82 Avg Loss: 1.8349 | Seen Class Acc: 0.0000 
Collating features...
510 5820
Epoch 82, Train ACC Unlabelled_v1: All 0.3314 | Old 0.6950 | New 0.1703
Epoch 82, Train ACC Unlabelled_v2: All 0.2887 | Old 0.6536 | New 0.1270
Train Accuracies: All 0.3314 | Old 0.6950 | New 0.1703
Train Epoch: 83 Avg Loss: 1.8455 | Seen Class Acc: 0.0000 
Collating features...
510 5820
Epoch 83, Train ACC Unlabelled_v1: All 0.3301 | Old 0.6917 | New 0.1698
Epoch 83, Train ACC Unlabelled_v2: All 0.2888 | Old 0.6547 | New 0.1267
Train Accuracies: All 0.3301 | Old 0.6917 | New 0.1698
Train Epoch: 84 Avg Loss: 1.8469 | Seen Class Acc: 0.0000 
Collating features...
508 5820
Epoch 84, Train ACC Unlabelled_v1: All 0.3311 | Old 0.6889 | New 0.1726
Epoch 84, Train ACC Unlabelled_v2: All 0.2878 | Old 0.6391 | New 0.1322
Train Accuracies: All 0.3311 | Old 0.6889 | New 0.1726
Train Epoch: 85 Avg Loss: 1.8209 | Seen Class Acc: 0.0000 
Collating features...
519 5820
Epoch 85, Train ACC Unlabelled_v1: All 0.3301 | Old 0.6911 | New 0.1701
Epoch 85, Train ACC Unlabelled_v2: All 0.2892 | Old 0.6413 | New 0.1332
Train Accuracies: All 0.3301 | Old 0.6911 | New 0.1701
Train Epoch: 86 Avg Loss: 1.8377 | Seen Class Acc: 0.0000 
Collating features...
514 5820
Epoch 86, Train ACC Unlabelled_v1: All 0.3304 | Old 0.6917 | New 0.1703
Epoch 86, Train ACC Unlabelled_v2: All 0.2892 | Old 0.6447 | New 0.1317
Train Accuracies: All 0.3304 | Old 0.6917 | New 0.1703
Train Epoch: 87 Avg Loss: 1.8600 | Seen Class Acc: 0.0000 
Collating features...
515 5820
Epoch 87, Train ACC Unlabelled_v1: All 0.3309 | Old 0.6928 | New 0.1706
Epoch 87, Train ACC Unlabelled_v2: All 0.2887 | Old 0.6463 | New 0.1302
Train Accuracies: All 0.3309 | Old 0.6928 | New 0.1706
Train Epoch: 88 Avg Loss: 1.8507 | Seen Class Acc: 0.0000 
Collating features...
513 5820
Epoch 88, Train ACC Unlabelled_v1: All 0.3308 | Old 0.6905 | New 0.1713
Epoch 88, Train ACC Unlabelled_v2: All 0.2895 | Old 0.6486 | New 0.1304
Train Accuracies: All 0.3308 | Old 0.6905 | New 0.1713
Train Epoch: 89 Avg Loss: 1.8481 | Seen Class Acc: 0.0000 
Collating features...
512 5820
Epoch 89, Train ACC Unlabelled_v1: All 0.3321 | Old 0.6911 | New 0.1731
Epoch 89, Train ACC Unlabelled_v2: All 0.2888 | Old 0.6514 | New 0.1282
Train Accuracies: All 0.3321 | Old 0.6911 | New 0.1731
Train Epoch: 90 Avg Loss: 1.8412 | Seen Class Acc: 0.0000 
Collating features...
513 5820
Epoch 90, Train ACC Unlabelled_v1: All 0.3316 | Old 0.6945 | New 0.1708
Epoch 90, Train ACC Unlabelled_v2: All 0.2887 | Old 0.6491 | New 0.1289
Train Accuracies: All 0.3316 | Old 0.6945 | New 0.1708
Train Epoch: 91 Avg Loss: 1.8326 | Seen Class Acc: 0.0000 
Collating features...
515 5820
Epoch 91, Train ACC Unlabelled_v1: All 0.3320 | Old 0.6945 | New 0.1713
Epoch 91, Train ACC Unlabelled_v2: All 0.2902 | Old 0.6469 | New 0.1322
Train Accuracies: All 0.3320 | Old 0.6945 | New 0.1713
Train Epoch: 92 Avg Loss: 1.8441 | Seen Class Acc: 0.0000 
Collating features...
513 5820
Epoch 92, Train ACC Unlabelled_v1: All 0.3321 | Old 0.6956 | New 0.1711
Epoch 92, Train ACC Unlabelled_v2: All 0.2899 | Old 0.6508 | New 0.1299
Train Accuracies: All 0.3321 | Old 0.6956 | New 0.1711
Train Epoch: 93 Avg Loss: 1.8422 | Seen Class Acc: 0.0000 
Collating features...
516 5820
Epoch 93, Train ACC Unlabelled_v1: All 0.3320 | Old 0.6945 | New 0.1713
Epoch 93, Train ACC Unlabelled_v2: All 0.2902 | Old 0.6497 | New 0.1309
Train Accuracies: All 0.3320 | Old 0.6945 | New 0.1713
Train Epoch: 94 Avg Loss: 1.8651 | Seen Class Acc: 0.0000 
Collating features...
516 5820
Epoch 94, Train ACC Unlabelled_v1: All 0.3311 | Old 0.6928 | New 0.1708
Epoch 94, Train ACC Unlabelled_v2: All 0.2885 | Old 0.6508 | New 0.1279
Train Accuracies: All 0.3311 | Old 0.6928 | New 0.1708
Train Epoch: 95 Avg Loss: 1.8319 | Seen Class Acc: 0.0000 
Collating features...
521 5820
Epoch 95, Train ACC Unlabelled_v1: All 0.3309 | Old 0.6889 | New 0.1723
Epoch 95, Train ACC Unlabelled_v2: All 0.2876 | Old 0.6469 | New 0.1284
Train Accuracies: All 0.3309 | Old 0.6889 | New 0.1723
Train Epoch: 96 Avg Loss: 1.8395 | Seen Class Acc: 0.0000 
Collating features...
516 5820
Epoch 96, Train ACC Unlabelled_v1: All 0.3318 | Old 0.6900 | New 0.1731
Epoch 96, Train ACC Unlabelled_v2: All 0.2893 | Old 0.6435 | New 0.1324
Train Accuracies: All 0.3318 | Old 0.6900 | New 0.1731
Train Epoch: 97 Avg Loss: 1.8088 | Seen Class Acc: 0.0000 
Collating features...
517 5820
Epoch 97, Train ACC Unlabelled_v1: All 0.3299 | Old 0.6911 | New 0.1698
Epoch 97, Train ACC Unlabelled_v2: All 0.2890 | Old 0.6452 | New 0.1312
Train Accuracies: All 0.3299 | Old 0.6911 | New 0.1698
Train Epoch: 98 Avg Loss: 1.8535 | Seen Class Acc: 0.0000 
Collating features...
511 5820
Epoch 98, Train ACC Unlabelled_v1: All 0.3313 | Old 0.6905 | New 0.1721
Epoch 98, Train ACC Unlabelled_v2: All 0.2878 | Old 0.6407 | New 0.1314
Train Accuracies: All 0.3313 | Old 0.6905 | New 0.1721
Train Epoch: 99 Avg Loss: 1.8374 | Seen Class Acc: 0.0000 
Collating features...
511 5820
Epoch 99, Train ACC Unlabelled_v1: All 0.3340 | Old 0.6933 | New 0.1748
Epoch 99, Train ACC Unlabelled_v2: All 0.2911 | Old 0.6447 | New 0.1344
Train Accuracies: All 0.3340 | Old 0.6933 | New 0.1748
Experiment saved to: /home/pszzz/hyzheng/myocd/SMILE/checkpoints/log/(28.04.2024_|_28.132)
['checkpoints']
Namespace(batch_size=128, num_workers=16, eval_funcs=['v1', 'v2'], warmup_model_dir=None, model_name='vit_dino', dataset_name='Fungi', prop_train_labels=0.5, use_ssb_splits=True, grad_from_block=11, lr=0.01, save_best_thresh=None, gamma=0.1, momentum=0.9, weight_decay=5e-05, epochs=100, exp_root='/home/pszzz/hyzheng/myocd/SMILE/', transform='imagenet', seed=1, base_model='vit_dino', temperature=1.0, sup_con_weight=0.5, n_views=2, contrast_unlabel_only=False, image_size=224, train_classes=range(0, 61), unlabeled_classes=range(61, 121), num_labeled_classes=61, num_unlabeled_classes=60, cuda=True, log_dir='/home/pszzz/hyzheng/myocd/SMILE/checkpoints/log/(28.04.2024_|_28.132)', model_dir='/home/pszzz/hyzheng/myocd/SMILE/checkpoints/log/(28.04.2024_|_28.132)/checkpoints', model_path='/home/pszzz/hyzheng/myocd/SMILE/checkpoints/log/(28.04.2024_|_28.132)/checkpoints/model.pt', writer=<tensorboardX.writer.SummaryWriter object at 0x7fa5f0452460>)
Using evaluation function v1 to print results
Train Epoch: 0 Avg Loss: 6.2629 | Seen Class Acc: 0.0000 
Collating features...
482 5820
Epoch 0, Train ACC Unlabelled_v1: All 0.2309 | Old 0.3531 | New 0.1768
Epoch 0, Train ACC Unlabelled_v2: All 0.2010 | Old 0.2669 | New 0.1718
Train Accuracies: All 0.2309 | Old 0.3531 | New 0.1768
Train Epoch: 1 Avg Loss: 4.4562 | Seen Class Acc: 0.0000 
Collating features...
510 5820
Epoch 1, Train ACC Unlabelled_v1: All 0.2428 | Old 0.4158 | New 0.1661
Epoch 1, Train ACC Unlabelled_v2: All 0.2093 | Old 0.3447 | New 0.1493
Train Accuracies: All 0.2428 | Old 0.4158 | New 0.1661
Train Epoch: 2 Avg Loss: 3.8961 | Seen Class Acc: 0.0000 
Collating features...
405 5820
Epoch 2, Train ACC Unlabelled_v1: All 0.2591 | Old 0.4275 | New 0.1845
Epoch 2, Train ACC Unlabelled_v2: All 0.2198 | Old 0.3363 | New 0.1681
Train Accuracies: All 0.2591 | Old 0.4275 | New 0.1845
Train Epoch: 3 Avg Loss: 3.5095 | Seen Class Acc: 0.0000 
Collating features...
440 5820
Epoch 3, Train ACC Unlabelled_v1: All 0.2600 | Old 0.4639 | New 0.1696
Epoch 3, Train ACC Unlabelled_v2: All 0.2235 | Old 0.3984 | New 0.1460
Train Accuracies: All 0.2600 | Old 0.4639 | New 0.1696
Train Epoch: 4 Avg Loss: 3.2320 | Seen Class Acc: 0.0000 
Collating features...
463 5820
Epoch 4, Train ACC Unlabelled_v1: All 0.2797 | Old 0.4908 | New 0.1862
Epoch 4, Train ACC Unlabelled_v2: All 0.2371 | Old 0.4135 | New 0.1589
Train Accuracies: All 0.2797 | Old 0.4908 | New 0.1862
Train Epoch: 5 Avg Loss: 2.9907 | Seen Class Acc: 0.0000 
Collating features...
440 5820
Epoch 5, Train ACC Unlabelled_v1: All 0.2741 | Old 0.5143 | New 0.1676
Epoch 5, Train ACC Unlabelled_v2: All 0.2338 | Old 0.4801 | New 0.1247
Train Accuracies: All 0.2741 | Old 0.5143 | New 0.1676
Train Epoch: 6 Avg Loss: 2.8028 | Seen Class Acc: 0.0000 
Collating features...
446 5820
Epoch 6, Train ACC Unlabelled_v1: All 0.2825 | Old 0.5305 | New 0.1726
Epoch 6, Train ACC Unlabelled_v2: All 0.2414 | Old 0.4751 | New 0.1379
Train Accuracies: All 0.2825 | Old 0.5305 | New 0.1726
Train Epoch: 7 Avg Loss: 2.7263 | Seen Class Acc: 0.0000 
Collating features...
417 5820
Epoch 7, Train ACC Unlabelled_v1: All 0.2933 | Old 0.5523 | New 0.1785
Epoch 7, Train ACC Unlabelled_v2: All 0.2433 | Old 0.5076 | New 0.1262
Train Accuracies: All 0.2933 | Old 0.5523 | New 0.1785
Train Epoch: 8 Avg Loss: 2.6194 | Seen Class Acc: 0.0000 
Collating features...
416 5820
Epoch 8, Train ACC Unlabelled_v1: All 0.3010 | Old 0.5758 | New 0.1793
Epoch 8, Train ACC Unlabelled_v2: All 0.2543 | Old 0.5098 | New 0.1411
Train Accuracies: All 0.3010 | Old 0.5758 | New 0.1793
Train Epoch: 9 Avg Loss: 2.4871 | Seen Class Acc: 0.0000 
Collating features...
439 5820
Epoch 9, Train ACC Unlabelled_v1: All 0.3017 | Old 0.5781 | New 0.1793
Epoch 9, Train ACC Unlabelled_v2: All 0.2491 | Old 0.4891 | New 0.1428
Train Accuracies: All 0.3017 | Old 0.5781 | New 0.1793
Train Epoch: 10 Avg Loss: 2.4093 | Seen Class Acc: 0.0000 
Collating features...
448 5820
Epoch 10, Train ACC Unlabelled_v1: All 0.3113 | Old 0.5988 | New 0.1840
Epoch 10, Train ACC Unlabelled_v2: All 0.2636 | Old 0.5467 | New 0.1381
Train Accuracies: All 0.3113 | Old 0.5988 | New 0.1840
Train Epoch: 11 Avg Loss: 2.3464 | Seen Class Acc: 0.0000 
Collating features...
449 5820
Epoch 11, Train ACC Unlabelled_v1: All 0.3144 | Old 0.6088 | New 0.1840
Epoch 11, Train ACC Unlabelled_v2: All 0.2617 | Old 0.5383 | New 0.1391
Train Accuracies: All 0.3144 | Old 0.6088 | New 0.1840
Train Epoch: 12 Avg Loss: 2.2652 | Seen Class Acc: 0.0000 
Collating features...
472 5820
Epoch 12, Train ACC Unlabelled_v1: All 0.3235 | Old 0.6234 | New 0.1907
Epoch 12, Train ACC Unlabelled_v2: All 0.2744 | Old 0.5624 | New 0.1468
Train Accuracies: All 0.3235 | Old 0.6234 | New 0.1907
Train Epoch: 13 Avg Loss: 2.2447 | Seen Class Acc: 0.0000 
Collating features...
439 5820
Epoch 13, Train ACC Unlabelled_v1: All 0.3258 | Old 0.6251 | New 0.1932
Epoch 13, Train ACC Unlabelled_v2: All 0.2710 | Old 0.5378 | New 0.1527
Train Accuracies: All 0.3258 | Old 0.6251 | New 0.1932
Train Epoch: 14 Avg Loss: 2.1826 | Seen Class Acc: 0.0000 
Collating features...
449 5820
Epoch 14, Train ACC Unlabelled_v1: All 0.3323 | Old 0.6374 | New 0.1971
Epoch 14, Train ACC Unlabelled_v2: All 0.2751 | Old 0.5781 | New 0.1408
Train Accuracies: All 0.3323 | Old 0.6374 | New 0.1971
Train Epoch: 15 Avg Loss: 2.1167 | Seen Class Acc: 0.0000 
Collating features...
458 5820
Epoch 15, Train ACC Unlabelled_v1: All 0.3321 | Old 0.6514 | New 0.1907
Epoch 15, Train ACC Unlabelled_v2: All 0.2823 | Old 0.5954 | New 0.1436
Train Accuracies: All 0.3321 | Old 0.6514 | New 0.1907
Train Epoch: 16 Avg Loss: 2.1016 | Seen Class Acc: 0.0000 
Collating features...
426 5820
Epoch 16, Train ACC Unlabelled_v1: All 0.3332 | Old 0.6508 | New 0.1924
Epoch 16, Train ACC Unlabelled_v2: All 0.2775 | Old 0.6032 | New 0.1332
Train Accuracies: All 0.3332 | Old 0.6508 | New 0.1924
Train Epoch: 17 Avg Loss: 2.0753 | Seen Class Acc: 0.0000 
Collating features...
440 5820
Epoch 17, Train ACC Unlabelled_v1: All 0.3405 | Old 0.6553 | New 0.2011
Epoch 17, Train ACC Unlabelled_v2: All 0.2835 | Old 0.5803 | New 0.1520
Train Accuracies: All 0.3405 | Old 0.6553 | New 0.2011
Train Epoch: 18 Avg Loss: 2.0650 | Seen Class Acc: 0.0000 
Collating features...
406 5820
Epoch 18, Train ACC Unlabelled_v1: All 0.3399 | Old 0.6631 | New 0.1966
Epoch 18, Train ACC Unlabelled_v2: All 0.2863 | Old 0.5876 | New 0.1527
Train Accuracies: All 0.3399 | Old 0.6631 | New 0.1966
Train Epoch: 19 Avg Loss: 2.0410 | Seen Class Acc: 0.0000 
Collating features...
414 5820
Epoch 19, Train ACC Unlabelled_v1: All 0.3399 | Old 0.6620 | New 0.1971
Epoch 19, Train ACC Unlabelled_v2: All 0.2852 | Old 0.5982 | New 0.1465
Train Accuracies: All 0.3399 | Old 0.6620 | New 0.1971
Train Epoch: 20 Avg Loss: 2.0266 | Seen Class Acc: 0.0000 
Collating features...
407 5820
Epoch 20, Train ACC Unlabelled_v1: All 0.3368 | Old 0.6648 | New 0.1914
Epoch 20, Train ACC Unlabelled_v2: All 0.2811 | Old 0.6206 | New 0.1307
Train Accuracies: All 0.3368 | Old 0.6648 | New 0.1914
Train Epoch: 21 Avg Loss: 2.0392 | Seen Class Acc: 0.0000 
Collating features...
412 5820
Epoch 21, Train ACC Unlabelled_v1: All 0.3412 | Old 0.6715 | New 0.1949
Epoch 21, Train ACC Unlabelled_v2: All 0.2863 | Old 0.5943 | New 0.1498
Train Accuracies: All 0.3412 | Old 0.6715 | New 0.1949
Train Epoch: 22 Avg Loss: 1.9484 | Seen Class Acc: 0.0000 
Collating features...
420 5820
Epoch 22, Train ACC Unlabelled_v1: All 0.3428 | Old 0.6676 | New 0.1989
Epoch 22, Train ACC Unlabelled_v2: All 0.2902 | Old 0.6094 | New 0.1488
Train Accuracies: All 0.3428 | Old 0.6676 | New 0.1989
Train Epoch: 23 Avg Loss: 1.9588 | Seen Class Acc: 0.0000 
Collating features...
402 5820
Epoch 23, Train ACC Unlabelled_v1: All 0.3424 | Old 0.6743 | New 0.1954
Epoch 23, Train ACC Unlabelled_v2: All 0.2868 | Old 0.6156 | New 0.1411
Train Accuracies: All 0.3424 | Old 0.6743 | New 0.1954
Train Epoch: 24 Avg Loss: 1.9516 | Seen Class Acc: 0.0000 
Collating features...
404 5820
Epoch 24, Train ACC Unlabelled_v1: All 0.3416 | Old 0.6670 | New 0.1974
Epoch 24, Train ACC Unlabelled_v2: All 0.2873 | Old 0.6088 | New 0.1448
Train Accuracies: All 0.3416 | Old 0.6670 | New 0.1974
Train Epoch: 25 Avg Loss: 1.9578 | Seen Class Acc: 0.0000 
Collating features...
406 5820
Epoch 25, Train ACC Unlabelled_v1: All 0.3433 | Old 0.6749 | New 0.1964
Epoch 25, Train ACC Unlabelled_v2: All 0.2905 | Old 0.6072 | New 0.1503
Train Accuracies: All 0.3433 | Old 0.6749 | New 0.1964
Train Epoch: 26 Avg Loss: 1.9277 | Seen Class Acc: 0.0000 
Collating features...
401 5820
Epoch 26, Train ACC Unlabelled_v1: All 0.3436 | Old 0.6710 | New 0.1986
Epoch 26, Train ACC Unlabelled_v2: All 0.2890 | Old 0.6016 | New 0.1505
Train Accuracies: All 0.3436 | Old 0.6710 | New 0.1986
Train Epoch: 27 Avg Loss: 1.9360 | Seen Class Acc: 0.0000 
Collating features...
413 5820
Epoch 27, Train ACC Unlabelled_v1: All 0.3455 | Old 0.6710 | New 0.2013
Epoch 27, Train ACC Unlabelled_v2: All 0.2893 | Old 0.5960 | New 0.1535
Train Accuracies: All 0.3455 | Old 0.6710 | New 0.2013
Train Epoch: 28 Avg Loss: 1.9524 | Seen Class Acc: 0.0000 
Collating features...
398 5820
Epoch 28, Train ACC Unlabelled_v1: All 0.3436 | Old 0.6710 | New 0.1986
Epoch 28, Train ACC Unlabelled_v2: All 0.2835 | Old 0.5893 | New 0.1480
Train Accuracies: All 0.3436 | Old 0.6710 | New 0.1986
Train Epoch: 29 Avg Loss: 1.9320 | Seen Class Acc: 0.0000 
Collating features...
394 5820
Epoch 29, Train ACC Unlabelled_v1: All 0.3464 | Old 0.6710 | New 0.2026
Epoch 29, Train ACC Unlabelled_v2: All 0.2911 | Old 0.6139 | New 0.1480
Train Accuracies: All 0.3464 | Old 0.6710 | New 0.2026
Train Epoch: 30 Avg Loss: 1.9049 | Seen Class Acc: 0.0000 
Collating features...
403 5820
Epoch 30, Train ACC Unlabelled_v1: All 0.3445 | Old 0.6760 | New 0.1976
Epoch 30, Train ACC Unlabelled_v2: All 0.2878 | Old 0.6060 | New 0.1468
Train Accuracies: All 0.3445 | Old 0.6760 | New 0.1976
Train Epoch: 31 Avg Loss: 1.9061 | Seen Class Acc: 0.0000 
Collating features...
403 5820
Epoch 31, Train ACC Unlabelled_v1: All 0.3447 | Old 0.6771 | New 0.1974
Epoch 31, Train ACC Unlabelled_v2: All 0.2897 | Old 0.6072 | New 0.1490
Train Accuracies: All 0.3447 | Old 0.6771 | New 0.1974
Train Epoch: 32 Avg Loss: 1.8932 | Seen Class Acc: 0.0000 
Collating features...
396 5820
Epoch 32, Train ACC Unlabelled_v1: All 0.3457 | Old 0.6810 | New 0.1971
Epoch 32, Train ACC Unlabelled_v2: All 0.2905 | Old 0.6167 | New 0.1460
Train Accuracies: All 0.3457 | Old 0.6810 | New 0.1971
Train Epoch: 33 Avg Loss: 1.9078 | Seen Class Acc: 0.0000 
Collating features...
389 5820
Epoch 33, Train ACC Unlabelled_v1: All 0.3442 | Old 0.6771 | New 0.1966
Epoch 33, Train ACC Unlabelled_v2: All 0.2840 | Old 0.6184 | New 0.1359
Train Accuracies: All 0.3442 | Old 0.6771 | New 0.1966
Train Epoch: 34 Avg Loss: 1.8809 | Seen Class Acc: 0.0000 
Collating features...
398 5820
Epoch 34, Train ACC Unlabelled_v1: All 0.3457 | Old 0.6816 | New 0.1969
Epoch 34, Train ACC Unlabelled_v2: All 0.2881 | Old 0.6161 | New 0.1428
Train Accuracies: All 0.3457 | Old 0.6816 | New 0.1969
Train Epoch: 35 Avg Loss: 1.8755 | Seen Class Acc: 0.0000 
Collating features...
393 5820
Epoch 35, Train ACC Unlabelled_v1: All 0.3447 | Old 0.6788 | New 0.1966
Epoch 35, Train ACC Unlabelled_v2: All 0.2895 | Old 0.6010 | New 0.1515
Train Accuracies: All 0.3447 | Old 0.6788 | New 0.1966
Train Epoch: 36 Avg Loss: 1.9206 | Seen Class Acc: 0.0000 
Collating features...
396 5820
Epoch 36, Train ACC Unlabelled_v1: All 0.3483 | Old 0.6833 | New 0.1999
Epoch 36, Train ACC Unlabelled_v2: All 0.2893 | Old 0.6206 | New 0.1426
Train Accuracies: All 0.3483 | Old 0.6833 | New 0.1999
Train Epoch: 37 Avg Loss: 1.9035 | Seen Class Acc: 0.0000 
Collating features...
395 5820
Epoch 37, Train ACC Unlabelled_v1: All 0.3491 | Old 0.6866 | New 0.1996
Epoch 37, Train ACC Unlabelled_v2: All 0.2918 | Old 0.6284 | New 0.1426
Train Accuracies: All 0.3491 | Old 0.6866 | New 0.1996
Train Epoch: 38 Avg Loss: 1.8796 | Seen Class Acc: 0.0000 
Collating features...
396 5820
Epoch 38, Train ACC Unlabelled_v1: All 0.3471 | Old 0.6805 | New 0.1994
Epoch 38, Train ACC Unlabelled_v2: All 0.2911 | Old 0.6139 | New 0.1480
Train Accuracies: All 0.3471 | Old 0.6805 | New 0.1994
Train Epoch: 39 Avg Loss: 1.8761 | Seen Class Acc: 0.0000 
Collating features...
392 5820
Epoch 39, Train ACC Unlabelled_v1: All 0.3467 | Old 0.6777 | New 0.2001
Epoch 39, Train ACC Unlabelled_v2: All 0.2890 | Old 0.6077 | New 0.1478
Train Accuracies: All 0.3467 | Old 0.6777 | New 0.2001
Train Epoch: 40 Avg Loss: 1.8731 | Seen Class Acc: 0.0000 
Collating features...
388 5820
Epoch 40, Train ACC Unlabelled_v1: All 0.3469 | Old 0.6805 | New 0.1991
Epoch 40, Train ACC Unlabelled_v2: All 0.2895 | Old 0.6038 | New 0.1503
Train Accuracies: All 0.3469 | Old 0.6805 | New 0.1991
Train Epoch: 41 Avg Loss: 1.8526 | Seen Class Acc: 0.0000 
Collating features...
390 5820
Epoch 41, Train ACC Unlabelled_v1: All 0.3459 | Old 0.6810 | New 0.1974
Epoch 41, Train ACC Unlabelled_v2: All 0.2883 | Old 0.6049 | New 0.1480
Train Accuracies: All 0.3459 | Old 0.6810 | New 0.1974
Train Epoch: 42 Avg Loss: 1.8832 | Seen Class Acc: 0.0000 
Collating features...
389 5820
Epoch 42, Train ACC Unlabelled_v1: All 0.3474 | Old 0.6782 | New 0.2008
Epoch 42, Train ACC Unlabelled_v2: All 0.2868 | Old 0.6016 | New 0.1473
Train Accuracies: All 0.3474 | Old 0.6782 | New 0.2008
Train Epoch: 43 Avg Loss: 1.9015 | Seen Class Acc: 0.0000 
Collating features...
403 5820
Epoch 43, Train ACC Unlabelled_v1: All 0.3459 | Old 0.6833 | New 0.1964
Epoch 43, Train ACC Unlabelled_v2: All 0.2883 | Old 0.6027 | New 0.1490
Train Accuracies: All 0.3459 | Old 0.6833 | New 0.1964
Train Epoch: 44 Avg Loss: 1.8788 | Seen Class Acc: 0.0000 
Collating features...
394 5820
Epoch 44, Train ACC Unlabelled_v1: All 0.3495 | Old 0.6833 | New 0.2016
Epoch 44, Train ACC Unlabelled_v2: All 0.2885 | Old 0.6116 | New 0.1453
Train Accuracies: All 0.3495 | Old 0.6833 | New 0.2016
Train Epoch: 45 Avg Loss: 1.8597 | Seen Class Acc: 0.0000 
Collating features...
388 5820
Epoch 45, Train ACC Unlabelled_v1: All 0.3485 | Old 0.6833 | New 0.2001
Epoch 45, Train ACC Unlabelled_v2: All 0.2892 | Old 0.6156 | New 0.1446
Train Accuracies: All 0.3485 | Old 0.6833 | New 0.2001
Train Epoch: 46 Avg Loss: 1.8467 | Seen Class Acc: 0.0000 
Collating features...
391 5820
Epoch 46, Train ACC Unlabelled_v1: All 0.3462 | Old 0.6816 | New 0.1976
Epoch 46, Train ACC Unlabelled_v2: All 0.2883 | Old 0.6027 | New 0.1490
Train Accuracies: All 0.3462 | Old 0.6816 | New 0.1976
Train Epoch: 47 Avg Loss: 1.8803 | Seen Class Acc: 0.0000 
Collating features...
382 5820
Epoch 47, Train ACC Unlabelled_v1: All 0.3471 | Old 0.6821 | New 0.1986
Epoch 47, Train ACC Unlabelled_v2: All 0.2887 | Old 0.6100 | New 0.1463
Train Accuracies: All 0.3471 | Old 0.6821 | New 0.1986
Train Epoch: 48 Avg Loss: 1.8443 | Seen Class Acc: 0.0000 
Collating features...
386 5820
Epoch 48, Train ACC Unlabelled_v1: All 0.3481 | Old 0.6866 | New 0.1981
Epoch 48, Train ACC Unlabelled_v2: All 0.2904 | Old 0.6161 | New 0.1460
Train Accuracies: All 0.3481 | Old 0.6866 | New 0.1981
Train Epoch: 49 Avg Loss: 1.8461 | Seen Class Acc: 0.0000 
Collating features...
387 5820
Epoch 49, Train ACC Unlabelled_v1: All 0.3490 | Old 0.6827 | New 0.2011
Epoch 49, Train ACC Unlabelled_v2: All 0.2899 | Old 0.6167 | New 0.1451
Train Accuracies: All 0.3490 | Old 0.6827 | New 0.2011
Train Epoch: 50 Avg Loss: 1.8511 | Seen Class Acc: 0.0000 
Collating features...
387 5820
Epoch 50, Train ACC Unlabelled_v1: All 0.3491 | Old 0.6833 | New 0.2011
Epoch 50, Train ACC Unlabelled_v2: All 0.2909 | Old 0.6088 | New 0.1500
Train Accuracies: All 0.3491 | Old 0.6833 | New 0.2011
Train Epoch: 51 Avg Loss: 1.8716 | Seen Class Acc: 0.0000 
Collating features...
376 5820
Epoch 51, Train ACC Unlabelled_v1: All 0.3498 | Old 0.6872 | New 0.2003
Epoch 51, Train ACC Unlabelled_v2: All 0.2907 | Old 0.6144 | New 0.1473
Train Accuracies: All 0.3498 | Old 0.6872 | New 0.2003
Train Epoch: 52 Avg Loss: 1.8662 | Seen Class Acc: 0.0000 
Collating features...
381 5820
Epoch 52, Train ACC Unlabelled_v1: All 0.3500 | Old 0.6861 | New 0.2011
Epoch 52, Train ACC Unlabelled_v2: All 0.2916 | Old 0.6139 | New 0.1488
Train Accuracies: All 0.3500 | Old 0.6861 | New 0.2011
Train Epoch: 53 Avg Loss: 1.8629 | Seen Class Acc: 0.0000 
Collating features...
387 5820
Epoch 53, Train ACC Unlabelled_v1: All 0.3503 | Old 0.6861 | New 0.2016
Epoch 53, Train ACC Unlabelled_v2: All 0.2918 | Old 0.6251 | New 0.1441
Train Accuracies: All 0.3503 | Old 0.6861 | New 0.2016
Train Epoch: 54 Avg Loss: 1.8752 | Seen Class Acc: 0.0000 
Collating features...
380 5820
Epoch 54, Train ACC Unlabelled_v1: All 0.3490 | Old 0.6861 | New 0.1996
Epoch 54, Train ACC Unlabelled_v2: All 0.2880 | Old 0.6133 | New 0.1438
Train Accuracies: All 0.3490 | Old 0.6861 | New 0.1996
Train Epoch: 55 Avg Loss: 1.8868 | Seen Class Acc: 0.0000 
Collating features...
377 5820
Epoch 55, Train ACC Unlabelled_v1: All 0.3481 | Old 0.6872 | New 0.1979
Epoch 55, Train ACC Unlabelled_v2: All 0.2902 | Old 0.6184 | New 0.1448
Train Accuracies: All 0.3481 | Old 0.6872 | New 0.1979
Train Epoch: 56 Avg Loss: 1.8813 | Seen Class Acc: 0.0000 
Collating features...
378 5820
Epoch 56, Train ACC Unlabelled_v1: All 0.3507 | Old 0.6883 | New 0.2011
Epoch 56, Train ACC Unlabelled_v2: All 0.2924 | Old 0.6088 | New 0.1522
Train Accuracies: All 0.3507 | Old 0.6883 | New 0.2011
Train Epoch: 57 Avg Loss: 1.8836 | Seen Class Acc: 0.0000 
Collating features...
377 5820
Epoch 57, Train ACC Unlabelled_v1: All 0.3534 | Old 0.6861 | New 0.2061
Epoch 57, Train ACC Unlabelled_v2: All 0.2899 | Old 0.6083 | New 0.1488
Train Accuracies: All 0.3534 | Old 0.6861 | New 0.2061
Train Epoch: 58 Avg Loss: 1.8310 | Seen Class Acc: 0.0000 
Collating features...
376 5820
Epoch 58, Train ACC Unlabelled_v1: All 0.3490 | Old 0.6866 | New 0.1994
Epoch 58, Train ACC Unlabelled_v2: All 0.2900 | Old 0.6133 | New 0.1468
Train Accuracies: All 0.3490 | Old 0.6866 | New 0.1994
Train Epoch: 59 Avg Loss: 1.8275 | Seen Class Acc: 0.0000 
Collating features...
385 5820
Epoch 59, Train ACC Unlabelled_v1: All 0.3507 | Old 0.6849 | New 0.2026
Epoch 59, Train ACC Unlabelled_v2: All 0.2888 | Old 0.6133 | New 0.1451
Train Accuracies: All 0.3507 | Old 0.6849 | New 0.2026
Train Epoch: 60 Avg Loss: 1.8543 | Seen Class Acc: 0.0000 
Collating features...
374 5820
Epoch 60, Train ACC Unlabelled_v1: All 0.3512 | Old 0.6849 | New 0.2033
Epoch 60, Train ACC Unlabelled_v2: All 0.2914 | Old 0.6105 | New 0.1500
Train Accuracies: All 0.3512 | Old 0.6849 | New 0.2033
Train Epoch: 61 Avg Loss: 1.8339 | Seen Class Acc: 0.0000 
Collating features...
373 5820
Epoch 61, Train ACC Unlabelled_v1: All 0.3502 | Old 0.6849 | New 0.2018
Epoch 61, Train ACC Unlabelled_v2: All 0.2890 | Old 0.6055 | New 0.1488
Train Accuracies: All 0.3502 | Old 0.6849 | New 0.2018
Train Epoch: 62 Avg Loss: 1.8697 | Seen Class Acc: 0.0000 
Collating features...
378 5820
Epoch 62, Train ACC Unlabelled_v1: All 0.3510 | Old 0.6883 | New 0.2016
Epoch 62, Train ACC Unlabelled_v2: All 0.2921 | Old 0.6189 | New 0.1473
Train Accuracies: All 0.3510 | Old 0.6883 | New 0.2016
Train Epoch: 63 Avg Loss: 1.8406 | Seen Class Acc: 0.0000 
Collating features...
388 5820
Epoch 63, Train ACC Unlabelled_v1: All 0.3517 | Old 0.6872 | New 0.2031
Epoch 63, Train ACC Unlabelled_v2: All 0.2919 | Old 0.6150 | New 0.1488
Train Accuracies: All 0.3517 | Old 0.6872 | New 0.2031
Train Epoch: 64 Avg Loss: 1.8465 | Seen Class Acc: 0.0000 
Collating features...
379 5820
Epoch 64, Train ACC Unlabelled_v1: All 0.3512 | Old 0.6889 | New 0.2016
Epoch 64, Train ACC Unlabelled_v2: All 0.2921 | Old 0.6172 | New 0.1480
Train Accuracies: All 0.3512 | Old 0.6889 | New 0.2016
Train Epoch: 65 Avg Loss: 1.8527 | Seen Class Acc: 0.0000 
Collating features...
382 5820
Epoch 65, Train ACC Unlabelled_v1: All 0.3502 | Old 0.6866 | New 0.2011
Epoch 65, Train ACC Unlabelled_v2: All 0.2914 | Old 0.6116 | New 0.1495
Train Accuracies: All 0.3502 | Old 0.6866 | New 0.2011
Train Epoch: 66 Avg Loss: 1.8643 | Seen Class Acc: 0.0000 
Collating features...
382 5820
Epoch 66, Train ACC Unlabelled_v1: All 0.3514 | Old 0.6861 | New 0.2031
Epoch 66, Train ACC Unlabelled_v2: All 0.2912 | Old 0.6128 | New 0.1488
Train Accuracies: All 0.3514 | Old 0.6861 | New 0.2031
Train Epoch: 67 Avg Loss: 1.8443 | Seen Class Acc: 0.0000 
Collating features...
387 5820
Epoch 67, Train ACC Unlabelled_v1: All 0.3509 | Old 0.6849 | New 0.2028
Epoch 67, Train ACC Unlabelled_v2: All 0.2905 | Old 0.6016 | New 0.1527
Train Accuracies: All 0.3509 | Old 0.6849 | New 0.2028
Train Epoch: 68 Avg Loss: 1.8754 | Seen Class Acc: 0.0000 
Collating features...
383 5820
Epoch 68, Train ACC Unlabelled_v1: All 0.3505 | Old 0.6849 | New 0.2023
Epoch 68, Train ACC Unlabelled_v2: All 0.2918 | Old 0.6128 | New 0.1495
Train Accuracies: All 0.3505 | Old 0.6849 | New 0.2023
Train Epoch: 69 Avg Loss: 1.8584 | Seen Class Acc: 0.0000 
Collating features...
365 5820
Epoch 69, Train ACC Unlabelled_v1: All 0.3495 | Old 0.6844 | New 0.2011
Epoch 69, Train ACC Unlabelled_v2: All 0.2902 | Old 0.6105 | New 0.1483
Train Accuracies: All 0.3495 | Old 0.6844 | New 0.2011
Train Epoch: 70 Avg Loss: 1.8304 | Seen Class Acc: 0.0000 
Collating features...
380 5820
Epoch 70, Train ACC Unlabelled_v1: All 0.3507 | Old 0.6894 | New 0.2006
Epoch 70, Train ACC Unlabelled_v2: All 0.2918 | Old 0.6178 | New 0.1473
Train Accuracies: All 0.3507 | Old 0.6894 | New 0.2006
Train Epoch: 71 Avg Loss: 1.8430 | Seen Class Acc: 0.0000 
Collating features...
384 5820
Epoch 71, Train ACC Unlabelled_v1: All 0.3514 | Old 0.6883 | New 0.2021
Epoch 71, Train ACC Unlabelled_v2: All 0.2904 | Old 0.6167 | New 0.1458
Train Accuracies: All 0.3514 | Old 0.6883 | New 0.2021
Train Epoch: 72 Avg Loss: 1.8331 | Seen Class Acc: 0.0000 
Collating features...
373 5820
Epoch 72, Train ACC Unlabelled_v1: All 0.3522 | Old 0.6861 | New 0.2043
Epoch 72, Train ACC Unlabelled_v2: All 0.2899 | Old 0.6133 | New 0.1465
Train Accuracies: All 0.3522 | Old 0.6861 | New 0.2043
Train Epoch: 73 Avg Loss: 1.8814 | Seen Class Acc: 0.0000 
Collating features...
381 5820
Epoch 73, Train ACC Unlabelled_v1: All 0.3510 | Old 0.6889 | New 0.2013
Epoch 73, Train ACC Unlabelled_v2: All 0.2911 | Old 0.6128 | New 0.1485
Train Accuracies: All 0.3510 | Old 0.6889 | New 0.2013
Train Epoch: 74 Avg Loss: 1.8299 | Seen Class Acc: 0.0000 
Collating features...
380 5820
Epoch 74, Train ACC Unlabelled_v1: All 0.3486 | Old 0.6844 | New 0.1999
Epoch 74, Train ACC Unlabelled_v2: All 0.2887 | Old 0.6088 | New 0.1468
Train Accuracies: All 0.3486 | Old 0.6844 | New 0.1999
Train Epoch: 75 Avg Loss: 1.8707 | Seen Class Acc: 0.0000 
Collating features...
382 5820
Epoch 75, Train ACC Unlabelled_v1: All 0.3509 | Old 0.6872 | New 0.2018
Epoch 75, Train ACC Unlabelled_v2: All 0.2912 | Old 0.6245 | New 0.1436
Train Accuracies: All 0.3509 | Old 0.6872 | New 0.2018
Train Epoch: 76 Avg Loss: 1.8477 | Seen Class Acc: 0.0000 
Collating features...
382 5820
Epoch 76, Train ACC Unlabelled_v1: All 0.3522 | Old 0.6883 | New 0.2033
Epoch 76, Train ACC Unlabelled_v2: All 0.2907 | Old 0.6156 | New 0.1468
Train Accuracies: All 0.3522 | Old 0.6883 | New 0.2033
Train Epoch: 77 Avg Loss: 1.8252 | Seen Class Acc: 0.0000 
Collating features...
383 5820
Epoch 77, Train ACC Unlabelled_v1: All 0.3515 | Old 0.6872 | New 0.2028
Epoch 77, Train ACC Unlabelled_v2: All 0.2907 | Old 0.6150 | New 0.1470
Train Accuracies: All 0.3515 | Old 0.6872 | New 0.2028
Train Epoch: 78 Avg Loss: 1.8363 | Seen Class Acc: 0.0000 
Collating features...
377 5820
Epoch 78, Train ACC Unlabelled_v1: All 0.3526 | Old 0.6883 | New 0.2038
Epoch 78, Train ACC Unlabelled_v2: All 0.2909 | Old 0.6133 | New 0.1480
Train Accuracies: All 0.3526 | Old 0.6883 | New 0.2038
Train Epoch: 79 Avg Loss: 1.8466 | Seen Class Acc: 0.0000 
Collating features...
372 5820
Epoch 79, Train ACC Unlabelled_v1: All 0.3534 | Old 0.6900 | New 0.2043
Epoch 79, Train ACC Unlabelled_v2: All 0.2933 | Old 0.6172 | New 0.1498
Train Accuracies: All 0.3534 | Old 0.6900 | New 0.2043
Train Epoch: 80 Avg Loss: 1.8105 | Seen Class Acc: 0.0000 
Collating features...
378 5820
Epoch 80, Train ACC Unlabelled_v1: All 0.3503 | Old 0.6849 | New 0.2021
Epoch 80, Train ACC Unlabelled_v2: All 0.2883 | Old 0.6178 | New 0.1423
Train Accuracies: All 0.3503 | Old 0.6849 | New 0.2021
Train Epoch: 81 Avg Loss: 1.8584 | Seen Class Acc: 0.0000 
Collating features...
375 5820
Epoch 81, Train ACC Unlabelled_v1: All 0.3515 | Old 0.6844 | New 0.2041
Epoch 81, Train ACC Unlabelled_v2: All 0.2904 | Old 0.6116 | New 0.1480
Train Accuracies: All 0.3515 | Old 0.6844 | New 0.2041
Train Epoch: 82 Avg Loss: 1.8638 | Seen Class Acc: 0.0000 
Collating features...
372 5820
Epoch 82, Train ACC Unlabelled_v1: All 0.3519 | Old 0.6877 | New 0.2031
Epoch 82, Train ACC Unlabelled_v2: All 0.2895 | Old 0.6150 | New 0.1453
Train Accuracies: All 0.3519 | Old 0.6877 | New 0.2031
Train Epoch: 83 Avg Loss: 1.8706 | Seen Class Acc: 0.0000 
Collating features...
387 5820
Epoch 83, Train ACC Unlabelled_v1: All 0.3550 | Old 0.6911 | New 0.2061
Epoch 83, Train ACC Unlabelled_v2: All 0.2928 | Old 0.6161 | New 0.1495
Train Accuracies: All 0.3550 | Old 0.6911 | New 0.2061
Train Epoch: 84 Avg Loss: 1.8444 | Seen Class Acc: 0.0000 
Collating features...
379 5820
Epoch 84, Train ACC Unlabelled_v1: All 0.3524 | Old 0.6877 | New 0.2038
Epoch 84, Train ACC Unlabelled_v2: All 0.2909 | Old 0.6122 | New 0.1485
Train Accuracies: All 0.3524 | Old 0.6877 | New 0.2038
Train Epoch: 85 Avg Loss: 1.8516 | Seen Class Acc: 0.0000 
Collating features...
386 5820
Epoch 85, Train ACC Unlabelled_v1: All 0.3509 | Old 0.6855 | New 0.2026
Epoch 85, Train ACC Unlabelled_v2: All 0.2900 | Old 0.6139 | New 0.1465
Train Accuracies: All 0.3509 | Old 0.6855 | New 0.2026
Train Epoch: 86 Avg Loss: 1.8267 | Seen Class Acc: 0.0000 
Collating features...
389 5820
Epoch 86, Train ACC Unlabelled_v1: All 0.3524 | Old 0.6866 | New 0.2043
Epoch 86, Train ACC Unlabelled_v2: All 0.2912 | Old 0.6144 | New 0.1480
Train Accuracies: All 0.3524 | Old 0.6866 | New 0.2043
Train Epoch: 87 Avg Loss: 1.8594 | Seen Class Acc: 0.0000 
Collating features...
378 5820
Epoch 87, Train ACC Unlabelled_v1: All 0.3512 | Old 0.6877 | New 0.2021
Epoch 87, Train ACC Unlabelled_v2: All 0.2895 | Old 0.6128 | New 0.1463
Train Accuracies: All 0.3512 | Old 0.6877 | New 0.2021
Train Epoch: 88 Avg Loss: 1.8471 | Seen Class Acc: 0.0000 
Collating features...
372 5820
Epoch 88, Train ACC Unlabelled_v1: All 0.3517 | Old 0.6861 | New 0.2036
Epoch 88, Train ACC Unlabelled_v2: All 0.2905 | Old 0.6111 | New 0.1485
Train Accuracies: All 0.3517 | Old 0.6861 | New 0.2036
Train Epoch: 89 Avg Loss: 1.8276 | Seen Class Acc: 0.0000 
Collating features...
376 5820
Epoch 89, Train ACC Unlabelled_v1: All 0.3514 | Old 0.6849 | New 0.2036
Epoch 89, Train ACC Unlabelled_v2: All 0.2893 | Old 0.6105 | New 0.1470
Train Accuracies: All 0.3514 | Old 0.6849 | New 0.2036
Train Epoch: 90 Avg Loss: 1.8438 | Seen Class Acc: 0.0000 
Collating features...
376 5820
Epoch 90, Train ACC Unlabelled_v1: All 0.3536 | Old 0.6900 | New 0.2046
Epoch 90, Train ACC Unlabelled_v2: All 0.2912 | Old 0.6178 | New 0.1465
Train Accuracies: All 0.3536 | Old 0.6900 | New 0.2046
Train Epoch: 91 Avg Loss: 1.8274 | Seen Class Acc: 0.0000 
Collating features...
374 5820
Epoch 91, Train ACC Unlabelled_v1: All 0.3531 | Old 0.6900 | New 0.2038
Epoch 91, Train ACC Unlabelled_v2: All 0.2916 | Old 0.6172 | New 0.1473
Train Accuracies: All 0.3531 | Old 0.6900 | New 0.2038
Train Epoch: 92 Avg Loss: 1.8505 | Seen Class Acc: 0.0000 
Collating features...
374 5820
Epoch 92, Train ACC Unlabelled_v1: All 0.3517 | Old 0.6877 | New 0.2028
Epoch 92, Train ACC Unlabelled_v2: All 0.2888 | Old 0.6144 | New 0.1446
Train Accuracies: All 0.3517 | Old 0.6877 | New 0.2028
Train Epoch: 93 Avg Loss: 1.8711 | Seen Class Acc: 0.0000 
Collating features...
378 5820
Epoch 93, Train ACC Unlabelled_v1: All 0.3527 | Old 0.6889 | New 0.2038
Epoch 93, Train ACC Unlabelled_v2: All 0.2911 | Old 0.6139 | New 0.1480
Train Accuracies: All 0.3527 | Old 0.6889 | New 0.2038
Train Epoch: 94 Avg Loss: 1.8461 | Seen Class Acc: 0.0000 
Collating features...
373 5820
Epoch 94, Train ACC Unlabelled_v1: All 0.3509 | Old 0.6849 | New 0.2028
Epoch 94, Train ACC Unlabelled_v2: All 0.2895 | Old 0.6128 | New 0.1463
Train Accuracies: All 0.3509 | Old 0.6849 | New 0.2028
Train Epoch: 95 Avg Loss: 1.8600 | Seen Class Acc: 0.0000 
Collating features...
375 5820
Epoch 95, Train ACC Unlabelled_v1: All 0.3502 | Old 0.6849 | New 0.2018
Epoch 95, Train ACC Unlabelled_v2: All 0.2888 | Old 0.6200 | New 0.1421
Train Accuracies: All 0.3502 | Old 0.6849 | New 0.2018
Train Epoch: 96 Avg Loss: 1.8453 | Seen Class Acc: 0.0000 
Collating features...
374 5820
Epoch 96, Train ACC Unlabelled_v1: All 0.3517 | Old 0.6849 | New 0.2041
Epoch 96, Train ACC Unlabelled_v2: All 0.2904 | Old 0.6122 | New 0.1478
Train Accuracies: All 0.3517 | Old 0.6849 | New 0.2041
Train Epoch: 97 Avg Loss: 1.8463 | Seen Class Acc: 0.0000 
Collating features...
375 5820
Epoch 97, Train ACC Unlabelled_v1: All 0.3500 | Old 0.6844 | New 0.2018
Epoch 97, Train ACC Unlabelled_v2: All 0.2888 | Old 0.6116 | New 0.1458
Train Accuracies: All 0.3500 | Old 0.6844 | New 0.2018
Train Epoch: 98 Avg Loss: 1.8542 | Seen Class Acc: 0.0000 
Collating features...
380 5820
Epoch 98, Train ACC Unlabelled_v1: All 0.3507 | Old 0.6849 | New 0.2026
Epoch 98, Train ACC Unlabelled_v2: All 0.2895 | Old 0.6178 | New 0.1441
Train Accuracies: All 0.3507 | Old 0.6849 | New 0.2026
Train Epoch: 99 Avg Loss: 1.8441 | Seen Class Acc: 0.0000 
Collating features...
373 5820
Epoch 99, Train ACC Unlabelled_v1: All 0.3503 | Old 0.6844 | New 0.2023
Epoch 99, Train ACC Unlabelled_v2: All 0.2895 | Old 0.6094 | New 0.1478
Train Accuracies: All 0.3503 | Old 0.6844 | New 0.2023
