Experiment saved to: /wang_hp/zhy/OCD/source_code/checkpoints/log/(12.04.2024_|_16.958)
['checkpoints']
Namespace(base_model='vit_dino', batch_size=128, contrast_unlabel_only=False, cuda=True, dataset_name='food', epochs=100, eval_funcs=['v1', 'v2'], exp_root='/wang_hp/zhy/OCD/source_code', gamma=0.1, grad_from_block=11, image_size=224, log_dir='/wang_hp/zhy/OCD/source_code/checkpoints/log/(12.04.2024_|_16.958)', lr=0.01, model_dir='/wang_hp/zhy/OCD/source_code/checkpoints/log/(12.04.2024_|_16.958)/checkpoints', model_name='vit_dino', model_path='/wang_hp/zhy/OCD/source_code/checkpoints/log/(12.04.2024_|_16.958)/checkpoints/model.pt', momentum=0.9, n_views=2, num_labeled_classes=51, num_unlabeled_classes=50, num_workers=16, prop_train_labels=0.5, save_best_thresh=None, seed=1, sup_con_weight=0.5, temperature=1.0, train_classes=range(0, 51), transform='imagenet', unlabeled_classes=range(51, 101), use_ssb_splits=True, warmup_model_dir=None, weight_decay=5e-05, writer=<torch.utils.tensorboard.writer.SummaryWriter object at 0x7feb22d821f0>)
Using evaluation function v1 to print results
Train Epoch: 0 Avg Loss: 5.2005 | Seen Class Acc: 0.0000 
Collating features...
360 56625
Epoch 0, Train ACC Unlabelled_v1: All 0.2313 | Old 0.3478 | New 0.1719
Epoch 0, Train ACC Unlabelled_v2: All 0.1873 | Old 0.2648 | New 0.1477
Train Accuracies: All 0.2313 | Old 0.3478 | New 0.1719
Train Epoch: 1 Avg Loss: 3.7245 | Seen Class Acc: 0.0000 
Collating features...
296 56625
Epoch 1, Train ACC Unlabelled_v1: All 0.2783 | Old 0.4624 | New 0.1844
Epoch 1, Train ACC Unlabelled_v2: All 0.2135 | Old 0.3858 | New 0.1257
Train Accuracies: All 0.2783 | Old 0.4624 | New 0.1844
Train Epoch: 2 Avg Loss: 3.2507 | Seen Class Acc: 0.0000 
Collating features...
292 56625
Epoch 2, Train ACC Unlabelled_v1: All 0.2840 | Old 0.4846 | New 0.1816
Epoch 2, Train ACC Unlabelled_v2: All 0.2116 | Old 0.3663 | New 0.1327
Train Accuracies: All 0.2840 | Old 0.4846 | New 0.1816
Train Epoch: 3 Avg Loss: 2.9697 | Seen Class Acc: 0.0000 
Collating features...
250 56625
Epoch 3, Train ACC Unlabelled_v1: All 0.3075 | Old 0.5469 | New 0.1854
Epoch 3, Train ACC Unlabelled_v2: All 0.2319 | Old 0.4544 | New 0.1184
Train Accuracies: All 0.3075 | Old 0.5469 | New 0.1854
Train Epoch: 4 Avg Loss: 2.7018 | Seen Class Acc: 0.0000 
Collating features...
282 56625
Epoch 4, Train ACC Unlabelled_v1: All 0.3139 | Old 0.5729 | New 0.1818
Epoch 4, Train ACC Unlabelled_v2: All 0.2381 | Old 0.5247 | New 0.0920
Train Accuracies: All 0.3139 | Old 0.5729 | New 0.1818
Train Epoch: 5 Avg Loss: 2.5026 | Seen Class Acc: 0.0000 
Collating features...
310 56625
Epoch 5, Train ACC Unlabelled_v1: All 0.3142 | Old 0.5775 | New 0.1799
Epoch 5, Train ACC Unlabelled_v2: All 0.2323 | Old 0.5098 | New 0.0907
Train Accuracies: All 0.3142 | Old 0.5775 | New 0.1799
Train Epoch: 6 Avg Loss: 2.3353 | Seen Class Acc: 0.0000 
Collating features...
323 56625
Epoch 6, Train ACC Unlabelled_v1: All 0.3214 | Old 0.5859 | New 0.1865
Epoch 6, Train ACC Unlabelled_v2: All 0.2386 | Old 0.4902 | New 0.1102
Train Accuracies: All 0.3214 | Old 0.5859 | New 0.1865
Train Epoch: 7 Avg Loss: 2.1918 | Seen Class Acc: 0.0000 
Collating features...
295 56625
Epoch 7, Train ACC Unlabelled_v1: All 0.3227 | Old 0.5896 | New 0.1865
Epoch 7, Train ACC Unlabelled_v2: All 0.2350 | Old 0.5249 | New 0.0871
Train Accuracies: All 0.3227 | Old 0.5896 | New 0.1865
Train Epoch: 8 Avg Loss: 2.0805 | Seen Class Acc: 0.0000 
Collating features...
285 56625
Epoch 8, Train ACC Unlabelled_v1: All 0.3288 | Old 0.5993 | New 0.1908
Epoch 8, Train ACC Unlabelled_v2: All 0.2371 | Old 0.5163 | New 0.0947
Train Accuracies: All 0.3288 | Old 0.5993 | New 0.1908
Train Epoch: 9 Avg Loss: 1.9781 | Seen Class Acc: 0.0000 
Collating features...
336 56625
Epoch 9, Train ACC Unlabelled_v1: All 0.3245 | Old 0.6022 | New 0.1828
Epoch 9, Train ACC Unlabelled_v2: All 0.2351 | Old 0.5661 | New 0.0663
Train Accuracies: All 0.3245 | Old 0.6022 | New 0.1828
Train Epoch: 10 Avg Loss: 1.9305 | Seen Class Acc: 0.0000 
Collating features...
340 56625
Epoch 10, Train ACC Unlabelled_v1: All 0.3274 | Old 0.6037 | New 0.1865
Epoch 10, Train ACC Unlabelled_v2: All 0.2334 | Old 0.5239 | New 0.0852
Train Accuracies: All 0.3274 | Old 0.6037 | New 0.1865
Train Epoch: 11 Avg Loss: 1.8540 | Seen Class Acc: 0.0000 
Collating features...
337 56625
Epoch 11, Train ACC Unlabelled_v1: All 0.3258 | Old 0.6032 | New 0.1843
Epoch 11, Train ACC Unlabelled_v2: All 0.2303 | Old 0.5231 | New 0.0810
Train Accuracies: All 0.3258 | Old 0.6032 | New 0.1843
Train Epoch: 12 Avg Loss: 1.8141 | Seen Class Acc: 0.0000 
Collating features...
322 56625
Epoch 12, Train ACC Unlabelled_v1: All 0.3271 | Old 0.6077 | New 0.1840
Epoch 12, Train ACC Unlabelled_v2: All 0.2345 | Old 0.5294 | New 0.0841
Train Accuracies: All 0.3271 | Old 0.6077 | New 0.1840
Train Epoch: 13 Avg Loss: 1.8000 | Seen Class Acc: 0.0000 
Collating features...
344 56625
Epoch 13, Train ACC Unlabelled_v1: All 0.3326 | Old 0.6127 | New 0.1897
Epoch 13, Train ACC Unlabelled_v2: All 0.2360 | Old 0.5518 | New 0.0749
Train Accuracies: All 0.3326 | Old 0.6127 | New 0.1897
Train Epoch: 14 Avg Loss: 1.7722 | Seen Class Acc: 0.0000 
Collating features...
314 56625
Epoch 14, Train ACC Unlabelled_v1: All 0.3281 | Old 0.6102 | New 0.1842
Epoch 14, Train ACC Unlabelled_v2: All 0.2322 | Old 0.5130 | New 0.0890
Train Accuracies: All 0.3281 | Old 0.6102 | New 0.1842
Train Epoch: 15 Avg Loss: 1.7303 | Seen Class Acc: 0.0000 
Collating features...
326 56625
Epoch 15, Train ACC Unlabelled_v1: All 0.3337 | Old 0.6145 | New 0.1905
Epoch 15, Train ACC Unlabelled_v2: All 0.2363 | Old 0.5167 | New 0.0934
Train Accuracies: All 0.3337 | Old 0.6145 | New 0.1905
Train Epoch: 16 Avg Loss: 1.7114 | Seen Class Acc: 0.0000 
Collating features...
313 56625
Epoch 16, Train ACC Unlabelled_v1: All 0.3315 | Old 0.6196 | New 0.1847
Epoch 16, Train ACC Unlabelled_v2: All 0.2353 | Old 0.5194 | New 0.0903
Train Accuracies: All 0.3315 | Old 0.6196 | New 0.1847
Train Epoch: 17 Avg Loss: 1.7007 | Seen Class Acc: 0.0000 
Collating features...
346 56625
Epoch 17, Train ACC Unlabelled_v1: All 0.3342 | Old 0.6152 | New 0.1910
Epoch 17, Train ACC Unlabelled_v2: All 0.2355 | Old 0.5339 | New 0.0834
Train Accuracies: All 0.3342 | Old 0.6152 | New 0.1910
Train Epoch: 18 Avg Loss: 1.6918 | Seen Class Acc: 0.0000 
Collating features...
330 56625
Epoch 18, Train ACC Unlabelled_v1: All 0.3348 | Old 0.6211 | New 0.1887
Epoch 18, Train ACC Unlabelled_v2: All 0.2375 | Old 0.5448 | New 0.0808
Train Accuracies: All 0.3348 | Old 0.6211 | New 0.1887
Train Epoch: 19 Avg Loss: 1.7138 | Seen Class Acc: 0.0000 
Collating features...
322 56625
Epoch 19, Train ACC Unlabelled_v1: All 0.3342 | Old 0.6198 | New 0.1885
Epoch 19, Train ACC Unlabelled_v2: All 0.2338 | Old 0.5101 | New 0.0929
Train Accuracies: All 0.3342 | Old 0.6198 | New 0.1885
Train Epoch: 20 Avg Loss: 1.6771 | Seen Class Acc: 0.0000 
Collating features...
328 56625
Epoch 20, Train ACC Unlabelled_v1: All 0.3382 | Old 0.6257 | New 0.1915
Epoch 20, Train ACC Unlabelled_v2: All 0.2365 | Old 0.5124 | New 0.0957
Train Accuracies: All 0.3382 | Old 0.6257 | New 0.1915
Train Epoch: 21 Avg Loss: 1.6686 | Seen Class Acc: 0.0000 
Collating features...
313 56625
Epoch 21, Train ACC Unlabelled_v1: All 0.3411 | Old 0.6272 | New 0.1952
Epoch 21, Train ACC Unlabelled_v2: All 0.2371 | Old 0.5277 | New 0.0890
Train Accuracies: All 0.3411 | Old 0.6272 | New 0.1952
Train Epoch: 22 Avg Loss: 1.6774 | Seen Class Acc: 0.0000 
Collating features...
329 56625
Epoch 22, Train ACC Unlabelled_v1: All 0.3384 | Old 0.6260 | New 0.1917
Epoch 22, Train ACC Unlabelled_v2: All 0.2372 | Old 0.5146 | New 0.0957
Train Accuracies: All 0.3384 | Old 0.6260 | New 0.1917
Train Epoch: 23 Avg Loss: 1.6701 | Seen Class Acc: 0.0000 
Collating features...
329 56625
Epoch 23, Train ACC Unlabelled_v1: All 0.3384 | Old 0.6237 | New 0.1929
Epoch 23, Train ACC Unlabelled_v2: All 0.2398 | Old 0.5085 | New 0.1028
Train Accuracies: All 0.3384 | Old 0.6237 | New 0.1929
Train Epoch: 24 Avg Loss: 1.6560 | Seen Class Acc: 0.0000 
Collating features...
277 56625
Epoch 24, Train ACC Unlabelled_v1: All 0.3342 | Old 0.6208 | New 0.1881
Epoch 24, Train ACC Unlabelled_v2: All 0.2395 | Old 0.5057 | New 0.1038
Train Accuracies: All 0.3342 | Old 0.6208 | New 0.1881
Train Epoch: 25 Avg Loss: 1.6583 | Seen Class Acc: 0.0000 
Collating features...
298 56625
Epoch 25, Train ACC Unlabelled_v1: All 0.3408 | Old 0.6293 | New 0.1936
Epoch 25, Train ACC Unlabelled_v2: All 0.2367 | Old 0.5134 | New 0.0956
Train Accuracies: All 0.3408 | Old 0.6293 | New 0.1936
Train Epoch: 26 Avg Loss: 1.6673 | Seen Class Acc: 0.0000 
Collating features...
326 56625
Epoch 26, Train ACC Unlabelled_v1: All 0.3377 | Old 0.6263 | New 0.1906
Epoch 26, Train ACC Unlabelled_v2: All 0.2361 | Old 0.5283 | New 0.0871
Train Accuracies: All 0.3377 | Old 0.6263 | New 0.1906
Train Epoch: 27 Avg Loss: 1.6541 | Seen Class Acc: 0.0000 
Collating features...
304 56625
Epoch 27, Train ACC Unlabelled_v1: All 0.3370 | Old 0.6293 | New 0.1880
Epoch 27, Train ACC Unlabelled_v2: All 0.2362 | Old 0.5304 | New 0.0862
Train Accuracies: All 0.3370 | Old 0.6293 | New 0.1880
Train Epoch: 28 Avg Loss: 1.6537 | Seen Class Acc: 0.0000 
Collating features...
317 56625
Epoch 28, Train ACC Unlabelled_v1: All 0.3418 | Old 0.6304 | New 0.1947
Epoch 28, Train ACC Unlabelled_v2: All 0.2380 | Old 0.5462 | New 0.0808
Train Accuracies: All 0.3418 | Old 0.6304 | New 0.1947
Train Epoch: 29 Avg Loss: 1.6459 | Seen Class Acc: 0.0000 
Collating features...
306 56625
Epoch 29, Train ACC Unlabelled_v1: All 0.3403 | Old 0.6283 | New 0.1934
Epoch 29, Train ACC Unlabelled_v2: All 0.2359 | Old 0.5444 | New 0.0785
Train Accuracies: All 0.3403 | Old 0.6283 | New 0.1934
Train Epoch: 30 Avg Loss: 1.6443 | Seen Class Acc: 0.0000 
Collating features...
321 56625
Epoch 30, Train ACC Unlabelled_v1: All 0.3396 | Old 0.6274 | New 0.1929
Epoch 30, Train ACC Unlabelled_v2: All 0.2357 | Old 0.5107 | New 0.0954
Train Accuracies: All 0.3396 | Old 0.6274 | New 0.1929
Train Epoch: 31 Avg Loss: 1.6399 | Seen Class Acc: 0.0000 
Collating features...
273 56625
Epoch 31, Train ACC Unlabelled_v1: All 0.3387 | Old 0.6297 | New 0.1903
Epoch 31, Train ACC Unlabelled_v2: All 0.2374 | Old 0.5465 | New 0.0797
Train Accuracies: All 0.3387 | Old 0.6297 | New 0.1903
Train Epoch: 32 Avg Loss: 1.6756 | Seen Class Acc: 0.0000 
Collating features...
313 56625
Epoch 32, Train ACC Unlabelled_v1: All 0.3376 | Old 0.6236 | New 0.1917
Epoch 32, Train ACC Unlabelled_v2: All 0.2367 | Old 0.5415 | New 0.0812
Train Accuracies: All 0.3376 | Old 0.6236 | New 0.1917
Train Epoch: 33 Avg Loss: 1.6504 | Seen Class Acc: 0.0000 
Collating features...
291 56625
Epoch 33, Train ACC Unlabelled_v1: All 0.3388 | Old 0.6274 | New 0.1916
Epoch 33, Train ACC Unlabelled_v2: All 0.2371 | Old 0.5290 | New 0.0881
Train Accuracies: All 0.3388 | Old 0.6274 | New 0.1916
Train Epoch: 34 Avg Loss: 1.6480 | Seen Class Acc: 0.0000 
Collating features...
295 56625
Epoch 34, Train ACC Unlabelled_v1: All 0.3401 | Old 0.6282 | New 0.1932
Epoch 34, Train ACC Unlabelled_v2: All 0.2364 | Old 0.5283 | New 0.0875
Train Accuracies: All 0.3401 | Old 0.6282 | New 0.1932
Train Epoch: 35 Avg Loss: 1.6494 | Seen Class Acc: 0.0000 
Collating features...
305 56625
Epoch 35, Train ACC Unlabelled_v1: All 0.3409 | Old 0.6301 | New 0.1934
Epoch 35, Train ACC Unlabelled_v2: All 0.2359 | Old 0.5488 | New 0.0764
Train Accuracies: All 0.3409 | Old 0.6301 | New 0.1934
Train Epoch: 36 Avg Loss: 1.6502 | Seen Class Acc: 0.0000 
Collating features...
302 56625
Epoch 36, Train ACC Unlabelled_v1: All 0.3364 | Old 0.6300 | New 0.1867
Epoch 36, Train ACC Unlabelled_v2: All 0.2346 | Old 0.5473 | New 0.0752
Train Accuracies: All 0.3364 | Old 0.6300 | New 0.1867
Train Epoch: 37 Avg Loss: 1.6479 | Seen Class Acc: 0.0000 
Collating features...
297 56625
Epoch 37, Train ACC Unlabelled_v1: All 0.3416 | Old 0.6299 | New 0.1946
Epoch 37, Train ACC Unlabelled_v2: All 0.2364 | Old 0.5791 | New 0.0616
Train Accuracies: All 0.3416 | Old 0.6299 | New 0.1946
Train Epoch: 38 Avg Loss: 1.6402 | Seen Class Acc: 0.0000 
Collating features...
298 56625
Epoch 38, Train ACC Unlabelled_v1: All 0.3398 | Old 0.6305 | New 0.1915
Epoch 38, Train ACC Unlabelled_v2: All 0.2389 | Old 0.5465 | New 0.0821
Train Accuracies: All 0.3398 | Old 0.6305 | New 0.1915
Train Epoch: 39 Avg Loss: 1.6403 | Seen Class Acc: 0.0000 
Collating features...
305 56625
Epoch 39, Train ACC Unlabelled_v1: All 0.3360 | Old 0.6276 | New 0.1873
Epoch 39, Train ACC Unlabelled_v2: All 0.2357 | Old 0.5427 | New 0.0791
Train Accuracies: All 0.3360 | Old 0.6276 | New 0.1873
Train Epoch: 40 Avg Loss: 1.6319 | Seen Class Acc: 0.0000 
Collating features...
285 56625
Epoch 40, Train ACC Unlabelled_v1: All 0.3418 | Old 0.6324 | New 0.1936
Epoch 40, Train ACC Unlabelled_v2: All 0.2380 | Old 0.5492 | New 0.0793
Train Accuracies: All 0.3418 | Old 0.6324 | New 0.1936
Train Epoch: 41 Avg Loss: 1.6397 | Seen Class Acc: 0.0000 
Collating features...
296 56625
Epoch 41, Train ACC Unlabelled_v1: All 0.3433 | Old 0.6325 | New 0.1959
Epoch 41, Train ACC Unlabelled_v2: All 0.2384 | Old 0.5153 | New 0.0971
Train Accuracies: All 0.3433 | Old 0.6325 | New 0.1959
Train Epoch: 42 Avg Loss: 1.6388 | Seen Class Acc: 0.0000 
Collating features...
290 56625
Epoch 42, Train ACC Unlabelled_v1: All 0.3426 | Old 0.6337 | New 0.1941
Epoch 42, Train ACC Unlabelled_v2: All 0.2383 | Old 0.5168 | New 0.0963
Train Accuracies: All 0.3426 | Old 0.6337 | New 0.1941
Train Epoch: 43 Avg Loss: 1.6372 | Seen Class Acc: 0.0000 
Collating features...
286 56625
Epoch 43, Train ACC Unlabelled_v1: All 0.3424 | Old 0.6335 | New 0.1940
Epoch 43, Train ACC Unlabelled_v2: All 0.2374 | Old 0.5317 | New 0.0874
Train Accuracies: All 0.3424 | Old 0.6335 | New 0.1940
Train Epoch: 44 Avg Loss: 1.6364 | Seen Class Acc: 0.0000 
Collating features...
304 56625
Epoch 44, Train ACC Unlabelled_v1: All 0.3427 | Old 0.6329 | New 0.1947
Epoch 44, Train ACC Unlabelled_v2: All 0.2395 | Old 0.5501 | New 0.0810
Train Accuracies: All 0.3427 | Old 0.6329 | New 0.1947
Train Epoch: 45 Avg Loss: 1.6415 | Seen Class Acc: 0.0000 
Collating features...
282 56625
Epoch 45, Train ACC Unlabelled_v1: All 0.3399 | Old 0.6300 | New 0.1919
Epoch 45, Train ACC Unlabelled_v2: All 0.2366 | Old 0.5478 | New 0.0779
Train Accuracies: All 0.3399 | Old 0.6300 | New 0.1919
Train Epoch: 46 Avg Loss: 1.6411 | Seen Class Acc: 0.0000 
Collating features...
295 56625
Epoch 46, Train ACC Unlabelled_v1: All 0.3392 | Old 0.6303 | New 0.1908
Epoch 46, Train ACC Unlabelled_v2: All 0.2368 | Old 0.5451 | New 0.0796
Train Accuracies: All 0.3392 | Old 0.6303 | New 0.1908
Train Epoch: 47 Avg Loss: 1.6307 | Seen Class Acc: 0.0000 
Collating features...
288 56625
Epoch 47, Train ACC Unlabelled_v1: All 0.3426 | Old 0.6326 | New 0.1947
Epoch 47, Train ACC Unlabelled_v2: All 0.2382 | Old 0.5650 | New 0.0716
Train Accuracies: All 0.3426 | Old 0.6326 | New 0.1947
Train Epoch: 48 Avg Loss: 1.6325 | Seen Class Acc: 0.0000 
Collating features...
304 56625
Epoch 48, Train ACC Unlabelled_v1: All 0.3426 | Old 0.6316 | New 0.1953
Epoch 48, Train ACC Unlabelled_v2: All 0.2372 | Old 0.5466 | New 0.0794
Train Accuracies: All 0.3426 | Old 0.6316 | New 0.1953
Train Epoch: 49 Avg Loss: 1.6397 | Seen Class Acc: 0.0000 
Collating features...
286 56625
Epoch 49, Train ACC Unlabelled_v1: All 0.3448 | Old 0.6330 | New 0.1977
Epoch 49, Train ACC Unlabelled_v2: All 0.2380 | Old 0.5161 | New 0.0962
Train Accuracies: All 0.3448 | Old 0.6330 | New 0.1977
Train Epoch: 50 Avg Loss: 1.6383 | Seen Class Acc: 0.0000 
Collating features...
287 56625
Epoch 50, Train ACC Unlabelled_v1: All 0.3421 | Old 0.6327 | New 0.1939
Epoch 50, Train ACC Unlabelled_v2: All 0.2373 | Old 0.5304 | New 0.0878
Train Accuracies: All 0.3421 | Old 0.6327 | New 0.1939
Train Epoch: 51 Avg Loss: 1.6307 | Seen Class Acc: 0.0000 
Collating features...
283 56625
Epoch 51, Train ACC Unlabelled_v1: All 0.3427 | Old 0.6334 | New 0.1945
Epoch 51, Train ACC Unlabelled_v2: All 0.2371 | Old 0.5477 | New 0.0787
Train Accuracies: All 0.3427 | Old 0.6334 | New 0.1945
Train Epoch: 52 Avg Loss: 1.6399 | Seen Class Acc: 0.0000 
Collating features...
294 56625
Epoch 52, Train ACC Unlabelled_v1: All 0.3424 | Old 0.6329 | New 0.1942
Epoch 52, Train ACC Unlabelled_v2: All 0.2375 | Old 0.5467 | New 0.0798
Train Accuracies: All 0.3424 | Old 0.6329 | New 0.1942
Train Epoch: 53 Avg Loss: 1.6379 | Seen Class Acc: 0.0000 
Collating features...
300 56625
Epoch 53, Train ACC Unlabelled_v1: All 0.3421 | Old 0.6344 | New 0.1930
Epoch 53, Train ACC Unlabelled_v2: All 0.2374 | Old 0.5485 | New 0.0786
Train Accuracies: All 0.3421 | Old 0.6344 | New 0.1930
Train Epoch: 54 Avg Loss: 1.6334 | Seen Class Acc: 0.0000 
Collating features...
289 56625
Epoch 54, Train ACC Unlabelled_v1: All 0.3433 | Old 0.6349 | New 0.1946
Epoch 54, Train ACC Unlabelled_v2: All 0.2371 | Old 0.5492 | New 0.0780
Train Accuracies: All 0.3433 | Old 0.6349 | New 0.1946
Train Epoch: 55 Avg Loss: 1.6281 | Seen Class Acc: 0.0000 
Collating features...
266 56625
Epoch 55, Train ACC Unlabelled_v1: All 0.3430 | Old 0.6358 | New 0.1937
Epoch 55, Train ACC Unlabelled_v2: All 0.2386 | Old 0.5500 | New 0.0798
Train Accuracies: All 0.3430 | Old 0.6358 | New 0.1937
Train Epoch: 56 Avg Loss: 1.6351 | Seen Class Acc: 0.0000 
Collating features...
275 56625
Epoch 56, Train ACC Unlabelled_v1: All 0.3442 | Old 0.6349 | New 0.1960
Epoch 56, Train ACC Unlabelled_v2: All 0.2378 | Old 0.5175 | New 0.0952
Train Accuracies: All 0.3442 | Old 0.6349 | New 0.1960
Train Epoch: 57 Avg Loss: 1.6352 | Seen Class Acc: 0.0000 
Collating features...
287 56625
Epoch 57, Train ACC Unlabelled_v1: All 0.3453 | Old 0.6360 | New 0.1970
Epoch 57, Train ACC Unlabelled_v2: All 0.2387 | Old 0.5503 | New 0.0798
Train Accuracies: All 0.3453 | Old 0.6360 | New 0.1970
Train Epoch: 58 Avg Loss: 1.6351 | Seen Class Acc: 0.0000 
Collating features...
277 56625
Epoch 58, Train ACC Unlabelled_v1: All 0.3452 | Old 0.6355 | New 0.1972
Epoch 58, Train ACC Unlabelled_v2: All 0.2389 | Old 0.5180 | New 0.0966
Train Accuracies: All 0.3452 | Old 0.6355 | New 0.1972
Train Epoch: 59 Avg Loss: 1.6320 | Seen Class Acc: 0.0000 
Collating features...
281 56625
Epoch 59, Train ACC Unlabelled_v1: All 0.3450 | Old 0.6346 | New 0.1974
Epoch 59, Train ACC Unlabelled_v2: All 0.2383 | Old 0.5179 | New 0.0957
Train Accuracies: All 0.3450 | Old 0.6346 | New 0.1974
Train Epoch: 60 Avg Loss: 1.6309 | Seen Class Acc: 0.0000 
Collating features...
267 56625
Epoch 60, Train ACC Unlabelled_v1: All 0.3440 | Old 0.6349 | New 0.1957
Epoch 60, Train ACC Unlabelled_v2: All 0.2371 | Old 0.5328 | New 0.0863
Train Accuracies: All 0.3440 | Old 0.6349 | New 0.1957
Train Epoch: 61 Avg Loss: 1.6316 | Seen Class Acc: 0.0000 
Collating features...
276 56625
Epoch 61, Train ACC Unlabelled_v1: All 0.3436 | Old 0.6349 | New 0.1950
Epoch 61, Train ACC Unlabelled_v2: All 0.2387 | Old 0.5346 | New 0.0877
Train Accuracies: All 0.3436 | Old 0.6349 | New 0.1950
Train Epoch: 62 Avg Loss: 1.6293 | Seen Class Acc: 0.0000 
Collating features...
288 56625
Epoch 62, Train ACC Unlabelled_v1: All 0.3429 | Old 0.6345 | New 0.1942
Epoch 62, Train ACC Unlabelled_v2: All 0.2377 | Old 0.5347 | New 0.0863
Train Accuracies: All 0.3429 | Old 0.6345 | New 0.1942
Train Epoch: 63 Avg Loss: 1.6322 | Seen Class Acc: 0.0000 
Collating features...
277 56625
Epoch 63, Train ACC Unlabelled_v1: All 0.3440 | Old 0.6362 | New 0.1950
Epoch 63, Train ACC Unlabelled_v2: All 0.2377 | Old 0.5504 | New 0.0781
Train Accuracies: All 0.3440 | Old 0.6362 | New 0.1950
Train Epoch: 64 Avg Loss: 1.6300 | Seen Class Acc: 0.0000 
Collating features...
280 56625
Epoch 64, Train ACC Unlabelled_v1: All 0.3437 | Old 0.6351 | New 0.1951
Epoch 64, Train ACC Unlabelled_v2: All 0.2383 | Old 0.5500 | New 0.0793
Train Accuracies: All 0.3437 | Old 0.6351 | New 0.1951
Train Epoch: 65 Avg Loss: 1.6363 | Seen Class Acc: 0.0000 
Collating features...
266 56625
Epoch 65, Train ACC Unlabelled_v1: All 0.3442 | Old 0.6349 | New 0.1960
Epoch 65, Train ACC Unlabelled_v2: All 0.2399 | Old 0.5512 | New 0.0811
Train Accuracies: All 0.3442 | Old 0.6349 | New 0.1960
Train Epoch: 66 Avg Loss: 1.6353 | Seen Class Acc: 0.0000 
Collating features...
280 56625
Epoch 66, Train ACC Unlabelled_v1: All 0.3438 | Old 0.6365 | New 0.1945
Epoch 66, Train ACC Unlabelled_v2: All 0.2382 | Old 0.5504 | New 0.0789
Train Accuracies: All 0.3438 | Old 0.6365 | New 0.1945
Train Epoch: 67 Avg Loss: 1.6385 | Seen Class Acc: 0.0000 
Collating features...
271 56625
Epoch 67, Train ACC Unlabelled_v1: All 0.3426 | Old 0.6347 | New 0.1937
Epoch 67, Train ACC Unlabelled_v2: All 0.2360 | Old 0.5505 | New 0.0756
Train Accuracies: All 0.3426 | Old 0.6347 | New 0.1937
Train Epoch: 68 Avg Loss: 1.6318 | Seen Class Acc: 0.0000 
Collating features...
286 56625
Epoch 68, Train ACC Unlabelled_v1: All 0.3440 | Old 0.6361 | New 0.1950
Epoch 68, Train ACC Unlabelled_v2: All 0.2371 | Old 0.5504 | New 0.0773
Train Accuracies: All 0.3440 | Old 0.6361 | New 0.1950
Train Epoch: 69 Avg Loss: 1.6313 | Seen Class Acc: 0.0000 
Collating features...
275 56625
Epoch 69, Train ACC Unlabelled_v1: All 0.3442 | Old 0.6360 | New 0.1954
Epoch 69, Train ACC Unlabelled_v2: All 0.2378 | Old 0.5503 | New 0.0784
Train Accuracies: All 0.3442 | Old 0.6360 | New 0.1954
Train Epoch: 70 Avg Loss: 1.6378 | Seen Class Acc: 0.0000 
Collating features...
281 56625
Epoch 70, Train ACC Unlabelled_v1: All 0.3445 | Old 0.6352 | New 0.1963
Epoch 70, Train ACC Unlabelled_v2: All 0.2374 | Old 0.5497 | New 0.0781
Train Accuracies: All 0.3445 | Old 0.6352 | New 0.1963
Train Epoch: 71 Avg Loss: 1.6301 | Seen Class Acc: 0.0000 
Collating features...
280 56625
Epoch 71, Train ACC Unlabelled_v1: All 0.3454 | Old 0.6362 | New 0.1970
Epoch 71, Train ACC Unlabelled_v2: All 0.2387 | Old 0.5358 | New 0.0872
Train Accuracies: All 0.3454 | Old 0.6362 | New 0.1970
Train Epoch: 72 Avg Loss: 1.6364 | Seen Class Acc: 0.0000 
Collating features...
281 56625
Epoch 72, Train ACC Unlabelled_v1: All 0.3439 | Old 0.6346 | New 0.1957
Epoch 72, Train ACC Unlabelled_v2: All 0.2383 | Old 0.5340 | New 0.0875
Train Accuracies: All 0.3439 | Old 0.6346 | New 0.1957
Train Epoch: 73 Avg Loss: 1.6313 | Seen Class Acc: 0.0000 
Collating features...
274 56625
Epoch 73, Train ACC Unlabelled_v1: All 0.3454 | Old 0.6357 | New 0.1974
Epoch 73, Train ACC Unlabelled_v2: All 0.2387 | Old 0.5498 | New 0.0800
Train Accuracies: All 0.3454 | Old 0.6357 | New 0.1974
Train Epoch: 74 Avg Loss: 1.6345 | Seen Class Acc: 0.0000 
Collating features...
273 56625
Epoch 74, Train ACC Unlabelled_v1: All 0.3435 | Old 0.6352 | New 0.1947
Epoch 74, Train ACC Unlabelled_v2: All 0.2384 | Old 0.5324 | New 0.0885
Train Accuracies: All 0.3435 | Old 0.6352 | New 0.1947
Train Epoch: 75 Avg Loss: 1.6303 | Seen Class Acc: 0.0000 
Collating features...
258 56625
Epoch 75, Train ACC Unlabelled_v1: All 0.3450 | Old 0.6350 | New 0.1970
Epoch 75, Train ACC Unlabelled_v2: All 0.2383 | Old 0.5322 | New 0.0883
Train Accuracies: All 0.3450 | Old 0.6350 | New 0.1970
Train Epoch: 76 Avg Loss: 1.6243 | Seen Class Acc: 0.0000 
Collating features...
271 56625
Epoch 76, Train ACC Unlabelled_v1: All 0.3444 | Old 0.6350 | New 0.1962
Epoch 76, Train ACC Unlabelled_v2: All 0.2392 | Old 0.5347 | New 0.0885
Train Accuracies: All 0.3444 | Old 0.6350 | New 0.1962
Train Epoch: 77 Avg Loss: 1.6313 | Seen Class Acc: 0.0000 
Collating features...
287 56625
Epoch 77, Train ACC Unlabelled_v1: All 0.3445 | Old 0.6346 | New 0.1966
Epoch 77, Train ACC Unlabelled_v2: All 0.2383 | Old 0.5343 | New 0.0873
Train Accuracies: All 0.3445 | Old 0.6346 | New 0.1966
Train Epoch: 78 Avg Loss: 1.6298 | Seen Class Acc: 0.0000 
Collating features...
284 56625
Epoch 78, Train ACC Unlabelled_v1: All 0.3447 | Old 0.6355 | New 0.1964
Epoch 78, Train ACC Unlabelled_v2: All 0.2384 | Old 0.5497 | New 0.0797
Train Accuracies: All 0.3447 | Old 0.6355 | New 0.1964
Train Epoch: 79 Avg Loss: 1.6420 | Seen Class Acc: 0.0000 
Collating features...
287 56625
Epoch 79, Train ACC Unlabelled_v1: All 0.3444 | Old 0.6353 | New 0.1960
Epoch 79, Train ACC Unlabelled_v2: All 0.2375 | Old 0.5495 | New 0.0783
Train Accuracies: All 0.3444 | Old 0.6353 | New 0.1960
Train Epoch: 80 Avg Loss: 1.6243 | Seen Class Acc: 0.0000 
Collating features...
282 56625
Epoch 80, Train ACC Unlabelled_v1: All 0.3440 | Old 0.6349 | New 0.1956
Epoch 80, Train ACC Unlabelled_v2: All 0.2384 | Old 0.5345 | New 0.0874
Train Accuracies: All 0.3440 | Old 0.6349 | New 0.1956
Train Epoch: 81 Avg Loss: 1.6309 | Seen Class Acc: 0.0000 
Collating features...
262 56625
Epoch 81, Train ACC Unlabelled_v1: All 0.3442 | Old 0.6350 | New 0.1959
Epoch 81, Train ACC Unlabelled_v2: All 0.2387 | Old 0.5343 | New 0.0879
Train Accuracies: All 0.3442 | Old 0.6350 | New 0.1959
Train Epoch: 82 Avg Loss: 1.6307 | Seen Class Acc: 0.0000 
Collating features...
276 56625
Epoch 82, Train ACC Unlabelled_v1: All 0.3443 | Old 0.6355 | New 0.1958
Epoch 82, Train ACC Unlabelled_v2: All 0.2384 | Old 0.5350 | New 0.0871
Train Accuracies: All 0.3443 | Old 0.6355 | New 0.1958
Train Epoch: 83 Avg Loss: 1.6293 | Seen Class Acc: 0.0000 
Collating features...
274 56625
Epoch 83, Train ACC Unlabelled_v1: All 0.3442 | Old 0.6352 | New 0.1958
Epoch 83, Train ACC Unlabelled_v2: All 0.2389 | Old 0.5347 | New 0.0881
Train Accuracies: All 0.3442 | Old 0.6352 | New 0.1958
Train Epoch: 84 Avg Loss: 1.6328 | Seen Class Acc: 0.0000 
Collating features...
269 56625
Epoch 84, Train ACC Unlabelled_v1: All 0.3448 | Old 0.6356 | New 0.1964
Epoch 84, Train ACC Unlabelled_v2: All 0.2383 | Old 0.5186 | New 0.0953
Train Accuracies: All 0.3448 | Old 0.6356 | New 0.1964
Train Epoch: 85 Avg Loss: 1.6289 | Seen Class Acc: 0.0000 
Collating features...
276 56625
Epoch 85, Train ACC Unlabelled_v1: All 0.3445 | Old 0.6358 | New 0.1959
Epoch 85, Train ACC Unlabelled_v2: All 0.2375 | Old 0.5499 | New 0.0782
Train Accuracies: All 0.3445 | Old 0.6358 | New 0.1959
Train Epoch: 86 Avg Loss: 1.6257 | Seen Class Acc: 0.0000 
Collating features...
268 56625
Epoch 86, Train ACC Unlabelled_v1: All 0.3460 | Old 0.6368 | New 0.1978
Epoch 86, Train ACC Unlabelled_v2: All 0.2382 | Old 0.5342 | New 0.0872
Train Accuracies: All 0.3460 | Old 0.6368 | New 0.1978
Train Epoch: 87 Avg Loss: 1.6332 | Seen Class Acc: 0.0000 
Collating features...
277 56625
Epoch 87, Train ACC Unlabelled_v1: All 0.3443 | Old 0.6353 | New 0.1958
Epoch 87, Train ACC Unlabelled_v2: All 0.2375 | Old 0.5494 | New 0.0784
Train Accuracies: All 0.3443 | Old 0.6353 | New 0.1958
Train Epoch: 88 Avg Loss: 1.6306 | Seen Class Acc: 0.0000 
Collating features...
284 56625
Epoch 88, Train ACC Unlabelled_v1: All 0.3451 | Old 0.6358 | New 0.1968
Epoch 88, Train ACC Unlabelled_v2: All 0.2378 | Old 0.5160 | New 0.0959
Train Accuracies: All 0.3451 | Old 0.6358 | New 0.1968
Train Epoch: 89 Avg Loss: 1.6302 | Seen Class Acc: 0.0000 
Collating features...
267 56625
Epoch 89, Train ACC Unlabelled_v1: All 0.3447 | Old 0.6359 | New 0.1962
Epoch 89, Train ACC Unlabelled_v2: All 0.2369 | Old 0.5336 | New 0.0855
Train Accuracies: All 0.3447 | Old 0.6359 | New 0.1962
Train Epoch: 90 Avg Loss: 1.6340 | Seen Class Acc: 0.0000 
Collating features...
276 56625
Epoch 90, Train ACC Unlabelled_v1: All 0.3460 | Old 0.6366 | New 0.1979
Epoch 90, Train ACC Unlabelled_v2: All 0.2387 | Old 0.5340 | New 0.0882
Train Accuracies: All 0.3460 | Old 0.6366 | New 0.1979
Train Epoch: 91 Avg Loss: 1.6425 | Seen Class Acc: 0.0000 
Collating features...
281 56625
Epoch 91, Train ACC Unlabelled_v1: All 0.3458 | Old 0.6362 | New 0.1977
Epoch 91, Train ACC Unlabelled_v2: All 0.2387 | Old 0.5339 | New 0.0882
Train Accuracies: All 0.3458 | Old 0.6362 | New 0.1977
Train Epoch: 92 Avg Loss: 1.6384 | Seen Class Acc: 0.0000 
Collating features...
288 56625
Epoch 92, Train ACC Unlabelled_v1: All 0.3447 | Old 0.6357 | New 0.1963
Epoch 92, Train ACC Unlabelled_v2: All 0.2378 | Old 0.5501 | New 0.0785
Train Accuracies: All 0.3447 | Old 0.6357 | New 0.1963
Train Epoch: 93 Avg Loss: 1.6336 | Seen Class Acc: 0.0000 
Collating features...
271 56625
Epoch 93, Train ACC Unlabelled_v1: All 0.3454 | Old 0.6361 | New 0.1971
Epoch 93, Train ACC Unlabelled_v2: All 0.2383 | Old 0.5502 | New 0.0792
Train Accuracies: All 0.3454 | Old 0.6361 | New 0.1971
Train Epoch: 94 Avg Loss: 1.6317 | Seen Class Acc: 0.0000 
Collating features...
275 56625
Epoch 94, Train ACC Unlabelled_v1: All 0.3443 | Old 0.6353 | New 0.1959
Epoch 94, Train ACC Unlabelled_v2: All 0.2372 | Old 0.5184 | New 0.0938
Train Accuracies: All 0.3443 | Old 0.6353 | New 0.1959
Train Epoch: 95 Avg Loss: 1.6330 | Seen Class Acc: 0.0000 
Collating features...
284 56625
Epoch 95, Train ACC Unlabelled_v1: All 0.3453 | Old 0.6370 | New 0.1966
Epoch 95, Train ACC Unlabelled_v2: All 0.2395 | Old 0.5362 | New 0.0882
Train Accuracies: All 0.3453 | Old 0.6370 | New 0.1966
Train Epoch: 96 Avg Loss: 1.6391 | Seen Class Acc: 0.0000 
Collating features...
280 56625
Epoch 96, Train ACC Unlabelled_v1: All 0.3452 | Old 0.6354 | New 0.1972
Epoch 96, Train ACC Unlabelled_v2: All 0.2389 | Old 0.5350 | New 0.0878
Train Accuracies: All 0.3452 | Old 0.6354 | New 0.1972
Train Epoch: 97 Avg Loss: 1.6315 | Seen Class Acc: 0.0000 
Collating features...
272 56625
Epoch 97, Train ACC Unlabelled_v1: All 0.3450 | Old 0.6364 | New 0.1964
Epoch 97, Train ACC Unlabelled_v2: All 0.2384 | Old 0.5508 | New 0.0791
Train Accuracies: All 0.3450 | Old 0.6364 | New 0.1964
Train Epoch: 98 Avg Loss: 1.6377 | Seen Class Acc: 0.0000 
Collating features...
272 56625
Epoch 98, Train ACC Unlabelled_v1: All 0.3455 | Old 0.6365 | New 0.1971
Epoch 98, Train ACC Unlabelled_v2: All 0.2381 | Old 0.5342 | New 0.0871
Train Accuracies: All 0.3455 | Old 0.6365 | New 0.1971
Train Epoch: 99 Avg Loss: 1.6310 | Seen Class Acc: 0.0000 
Collating features...
271 56625
Epoch 99, Train ACC Unlabelled_v1: All 0.3448 | Old 0.6360 | New 0.1963
Epoch 99, Train ACC Unlabelled_v2: All 0.2375 | Old 0.5335 | New 0.0866
Train Accuracies: All 0.3448 | Old 0.6360 | New 0.1963
Experiment saved to: /wang_hp/zhy/OCD/source_code/checkpoints/log/(13.04.2024_|_04.992)
['checkpoints']
Namespace(base_model='vit_dino', batch_size=128, contrast_unlabel_only=False, cuda=True, dataset_name='food', epochs=100, eval_funcs=['v1', 'v2'], exp_root='/wang_hp/zhy/OCD/source_code', gamma=0.1, grad_from_block=11, image_size=224, log_dir='/wang_hp/zhy/OCD/source_code/checkpoints/log/(13.04.2024_|_04.992)', lr=0.01, model_dir='/wang_hp/zhy/OCD/source_code/checkpoints/log/(13.04.2024_|_04.992)/checkpoints', model_name='vit_dino', model_path='/wang_hp/zhy/OCD/source_code/checkpoints/log/(13.04.2024_|_04.992)/checkpoints/model.pt', momentum=0.9, n_views=2, num_labeled_classes=51, num_unlabeled_classes=50, num_workers=16, prop_train_labels=0.5, save_best_thresh=None, seed=1, sup_con_weight=0.5, temperature=1.0, train_classes=range(0, 51), transform='imagenet', unlabeled_classes=range(51, 101), use_ssb_splits=True, warmup_model_dir=None, weight_decay=5e-05, writer=<torch.utils.tensorboard.writer.SummaryWriter object at 0x7feb22d823d0>)
Using evaluation function v1 to print results
Train Epoch: 0 Avg Loss: 5.4022 | Seen Class Acc: 0.0000 
Collating features...
398 56625
Epoch 0, Train ACC Unlabelled_v1: All 0.2235 | Old 0.3379 | New 0.1652
Epoch 0, Train ACC Unlabelled_v2: All 0.1750 | Old 0.2597 | New 0.1318
Train Accuracies: All 0.2235 | Old 0.3379 | New 0.1652
Train Epoch: 1 Avg Loss: 3.7939 | Seen Class Acc: 0.0000 
Collating features...
381 56625
Epoch 1, Train ACC Unlabelled_v1: All 0.2628 | Old 0.4536 | New 0.1654
Epoch 1, Train ACC Unlabelled_v2: All 0.2019 | Old 0.3666 | New 0.1179
Train Accuracies: All 0.2628 | Old 0.4536 | New 0.1654
Train Epoch: 2 Avg Loss: 3.2924 | Seen Class Acc: 0.0000 
Collating features...
328 56625
Epoch 2, Train ACC Unlabelled_v1: All 0.2804 | Old 0.4948 | New 0.1710
Epoch 2, Train ACC Unlabelled_v2: All 0.2125 | Old 0.3876 | New 0.1232
Train Accuracies: All 0.2804 | Old 0.4948 | New 0.1710
Train Epoch: 3 Avg Loss: 2.9587 | Seen Class Acc: 0.0000 
Collating features...
350 56625
Epoch 3, Train ACC Unlabelled_v1: All 0.2937 | Old 0.5451 | New 0.1655
Epoch 3, Train ACC Unlabelled_v2: All 0.2222 | Old 0.4817 | New 0.0899
Train Accuracies: All 0.2937 | Old 0.5451 | New 0.1655
Train Epoch: 4 Avg Loss: 2.7077 | Seen Class Acc: 0.0000 
Collating features...
359 56625
Epoch 4, Train ACC Unlabelled_v1: All 0.3055 | Old 0.5609 | New 0.1752
Epoch 4, Train ACC Unlabelled_v2: All 0.2332 | Old 0.4952 | New 0.0996
Train Accuracies: All 0.3055 | Old 0.5609 | New 0.1752
Train Epoch: 5 Avg Loss: 2.5145 | Seen Class Acc: 0.0000 
Collating features...
359 56625
Epoch 5, Train ACC Unlabelled_v1: All 0.3069 | Old 0.5574 | New 0.1791
Epoch 5, Train ACC Unlabelled_v2: All 0.2249 | Old 0.4940 | New 0.0877
Train Accuracies: All 0.3069 | Old 0.5574 | New 0.1791
Train Epoch: 6 Avg Loss: 2.3306 | Seen Class Acc: 0.0000 
Collating features...
392 56625
Epoch 6, Train ACC Unlabelled_v1: All 0.3129 | Old 0.5814 | New 0.1759
Epoch 6, Train ACC Unlabelled_v2: All 0.2301 | Old 0.4964 | New 0.0943
Train Accuracies: All 0.3129 | Old 0.5814 | New 0.1759
Train Epoch: 7 Avg Loss: 2.1811 | Seen Class Acc: 0.0000 
Collating features...
363 56625
Epoch 7, Train ACC Unlabelled_v1: All 0.3156 | Old 0.5795 | New 0.1811
Epoch 7, Train ACC Unlabelled_v2: All 0.2272 | Old 0.5020 | New 0.0871
Train Accuracies: All 0.3156 | Old 0.5795 | New 0.1811
Train Epoch: 8 Avg Loss: 2.0806 | Seen Class Acc: 0.0000 
Collating features...
392 56625
Epoch 8, Train ACC Unlabelled_v1: All 0.3244 | Old 0.5993 | New 0.1842
Epoch 8, Train ACC Unlabelled_v2: All 0.2361 | Old 0.5214 | New 0.0907
Train Accuracies: All 0.3244 | Old 0.5993 | New 0.1842
Train Epoch: 9 Avg Loss: 1.9954 | Seen Class Acc: 0.0000 
Collating features...
410 56625
Epoch 9, Train ACC Unlabelled_v1: All 0.3221 | Old 0.6026 | New 0.1790
Epoch 9, Train ACC Unlabelled_v2: All 0.2360 | Old 0.5180 | New 0.0922
Train Accuracies: All 0.3221 | Old 0.6026 | New 0.1790
Train Epoch: 10 Avg Loss: 1.9074 | Seen Class Acc: 0.0000 
Collating features...
450 56625
Epoch 10, Train ACC Unlabelled_v1: All 0.3195 | Old 0.5987 | New 0.1771
Epoch 10, Train ACC Unlabelled_v2: All 0.2316 | Old 0.5009 | New 0.0942
Train Accuracies: All 0.3195 | Old 0.5987 | New 0.1771
Train Epoch: 11 Avg Loss: 1.8482 | Seen Class Acc: 0.0000 
Collating features...
436 56625
Epoch 11, Train ACC Unlabelled_v1: All 0.3264 | Old 0.6110 | New 0.1813
Epoch 11, Train ACC Unlabelled_v2: All 0.2363 | Old 0.5121 | New 0.0957
Train Accuracies: All 0.3264 | Old 0.6110 | New 0.1813
Train Epoch: 12 Avg Loss: 1.7918 | Seen Class Acc: 0.0000 
Collating features...
375 56625
Epoch 12, Train ACC Unlabelled_v1: All 0.3305 | Old 0.6168 | New 0.1845
Epoch 12, Train ACC Unlabelled_v2: All 0.2373 | Old 0.5479 | New 0.0788
Train Accuracies: All 0.3305 | Old 0.6168 | New 0.1845
Train Epoch: 13 Avg Loss: 1.7524 | Seen Class Acc: 0.0000 
Collating features...
399 56625
Epoch 13, Train ACC Unlabelled_v1: All 0.3314 | Old 0.6154 | New 0.1865
Epoch 13, Train ACC Unlabelled_v2: All 0.2358 | Old 0.5172 | New 0.0922
Train Accuracies: All 0.3314 | Old 0.6154 | New 0.1865
Train Epoch: 14 Avg Loss: 1.7305 | Seen Class Acc: 0.0000 
Collating features...
447 56625
Epoch 14, Train ACC Unlabelled_v1: All 0.3375 | Old 0.6231 | New 0.1919
Epoch 14, Train ACC Unlabelled_v2: All 0.2416 | Old 0.5110 | New 0.1042
Train Accuracies: All 0.3375 | Old 0.6231 | New 0.1919
Train Epoch: 15 Avg Loss: 1.7171 | Seen Class Acc: 0.0000 
Collating features...
379 56625
Epoch 15, Train ACC Unlabelled_v1: All 0.3347 | Old 0.6216 | New 0.1884
Epoch 15, Train ACC Unlabelled_v2: All 0.2367 | Old 0.5225 | New 0.0910
Train Accuracies: All 0.3347 | Old 0.6216 | New 0.1884
Train Epoch: 16 Avg Loss: 1.6937 | Seen Class Acc: 0.0000 
Collating features...
400 56625
Epoch 16, Train ACC Unlabelled_v1: All 0.3359 | Old 0.6230 | New 0.1895
Epoch 16, Train ACC Unlabelled_v2: All 0.2399 | Old 0.5277 | New 0.0931
Train Accuracies: All 0.3359 | Old 0.6230 | New 0.1895
Train Epoch: 17 Avg Loss: 1.6945 | Seen Class Acc: 0.0000 
Collating features...
367 56625
Epoch 17, Train ACC Unlabelled_v1: All 0.3354 | Old 0.6258 | New 0.1873
Epoch 17, Train ACC Unlabelled_v2: All 0.2399 | Old 0.5316 | New 0.0911
Train Accuracies: All 0.3354 | Old 0.6258 | New 0.1873
Train Epoch: 18 Avg Loss: 1.6733 | Seen Class Acc: 0.0000 
Collating features...
355 56625
Epoch 18, Train ACC Unlabelled_v1: All 0.3371 | Old 0.6274 | New 0.1890
Epoch 18, Train ACC Unlabelled_v2: All 0.2418 | Old 0.5142 | New 0.1028
Train Accuracies: All 0.3371 | Old 0.6274 | New 0.1890
Train Epoch: 19 Avg Loss: 1.6804 | Seen Class Acc: 0.0000 
Collating features...
397 56625
Epoch 19, Train ACC Unlabelled_v1: All 0.3390 | Old 0.6291 | New 0.1911
Epoch 19, Train ACC Unlabelled_v2: All 0.2413 | Old 0.5274 | New 0.0953
Train Accuracies: All 0.3390 | Old 0.6291 | New 0.1911
Train Epoch: 20 Avg Loss: 1.6677 | Seen Class Acc: 0.0000 
Collating features...
355 56625
Epoch 20, Train ACC Unlabelled_v1: All 0.3395 | Old 0.6283 | New 0.1922
Epoch 20, Train ACC Unlabelled_v2: All 0.2420 | Old 0.5469 | New 0.0865
Train Accuracies: All 0.3395 | Old 0.6283 | New 0.1922
Train Epoch: 21 Avg Loss: 1.6696 | Seen Class Acc: 0.0000 
Collating features...
330 56625
Epoch 21, Train ACC Unlabelled_v1: All 0.3379 | Old 0.6291 | New 0.1894
Epoch 21, Train ACC Unlabelled_v2: All 0.2417 | Old 0.5281 | New 0.0957
Train Accuracies: All 0.3379 | Old 0.6291 | New 0.1894
Train Epoch: 22 Avg Loss: 1.6669 | Seen Class Acc: 0.0000 
Collating features...
364 56625
Epoch 22, Train ACC Unlabelled_v1: All 0.3334 | Old 0.6280 | New 0.1831
Epoch 22, Train ACC Unlabelled_v2: All 0.2371 | Old 0.5296 | New 0.0879
Train Accuracies: All 0.3334 | Old 0.6280 | New 0.1831
Train Epoch: 23 Avg Loss: 1.6601 | Seen Class Acc: 0.0000 
Collating features...
365 56625
Epoch 23, Train ACC Unlabelled_v1: All 0.3433 | Old 0.6291 | New 0.1975
Epoch 23, Train ACC Unlabelled_v2: All 0.2419 | Old 0.5175 | New 0.1014
Train Accuracies: All 0.3433 | Old 0.6291 | New 0.1975
Train Epoch: 24 Avg Loss: 1.6638 | Seen Class Acc: 0.0000 
Collating features...
367 56625
Epoch 24, Train ACC Unlabelled_v1: All 0.3408 | Old 0.6308 | New 0.1928
Epoch 24, Train ACC Unlabelled_v2: All 0.2428 | Old 0.5171 | New 0.1029
Train Accuracies: All 0.3408 | Old 0.6308 | New 0.1928
Train Epoch: 25 Avg Loss: 1.6515 | Seen Class Acc: 0.0000 
Collating features...
363 56625
Epoch 25, Train ACC Unlabelled_v1: All 0.3391 | Old 0.6332 | New 0.1892
Epoch 25, Train ACC Unlabelled_v2: All 0.2421 | Old 0.5336 | New 0.0934
Train Accuracies: All 0.3391 | Old 0.6332 | New 0.1892
Train Epoch: 26 Avg Loss: 1.6508 | Seen Class Acc: 0.0000 
Collating features...
347 56625
Epoch 26, Train ACC Unlabelled_v1: All 0.3361 | Old 0.6255 | New 0.1886
Epoch 26, Train ACC Unlabelled_v2: All 0.2354 | Old 0.5269 | New 0.0868
Train Accuracies: All 0.3361 | Old 0.6255 | New 0.1886
Train Epoch: 27 Avg Loss: 1.6538 | Seen Class Acc: 0.0000 
Collating features...
373 56625
Epoch 27, Train ACC Unlabelled_v1: All 0.3395 | Old 0.6334 | New 0.1896
Epoch 27, Train ACC Unlabelled_v2: All 0.2405 | Old 0.5530 | New 0.0812
Train Accuracies: All 0.3395 | Old 0.6334 | New 0.1896
Train Epoch: 28 Avg Loss: 1.6493 | Seen Class Acc: 0.0000 
Collating features...
348 56625
Epoch 28, Train ACC Unlabelled_v1: All 0.3433 | Old 0.6358 | New 0.1941
Epoch 28, Train ACC Unlabelled_v2: All 0.2440 | Old 0.5214 | New 0.1025
Train Accuracies: All 0.3433 | Old 0.6358 | New 0.1941
Train Epoch: 29 Avg Loss: 1.6493 | Seen Class Acc: 0.0000 
Collating features...
364 56625
Epoch 29, Train ACC Unlabelled_v1: All 0.3443 | Old 0.6372 | New 0.1949
Epoch 29, Train ACC Unlabelled_v2: All 0.2446 | Old 0.5059 | New 0.1114
Train Accuracies: All 0.3443 | Old 0.6372 | New 0.1949
Train Epoch: 30 Avg Loss: 1.6485 | Seen Class Acc: 0.0000 
Collating features...
348 56625
Epoch 30, Train ACC Unlabelled_v1: All 0.3437 | Old 0.6349 | New 0.1952
Epoch 30, Train ACC Unlabelled_v2: All 0.2416 | Old 0.5034 | New 0.1081
Train Accuracies: All 0.3437 | Old 0.6349 | New 0.1952
Train Epoch: 31 Avg Loss: 1.6508 | Seen Class Acc: 0.0000 
Collating features...
321 56625
Epoch 31, Train ACC Unlabelled_v1: All 0.3417 | Old 0.6328 | New 0.1933
Epoch 31, Train ACC Unlabelled_v2: All 0.2404 | Old 0.5335 | New 0.0908
Train Accuracies: All 0.3417 | Old 0.6328 | New 0.1933
Train Epoch: 32 Avg Loss: 1.6512 | Seen Class Acc: 0.0000 
Collating features...
321 56625
Epoch 32, Train ACC Unlabelled_v1: All 0.3419 | Old 0.6337 | New 0.1931
Epoch 32, Train ACC Unlabelled_v2: All 0.2392 | Old 0.5169 | New 0.0976
Train Accuracies: All 0.3419 | Old 0.6337 | New 0.1931
Train Epoch: 33 Avg Loss: 1.6438 | Seen Class Acc: 0.0000 
Collating features...
332 56625
Epoch 33, Train ACC Unlabelled_v1: All 0.3399 | Old 0.6340 | New 0.1899
Epoch 33, Train ACC Unlabelled_v2: All 0.2395 | Old 0.5173 | New 0.0978
Train Accuracies: All 0.3399 | Old 0.6340 | New 0.1899
Train Epoch: 34 Avg Loss: 1.6395 | Seen Class Acc: 0.0000 
Collating features...
311 56625
Epoch 34, Train ACC Unlabelled_v1: All 0.3443 | Old 0.6362 | New 0.1954
Epoch 34, Train ACC Unlabelled_v2: All 0.2421 | Old 0.5225 | New 0.0991
Train Accuracies: All 0.3443 | Old 0.6362 | New 0.1954
Train Epoch: 35 Avg Loss: 1.6418 | Seen Class Acc: 0.0000 
Collating features...
320 56625
Epoch 35, Train ACC Unlabelled_v1: All 0.3454 | Old 0.6364 | New 0.1970
Epoch 35, Train ACC Unlabelled_v2: All 0.2438 | Old 0.5225 | New 0.1016
Train Accuracies: All 0.3454 | Old 0.6364 | New 0.1970
Train Epoch: 36 Avg Loss: 1.6467 | Seen Class Acc: 0.0000 
Collating features...
317 56625
Epoch 36, Train ACC Unlabelled_v1: All 0.3450 | Old 0.6379 | New 0.1955
Epoch 36, Train ACC Unlabelled_v2: All 0.2423 | Old 0.5240 | New 0.0986
Train Accuracies: All 0.3450 | Old 0.6379 | New 0.1955
Train Epoch: 37 Avg Loss: 1.6398 | Seen Class Acc: 0.0000 
Collating features...
321 56625
Epoch 37, Train ACC Unlabelled_v1: All 0.3445 | Old 0.6381 | New 0.1947
Epoch 37, Train ACC Unlabelled_v2: All 0.2418 | Old 0.5048 | New 0.1077
Train Accuracies: All 0.3445 | Old 0.6381 | New 0.1947
Train Epoch: 38 Avg Loss: 1.6372 | Seen Class Acc: 0.0000 
Collating features...
311 56625
Epoch 38, Train ACC Unlabelled_v1: All 0.3453 | Old 0.6400 | New 0.1950
Epoch 38, Train ACC Unlabelled_v2: All 0.2432 | Old 0.5395 | New 0.0921
Train Accuracies: All 0.3453 | Old 0.6400 | New 0.1950
Train Epoch: 39 Avg Loss: 1.6376 | Seen Class Acc: 0.0000 
Collating features...
311 56625
Epoch 39, Train ACC Unlabelled_v1: All 0.3428 | Old 0.6395 | New 0.1915
Epoch 39, Train ACC Unlabelled_v2: All 0.2415 | Old 0.5399 | New 0.0893
Train Accuracies: All 0.3428 | Old 0.6395 | New 0.1915
Train Epoch: 40 Avg Loss: 1.6364 | Seen Class Acc: 0.0000 
Collating features...
321 56625
Epoch 40, Train ACC Unlabelled_v1: All 0.3436 | Old 0.6385 | New 0.1931
Epoch 40, Train ACC Unlabelled_v2: All 0.2411 | Old 0.5241 | New 0.0967
Train Accuracies: All 0.3436 | Old 0.6385 | New 0.1931
Train Epoch: 41 Avg Loss: 1.6399 | Seen Class Acc: 0.0000 
Collating features...
292 56625
Epoch 41, Train ACC Unlabelled_v1: All 0.3433 | Old 0.6390 | New 0.1925
Epoch 41, Train ACC Unlabelled_v2: All 0.2415 | Old 0.5393 | New 0.0895
Train Accuracies: All 0.3433 | Old 0.6390 | New 0.1925
Train Epoch: 42 Avg Loss: 1.6376 | Seen Class Acc: 0.0000 
Collating features...
310 56625
Epoch 42, Train ACC Unlabelled_v1: All 0.3455 | Old 0.6394 | New 0.1956
Epoch 42, Train ACC Unlabelled_v2: All 0.2427 | Old 0.5072 | New 0.1078
Train Accuracies: All 0.3455 | Old 0.6394 | New 0.1956
Train Epoch: 43 Avg Loss: 1.6369 | Seen Class Acc: 0.0000 
Collating features...
312 56625
Epoch 43, Train ACC Unlabelled_v1: All 0.3445 | Old 0.6390 | New 0.1943
Epoch 43, Train ACC Unlabelled_v2: All 0.2413 | Old 0.5079 | New 0.1053
Train Accuracies: All 0.3445 | Old 0.6390 | New 0.1943
Train Epoch: 44 Avg Loss: 1.6421 | Seen Class Acc: 0.0000 
Collating features...
300 56625
Epoch 44, Train ACC Unlabelled_v1: All 0.3457 | Old 0.6385 | New 0.1964
Epoch 44, Train ACC Unlabelled_v2: All 0.2421 | Old 0.5242 | New 0.0983
Train Accuracies: All 0.3457 | Old 0.6385 | New 0.1964
Train Epoch: 45 Avg Loss: 1.6389 | Seen Class Acc: 0.0000 
Collating features...
337 56625
Epoch 45, Train ACC Unlabelled_v1: All 0.3447 | Old 0.6396 | New 0.1943
Epoch 45, Train ACC Unlabelled_v2: All 0.2401 | Old 0.4938 | New 0.1107
Train Accuracies: All 0.3447 | Old 0.6396 | New 0.1943
Train Epoch: 46 Avg Loss: 1.6345 | Seen Class Acc: 0.0000 
Collating features...
305 56625
Epoch 46, Train ACC Unlabelled_v1: All 0.3453 | Old 0.6376 | New 0.1962
Epoch 46, Train ACC Unlabelled_v2: All 0.2418 | Old 0.5084 | New 0.1059
Train Accuracies: All 0.3453 | Old 0.6376 | New 0.1962
Train Epoch: 47 Avg Loss: 1.6331 | Seen Class Acc: 0.0000 
Collating features...
317 56625
Epoch 47, Train ACC Unlabelled_v1: All 0.3390 | Old 0.6378 | New 0.1866
Epoch 47, Train ACC Unlabelled_v2: All 0.2401 | Old 0.5558 | New 0.0791
Train Accuracies: All 0.3390 | Old 0.6378 | New 0.1866
Train Epoch: 48 Avg Loss: 1.6348 | Seen Class Acc: 0.0000 
Collating features...
304 56625
Epoch 48, Train ACC Unlabelled_v1: All 0.3414 | Old 0.6385 | New 0.1899
Epoch 48, Train ACC Unlabelled_v2: All 0.2397 | Old 0.5404 | New 0.0863
Train Accuracies: All 0.3414 | Old 0.6385 | New 0.1899
Train Epoch: 49 Avg Loss: 1.6401 | Seen Class Acc: 0.0000 
Collating features...
326 56625
Epoch 49, Train ACC Unlabelled_v1: All 0.3446 | Old 0.6391 | New 0.1944
Epoch 49, Train ACC Unlabelled_v2: All 0.2406 | Old 0.5089 | New 0.1037
Train Accuracies: All 0.3446 | Old 0.6391 | New 0.1944
Train Epoch: 50 Avg Loss: 1.6318 | Seen Class Acc: 0.0000 
Collating features...
305 56625
Epoch 50, Train ACC Unlabelled_v1: All 0.3428 | Old 0.6397 | New 0.1913
Epoch 50, Train ACC Unlabelled_v2: All 0.2412 | Old 0.5250 | New 0.0964
Train Accuracies: All 0.3428 | Old 0.6397 | New 0.1913
Train Epoch: 51 Avg Loss: 1.6383 | Seen Class Acc: 0.0000 
Collating features...
301 56625
Epoch 51, Train ACC Unlabelled_v1: All 0.3419 | Old 0.6385 | New 0.1907
Epoch 51, Train ACC Unlabelled_v2: All 0.2416 | Old 0.5226 | New 0.0983
Train Accuracies: All 0.3419 | Old 0.6385 | New 0.1907
Train Epoch: 52 Avg Loss: 1.6350 | Seen Class Acc: 0.0000 
Collating features...
308 56625
Epoch 52, Train ACC Unlabelled_v1: All 0.3417 | Old 0.6382 | New 0.1905
Epoch 52, Train ACC Unlabelled_v2: All 0.2403 | Old 0.5548 | New 0.0798
Train Accuracies: All 0.3417 | Old 0.6382 | New 0.1905
Train Epoch: 53 Avg Loss: 1.6337 | Seen Class Acc: 0.0000 
Collating features...
326 56625
Epoch 53, Train ACC Unlabelled_v1: All 0.3448 | Old 0.6406 | New 0.1940
Epoch 53, Train ACC Unlabelled_v2: All 0.2415 | Old 0.5241 | New 0.0974
Train Accuracies: All 0.3448 | Old 0.6406 | New 0.1940
Train Epoch: 54 Avg Loss: 1.6288 | Seen Class Acc: 0.0000 
Collating features...
312 56625
Epoch 54, Train ACC Unlabelled_v1: All 0.3436 | Old 0.6403 | New 0.1923
Epoch 54, Train ACC Unlabelled_v2: All 0.2410 | Old 0.5084 | New 0.1047
Train Accuracies: All 0.3436 | Old 0.6403 | New 0.1923
Train Epoch: 55 Avg Loss: 1.6289 | Seen Class Acc: 0.0000 
Collating features...
291 56625
Epoch 55, Train ACC Unlabelled_v1: All 0.3430 | Old 0.6389 | New 0.1921
Epoch 55, Train ACC Unlabelled_v2: All 0.2407 | Old 0.5218 | New 0.0973
Train Accuracies: All 0.3430 | Old 0.6389 | New 0.1921
Train Epoch: 56 Avg Loss: 1.6327 | Seen Class Acc: 0.0000 
Collating features...
286 56625
Epoch 56, Train ACC Unlabelled_v1: All 0.3445 | Old 0.6403 | New 0.1937
Epoch 56, Train ACC Unlabelled_v2: All 0.2428 | Old 0.5077 | New 0.1077
Train Accuracies: All 0.3445 | Old 0.6403 | New 0.1937
Train Epoch: 57 Avg Loss: 1.6401 | Seen Class Acc: 0.0000 
Collating features...
294 56625
Epoch 57, Train ACC Unlabelled_v1: All 0.3456 | Old 0.6406 | New 0.1951
Epoch 57, Train ACC Unlabelled_v2: All 0.2422 | Old 0.5256 | New 0.0977
Train Accuracies: All 0.3456 | Old 0.6406 | New 0.1951
Train Epoch: 58 Avg Loss: 1.6330 | Seen Class Acc: 0.0000 
Collating features...
294 56625
Epoch 58, Train ACC Unlabelled_v1: All 0.3453 | Old 0.6413 | New 0.1944
Epoch 58, Train ACC Unlabelled_v2: All 0.2417 | Old 0.5409 | New 0.0890
Train Accuracies: All 0.3453 | Old 0.6413 | New 0.1944
Train Epoch: 59 Avg Loss: 1.6251 | Seen Class Acc: 0.0000 
Collating features...
303 56625
Epoch 59, Train ACC Unlabelled_v1: All 0.3448 | Old 0.6397 | New 0.1943
Epoch 59, Train ACC Unlabelled_v2: All 0.2406 | Old 0.5395 | New 0.0882
Train Accuracies: All 0.3448 | Old 0.6397 | New 0.1943
Train Epoch: 60 Avg Loss: 1.6361 | Seen Class Acc: 0.0000 
Collating features...
317 56625
Epoch 60, Train ACC Unlabelled_v1: All 0.3450 | Old 0.6408 | New 0.1941
Epoch 60, Train ACC Unlabelled_v2: All 0.2413 | Old 0.5260 | New 0.0961
Train Accuracies: All 0.3450 | Old 0.6408 | New 0.1941
Train Epoch: 61 Avg Loss: 1.6256 | Seen Class Acc: 0.0000 
Collating features...
310 56625
Epoch 61, Train ACC Unlabelled_v1: All 0.3450 | Old 0.6410 | New 0.1940
Epoch 61, Train ACC Unlabelled_v2: All 0.2418 | Old 0.5253 | New 0.0972
Train Accuracies: All 0.3450 | Old 0.6410 | New 0.1940
Train Epoch: 62 Avg Loss: 1.6329 | Seen Class Acc: 0.0000 
Collating features...
313 56625
Epoch 62, Train ACC Unlabelled_v1: All 0.3448 | Old 0.6410 | New 0.1938
Epoch 62, Train ACC Unlabelled_v2: All 0.2413 | Old 0.5256 | New 0.0963
Train Accuracies: All 0.3448 | Old 0.6410 | New 0.1938
Train Epoch: 63 Avg Loss: 1.6408 | Seen Class Acc: 0.0000 
Collating features...
296 56625
Epoch 63, Train ACC Unlabelled_v1: All 0.3437 | Old 0.6407 | New 0.1922
Epoch 63, Train ACC Unlabelled_v2: All 0.2417 | Old 0.5262 | New 0.0966
Train Accuracies: All 0.3437 | Old 0.6407 | New 0.1922
Train Epoch: 64 Avg Loss: 1.6318 | Seen Class Acc: 0.0000 
Collating features...
292 56625
Epoch 64, Train ACC Unlabelled_v1: All 0.3440 | Old 0.6404 | New 0.1929
Epoch 64, Train ACC Unlabelled_v2: All 0.2404 | Old 0.5260 | New 0.0948
Train Accuracies: All 0.3440 | Old 0.6404 | New 0.1929
Train Epoch: 65 Avg Loss: 1.6307 | Seen Class Acc: 0.0000 
Collating features...
301 56625
Epoch 65, Train ACC Unlabelled_v1: All 0.3452 | Old 0.6415 | New 0.1941
Epoch 65, Train ACC Unlabelled_v2: All 0.2420 | Old 0.5264 | New 0.0969
Train Accuracies: All 0.3452 | Old 0.6415 | New 0.1941
Train Epoch: 66 Avg Loss: 1.6343 | Seen Class Acc: 0.0000 
Collating features...
293 56625
Epoch 66, Train ACC Unlabelled_v1: All 0.3445 | Old 0.6411 | New 0.1933
Epoch 66, Train ACC Unlabelled_v2: All 0.2413 | Old 0.5263 | New 0.0960
Train Accuracies: All 0.3445 | Old 0.6411 | New 0.1933
Train Epoch: 67 Avg Loss: 1.6349 | Seen Class Acc: 0.0000 
Collating features...
310 56625
Epoch 67, Train ACC Unlabelled_v1: All 0.3458 | Old 0.6419 | New 0.1947
Epoch 67, Train ACC Unlabelled_v2: All 0.2419 | Old 0.5260 | New 0.0970
Train Accuracies: All 0.3458 | Old 0.6419 | New 0.1947
Train Epoch: 68 Avg Loss: 1.6297 | Seen Class Acc: 0.0000 
Collating features...
294 56625
Epoch 68, Train ACC Unlabelled_v1: All 0.3450 | Old 0.6410 | New 0.1940
Epoch 68, Train ACC Unlabelled_v2: All 0.2410 | Old 0.5260 | New 0.0957
Train Accuracies: All 0.3450 | Old 0.6410 | New 0.1940
Train Epoch: 69 Avg Loss: 1.6348 | Seen Class Acc: 0.0000 
Collating features...
299 56625
Epoch 69, Train ACC Unlabelled_v1: All 0.3449 | Old 0.6412 | New 0.1938
Epoch 69, Train ACC Unlabelled_v2: All 0.2414 | Old 0.5259 | New 0.0963
Train Accuracies: All 0.3449 | Old 0.6412 | New 0.1938
Train Epoch: 70 Avg Loss: 1.6322 | Seen Class Acc: 0.0000 
Collating features...
291 56625
Epoch 70, Train ACC Unlabelled_v1: All 0.3439 | Old 0.6404 | New 0.1926
Epoch 70, Train ACC Unlabelled_v2: All 0.2411 | Old 0.5252 | New 0.0962
Train Accuracies: All 0.3439 | Old 0.6404 | New 0.1926
Train Epoch: 71 Avg Loss: 1.6348 | Seen Class Acc: 0.0000 
Collating features...
283 56625
Epoch 71, Train ACC Unlabelled_v1: All 0.3450 | Old 0.6406 | New 0.1943
Epoch 71, Train ACC Unlabelled_v2: All 0.2416 | Old 0.5080 | New 0.1057
Train Accuracies: All 0.3450 | Old 0.6406 | New 0.1943
Train Epoch: 72 Avg Loss: 1.6312 | Seen Class Acc: 0.0000 
Collating features...
297 56625
Epoch 72, Train ACC Unlabelled_v1: All 0.3451 | Old 0.6415 | New 0.1939
Epoch 72, Train ACC Unlabelled_v2: All 0.2425 | Old 0.5265 | New 0.0977
Train Accuracies: All 0.3451 | Old 0.6415 | New 0.1939
Train Epoch: 73 Avg Loss: 1.6393 | Seen Class Acc: 0.0000 
Collating features...
306 56625
Epoch 73, Train ACC Unlabelled_v1: All 0.3452 | Old 0.6412 | New 0.1943
Epoch 73, Train ACC Unlabelled_v2: All 0.2423 | Old 0.5258 | New 0.0978
Train Accuracies: All 0.3452 | Old 0.6412 | New 0.1943
Train Epoch: 74 Avg Loss: 1.6276 | Seen Class Acc: 0.0000 
Collating features...
289 56625
Epoch 74, Train ACC Unlabelled_v1: All 0.3442 | Old 0.6412 | New 0.1927
Epoch 74, Train ACC Unlabelled_v2: All 0.2413 | Old 0.5260 | New 0.0962
Train Accuracies: All 0.3442 | Old 0.6412 | New 0.1927
Train Epoch: 75 Avg Loss: 1.6316 | Seen Class Acc: 0.0000 
Collating features...
318 56625
Epoch 75, Train ACC Unlabelled_v1: All 0.3458 | Old 0.6420 | New 0.1947
Epoch 75, Train ACC Unlabelled_v2: All 0.2420 | Old 0.5268 | New 0.0968
Train Accuracies: All 0.3458 | Old 0.6420 | New 0.1947
Train Epoch: 76 Avg Loss: 1.6336 | Seen Class Acc: 0.0000 
Collating features...
313 56625
Epoch 76, Train ACC Unlabelled_v1: All 0.3450 | Old 0.6412 | New 0.1939
Epoch 76, Train ACC Unlabelled_v2: All 0.2418 | Old 0.5262 | New 0.0968
Train Accuracies: All 0.3450 | Old 0.6412 | New 0.1939
Train Epoch: 77 Avg Loss: 1.6308 | Seen Class Acc: 0.0000 
Collating features...
317 56625
Epoch 77, Train ACC Unlabelled_v1: All 0.3455 | Old 0.6414 | New 0.1947
Epoch 77, Train ACC Unlabelled_v2: All 0.2413 | Old 0.5266 | New 0.0958
Train Accuracies: All 0.3455 | Old 0.6414 | New 0.1947
Train Epoch: 78 Avg Loss: 1.6307 | Seen Class Acc: 0.0000 
Collating features...
303 56625
Epoch 78, Train ACC Unlabelled_v1: All 0.3454 | Old 0.6418 | New 0.1943
Epoch 78, Train ACC Unlabelled_v2: All 0.2422 | Old 0.5406 | New 0.0900
Train Accuracies: All 0.3454 | Old 0.6418 | New 0.1943
Train Epoch: 79 Avg Loss: 1.6291 | Seen Class Acc: 0.0000 
Collating features...
316 56625
Epoch 79, Train ACC Unlabelled_v1: All 0.3451 | Old 0.6412 | New 0.1941
Epoch 79, Train ACC Unlabelled_v2: All 0.2417 | Old 0.5251 | New 0.0971
Train Accuracies: All 0.3451 | Old 0.6412 | New 0.1941
