Experiment saved to: /home/pszzz/hyzheng/myocd/SMILE/checkpoints/log/(28.04.2024_|_14.033)
['checkpoints']
Namespace(batch_size=128, num_workers=16, eval_funcs=['v1', 'v2'], warmup_model_dir=None, model_name='vit_dino', dataset_name='Mammalia', prop_train_labels=0.5, use_ssb_splits=True, grad_from_block=11, lr=0.01, save_best_thresh=None, gamma=0.1, momentum=0.9, weight_decay=5e-05, epochs=100, exp_root='/home/pszzz/hyzheng/myocd/SMILE/', transform='imagenet', seed=1, base_model='vit_dino', temperature=1.0, sup_con_weight=0.5, n_views=2, contrast_unlabel_only=False, image_size=224, train_classes=range(0, 93), unlabeled_classes=range(93, 186), num_labeled_classes=93, num_unlabeled_classes=93, cuda=True, log_dir='/home/pszzz/hyzheng/myocd/SMILE/checkpoints/log/(28.04.2024_|_14.033)', model_dir='/home/pszzz/hyzheng/myocd/SMILE/checkpoints/log/(28.04.2024_|_14.033)/checkpoints', model_path='/home/pszzz/hyzheng/myocd/SMILE/checkpoints/log/(28.04.2024_|_14.033)/checkpoints/model.pt', writer=<tensorboardX.writer.SummaryWriter object at 0x7fb51a627670>)
Using evaluation function v1 to print results
Train Epoch: 0 Avg Loss: 5.6374 | Seen Class Acc: 0.0000 
Collating features...
380 26575
Epoch 0, Train ACC Unlabelled_v1: All 0.2357 | Old 0.3692 | New 0.1947
Epoch 0, Train ACC Unlabelled_v2: All 0.1958 | Old 0.2868 | New 0.1678
Train Accuracies: All 0.2357 | Old 0.3692 | New 0.1947
Train Epoch: 1 Avg Loss: 4.0725 | Seen Class Acc: 0.0000 
Collating features...
371 26575
Epoch 1, Train ACC Unlabelled_v1: All 0.2678 | Old 0.4719 | New 0.2050
Epoch 1, Train ACC Unlabelled_v2: All 0.2136 | Old 0.3247 | New 0.1795
Train Accuracies: All 0.2678 | Old 0.4719 | New 0.2050
Train Epoch: 2 Avg Loss: 3.5767 | Seen Class Acc: 0.0000 
Collating features...
377 26575
Epoch 2, Train ACC Unlabelled_v1: All 0.2899 | Old 0.5271 | New 0.2170
Epoch 2, Train ACC Unlabelled_v2: All 0.2366 | Old 0.4396 | New 0.1742
Train Accuracies: All 0.2899 | Old 0.5271 | New 0.2170
Train Epoch: 3 Avg Loss: 3.1976 | Seen Class Acc: 0.0000 
Collating features...
382 26575
Epoch 3, Train ACC Unlabelled_v1: All 0.2901 | Old 0.5529 | New 0.2093
Epoch 3, Train ACC Unlabelled_v2: All 0.2353 | Old 0.4484 | New 0.1698
Train Accuracies: All 0.2901 | Old 0.5529 | New 0.2093
Train Epoch: 4 Avg Loss: 2.9575 | Seen Class Acc: 0.0000 
Collating features...
410 26575
Epoch 4, Train ACC Unlabelled_v1: All 0.3004 | Old 0.5655 | New 0.2189
Epoch 4, Train ACC Unlabelled_v2: All 0.2424 | Old 0.4396 | New 0.1817
Train Accuracies: All 0.3004 | Old 0.5655 | New 0.2189
Train Epoch: 5 Avg Loss: 2.7365 | Seen Class Acc: 0.0000 
Collating features...
425 26575
Epoch 5, Train ACC Unlabelled_v1: All 0.3154 | Old 0.6022 | New 0.2272
Epoch 5, Train ACC Unlabelled_v2: All 0.2620 | Old 0.4918 | New 0.1914
Train Accuracies: All 0.3154 | Old 0.6022 | New 0.2272
Train Epoch: 6 Avg Loss: 2.6222 | Seen Class Acc: 0.0000 
Collating features...
430 26575
Epoch 6, Train ACC Unlabelled_v1: All 0.3083 | Old 0.6039 | New 0.2174
Epoch 6, Train ACC Unlabelled_v2: All 0.2508 | Old 0.5046 | New 0.1728
Train Accuracies: All 0.3083 | Old 0.6039 | New 0.2174
Train Epoch: 7 Avg Loss: 2.5123 | Seen Class Acc: 0.0000 
Collating features...
414 26575
Epoch 7, Train ACC Unlabelled_v1: All 0.3049 | Old 0.6185 | New 0.2086
Epoch 7, Train ACC Unlabelled_v2: All 0.2479 | Old 0.5148 | New 0.1658
Train Accuracies: All 0.3049 | Old 0.6185 | New 0.2086
Train Epoch: 8 Avg Loss: 2.3727 | Seen Class Acc: 0.0000 
Collating features...
433 26575
Epoch 8, Train ACC Unlabelled_v1: All 0.3292 | Old 0.6297 | New 0.2368
Epoch 8, Train ACC Unlabelled_v2: All 0.2647 | Old 0.4846 | New 0.1971
Train Accuracies: All 0.3292 | Old 0.6297 | New 0.2368
Train Epoch: 9 Avg Loss: 2.3052 | Seen Class Acc: 0.0000 
Collating features...
449 26575
Epoch 9, Train ACC Unlabelled_v1: All 0.3105 | Old 0.6214 | New 0.2149
Epoch 9, Train ACC Unlabelled_v2: All 0.2550 | Old 0.5090 | New 0.1769
Train Accuracies: All 0.3105 | Old 0.6214 | New 0.2149
Train Epoch: 10 Avg Loss: 2.2673 | Seen Class Acc: 0.0000 
Collating features...
447 26575
Epoch 10, Train ACC Unlabelled_v1: All 0.3284 | Old 0.6377 | New 0.2332
Epoch 10, Train ACC Unlabelled_v2: All 0.2625 | Old 0.5030 | New 0.1886
Train Accuracies: All 0.3284 | Old 0.6377 | New 0.2332
Train Epoch: 11 Avg Loss: 2.1951 | Seen Class Acc: 0.0000 
Collating features...
437 26575
Epoch 11, Train ACC Unlabelled_v1: All 0.3190 | Old 0.6452 | New 0.2187
Epoch 11, Train ACC Unlabelled_v2: All 0.2537 | Old 0.5047 | New 0.1765
Train Accuracies: All 0.3190 | Old 0.6452 | New 0.2187
Train Epoch: 12 Avg Loss: 2.1511 | Seen Class Acc: 0.0000 
Collating features...
449 26575
Epoch 12, Train ACC Unlabelled_v1: All 0.3288 | Old 0.6423 | New 0.2324
Epoch 12, Train ACC Unlabelled_v2: All 0.2614 | Old 0.4812 | New 0.1939
Train Accuracies: All 0.3288 | Old 0.6423 | New 0.2324
Train Epoch: 13 Avg Loss: 2.1093 | Seen Class Acc: 0.0000 
Collating features...
431 26575
Epoch 13, Train ACC Unlabelled_v1: All 0.3217 | Old 0.6510 | New 0.2204
Epoch 13, Train ACC Unlabelled_v2: All 0.2540 | Old 0.5190 | New 0.1726
Train Accuracies: All 0.3217 | Old 0.6510 | New 0.2204
Train Epoch: 14 Avg Loss: 2.0868 | Seen Class Acc: 0.0000 
Collating features...
445 26575
Epoch 14, Train ACC Unlabelled_v1: All 0.3201 | Old 0.6505 | New 0.2185
Epoch 14, Train ACC Unlabelled_v2: All 0.2577 | Old 0.5255 | New 0.1754
Train Accuracies: All 0.3201 | Old 0.6505 | New 0.2185
Train Epoch: 15 Avg Loss: 2.0421 | Seen Class Acc: 0.0000 
Collating features...
426 26575
Epoch 15, Train ACC Unlabelled_v1: All 0.3234 | Old 0.6582 | New 0.2205
Epoch 15, Train ACC Unlabelled_v2: All 0.2533 | Old 0.5314 | New 0.1678
Train Accuracies: All 0.3234 | Old 0.6582 | New 0.2205
Train Epoch: 16 Avg Loss: 2.0200 | Seen Class Acc: 0.0000 
Collating features...
427 26575
Epoch 16, Train ACC Unlabelled_v1: All 0.3221 | Old 0.6635 | New 0.2172
Epoch 16, Train ACC Unlabelled_v2: All 0.2560 | Old 0.5383 | New 0.1691
Train Accuracies: All 0.3221 | Old 0.6635 | New 0.2172
Train Epoch: 17 Avg Loss: 2.0088 | Seen Class Acc: 0.0000 
Collating features...
412 26575
Epoch 17, Train ACC Unlabelled_v1: All 0.3270 | Old 0.6630 | New 0.2238
Epoch 17, Train ACC Unlabelled_v2: All 0.2639 | Old 0.5210 | New 0.1848
Train Accuracies: All 0.3270 | Old 0.6630 | New 0.2238
Train Epoch: 18 Avg Loss: 2.0133 | Seen Class Acc: 0.0000 
Collating features...
444 26575
Epoch 18, Train ACC Unlabelled_v1: All 0.3252 | Old 0.6623 | New 0.2216
Epoch 18, Train ACC Unlabelled_v2: All 0.2613 | Old 0.5462 | New 0.1738
Train Accuracies: All 0.3252 | Old 0.6623 | New 0.2216
Train Epoch: 19 Avg Loss: 1.9637 | Seen Class Acc: 0.0000 
Collating features...
433 26575
Epoch 19, Train ACC Unlabelled_v1: All 0.3202 | Old 0.6628 | New 0.2149
Epoch 19, Train ACC Unlabelled_v2: All 0.2573 | Old 0.5356 | New 0.1717
Train Accuracies: All 0.3202 | Old 0.6628 | New 0.2149
Train Epoch: 20 Avg Loss: 1.9919 | Seen Class Acc: 0.0000 
Collating features...
421 26575
Epoch 20, Train ACC Unlabelled_v1: All 0.3255 | Old 0.6651 | New 0.2211
Epoch 20, Train ACC Unlabelled_v2: All 0.2563 | Old 0.5169 | New 0.1762
Train Accuracies: All 0.3255 | Old 0.6651 | New 0.2211
Train Epoch: 21 Avg Loss: 1.9340 | Seen Class Acc: 0.0000 
Collating features...
425 26575
Epoch 21, Train ACC Unlabelled_v1: All 0.3270 | Old 0.6668 | New 0.2225
Epoch 21, Train ACC Unlabelled_v2: All 0.2583 | Old 0.5223 | New 0.1771
Train Accuracies: All 0.3270 | Old 0.6668 | New 0.2225
Train Epoch: 22 Avg Loss: 1.9216 | Seen Class Acc: 0.0000 
Collating features...
424 26575
Epoch 22, Train ACC Unlabelled_v1: All 0.3275 | Old 0.6713 | New 0.2218
Epoch 22, Train ACC Unlabelled_v2: All 0.2633 | Old 0.5484 | New 0.1756
Train Accuracies: All 0.3275 | Old 0.6713 | New 0.2218
Train Epoch: 23 Avg Loss: 1.9265 | Seen Class Acc: 0.0000 
Collating features...
411 26575
Epoch 23, Train ACC Unlabelled_v1: All 0.3281 | Old 0.6668 | New 0.2239
Epoch 23, Train ACC Unlabelled_v2: All 0.2616 | Old 0.5284 | New 0.1796
Train Accuracies: All 0.3281 | Old 0.6668 | New 0.2239
Train Epoch: 24 Avg Loss: 1.9154 | Seen Class Acc: 0.0000 
Collating features...
417 26575
Epoch 24, Train ACC Unlabelled_v1: All 0.3303 | Old 0.6734 | New 0.2249
Epoch 24, Train ACC Unlabelled_v2: All 0.2627 | Old 0.5433 | New 0.1764
Train Accuracies: All 0.3303 | Old 0.6734 | New 0.2249
Train Epoch: 25 Avg Loss: 1.8935 | Seen Class Acc: 0.0000 
Collating features...
409 26575
Epoch 25, Train ACC Unlabelled_v1: All 0.3329 | Old 0.6716 | New 0.2287
Epoch 25, Train ACC Unlabelled_v2: All 0.2667 | Old 0.5444 | New 0.1813
Train Accuracies: All 0.3329 | Old 0.6716 | New 0.2287
Train Epoch: 26 Avg Loss: 1.8908 | Seen Class Acc: 0.0000 
Collating features...
432 26575
Epoch 26, Train ACC Unlabelled_v1: All 0.3303 | Old 0.6718 | New 0.2254
Epoch 26, Train ACC Unlabelled_v2: All 0.2628 | Old 0.5670 | New 0.1693
Train Accuracies: All 0.3303 | Old 0.6718 | New 0.2254
Train Epoch: 27 Avg Loss: 1.8802 | Seen Class Acc: 0.0000 
Collating features...
404 26575
Epoch 27, Train ACC Unlabelled_v1: All 0.3266 | Old 0.6719 | New 0.2204
Epoch 27, Train ACC Unlabelled_v2: All 0.2589 | Old 0.5430 | New 0.1715
Train Accuracies: All 0.3266 | Old 0.6719 | New 0.2204
Train Epoch: 28 Avg Loss: 1.8973 | Seen Class Acc: 0.0000 
Collating features...
428 26575
Epoch 28, Train ACC Unlabelled_v1: All 0.3275 | Old 0.6713 | New 0.2218
Epoch 28, Train ACC Unlabelled_v2: All 0.2613 | Old 0.5639 | New 0.1682
Train Accuracies: All 0.3275 | Old 0.6713 | New 0.2218
Train Epoch: 29 Avg Loss: 1.8804 | Seen Class Acc: 0.0000 
Collating features...
435 26575
Epoch 29, Train ACC Unlabelled_v1: All 0.3302 | Old 0.6761 | New 0.2239
Epoch 29, Train ACC Unlabelled_v2: All 0.2615 | Old 0.5545 | New 0.1714
Train Accuracies: All 0.3302 | Old 0.6761 | New 0.2239
Train Epoch: 30 Avg Loss: 1.8682 | Seen Class Acc: 0.0000 
Collating features...
406 26575
Epoch 30, Train ACC Unlabelled_v1: All 0.3315 | Old 0.6769 | New 0.2253
Epoch 30, Train ACC Unlabelled_v2: All 0.2615 | Old 0.5524 | New 0.1720
Train Accuracies: All 0.3315 | Old 0.6769 | New 0.2253
Train Epoch: 31 Avg Loss: 1.8735 | Seen Class Acc: 0.0000 
Collating features...
413 26575
Epoch 31, Train ACC Unlabelled_v1: All 0.3300 | Old 0.6771 | New 0.2233
Epoch 31, Train ACC Unlabelled_v2: All 0.2601 | Old 0.5356 | New 0.1754
Train Accuracies: All 0.3300 | Old 0.6771 | New 0.2233
Train Epoch: 32 Avg Loss: 1.8574 | Seen Class Acc: 0.0000 
Collating features...
413 26575
Epoch 32, Train ACC Unlabelled_v1: All 0.3268 | Old 0.6780 | New 0.2188
Epoch 32, Train ACC Unlabelled_v2: All 0.2578 | Old 0.5420 | New 0.1705
Train Accuracies: All 0.3268 | Old 0.6780 | New 0.2188
Train Epoch: 33 Avg Loss: 1.8758 | Seen Class Acc: 0.0000 
Collating features...
426 26575
Epoch 33, Train ACC Unlabelled_v1: All 0.3293 | Old 0.6771 | New 0.2224
Epoch 33, Train ACC Unlabelled_v2: All 0.2637 | Old 0.5506 | New 0.1754
Train Accuracies: All 0.3293 | Old 0.6771 | New 0.2224
Train Epoch: 34 Avg Loss: 1.8507 | Seen Class Acc: 0.0000 
Collating features...
422 26575
Epoch 34, Train ACC Unlabelled_v1: All 0.3328 | Old 0.6847 | New 0.2245
Epoch 34, Train ACC Unlabelled_v2: All 0.2619 | Old 0.5586 | New 0.1707
Train Accuracies: All 0.3328 | Old 0.6847 | New 0.2245
Train Epoch: 35 Avg Loss: 1.8680 | Seen Class Acc: 0.0000 
Collating features...
413 26575
Epoch 35, Train ACC Unlabelled_v1: All 0.3265 | Old 0.6831 | New 0.2168
Epoch 35, Train ACC Unlabelled_v2: All 0.2577 | Old 0.5574 | New 0.1656
Train Accuracies: All 0.3265 | Old 0.6831 | New 0.2168
Train Epoch: 36 Avg Loss: 1.8399 | Seen Class Acc: 0.0000 
Collating features...
389 26575
Epoch 36, Train ACC Unlabelled_v1: All 0.3302 | Old 0.6830 | New 0.2217
Epoch 36, Train ACC Unlabelled_v2: All 0.2608 | Old 0.5699 | New 0.1658
Train Accuracies: All 0.3302 | Old 0.6830 | New 0.2217
Train Epoch: 37 Avg Loss: 1.8481 | Seen Class Acc: 0.0000 
Collating features...
398 26575
Epoch 37, Train ACC Unlabelled_v1: All 0.3372 | Old 0.6846 | New 0.2303
Epoch 37, Train ACC Unlabelled_v2: All 0.2674 | Old 0.5635 | New 0.1763
Train Accuracies: All 0.3372 | Old 0.6846 | New 0.2303
Train Epoch: 38 Avg Loss: 1.8385 | Seen Class Acc: 0.0000 
Collating features...
382 26575
Epoch 38, Train ACC Unlabelled_v1: All 0.3332 | Old 0.6830 | New 0.2256
Epoch 38, Train ACC Unlabelled_v2: All 0.2651 | Old 0.5667 | New 0.1723
Train Accuracies: All 0.3332 | Old 0.6830 | New 0.2256
Train Epoch: 39 Avg Loss: 1.8318 | Seen Class Acc: 0.0000 
Collating features...
405 26575
Epoch 39, Train ACC Unlabelled_v1: All 0.3342 | Old 0.6766 | New 0.2290
Epoch 39, Train ACC Unlabelled_v2: All 0.2646 | Old 0.5489 | New 0.1772
Train Accuracies: All 0.3342 | Old 0.6766 | New 0.2290
Train Epoch: 40 Avg Loss: 1.8411 | Seen Class Acc: 0.0000 
Collating features...
404 26575
Epoch 40, Train ACC Unlabelled_v1: All 0.3273 | Old 0.6795 | New 0.2190
Epoch 40, Train ACC Unlabelled_v2: All 0.2599 | Old 0.5586 | New 0.1680
Train Accuracies: All 0.3273 | Old 0.6795 | New 0.2190
Train Epoch: 41 Avg Loss: 1.8227 | Seen Class Acc: 0.0000 
Collating features...
399 26575
Epoch 41, Train ACC Unlabelled_v1: All 0.3275 | Old 0.6841 | New 0.2179
Epoch 41, Train ACC Unlabelled_v2: All 0.2592 | Old 0.5641 | New 0.1655
Train Accuracies: All 0.3275 | Old 0.6841 | New 0.2179
Train Epoch: 42 Avg Loss: 1.8345 | Seen Class Acc: 0.0000 
Collating features...
383 26575
Epoch 42, Train ACC Unlabelled_v1: All 0.3294 | Old 0.6828 | New 0.2207
Epoch 42, Train ACC Unlabelled_v2: All 0.2604 | Old 0.5577 | New 0.1690
Train Accuracies: All 0.3294 | Old 0.6828 | New 0.2207
Train Epoch: 43 Avg Loss: 1.8289 | Seen Class Acc: 0.0000 
Collating features...
389 26575
Epoch 43, Train ACC Unlabelled_v1: All 0.3285 | Old 0.6833 | New 0.2194
Epoch 43, Train ACC Unlabelled_v2: All 0.2582 | Old 0.5609 | New 0.1652
Train Accuracies: All 0.3285 | Old 0.6833 | New 0.2194
Train Epoch: 44 Avg Loss: 1.8071 | Seen Class Acc: 0.0000 
Collating features...
399 26575
Epoch 44, Train ACC Unlabelled_v1: All 0.3305 | Old 0.6844 | New 0.2217
Epoch 44, Train ACC Unlabelled_v2: All 0.2624 | Old 0.5583 | New 0.1714
Train Accuracies: All 0.3305 | Old 0.6844 | New 0.2217
Train Epoch: 45 Avg Loss: 1.8239 | Seen Class Acc: 0.0000 
Collating features...
396 26575
Epoch 45, Train ACC Unlabelled_v1: All 0.3308 | Old 0.6836 | New 0.2224
Epoch 45, Train ACC Unlabelled_v2: All 0.2612 | Old 0.5630 | New 0.1685
Train Accuracies: All 0.3308 | Old 0.6836 | New 0.2224
Train Epoch: 46 Avg Loss: 1.8296 | Seen Class Acc: 0.0000 
Collating features...
397 26575
Epoch 46, Train ACC Unlabelled_v1: All 0.3297 | Old 0.6873 | New 0.2198
Epoch 46, Train ACC Unlabelled_v2: All 0.2610 | Old 0.5537 | New 0.1710
Train Accuracies: All 0.3297 | Old 0.6873 | New 0.2198
Train Epoch: 47 Avg Loss: 1.8249 | Seen Class Acc: 0.0000 
Collating features...
367 26575
Epoch 47, Train ACC Unlabelled_v1: All 0.3262 | Old 0.6830 | New 0.2166
Epoch 47, Train ACC Unlabelled_v2: All 0.2575 | Old 0.5639 | New 0.1633
Train Accuracies: All 0.3262 | Old 0.6830 | New 0.2166
Train Epoch: 48 Avg Loss: 1.8119 | Seen Class Acc: 0.0000 
Collating features...
407 26575
Epoch 48, Train ACC Unlabelled_v1: All 0.3293 | Old 0.6819 | New 0.2209
Epoch 48, Train ACC Unlabelled_v2: All 0.2589 | Old 0.5425 | New 0.1717
Train Accuracies: All 0.3293 | Old 0.6819 | New 0.2209
Train Epoch: 49 Avg Loss: 1.8171 | Seen Class Acc: 0.0000 
Collating features...
409 26575
Epoch 49, Train ACC Unlabelled_v1: All 0.3287 | Old 0.6822 | New 0.2200
Epoch 49, Train ACC Unlabelled_v2: All 0.2599 | Old 0.5575 | New 0.1684
Train Accuracies: All 0.3287 | Old 0.6822 | New 0.2200
Train Epoch: 50 Avg Loss: 1.8098 | Seen Class Acc: 0.0000 
Collating features...
410 26575
Epoch 50, Train ACC Unlabelled_v1: All 0.3279 | Old 0.6846 | New 0.2183
Epoch 50, Train ACC Unlabelled_v2: All 0.2591 | Old 0.5516 | New 0.1692
Train Accuracies: All 0.3279 | Old 0.6846 | New 0.2183
Train Epoch: 51 Avg Loss: 1.8280 | Seen Class Acc: 0.0000 
Collating features...
382 26575
Epoch 51, Train ACC Unlabelled_v1: All 0.3297 | Old 0.6817 | New 0.2215
Epoch 51, Train ACC Unlabelled_v2: All 0.2603 | Old 0.5450 | New 0.1727
Train Accuracies: All 0.3297 | Old 0.6817 | New 0.2215
Train Epoch: 52 Avg Loss: 1.8161 | Seen Class Acc: 0.0000 
Collating features...
389 26575
Epoch 52, Train ACC Unlabelled_v1: All 0.3282 | Old 0.6838 | New 0.2189
Epoch 52, Train ACC Unlabelled_v2: All 0.2590 | Old 0.5503 | New 0.1695
Train Accuracies: All 0.3282 | Old 0.6838 | New 0.2189
Train Epoch: 53 Avg Loss: 1.8164 | Seen Class Acc: 0.0000 
Collating features...
397 26575
Epoch 53, Train ACC Unlabelled_v1: All 0.3288 | Old 0.6820 | New 0.2202
Epoch 53, Train ACC Unlabelled_v2: All 0.2589 | Old 0.5627 | New 0.1655
Train Accuracies: All 0.3288 | Old 0.6820 | New 0.2202
Train Epoch: 54 Avg Loss: 1.8119 | Seen Class Acc: 0.0000 
Collating features...
382 26575
Epoch 54, Train ACC Unlabelled_v1: All 0.3287 | Old 0.6814 | New 0.2203
Epoch 54, Train ACC Unlabelled_v2: All 0.2595 | Old 0.5622 | New 0.1664
Train Accuracies: All 0.3287 | Old 0.6814 | New 0.2203
Train Epoch: 55 Avg Loss: 1.8122 | Seen Class Acc: 0.0000 
Collating features...
390 26575
Epoch 55, Train ACC Unlabelled_v1: All 0.3303 | Old 0.6855 | New 0.2211
Epoch 55, Train ACC Unlabelled_v2: All 0.2606 | Old 0.5506 | New 0.1715
Train Accuracies: All 0.3303 | Old 0.6855 | New 0.2211
Train Epoch: 56 Avg Loss: 1.8200 | Seen Class Acc: 0.0000 
Collating features...
399 26575
Epoch 56, Train ACC Unlabelled_v1: All 0.3298 | Old 0.6843 | New 0.2208
Epoch 56, Train ACC Unlabelled_v2: All 0.2586 | Old 0.5628 | New 0.1651
Train Accuracies: All 0.3298 | Old 0.6843 | New 0.2208
Train Epoch: 57 Avg Loss: 1.8187 | Seen Class Acc: 0.0000 
Collating features...
388 26575
Epoch 57, Train ACC Unlabelled_v1: All 0.3285 | Old 0.6827 | New 0.2196
Epoch 57, Train ACC Unlabelled_v2: All 0.2572 | Old 0.5502 | New 0.1671
Train Accuracies: All 0.3285 | Old 0.6827 | New 0.2196
Train Epoch: 58 Avg Loss: 1.8330 | Seen Class Acc: 0.0000 
Collating features...
393 26575
Epoch 58, Train ACC Unlabelled_v1: All 0.3314 | Old 0.6854 | New 0.2225
Epoch 58, Train ACC Unlabelled_v2: All 0.2596 | Old 0.5497 | New 0.1705
Train Accuracies: All 0.3314 | Old 0.6854 | New 0.2225
Train Epoch: 59 Avg Loss: 1.8140 | Seen Class Acc: 0.0000 
Collating features...
395 26575
Epoch 59, Train ACC Unlabelled_v1: All 0.3305 | Old 0.6847 | New 0.2215
Epoch 59, Train ACC Unlabelled_v2: All 0.2602 | Old 0.5615 | New 0.1676
Train Accuracies: All 0.3305 | Old 0.6847 | New 0.2215
Train Epoch: 60 Avg Loss: 1.8111 | Seen Class Acc: 0.0000 
Collating features...
407 26575
Epoch 60, Train ACC Unlabelled_v1: All 0.3291 | Old 0.6863 | New 0.2193
Epoch 60, Train ACC Unlabelled_v2: All 0.2582 | Old 0.5623 | New 0.1647
Train Accuracies: All 0.3291 | Old 0.6863 | New 0.2193
Train Epoch: 61 Avg Loss: 1.8053 | Seen Class Acc: 0.0000 
Collating features...
403 26575
Epoch 61, Train ACC Unlabelled_v1: All 0.3313 | Old 0.6859 | New 0.2222
Epoch 61, Train ACC Unlabelled_v2: All 0.2608 | Old 0.5617 | New 0.1683
Train Accuracies: All 0.3313 | Old 0.6859 | New 0.2222
Train Epoch: 62 Avg Loss: 1.8033 | Seen Class Acc: 0.0000 
Collating features...
394 26575
Epoch 62, Train ACC Unlabelled_v1: All 0.3318 | Old 0.6860 | New 0.2229
Epoch 62, Train ACC Unlabelled_v2: All 0.2615 | Old 0.5641 | New 0.1685
Train Accuracies: All 0.3318 | Old 0.6860 | New 0.2229
Train Epoch: 63 Avg Loss: 1.8134 | Seen Class Acc: 0.0000 
Collating features...
390 26575
Epoch 63, Train ACC Unlabelled_v1: All 0.3321 | Old 0.6862 | New 0.2233
Epoch 63, Train ACC Unlabelled_v2: All 0.2599 | Old 0.5506 | New 0.1706
Train Accuracies: All 0.3321 | Old 0.6862 | New 0.2233
Train Epoch: 64 Avg Loss: 1.8079 | Seen Class Acc: 0.0000 
Collating features...
380 26575
Epoch 64, Train ACC Unlabelled_v1: All 0.3299 | Old 0.6857 | New 0.2206
Epoch 64, Train ACC Unlabelled_v2: All 0.2591 | Old 0.5655 | New 0.1649
Train Accuracies: All 0.3299 | Old 0.6857 | New 0.2206
Train Epoch: 65 Avg Loss: 1.8037 | Seen Class Acc: 0.0000 
Collating features...
378 26575
Epoch 65, Train ACC Unlabelled_v1: All 0.3290 | Old 0.6854 | New 0.2194
Epoch 65, Train ACC Unlabelled_v2: All 0.2581 | Old 0.5647 | New 0.1638
Train Accuracies: All 0.3290 | Old 0.6854 | New 0.2194
Train Epoch: 66 Avg Loss: 1.8042 | Seen Class Acc: 0.0000 
Collating features...
384 26575
Epoch 66, Train ACC Unlabelled_v1: All 0.3297 | Old 0.6839 | New 0.2208
Epoch 66, Train ACC Unlabelled_v2: All 0.2587 | Old 0.5622 | New 0.1654
Train Accuracies: All 0.3297 | Old 0.6839 | New 0.2208
Train Epoch: 67 Avg Loss: 1.8091 | Seen Class Acc: 0.0000 
Collating features...
393 26575
Epoch 67, Train ACC Unlabelled_v1: All 0.3310 | Old 0.6855 | New 0.2219
Epoch 67, Train ACC Unlabelled_v2: All 0.2597 | Old 0.5628 | New 0.1665
Train Accuracies: All 0.3310 | Old 0.6855 | New 0.2219
Train Epoch: 68 Avg Loss: 1.8183 | Seen Class Acc: 0.0000 
Collating features...
409 26575
Epoch 68, Train ACC Unlabelled_v1: All 0.3303 | Old 0.6851 | New 0.2212
Epoch 68, Train ACC Unlabelled_v2: All 0.2600 | Old 0.5497 | New 0.1710
Train Accuracies: All 0.3303 | Old 0.6851 | New 0.2212
Train Epoch: 69 Avg Loss: 1.7996 | Seen Class Acc: 0.0000 
Collating features...
381 26575
Epoch 69, Train ACC Unlabelled_v1: All 0.3293 | Old 0.6838 | New 0.2203
Epoch 69, Train ACC Unlabelled_v2: All 0.2578 | Old 0.5649 | New 0.1634
Train Accuracies: All 0.3293 | Old 0.6838 | New 0.2203
Train Epoch: 70 Avg Loss: 1.8098 | Seen Class Acc: 0.0000 
Collating features...
412 26575
Epoch 70, Train ACC Unlabelled_v1: All 0.3301 | Old 0.6873 | New 0.2203
Epoch 70, Train ACC Unlabelled_v2: All 0.2586 | Old 0.5513 | New 0.1687
Train Accuracies: All 0.3301 | Old 0.6873 | New 0.2203
Train Epoch: 71 Avg Loss: 1.8142 | Seen Class Acc: 0.0000 
Collating features...
397 26575
Epoch 71, Train ACC Unlabelled_v1: All 0.3287 | Old 0.6851 | New 0.2191
Epoch 71, Train ACC Unlabelled_v2: All 0.2585 | Old 0.5486 | New 0.1693
Train Accuracies: All 0.3287 | Old 0.6851 | New 0.2191
Train Epoch: 72 Avg Loss: 1.7936 | Seen Class Acc: 0.0000 
Collating features...
389 26575
Epoch 72, Train ACC Unlabelled_v1: All 0.3300 | Old 0.6855 | New 0.2207
Epoch 72, Train ACC Unlabelled_v2: All 0.2589 | Old 0.5495 | New 0.1696
Train Accuracies: All 0.3300 | Old 0.6855 | New 0.2207
Train Epoch: 73 Avg Loss: 1.8141 | Seen Class Acc: 0.0000 
Collating features...
394 26575
Epoch 73, Train ACC Unlabelled_v1: All 0.3301 | Old 0.6871 | New 0.2204
Epoch 73, Train ACC Unlabelled_v2: All 0.2594 | Old 0.5659 | New 0.1652
Train Accuracies: All 0.3301 | Old 0.6871 | New 0.2204
Train Epoch: 74 Avg Loss: 1.8102 | Seen Class Acc: 0.0000 
Collating features...
406 26575
Epoch 74, Train ACC Unlabelled_v1: All 0.3324 | Old 0.6880 | New 0.2231
Epoch 74, Train ACC Unlabelled_v2: All 0.2603 | Old 0.5649 | New 0.1667
Train Accuracies: All 0.3324 | Old 0.6880 | New 0.2231
Train Epoch: 75 Avg Loss: 1.7994 | Seen Class Acc: 0.0000 
Collating features...
391 26575
Epoch 75, Train ACC Unlabelled_v1: All 0.3325 | Old 0.6884 | New 0.2231
Epoch 75, Train ACC Unlabelled_v2: All 0.2611 | Old 0.5673 | New 0.1669
Train Accuracies: All 0.3325 | Old 0.6884 | New 0.2231
Train Epoch: 76 Avg Loss: 1.8155 | Seen Class Acc: 0.0000 
Collating features...
398 26575
Epoch 76, Train ACC Unlabelled_v1: All 0.3315 | Old 0.6876 | New 0.2220
Epoch 76, Train ACC Unlabelled_v2: All 0.2606 | Old 0.5667 | New 0.1665
Train Accuracies: All 0.3315 | Old 0.6876 | New 0.2220
Train Epoch: 77 Avg Loss: 1.8196 | Seen Class Acc: 0.0000 
Collating features...
396 26575
Epoch 77, Train ACC Unlabelled_v1: All 0.3308 | Old 0.6884 | New 0.2208
Epoch 77, Train ACC Unlabelled_v2: All 0.2602 | Old 0.5668 | New 0.1659
Train Accuracies: All 0.3308 | Old 0.6884 | New 0.2208
Train Epoch: 78 Avg Loss: 1.8147 | Seen Class Acc: 0.0000 
Collating features...
401 26575
Epoch 78, Train ACC Unlabelled_v1: All 0.3320 | Old 0.6889 | New 0.2223
Epoch 78, Train ACC Unlabelled_v2: All 0.2612 | Old 0.5663 | New 0.1674
Train Accuracies: All 0.3320 | Old 0.6889 | New 0.2223
Train Epoch: 79 Avg Loss: 1.8106 | Seen Class Acc: 0.0000 
Collating features...
391 26575
Epoch 79, Train ACC Unlabelled_v1: All 0.3326 | Old 0.6891 | New 0.2230
Epoch 79, Train ACC Unlabelled_v2: All 0.2610 | Old 0.5671 | New 0.1669
Train Accuracies: All 0.3326 | Old 0.6891 | New 0.2230
Train Epoch: 80 Avg Loss: 1.8112 | Seen Class Acc: 0.0000 
Collating features...
393 26575
Epoch 80, Train ACC Unlabelled_v1: All 0.3321 | Old 0.6886 | New 0.2225
Epoch 80, Train ACC Unlabelled_v2: All 0.2604 | Old 0.5668 | New 0.1662
Train Accuracies: All 0.3321 | Old 0.6886 | New 0.2225
Train Epoch: 81 Avg Loss: 1.8142 | Seen Class Acc: 0.0000 
Collating features...
401 26575
Epoch 81, Train ACC Unlabelled_v1: All 0.3316 | Old 0.6876 | New 0.2222
Epoch 81, Train ACC Unlabelled_v2: All 0.2613 | Old 0.5673 | New 0.1673
Train Accuracies: All 0.3316 | Old 0.6876 | New 0.2222
Train Epoch: 82 Avg Loss: 1.8037 | Seen Class Acc: 0.0000 
Collating features...
397 26575
Epoch 82, Train ACC Unlabelled_v1: All 0.3304 | Old 0.6873 | New 0.2207
Epoch 82, Train ACC Unlabelled_v2: All 0.2593 | Old 0.5655 | New 0.1652
Train Accuracies: All 0.3304 | Old 0.6873 | New 0.2207
Train Epoch: 83 Avg Loss: 1.8006 | Seen Class Acc: 0.0000 
Collating features...
392 26575
Epoch 83, Train ACC Unlabelled_v1: All 0.3313 | Old 0.6876 | New 0.2217
Epoch 83, Train ACC Unlabelled_v2: All 0.2590 | Old 0.5655 | New 0.1648
Train Accuracies: All 0.3313 | Old 0.6876 | New 0.2217
Train Epoch: 84 Avg Loss: 1.7965 | Seen Class Acc: 0.0000 
Collating features...
392 26575
Epoch 84, Train ACC Unlabelled_v1: All 0.3293 | Old 0.6859 | New 0.2197
Epoch 84, Train ACC Unlabelled_v2: All 0.2585 | Old 0.5687 | New 0.1631
Train Accuracies: All 0.3293 | Old 0.6859 | New 0.2197
Train Epoch: 85 Avg Loss: 1.7993 | Seen Class Acc: 0.0000 
Collating features...
399 26575
Epoch 85, Train ACC Unlabelled_v1: All 0.3312 | Old 0.6876 | New 0.2216
Epoch 85, Train ACC Unlabelled_v2: All 0.2597 | Old 0.5660 | New 0.1655
Train Accuracies: All 0.3312 | Old 0.6876 | New 0.2216
Train Epoch: 86 Avg Loss: 1.7994 | Seen Class Acc: 0.0000 
Collating features...
399 26575
Epoch 86, Train ACC Unlabelled_v1: All 0.3324 | Old 0.6889 | New 0.2228
Epoch 86, Train ACC Unlabelled_v2: All 0.2607 | Old 0.5668 | New 0.1665
Train Accuracies: All 0.3324 | Old 0.6889 | New 0.2228
Train Epoch: 87 Avg Loss: 1.8049 | Seen Class Acc: 0.0000 
Collating features...
398 26575
Epoch 87, Train ACC Unlabelled_v1: All 0.3317 | Old 0.6884 | New 0.2221
Epoch 87, Train ACC Unlabelled_v2: All 0.2611 | Old 0.5662 | New 0.1673
Train Accuracies: All 0.3317 | Old 0.6884 | New 0.2221
Train Epoch: 88 Avg Loss: 1.7993 | Seen Class Acc: 0.0000 
Collating features...
400 26575
Epoch 88, Train ACC Unlabelled_v1: All 0.3303 | Old 0.6870 | New 0.2207
Epoch 88, Train ACC Unlabelled_v2: All 0.2602 | Old 0.5644 | New 0.1666
Train Accuracies: All 0.3303 | Old 0.6870 | New 0.2207
Train Epoch: 89 Avg Loss: 1.8133 | Seen Class Acc: 0.0000 
Collating features...
404 26575
Epoch 89, Train ACC Unlabelled_v1: All 0.3321 | Old 0.6891 | New 0.2224
Epoch 89, Train ACC Unlabelled_v2: All 0.2605 | Old 0.5522 | New 0.1709
Train Accuracies: All 0.3321 | Old 0.6891 | New 0.2224
Train Epoch: 90 Avg Loss: 1.8083 | Seen Class Acc: 0.0000 
Collating features...
399 26575
Epoch 90, Train ACC Unlabelled_v1: All 0.3309 | Old 0.6883 | New 0.2210
Epoch 90, Train ACC Unlabelled_v2: All 0.2591 | Old 0.5660 | New 0.1648
Train Accuracies: All 0.3309 | Old 0.6883 | New 0.2210
Train Epoch: 91 Avg Loss: 1.8028 | Seen Class Acc: 0.0000 
Collating features...
403 26575
Epoch 91, Train ACC Unlabelled_v1: All 0.3325 | Old 0.6891 | New 0.2229
Epoch 91, Train ACC Unlabelled_v2: All 0.2617 | Old 0.5671 | New 0.1678
Train Accuracies: All 0.3325 | Old 0.6891 | New 0.2229
Train Epoch: 92 Avg Loss: 1.8194 | Seen Class Acc: 0.0000 
Collating features...
402 26575
Epoch 92, Train ACC Unlabelled_v1: All 0.3319 | Old 0.6892 | New 0.2220
Epoch 92, Train ACC Unlabelled_v2: All 0.2604 | Old 0.5681 | New 0.1658
Train Accuracies: All 0.3319 | Old 0.6892 | New 0.2220
Train Epoch: 93 Avg Loss: 1.8007 | Seen Class Acc: 0.0000 
Collating features...
396 26575
Epoch 93, Train ACC Unlabelled_v1: All 0.3301 | Old 0.6881 | New 0.2200
Epoch 93, Train ACC Unlabelled_v2: All 0.2596 | Old 0.5679 | New 0.1648
Train Accuracies: All 0.3301 | Old 0.6881 | New 0.2200
Train Epoch: 94 Avg Loss: 1.8117 | Seen Class Acc: 0.0000 
Collating features...
390 26575
Epoch 94, Train ACC Unlabelled_v1: All 0.3307 | Old 0.6878 | New 0.2209
Epoch 94, Train ACC Unlabelled_v2: All 0.2602 | Old 0.5670 | New 0.1658
Train Accuracies: All 0.3307 | Old 0.6878 | New 0.2209
Train Epoch: 95 Avg Loss: 1.8149 | Seen Class Acc: 0.0000 
Collating features...
399 26575
Epoch 95, Train ACC Unlabelled_v1: All 0.3317 | Old 0.6883 | New 0.2220
Epoch 95, Train ACC Unlabelled_v2: All 0.2604 | Old 0.5679 | New 0.1658
Train Accuracies: All 0.3317 | Old 0.6883 | New 0.2220
Train Epoch: 96 Avg Loss: 1.8249 | Seen Class Acc: 0.0000 
Collating features...
405 26575
Epoch 96, Train ACC Unlabelled_v1: All 0.3311 | Old 0.6881 | New 0.2213
Epoch 96, Train ACC Unlabelled_v2: All 0.2605 | Old 0.5663 | New 0.1665
Train Accuracies: All 0.3311 | Old 0.6881 | New 0.2213
Train Epoch: 97 Avg Loss: 1.8062 | Seen Class Acc: 0.0000 
Collating features...
406 26575
Epoch 97, Train ACC Unlabelled_v1: All 0.3322 | Old 0.6900 | New 0.2221
Epoch 97, Train ACC Unlabelled_v2: All 0.2599 | Old 0.5675 | New 0.1654
Train Accuracies: All 0.3322 | Old 0.6900 | New 0.2221
Train Epoch: 98 Avg Loss: 1.8002 | Seen Class Acc: 0.0000 
Collating features...
383 26575
Epoch 98, Train ACC Unlabelled_v1: All 0.3311 | Old 0.6884 | New 0.2212
Epoch 98, Train ACC Unlabelled_v2: All 0.2598 | Old 0.5678 | New 0.1651
Train Accuracies: All 0.3311 | Old 0.6884 | New 0.2212
Train Epoch: 99 Avg Loss: 1.7992 | Seen Class Acc: 0.0000 
Collating features...
387 26575
Epoch 99, Train ACC Unlabelled_v1: All 0.3318 | Old 0.6896 | New 0.2218
Epoch 99, Train ACC Unlabelled_v2: All 0.2602 | Old 0.5694 | New 0.1651
Train Accuracies: All 0.3318 | Old 0.6896 | New 0.2218
Experiment saved to: /home/pszzz/hyzheng/myocd/SMILE/checkpoints/log/(28.04.2024_|_05.906)
['checkpoints']
Namespace(batch_size=128, num_workers=16, eval_funcs=['v1', 'v2'], warmup_model_dir=None, model_name='vit_dino', dataset_name='Mammalia', prop_train_labels=0.5, use_ssb_splits=True, grad_from_block=11, lr=0.01, save_best_thresh=None, gamma=0.1, momentum=0.9, weight_decay=5e-05, epochs=100, exp_root='/home/pszzz/hyzheng/myocd/SMILE/', transform='imagenet', seed=1, base_model='vit_dino', temperature=1.0, sup_con_weight=0.5, n_views=2, contrast_unlabel_only=False, image_size=224, train_classes=range(0, 93), unlabeled_classes=range(93, 186), num_labeled_classes=93, num_unlabeled_classes=93, cuda=True, log_dir='/home/pszzz/hyzheng/myocd/SMILE/checkpoints/log/(28.04.2024_|_05.906)', model_dir='/home/pszzz/hyzheng/myocd/SMILE/checkpoints/log/(28.04.2024_|_05.906)/checkpoints', model_path='/home/pszzz/hyzheng/myocd/SMILE/checkpoints/log/(28.04.2024_|_05.906)/checkpoints/model.pt', writer=<tensorboardX.writer.SummaryWriter object at 0x7fb51a6275e0>)
Using evaluation function v1 to print results
Train Epoch: 0 Avg Loss: 5.7393 | Seen Class Acc: 0.0000 
Collating features...
492 26575
Epoch 0, Train ACC Unlabelled_v1: All 0.2378 | Old 0.3733 | New 0.1961
Epoch 0, Train ACC Unlabelled_v2: All 0.1928 | Old 0.2724 | New 0.1683
Train Accuracies: All 0.2378 | Old 0.3733 | New 0.1961
Train Epoch: 1 Avg Loss: 4.1104 | Seen Class Acc: 0.0000 
Collating features...
430 26575
Epoch 1, Train ACC Unlabelled_v1: All 0.2685 | Old 0.4598 | New 0.2097
Epoch 1, Train ACC Unlabelled_v2: All 0.2119 | Old 0.3277 | New 0.1763
Train Accuracies: All 0.2685 | Old 0.4598 | New 0.2097
Train Epoch: 2 Avg Loss: 3.5436 | Seen Class Acc: 0.0000 
Collating features...
505 26575
Epoch 2, Train ACC Unlabelled_v1: All 0.2813 | Old 0.5070 | New 0.2119
Epoch 2, Train ACC Unlabelled_v2: All 0.2185 | Old 0.3665 | New 0.1730
Train Accuracies: All 0.2813 | Old 0.5070 | New 0.2119
Train Epoch: 3 Avg Loss: 3.2182 | Seen Class Acc: 0.0000 
Collating features...
467 26575
Epoch 3, Train ACC Unlabelled_v1: All 0.2855 | Old 0.5369 | New 0.2082
Epoch 3, Train ACC Unlabelled_v2: All 0.2328 | Old 0.4510 | New 0.1657
Train Accuracies: All 0.2855 | Old 0.5369 | New 0.2082
Train Epoch: 4 Avg Loss: 2.9633 | Seen Class Acc: 0.0000 
Collating features...
471 26575
Epoch 4, Train ACC Unlabelled_v1: All 0.2934 | Old 0.5535 | New 0.2135
Epoch 4, Train ACC Unlabelled_v2: All 0.2373 | Old 0.4700 | New 0.1658
Train Accuracies: All 0.2934 | Old 0.5535 | New 0.2135
Train Epoch: 5 Avg Loss: 2.7703 | Seen Class Acc: 0.0000 
Collating features...
545 26575
Epoch 5, Train ACC Unlabelled_v1: All 0.2919 | Old 0.5878 | New 0.2010
Epoch 5, Train ACC Unlabelled_v2: All 0.2345 | Old 0.4924 | New 0.1553
Train Accuracies: All 0.2919 | Old 0.5878 | New 0.2010
Train Epoch: 6 Avg Loss: 2.6244 | Seen Class Acc: 0.0000 
Collating features...
536 26575
Epoch 6, Train ACC Unlabelled_v1: All 0.3004 | Old 0.5897 | New 0.2115
Epoch 6, Train ACC Unlabelled_v2: All 0.2454 | Old 0.5055 | New 0.1655
Train Accuracies: All 0.3004 | Old 0.5897 | New 0.2115
Train Epoch: 7 Avg Loss: 2.4920 | Seen Class Acc: 0.0000 
Collating features...
537 26575
Epoch 7, Train ACC Unlabelled_v1: All 0.2885 | Old 0.6039 | New 0.1915
Epoch 7, Train ACC Unlabelled_v2: All 0.2361 | Old 0.5326 | New 0.1449
Train Accuracies: All 0.2885 | Old 0.6039 | New 0.1915
Train Epoch: 8 Avg Loss: 2.3984 | Seen Class Acc: 0.0000 
Collating features...
536 26575
Epoch 8, Train ACC Unlabelled_v1: All 0.3138 | Old 0.6211 | New 0.2194
Epoch 8, Train ACC Unlabelled_v2: All 0.2555 | Old 0.5346 | New 0.1696
Train Accuracies: All 0.3138 | Old 0.6211 | New 0.2194
Train Epoch: 9 Avg Loss: 2.3364 | Seen Class Acc: 0.0000 
Collating features...
539 26575
Epoch 9, Train ACC Unlabelled_v1: All 0.2983 | Old 0.6188 | New 0.1997
Epoch 9, Train ACC Unlabelled_v2: All 0.2403 | Old 0.5191 | New 0.1546
Train Accuracies: All 0.2983 | Old 0.6188 | New 0.1997
Train Epoch: 10 Avg Loss: 2.2561 | Seen Class Acc: 0.0000 
Collating features...
550 26575
Epoch 10, Train ACC Unlabelled_v1: All 0.3059 | Old 0.6235 | New 0.2082
Epoch 10, Train ACC Unlabelled_v2: All 0.2467 | Old 0.5374 | New 0.1573
Train Accuracies: All 0.3059 | Old 0.6235 | New 0.2082
Train Epoch: 11 Avg Loss: 2.2158 | Seen Class Acc: 0.0000 
Collating features...
580 26575
Epoch 11, Train ACC Unlabelled_v1: All 0.3092 | Old 0.6267 | New 0.2116
Epoch 11, Train ACC Unlabelled_v2: All 0.2478 | Old 0.5274 | New 0.1618
Train Accuracies: All 0.3092 | Old 0.6267 | New 0.2116
Train Epoch: 12 Avg Loss: 2.1768 | Seen Class Acc: 0.0000 
Collating features...
572 26575
Epoch 12, Train ACC Unlabelled_v1: All 0.3097 | Old 0.6406 | New 0.2080
Epoch 12, Train ACC Unlabelled_v2: All 0.2468 | Old 0.5322 | New 0.1591
Train Accuracies: All 0.3097 | Old 0.6406 | New 0.2080
Train Epoch: 13 Avg Loss: 2.1361 | Seen Class Acc: 0.0000 
Collating features...
610 26575
Epoch 13, Train ACC Unlabelled_v1: All 0.3057 | Old 0.6433 | New 0.2019
Epoch 13, Train ACC Unlabelled_v2: All 0.2396 | Old 0.5471 | New 0.1450
Train Accuracies: All 0.3057 | Old 0.6433 | New 0.2019
Train Epoch: 14 Avg Loss: 2.0875 | Seen Class Acc: 0.0000 
Collating features...
553 26575
Epoch 14, Train ACC Unlabelled_v1: All 0.3109 | Old 0.6484 | New 0.2071
Epoch 14, Train ACC Unlabelled_v2: All 0.2437 | Old 0.5591 | New 0.1468
Train Accuracies: All 0.3109 | Old 0.6484 | New 0.2071
Train Epoch: 15 Avg Loss: 2.0865 | Seen Class Acc: 0.0000 
Collating features...
543 26575
Epoch 15, Train ACC Unlabelled_v1: All 0.3117 | Old 0.6460 | New 0.2089
Epoch 15, Train ACC Unlabelled_v2: All 0.2458 | Old 0.5578 | New 0.1499
Train Accuracies: All 0.3117 | Old 0.6460 | New 0.2089
Train Epoch: 16 Avg Loss: 2.0212 | Seen Class Acc: 0.0000 
Collating features...
565 26575
Epoch 16, Train ACC Unlabelled_v1: All 0.3172 | Old 0.6582 | New 0.2123
Epoch 16, Train ACC Unlabelled_v2: All 0.2454 | Old 0.5298 | New 0.1579
Train Accuracies: All 0.3172 | Old 0.6582 | New 0.2123
Train Epoch: 17 Avg Loss: 1.9916 | Seen Class Acc: 0.0000 
Collating features...
548 26575
Epoch 17, Train ACC Unlabelled_v1: All 0.3147 | Old 0.6614 | New 0.2082
Epoch 17, Train ACC Unlabelled_v2: All 0.2440 | Old 0.5572 | New 0.1476
Train Accuracies: All 0.3147 | Old 0.6614 | New 0.2082
Train Epoch: 18 Avg Loss: 1.9881 | Seen Class Acc: 0.0000 
Collating features...
526 26575
Epoch 18, Train ACC Unlabelled_v1: All 0.3195 | Old 0.6599 | New 0.2148
Epoch 18, Train ACC Unlabelled_v2: All 0.2456 | Old 0.5542 | New 0.1507
Train Accuracies: All 0.3195 | Old 0.6599 | New 0.2148
Train Epoch: 19 Avg Loss: 1.9688 | Seen Class Acc: 0.0000 
Collating features...
562 26575
Epoch 19, Train ACC Unlabelled_v1: All 0.3136 | Old 0.6638 | New 0.2060
Epoch 19, Train ACC Unlabelled_v2: All 0.2448 | Old 0.5526 | New 0.1502
Train Accuracies: All 0.3136 | Old 0.6638 | New 0.2060
Train Epoch: 20 Avg Loss: 1.9533 | Seen Class Acc: 0.0000 
Collating features...
545 26575
Epoch 20, Train ACC Unlabelled_v1: All 0.3209 | Old 0.6598 | New 0.2168
Epoch 20, Train ACC Unlabelled_v2: All 0.2530 | Old 0.5577 | New 0.1594
Train Accuracies: All 0.3209 | Old 0.6598 | New 0.2168
Train Epoch: 21 Avg Loss: 1.9415 | Seen Class Acc: 0.0000 
Collating features...
521 26575
Epoch 21, Train ACC Unlabelled_v1: All 0.3180 | Old 0.6671 | New 0.2106
Epoch 21, Train ACC Unlabelled_v2: All 0.2465 | Old 0.5673 | New 0.1478
Train Accuracies: All 0.3180 | Old 0.6671 | New 0.2106
Train Epoch: 22 Avg Loss: 1.9388 | Seen Class Acc: 0.0000 
Collating features...
511 26575
Epoch 22, Train ACC Unlabelled_v1: All 0.3191 | Old 0.6636 | New 0.2132
Epoch 22, Train ACC Unlabelled_v2: All 0.2437 | Old 0.5612 | New 0.1461
Train Accuracies: All 0.3191 | Old 0.6636 | New 0.2132
Train Epoch: 23 Avg Loss: 1.9271 | Seen Class Acc: 0.0000 
Collating features...
532 26575
Epoch 23, Train ACC Unlabelled_v1: All 0.3229 | Old 0.6691 | New 0.2165
Epoch 23, Train ACC Unlabelled_v2: All 0.2483 | Old 0.5686 | New 0.1498
Train Accuracies: All 0.3229 | Old 0.6691 | New 0.2165
Train Epoch: 24 Avg Loss: 1.9164 | Seen Class Acc: 0.0000 
Collating features...
569 26575
Epoch 24, Train ACC Unlabelled_v1: All 0.3201 | Old 0.6686 | New 0.2130
Epoch 24, Train ACC Unlabelled_v2: All 0.2475 | Old 0.5321 | New 0.1600
Train Accuracies: All 0.3201 | Old 0.6686 | New 0.2130
Train Epoch: 25 Avg Loss: 1.9118 | Seen Class Acc: 0.0000 
Collating features...
566 26575
Epoch 25, Train ACC Unlabelled_v1: All 0.3223 | Old 0.6702 | New 0.2153
Epoch 25, Train ACC Unlabelled_v2: All 0.2492 | Old 0.5326 | New 0.1621
Train Accuracies: All 0.3223 | Old 0.6702 | New 0.2153
Train Epoch: 26 Avg Loss: 1.9086 | Seen Class Acc: 0.0000 
Collating features...
549 26575
Epoch 26, Train ACC Unlabelled_v1: All 0.3222 | Old 0.6678 | New 0.2159
Epoch 26, Train ACC Unlabelled_v2: All 0.2498 | Old 0.5220 | New 0.1661
Train Accuracies: All 0.3222 | Old 0.6678 | New 0.2159
Train Epoch: 27 Avg Loss: 1.8996 | Seen Class Acc: 0.0000 
Collating features...
566 26575
Epoch 27, Train ACC Unlabelled_v1: All 0.3154 | Old 0.6679 | New 0.2070
Epoch 27, Train ACC Unlabelled_v2: All 0.2399 | Old 0.5302 | New 0.1507
Train Accuracies: All 0.3154 | Old 0.6679 | New 0.2070
Train Epoch: 28 Avg Loss: 1.8872 | Seen Class Acc: 0.0000 
Collating features...
550 26575
Epoch 28, Train ACC Unlabelled_v1: All 0.3198 | Old 0.6716 | New 0.2117
Epoch 28, Train ACC Unlabelled_v2: All 0.2471 | Old 0.5231 | New 0.1622
Train Accuracies: All 0.3198 | Old 0.6716 | New 0.2117
Train Epoch: 29 Avg Loss: 1.8661 | Seen Class Acc: 0.0000 
Collating features...
539 26575
Epoch 29, Train ACC Unlabelled_v1: All 0.3189 | Old 0.6716 | New 0.2105
Epoch 29, Train ACC Unlabelled_v2: All 0.2424 | Old 0.5646 | New 0.1433
Train Accuracies: All 0.3189 | Old 0.6716 | New 0.2105
Train Epoch: 30 Avg Loss: 1.8714 | Seen Class Acc: 0.0000 
Collating features...
528 26575
Epoch 30, Train ACC Unlabelled_v1: All 0.3203 | Old 0.6630 | New 0.2149
Epoch 30, Train ACC Unlabelled_v2: All 0.2488 | Old 0.5146 | New 0.1671
Train Accuracies: All 0.3203 | Old 0.6630 | New 0.2149
Train Epoch: 31 Avg Loss: 1.8749 | Seen Class Acc: 0.0000 
Collating features...
530 26575
Epoch 31, Train ACC Unlabelled_v1: All 0.3214 | Old 0.6694 | New 0.2144
Epoch 31, Train ACC Unlabelled_v2: All 0.2465 | Old 0.5234 | New 0.1614
Train Accuracies: All 0.3214 | Old 0.6694 | New 0.2144
Train Epoch: 32 Avg Loss: 1.8741 | Seen Class Acc: 0.0000 
Collating features...
523 26575
Epoch 32, Train ACC Unlabelled_v1: All 0.3192 | Old 0.6732 | New 0.2104
Epoch 32, Train ACC Unlabelled_v2: All 0.2446 | Old 0.5382 | New 0.1544
Train Accuracies: All 0.3192 | Old 0.6732 | New 0.2104
Train Epoch: 33 Avg Loss: 1.8631 | Seen Class Acc: 0.0000 
Collating features...
539 26575
Epoch 33, Train ACC Unlabelled_v1: All 0.3174 | Old 0.6723 | New 0.2084
Epoch 33, Train ACC Unlabelled_v2: All 0.2435 | Old 0.5673 | New 0.1440
Train Accuracies: All 0.3174 | Old 0.6723 | New 0.2084
Train Epoch: 34 Avg Loss: 1.8684 | Seen Class Acc: 0.0000 
Collating features...
526 26575
Epoch 34, Train ACC Unlabelled_v1: All 0.3218 | Old 0.6759 | New 0.2129
Epoch 34, Train ACC Unlabelled_v2: All 0.2450 | Old 0.5554 | New 0.1496
Train Accuracies: All 0.3218 | Old 0.6759 | New 0.2129
Train Epoch: 35 Avg Loss: 1.8633 | Seen Class Acc: 0.0000 
Collating features...
542 26575
Epoch 35, Train ACC Unlabelled_v1: All 0.3175 | Old 0.6699 | New 0.2091
Epoch 35, Train ACC Unlabelled_v2: All 0.2441 | Old 0.5330 | New 0.1553
Train Accuracies: All 0.3175 | Old 0.6699 | New 0.2091
Train Epoch: 36 Avg Loss: 1.8555 | Seen Class Acc: 0.0000 
Collating features...
535 26575
Epoch 36, Train ACC Unlabelled_v1: All 0.3212 | Old 0.6755 | New 0.2122
Epoch 36, Train ACC Unlabelled_v2: All 0.2433 | Old 0.5548 | New 0.1475
Train Accuracies: All 0.3212 | Old 0.6755 | New 0.2122
Train Epoch: 37 Avg Loss: 1.8389 | Seen Class Acc: 0.0000 
Collating features...
496 26575
Epoch 37, Train ACC Unlabelled_v1: All 0.3228 | Old 0.6790 | New 0.2133
Epoch 37, Train ACC Unlabelled_v2: All 0.2469 | Old 0.5799 | New 0.1445
Train Accuracies: All 0.3228 | Old 0.6790 | New 0.2133
Train Epoch: 38 Avg Loss: 1.8406 | Seen Class Acc: 0.0000 
Collating features...
508 26575
Epoch 38, Train ACC Unlabelled_v1: All 0.3256 | Old 0.6771 | New 0.2176
Epoch 38, Train ACC Unlabelled_v2: All 0.2493 | Old 0.5390 | New 0.1603
Train Accuracies: All 0.3256 | Old 0.6771 | New 0.2176
Train Epoch: 39 Avg Loss: 1.8321 | Seen Class Acc: 0.0000 
Collating features...
529 26575
Epoch 39, Train ACC Unlabelled_v1: All 0.3208 | Old 0.6785 | New 0.2108
Epoch 39, Train ACC Unlabelled_v2: All 0.2458 | Old 0.5791 | New 0.1433
Train Accuracies: All 0.3208 | Old 0.6785 | New 0.2108
Train Epoch: 40 Avg Loss: 1.8280 | Seen Class Acc: 0.0000 
Collating features...
515 26575
Epoch 40, Train ACC Unlabelled_v1: All 0.3243 | Old 0.6795 | New 0.2150
Epoch 40, Train ACC Unlabelled_v2: All 0.2478 | Old 0.5418 | New 0.1574
Train Accuracies: All 0.3243 | Old 0.6795 | New 0.2150
Train Epoch: 41 Avg Loss: 1.8355 | Seen Class Acc: 0.0000 
Collating features...
512 26575
Epoch 41, Train ACC Unlabelled_v1: All 0.3225 | Old 0.6793 | New 0.2128
Epoch 41, Train ACC Unlabelled_v2: All 0.2447 | Old 0.5772 | New 0.1425
Train Accuracies: All 0.3225 | Old 0.6793 | New 0.2128
Train Epoch: 42 Avg Loss: 1.8052 | Seen Class Acc: 0.0000 
Collating features...
505 26575
Epoch 42, Train ACC Unlabelled_v1: All 0.3238 | Old 0.6791 | New 0.2145
Epoch 42, Train ACC Unlabelled_v2: All 0.2470 | Old 0.5785 | New 0.1451
Train Accuracies: All 0.3238 | Old 0.6791 | New 0.2145
Train Epoch: 43 Avg Loss: 1.8313 | Seen Class Acc: 0.0000 
Collating features...
509 26575
Epoch 43, Train ACC Unlabelled_v1: All 0.3258 | Old 0.6790 | New 0.2172
Epoch 43, Train ACC Unlabelled_v2: All 0.2483 | Old 0.5577 | New 0.1532
Train Accuracies: All 0.3258 | Old 0.6790 | New 0.2172
Train Epoch: 44 Avg Loss: 1.8195 | Seen Class Acc: 0.0000 
Collating features...
525 26575
Epoch 44, Train ACC Unlabelled_v1: All 0.3249 | Old 0.6782 | New 0.2163
Epoch 44, Train ACC Unlabelled_v2: All 0.2464 | Old 0.5198 | New 0.1624
Train Accuracies: All 0.3249 | Old 0.6782 | New 0.2163
Train Epoch: 45 Avg Loss: 1.8385 | Seen Class Acc: 0.0000 
Collating features...
533 26575
Epoch 45, Train ACC Unlabelled_v1: All 0.3264 | Old 0.6806 | New 0.2175
Epoch 45, Train ACC Unlabelled_v2: All 0.2484 | Old 0.5566 | New 0.1536
Train Accuracies: All 0.3264 | Old 0.6806 | New 0.2175
Train Epoch: 46 Avg Loss: 1.8298 | Seen Class Acc: 0.0000 
Collating features...
516 26575
Epoch 46, Train ACC Unlabelled_v1: All 0.3250 | Old 0.6790 | New 0.2161
Epoch 46, Train ACC Unlabelled_v2: All 0.2476 | Old 0.5377 | New 0.1584
Train Accuracies: All 0.3250 | Old 0.6790 | New 0.2161
Train Epoch: 47 Avg Loss: 1.8203 | Seen Class Acc: 0.0000 
Collating features...
531 26575
Epoch 47, Train ACC Unlabelled_v1: All 0.3240 | Old 0.6819 | New 0.2140
Epoch 47, Train ACC Unlabelled_v2: All 0.2467 | Old 0.5710 | New 0.1471
Train Accuracies: All 0.3240 | Old 0.6819 | New 0.2140
Train Epoch: 48 Avg Loss: 1.8233 | Seen Class Acc: 0.0000 
Collating features...
519 26575
Epoch 48, Train ACC Unlabelled_v1: All 0.3259 | Old 0.6804 | New 0.2170
Epoch 48, Train ACC Unlabelled_v2: All 0.2472 | Old 0.5218 | New 0.1627
Train Accuracies: All 0.3259 | Old 0.6804 | New 0.2170
Train Epoch: 49 Avg Loss: 1.8168 | Seen Class Acc: 0.0000 
Collating features...
504 26575
Epoch 49, Train ACC Unlabelled_v1: All 0.3247 | Old 0.6790 | New 0.2158
Epoch 49, Train ACC Unlabelled_v2: All 0.2471 | Old 0.5222 | New 0.1625
Train Accuracies: All 0.3247 | Old 0.6790 | New 0.2158
Train Epoch: 50 Avg Loss: 1.8177 | Seen Class Acc: 0.0000 
Collating features...
517 26575
Epoch 50, Train ACC Unlabelled_v1: All 0.3269 | Old 0.6807 | New 0.2181
Epoch 50, Train ACC Unlabelled_v2: All 0.2488 | Old 0.5748 | New 0.1486
Train Accuracies: All 0.3269 | Old 0.6807 | New 0.2181
Train Epoch: 51 Avg Loss: 1.8092 | Seen Class Acc: 0.0000 
Collating features...
530 26575
Epoch 51, Train ACC Unlabelled_v1: All 0.3271 | Old 0.6846 | New 0.2173
Epoch 51, Train ACC Unlabelled_v2: All 0.2484 | Old 0.5567 | New 0.1536
Train Accuracies: All 0.3271 | Old 0.6846 | New 0.2173
Train Epoch: 52 Avg Loss: 1.8290 | Seen Class Acc: 0.0000 
Collating features...
516 26575
Epoch 52, Train ACC Unlabelled_v1: All 0.3245 | Old 0.6796 | New 0.2153
Epoch 52, Train ACC Unlabelled_v2: All 0.2463 | Old 0.5548 | New 0.1515
Train Accuracies: All 0.3245 | Old 0.6796 | New 0.2153
Train Epoch: 53 Avg Loss: 1.8053 | Seen Class Acc: 0.0000 
Collating features...
511 26575
Epoch 53, Train ACC Unlabelled_v1: All 0.3254 | Old 0.6823 | New 0.2157
Epoch 53, Train ACC Unlabelled_v2: All 0.2477 | Old 0.5628 | New 0.1508
Train Accuracies: All 0.3254 | Old 0.6823 | New 0.2157
Train Epoch: 54 Avg Loss: 1.8046 | Seen Class Acc: 0.0000 
Collating features...
506 26575
Epoch 54, Train ACC Unlabelled_v1: All 0.3271 | Old 0.6823 | New 0.2179
Epoch 54, Train ACC Unlabelled_v2: All 0.2477 | Old 0.5409 | New 0.1575
Train Accuracies: All 0.3271 | Old 0.6823 | New 0.2179
Train Epoch: 55 Avg Loss: 1.8094 | Seen Class Acc: 0.0000 
Collating features...
524 26575
Epoch 55, Train ACC Unlabelled_v1: All 0.3229 | Old 0.6791 | New 0.2134
Epoch 55, Train ACC Unlabelled_v2: All 0.2462 | Old 0.5289 | New 0.1594
Train Accuracies: All 0.3229 | Old 0.6791 | New 0.2134
Train Epoch: 56 Avg Loss: 1.8265 | Seen Class Acc: 0.0000 
Collating features...
508 26575
Epoch 56, Train ACC Unlabelled_v1: All 0.3220 | Old 0.6748 | New 0.2136
Epoch 56, Train ACC Unlabelled_v2: All 0.2429 | Old 0.5380 | New 0.1521
Train Accuracies: All 0.3220 | Old 0.6748 | New 0.2136
Train Epoch: 57 Avg Loss: 1.8279 | Seen Class Acc: 0.0000 
Collating features...
531 26575
Epoch 57, Train ACC Unlabelled_v1: All 0.3246 | Old 0.6783 | New 0.2159
Epoch 57, Train ACC Unlabelled_v2: All 0.2484 | Old 0.5457 | New 0.1570
Train Accuracies: All 0.3246 | Old 0.6783 | New 0.2159
Train Epoch: 58 Avg Loss: 1.8164 | Seen Class Acc: 0.0000 
Collating features...
526 26575
Epoch 58, Train ACC Unlabelled_v1: All 0.3246 | Old 0.6795 | New 0.2155
Epoch 58, Train ACC Unlabelled_v2: All 0.2490 | Old 0.5785 | New 0.1477
Train Accuracies: All 0.3246 | Old 0.6795 | New 0.2155
Train Epoch: 59 Avg Loss: 1.8166 | Seen Class Acc: 0.0000 
Collating features...
524 26575
Epoch 59, Train ACC Unlabelled_v1: All 0.3250 | Old 0.6819 | New 0.2152
Epoch 59, Train ACC Unlabelled_v2: All 0.2468 | Old 0.5795 | New 0.1445
Train Accuracies: All 0.3250 | Old 0.6819 | New 0.2152
Train Epoch: 60 Avg Loss: 1.8024 | Seen Class Acc: 0.0000 
Collating features...
535 26575
Epoch 60, Train ACC Unlabelled_v1: All 0.3259 | Old 0.6819 | New 0.2164
Epoch 60, Train ACC Unlabelled_v2: All 0.2473 | Old 0.5617 | New 0.1506
Train Accuracies: All 0.3259 | Old 0.6819 | New 0.2164
Train Epoch: 61 Avg Loss: 1.8123 | Seen Class Acc: 0.0000 
Collating features...
508 26575
Epoch 61, Train ACC Unlabelled_v1: All 0.3278 | Old 0.6820 | New 0.2188
Epoch 61, Train ACC Unlabelled_v2: All 0.2490 | Old 0.5255 | New 0.1639
Train Accuracies: All 0.3278 | Old 0.6820 | New 0.2188
Train Epoch: 62 Avg Loss: 1.8188 | Seen Class Acc: 0.0000 
Collating features...
504 26575
Epoch 62, Train ACC Unlabelled_v1: All 0.3275 | Old 0.6827 | New 0.2183
Epoch 62, Train ACC Unlabelled_v2: All 0.2488 | Old 0.5468 | New 0.1571
Train Accuracies: All 0.3275 | Old 0.6827 | New 0.2183
Train Epoch: 63 Avg Loss: 1.8134 | Seen Class Acc: 0.0000 
Collating features...
517 26575
Epoch 63, Train ACC Unlabelled_v1: All 0.3283 | Old 0.6839 | New 0.2189
Epoch 63, Train ACC Unlabelled_v2: All 0.2488 | Old 0.5316 | New 0.1618
Train Accuracies: All 0.3283 | Old 0.6839 | New 0.2189
Train Epoch: 64 Avg Loss: 1.8137 | Seen Class Acc: 0.0000 
Collating features...
533 26575
Epoch 64, Train ACC Unlabelled_v1: All 0.3264 | Old 0.6852 | New 0.2161
Epoch 64, Train ACC Unlabelled_v2: All 0.2482 | Old 0.5511 | New 0.1551
Train Accuracies: All 0.3264 | Old 0.6852 | New 0.2161
Train Epoch: 65 Avg Loss: 1.8027 | Seen Class Acc: 0.0000 
Collating features...
493 26575
Epoch 65, Train ACC Unlabelled_v1: All 0.3260 | Old 0.6830 | New 0.2163
Epoch 65, Train ACC Unlabelled_v2: All 0.2479 | Old 0.5342 | New 0.1599
Train Accuracies: All 0.3260 | Old 0.6830 | New 0.2163
Train Epoch: 66 Avg Loss: 1.8083 | Seen Class Acc: 0.0000 
Collating features...
506 26575
Epoch 66, Train ACC Unlabelled_v1: All 0.3285 | Old 0.6830 | New 0.2196
Epoch 66, Train ACC Unlabelled_v2: All 0.2494 | Old 0.5298 | New 0.1632
Train Accuracies: All 0.3285 | Old 0.6830 | New 0.2196
Train Epoch: 67 Avg Loss: 1.8068 | Seen Class Acc: 0.0000 
Collating features...
509 26575
Epoch 67, Train ACC Unlabelled_v1: All 0.3281 | Old 0.6857 | New 0.2182
Epoch 67, Train ACC Unlabelled_v2: All 0.2481 | Old 0.5348 | New 0.1600
Train Accuracies: All 0.3281 | Old 0.6857 | New 0.2182
Train Epoch: 68 Avg Loss: 1.8126 | Seen Class Acc: 0.0000 
Collating features...
506 26575
Epoch 68, Train ACC Unlabelled_v1: All 0.3279 | Old 0.6846 | New 0.2183
Epoch 68, Train ACC Unlabelled_v2: All 0.2490 | Old 0.5287 | New 0.1630
Train Accuracies: All 0.3279 | Old 0.6846 | New 0.2183
Train Epoch: 69 Avg Loss: 1.8054 | Seen Class Acc: 0.0000 
Collating features...
509 26575
Epoch 69, Train ACC Unlabelled_v1: All 0.3283 | Old 0.6835 | New 0.2191
Epoch 69, Train ACC Unlabelled_v2: All 0.2478 | Old 0.5318 | New 0.1605
Train Accuracies: All 0.3283 | Old 0.6835 | New 0.2191
Train Epoch: 70 Avg Loss: 1.8212 | Seen Class Acc: 0.0000 
Collating features...
527 26575
Epoch 70, Train ACC Unlabelled_v1: All 0.3266 | Old 0.6833 | New 0.2170
Epoch 70, Train ACC Unlabelled_v2: All 0.2476 | Old 0.5314 | New 0.1603
Train Accuracies: All 0.3266 | Old 0.6833 | New 0.2170
Train Epoch: 71 Avg Loss: 1.8124 | Seen Class Acc: 0.0000 
Collating features...
500 26575
Epoch 71, Train ACC Unlabelled_v1: All 0.3294 | Old 0.6833 | New 0.2206
Epoch 71, Train ACC Unlabelled_v2: All 0.2492 | Old 0.5295 | New 0.1630
Train Accuracies: All 0.3294 | Old 0.6833 | New 0.2206
Train Epoch: 72 Avg Loss: 1.8064 | Seen Class Acc: 0.0000 
Collating features...
502 26575
Epoch 72, Train ACC Unlabelled_v1: All 0.3276 | Old 0.6833 | New 0.2182
Epoch 72, Train ACC Unlabelled_v2: All 0.2482 | Old 0.5298 | New 0.1617
Train Accuracies: All 0.3276 | Old 0.6833 | New 0.2182
Train Epoch: 73 Avg Loss: 1.8007 | Seen Class Acc: 0.0000 
Collating features...
525 26575
Epoch 73, Train ACC Unlabelled_v1: All 0.3262 | Old 0.6839 | New 0.2162
Epoch 73, Train ACC Unlabelled_v2: All 0.2471 | Old 0.5322 | New 0.1595
Train Accuracies: All 0.3262 | Old 0.6839 | New 0.2162
Train Epoch: 74 Avg Loss: 1.8089 | Seen Class Acc: 0.0000 
Collating features...
507 26575
Epoch 74, Train ACC Unlabelled_v1: All 0.3273 | Old 0.6835 | New 0.2178
Epoch 74, Train ACC Unlabelled_v2: All 0.2484 | Old 0.5314 | New 0.1613
Train Accuracies: All 0.3273 | Old 0.6835 | New 0.2178
Train Epoch: 75 Avg Loss: 1.8227 | Seen Class Acc: 0.0000 
Collating features...
505 26575
Epoch 75, Train ACC Unlabelled_v1: All 0.3267 | Old 0.6835 | New 0.2170
Epoch 75, Train ACC Unlabelled_v2: All 0.2485 | Old 0.5321 | New 0.1613
Train Accuracies: All 0.3267 | Old 0.6835 | New 0.2170
Train Epoch: 76 Avg Loss: 1.8140 | Seen Class Acc: 0.0000 
Collating features...
504 26575
Epoch 76, Train ACC Unlabelled_v1: All 0.3273 | Old 0.6843 | New 0.2176
Epoch 76, Train ACC Unlabelled_v2: All 0.2490 | Old 0.5287 | New 0.1630
Train Accuracies: All 0.3273 | Old 0.6843 | New 0.2176
Train Epoch: 77 Avg Loss: 1.8088 | Seen Class Acc: 0.0000 
Collating features...
514 26575
Epoch 77, Train ACC Unlabelled_v1: All 0.3264 | Old 0.6851 | New 0.2161
Epoch 77, Train ACC Unlabelled_v2: All 0.2473 | Old 0.5308 | New 0.1601
Train Accuracies: All 0.3264 | Old 0.6851 | New 0.2161
Train Epoch: 78 Avg Loss: 1.8166 | Seen Class Acc: 0.0000 
Collating features...
515 26575
Epoch 78, Train ACC Unlabelled_v1: All 0.3288 | Old 0.6835 | New 0.2197
Epoch 78, Train ACC Unlabelled_v2: All 0.2494 | Old 0.5324 | New 0.1624
Train Accuracies: All 0.3288 | Old 0.6835 | New 0.2197
Train Epoch: 79 Avg Loss: 1.8093 | Seen Class Acc: 0.0000 
Collating features...
515 26575
Epoch 79, Train ACC Unlabelled_v1: All 0.3276 | Old 0.6847 | New 0.2178
Epoch 79, Train ACC Unlabelled_v2: All 0.2481 | Old 0.5274 | New 0.1622
Train Accuracies: All 0.3276 | Old 0.6847 | New 0.2178
Train Epoch: 80 Avg Loss: 1.8212 | Seen Class Acc: 0.0000 
Collating features...
530 26575
Epoch 80, Train ACC Unlabelled_v1: All 0.3265 | Old 0.6835 | New 0.2168
Epoch 80, Train ACC Unlabelled_v2: All 0.2473 | Old 0.5292 | New 0.1606
Train Accuracies: All 0.3265 | Old 0.6835 | New 0.2168
Train Epoch: 81 Avg Loss: 1.8056 | Seen Class Acc: 0.0000 
Collating features...
509 26575
Epoch 81, Train ACC Unlabelled_v1: All 0.3291 | Old 0.6839 | New 0.2200
Epoch 81, Train ACC Unlabelled_v2: All 0.2493 | Old 0.5276 | New 0.1637
Train Accuracies: All 0.3291 | Old 0.6839 | New 0.2200
Train Epoch: 82 Avg Loss: 1.7986 | Seen Class Acc: 0.0000 
Collating features...
516 26575
Epoch 82, Train ACC Unlabelled_v1: All 0.3277 | Old 0.6833 | New 0.2183
Epoch 82, Train ACC Unlabelled_v2: All 0.2486 | Old 0.5321 | New 0.1614
Train Accuracies: All 0.3277 | Old 0.6833 | New 0.2183
Train Epoch: 83 Avg Loss: 1.8155 | Seen Class Acc: 0.0000 
Collating features...
503 26575
Epoch 83, Train ACC Unlabelled_v1: All 0.3271 | Old 0.6831 | New 0.2177
Epoch 83, Train ACC Unlabelled_v2: All 0.2489 | Old 0.5300 | New 0.1625
Train Accuracies: All 0.3271 | Old 0.6831 | New 0.2177
Train Epoch: 84 Avg Loss: 1.8073 | Seen Class Acc: 0.0000 
Collating features...
507 26575
Epoch 84, Train ACC Unlabelled_v1: All 0.3291 | Old 0.6827 | New 0.2204
Epoch 84, Train ACC Unlabelled_v2: All 0.2509 | Old 0.5294 | New 0.1653
Train Accuracies: All 0.3291 | Old 0.6827 | New 0.2204
Train Epoch: 85 Avg Loss: 1.8113 | Seen Class Acc: 0.0000 
Collating features...
498 26575
Epoch 85, Train ACC Unlabelled_v1: All 0.3276 | Old 0.6835 | New 0.2182
Epoch 85, Train ACC Unlabelled_v2: All 0.2496 | Old 0.5337 | New 0.1622
Train Accuracies: All 0.3276 | Old 0.6835 | New 0.2182
Train Epoch: 86 Avg Loss: 1.8108 | Seen Class Acc: 0.0000 
Collating features...
503 26575
Epoch 86, Train ACC Unlabelled_v1: All 0.3259 | Old 0.6820 | New 0.2164
Epoch 86, Train ACC Unlabelled_v2: All 0.2482 | Old 0.5284 | New 0.1621
Train Accuracies: All 0.3259 | Old 0.6820 | New 0.2164
Train Epoch: 87 Avg Loss: 1.8084 | Seen Class Acc: 0.0000 
Collating features...
507 26575
Epoch 87, Train ACC Unlabelled_v1: All 0.3269 | Old 0.6827 | New 0.2176
Epoch 87, Train ACC Unlabelled_v2: All 0.2490 | Old 0.5332 | New 0.1617
Train Accuracies: All 0.3269 | Old 0.6827 | New 0.2176
Train Epoch: 88 Avg Loss: 1.7994 | Seen Class Acc: 0.0000 
Collating features...
523 26575
Epoch 88, Train ACC Unlabelled_v1: All 0.3258 | Old 0.6830 | New 0.2160
Epoch 88, Train ACC Unlabelled_v2: All 0.2481 | Old 0.5337 | New 0.1603
Train Accuracies: All 0.3258 | Old 0.6830 | New 0.2160
Train Epoch: 89 Avg Loss: 1.7991 | Seen Class Acc: 0.0000 
Collating features...
502 26575
Epoch 89, Train ACC Unlabelled_v1: All 0.3276 | Old 0.6825 | New 0.2185
Epoch 89, Train ACC Unlabelled_v2: All 0.2487 | Old 0.5202 | New 0.1652
Train Accuracies: All 0.3276 | Old 0.6825 | New 0.2185
Train Epoch: 90 Avg Loss: 1.8016 | Seen Class Acc: 0.0000 
Collating features...
499 26575
Epoch 90, Train ACC Unlabelled_v1: All 0.3266 | Old 0.6836 | New 0.2168
Epoch 90, Train ACC Unlabelled_v2: All 0.2488 | Old 0.5306 | New 0.1621
Train Accuracies: All 0.3266 | Old 0.6836 | New 0.2168
Train Epoch: 91 Avg Loss: 1.8226 | Seen Class Acc: 0.0000 
Collating features...
499 26575
Epoch 91, Train ACC Unlabelled_v1: All 0.3278 | Old 0.6822 | New 0.2189
Epoch 91, Train ACC Unlabelled_v2: All 0.2491 | Old 0.5290 | New 0.1631
Train Accuracies: All 0.3278 | Old 0.6822 | New 0.2189
Train Epoch: 92 Avg Loss: 1.8176 | Seen Class Acc: 0.0000 
Collating features...
519 26575
Epoch 92, Train ACC Unlabelled_v1: All 0.3273 | Old 0.6835 | New 0.2178
Epoch 92, Train ACC Unlabelled_v2: All 0.2489 | Old 0.5334 | New 0.1614
Train Accuracies: All 0.3273 | Old 0.6835 | New 0.2178
Train Epoch: 93 Avg Loss: 1.8029 | Seen Class Acc: 0.0000 
Collating features...
508 26575
Epoch 93, Train ACC Unlabelled_v1: All 0.3268 | Old 0.6831 | New 0.2173
Epoch 93, Train ACC Unlabelled_v2: All 0.2486 | Old 0.5327 | New 0.1612
Train Accuracies: All 0.3268 | Old 0.6831 | New 0.2173
Train Epoch: 94 Avg Loss: 1.8147 | Seen Class Acc: 0.0000 
Collating features...
505 26575
Epoch 94, Train ACC Unlabelled_v1: All 0.3281 | Old 0.6838 | New 0.2187
Epoch 94, Train ACC Unlabelled_v2: All 0.2493 | Old 0.5302 | New 0.1629
Train Accuracies: All 0.3281 | Old 0.6838 | New 0.2187
Train Epoch: 95 Avg Loss: 1.8077 | Seen Class Acc: 0.0000 
Collating features...
519 26575
Epoch 95, Train ACC Unlabelled_v1: All 0.3273 | Old 0.6836 | New 0.2177
Epoch 95, Train ACC Unlabelled_v2: All 0.2490 | Old 0.5324 | New 0.1619
Train Accuracies: All 0.3273 | Old 0.6836 | New 0.2177
Train Epoch: 96 Avg Loss: 1.8085 | Seen Class Acc: 0.0000 
Collating features...
516 26575
Epoch 96, Train ACC Unlabelled_v1: All 0.3270 | Old 0.6823 | New 0.2178
Epoch 96, Train ACC Unlabelled_v2: All 0.2478 | Old 0.5177 | New 0.1648
Train Accuracies: All 0.3270 | Old 0.6823 | New 0.2178
Train Epoch: 97 Avg Loss: 1.7958 | Seen Class Acc: 0.0000 
Collating features...
533 26575
Epoch 97, Train ACC Unlabelled_v1: All 0.3265 | Old 0.6831 | New 0.2168
Epoch 97, Train ACC Unlabelled_v2: All 0.2474 | Old 0.5335 | New 0.1595
Train Accuracies: All 0.3265 | Old 0.6831 | New 0.2168
Train Epoch: 98 Avg Loss: 1.8162 | Seen Class Acc: 0.0000 
Collating features...
502 26575
Epoch 98, Train ACC Unlabelled_v1: All 0.3277 | Old 0.6830 | New 0.2184
Epoch 98, Train ACC Unlabelled_v2: All 0.2490 | Old 0.5326 | New 0.1619
Train Accuracies: All 0.3277 | Old 0.6830 | New 0.2184
Train Epoch: 99 Avg Loss: 1.8121 | Seen Class Acc: 0.0000 
Collating features...
508 26575
Epoch 99, Train ACC Unlabelled_v1: All 0.3271 | Old 0.6846 | New 0.2173
Epoch 99, Train ACC Unlabelled_v2: All 0.2487 | Old 0.5348 | New 0.1607
Train Accuracies: All 0.3271 | Old 0.6846 | New 0.2173
Experiment saved to: /home/pszzz/hyzheng/myocd/SMILE/checkpoints/log/(28.04.2024_|_14.551)
['checkpoints']
Namespace(batch_size=128, num_workers=16, eval_funcs=['v1', 'v2'], warmup_model_dir=None, model_name='vit_dino', dataset_name='Mammalia', prop_train_labels=0.5, use_ssb_splits=True, grad_from_block=11, lr=0.01, save_best_thresh=None, gamma=0.1, momentum=0.9, weight_decay=5e-05, epochs=100, exp_root='/home/pszzz/hyzheng/myocd/SMILE/', transform='imagenet', seed=1, base_model='vit_dino', temperature=1.0, sup_con_weight=0.5, n_views=2, contrast_unlabel_only=False, image_size=224, train_classes=range(0, 93), unlabeled_classes=range(93, 186), num_labeled_classes=93, num_unlabeled_classes=93, cuda=True, log_dir='/home/pszzz/hyzheng/myocd/SMILE/checkpoints/log/(28.04.2024_|_14.551)', model_dir='/home/pszzz/hyzheng/myocd/SMILE/checkpoints/log/(28.04.2024_|_14.551)/checkpoints', model_path='/home/pszzz/hyzheng/myocd/SMILE/checkpoints/log/(28.04.2024_|_14.551)/checkpoints/model.pt', writer=<tensorboardX.writer.SummaryWriter object at 0x7fb51a66dc70>)
Using evaluation function v1 to print results
Train Epoch: 0 Avg Loss: 5.7094 | Seen Class Acc: 0.0000 
Collating features...
549 26575
Epoch 0, Train ACC Unlabelled_v1: All 0.2259 | Old 0.3844 | New 0.1772
Epoch 0, Train ACC Unlabelled_v2: All 0.1857 | Old 0.3066 | New 0.1485
Train Accuracies: All 0.2259 | Old 0.3844 | New 0.1772
Train Epoch: 1 Avg Loss: 4.0314 | Seen Class Acc: 0.0000 
Collating features...
434 26575
Epoch 1, Train ACC Unlabelled_v1: All 0.2492 | Old 0.4786 | New 0.1787
Epoch 1, Train ACC Unlabelled_v2: All 0.1959 | Old 0.3954 | New 0.1346
Train Accuracies: All 0.2492 | Old 0.4786 | New 0.1787
Train Epoch: 2 Avg Loss: 3.5293 | Seen Class Acc: 0.0000 
Collating features...
462 26575
Epoch 2, Train ACC Unlabelled_v1: All 0.2636 | Old 0.5154 | New 0.1862
Epoch 2, Train ACC Unlabelled_v2: All 0.2101 | Old 0.4468 | New 0.1373
Train Accuracies: All 0.2636 | Old 0.5154 | New 0.1862
Train Epoch: 3 Avg Loss: 3.1708 | Seen Class Acc: 0.0000 
Collating features...
442 26575
Epoch 3, Train ACC Unlabelled_v1: All 0.2720 | Old 0.5444 | New 0.1882
Epoch 3, Train ACC Unlabelled_v2: All 0.2142 | Old 0.4729 | New 0.1347
Train Accuracies: All 0.2720 | Old 0.5444 | New 0.1882
Train Epoch: 4 Avg Loss: 2.9375 | Seen Class Acc: 0.0000 
Collating features...
425 26575
Epoch 4, Train ACC Unlabelled_v1: All 0.2837 | Old 0.5583 | New 0.1992
Epoch 4, Train ACC Unlabelled_v2: All 0.2266 | Old 0.4527 | New 0.1570
Train Accuracies: All 0.2837 | Old 0.5583 | New 0.1992
Train Epoch: 5 Avg Loss: 2.7621 | Seen Class Acc: 0.0000 
Collating features...
477 26575
Epoch 5, Train ACC Unlabelled_v1: All 0.2712 | Old 0.5627 | New 0.1816
Epoch 5, Train ACC Unlabelled_v2: All 0.2144 | Old 0.4911 | New 0.1293
Train Accuracies: All 0.2712 | Old 0.5627 | New 0.1816
Train Epoch: 6 Avg Loss: 2.6061 | Seen Class Acc: 0.0000 
Collating features...
463 26575
Epoch 6, Train ACC Unlabelled_v1: All 0.2885 | Old 0.5873 | New 0.1966
Epoch 6, Train ACC Unlabelled_v2: All 0.2257 | Old 0.4874 | New 0.1452
Train Accuracies: All 0.2885 | Old 0.5873 | New 0.1966
Train Epoch: 7 Avg Loss: 2.4858 | Seen Class Acc: 0.0000 
Collating features...
435 26575
Epoch 7, Train ACC Unlabelled_v1: All 0.2881 | Old 0.5956 | New 0.1935
Epoch 7, Train ACC Unlabelled_v2: All 0.2263 | Old 0.5121 | New 0.1385
Train Accuracies: All 0.2881 | Old 0.5956 | New 0.1935
Train Epoch: 8 Avg Loss: 2.3958 | Seen Class Acc: 0.0000 
Collating features...
470 26575
Epoch 8, Train ACC Unlabelled_v1: All 0.2999 | Old 0.6081 | New 0.2052
Epoch 8, Train ACC Unlabelled_v2: All 0.2329 | Old 0.4879 | New 0.1545
Train Accuracies: All 0.2999 | Old 0.6081 | New 0.2052
Train Epoch: 9 Avg Loss: 2.2925 | Seen Class Acc: 0.0000 
Collating features...
454 26575
Epoch 9, Train ACC Unlabelled_v1: All 0.2971 | Old 0.6076 | New 0.2016
Epoch 9, Train ACC Unlabelled_v2: All 0.2338 | Old 0.4985 | New 0.1525
Train Accuracies: All 0.2971 | Old 0.6076 | New 0.2016
Train Epoch: 10 Avg Loss: 2.2393 | Seen Class Acc: 0.0000 
Collating features...
430 26575
Epoch 10, Train ACC Unlabelled_v1: All 0.2953 | Old 0.6014 | New 0.2012
Epoch 10, Train ACC Unlabelled_v2: All 0.2330 | Old 0.5191 | New 0.1451
Train Accuracies: All 0.2953 | Old 0.6014 | New 0.2012
Train Epoch: 11 Avg Loss: 2.1875 | Seen Class Acc: 0.0000 
Collating features...
460 26575
Epoch 11, Train ACC Unlabelled_v1: All 0.2938 | Old 0.6108 | New 0.1964
Epoch 11, Train ACC Unlabelled_v2: All 0.2311 | Old 0.5334 | New 0.1382
Train Accuracies: All 0.2938 | Old 0.6108 | New 0.1964
Train Epoch: 12 Avg Loss: 2.1331 | Seen Class Acc: 0.0000 
Collating features...
457 26575
Epoch 12, Train ACC Unlabelled_v1: All 0.2983 | Old 0.6212 | New 0.1990
Epoch 12, Train ACC Unlabelled_v2: All 0.2353 | Old 0.4975 | New 0.1547
Train Accuracies: All 0.2983 | Old 0.6212 | New 0.1990
Train Epoch: 13 Avg Loss: 2.1047 | Seen Class Acc: 0.0000 
Collating features...
464 26575
Epoch 13, Train ACC Unlabelled_v1: All 0.3030 | Old 0.6167 | New 0.2065
Epoch 13, Train ACC Unlabelled_v2: All 0.2403 | Old 0.5086 | New 0.1579
Train Accuracies: All 0.3030 | Old 0.6167 | New 0.2065
Train Epoch: 14 Avg Loss: 2.0910 | Seen Class Acc: 0.0000 
Collating features...
473 26575
Epoch 14, Train ACC Unlabelled_v1: All 0.3098 | Old 0.6159 | New 0.2156
Epoch 14, Train ACC Unlabelled_v2: All 0.2459 | Old 0.4886 | New 0.1713
Train Accuracies: All 0.3098 | Old 0.6159 | New 0.2156
Train Epoch: 15 Avg Loss: 2.0955 | Seen Class Acc: 0.0000 
Collating features...
435 26575
Epoch 15, Train ACC Unlabelled_v1: All 0.3028 | Old 0.6243 | New 0.2040
Epoch 15, Train ACC Unlabelled_v2: All 0.2388 | Old 0.5398 | New 0.1463
Train Accuracies: All 0.3028 | Old 0.6243 | New 0.2040
Train Epoch: 16 Avg Loss: 2.0291 | Seen Class Acc: 0.0000 
Collating features...
441 26575
Epoch 16, Train ACC Unlabelled_v1: All 0.3095 | Old 0.6324 | New 0.2102
Epoch 16, Train ACC Unlabelled_v2: All 0.2390 | Old 0.5159 | New 0.1539
Train Accuracies: All 0.3095 | Old 0.6324 | New 0.2102
Train Epoch: 17 Avg Loss: 2.0039 | Seen Class Acc: 0.0000 
Collating features...
447 26575
Epoch 17, Train ACC Unlabelled_v1: All 0.3112 | Old 0.6326 | New 0.2124
Epoch 17, Train ACC Unlabelled_v2: All 0.2416 | Old 0.5062 | New 0.1603
Train Accuracies: All 0.3112 | Old 0.6326 | New 0.2124
Train Epoch: 18 Avg Loss: 1.9960 | Seen Class Acc: 0.0000 
Collating features...
441 26575
Epoch 18, Train ACC Unlabelled_v1: All 0.3080 | Old 0.6356 | New 0.2073
Epoch 18, Train ACC Unlabelled_v2: All 0.2417 | Old 0.5153 | New 0.1576
Train Accuracies: All 0.3080 | Old 0.6356 | New 0.2073
Train Epoch: 19 Avg Loss: 1.9647 | Seen Class Acc: 0.0000 
Collating features...
464 26575
Epoch 19, Train ACC Unlabelled_v1: All 0.3017 | Old 0.6364 | New 0.1988
Epoch 19, Train ACC Unlabelled_v2: All 0.2358 | Old 0.5169 | New 0.1494
Train Accuracies: All 0.3017 | Old 0.6364 | New 0.1988
Train Epoch: 20 Avg Loss: 1.9491 | Seen Class Acc: 0.0000 
Collating features...
431 26575
Epoch 20, Train ACC Unlabelled_v1: All 0.3142 | Old 0.6387 | New 0.2145
Epoch 20, Train ACC Unlabelled_v2: All 0.2451 | Old 0.5114 | New 0.1632
Train Accuracies: All 0.3142 | Old 0.6387 | New 0.2145
Train Epoch: 21 Avg Loss: 1.9454 | Seen Class Acc: 0.0000 
Collating features...
443 26575
Epoch 21, Train ACC Unlabelled_v1: All 0.3145 | Old 0.6358 | New 0.2157
Epoch 21, Train ACC Unlabelled_v2: All 0.2459 | Old 0.5033 | New 0.1668
Train Accuracies: All 0.3145 | Old 0.6358 | New 0.2157
Train Epoch: 22 Avg Loss: 1.9367 | Seen Class Acc: 0.0000 
Collating features...
449 26575
Epoch 22, Train ACC Unlabelled_v1: All 0.3133 | Old 0.6379 | New 0.2135
Epoch 22, Train ACC Unlabelled_v2: All 0.2454 | Old 0.5196 | New 0.1611
Train Accuracies: All 0.3133 | Old 0.6379 | New 0.2135
Train Epoch: 23 Avg Loss: 1.9161 | Seen Class Acc: 0.0000 
Collating features...
452 26575
Epoch 23, Train ACC Unlabelled_v1: All 0.3135 | Old 0.6355 | New 0.2145
Epoch 23, Train ACC Unlabelled_v2: All 0.2466 | Old 0.5153 | New 0.1640
Train Accuracies: All 0.3135 | Old 0.6355 | New 0.2145
Train Epoch: 24 Avg Loss: 1.9124 | Seen Class Acc: 0.0000 
Collating features...
423 26575
Epoch 24, Train ACC Unlabelled_v1: All 0.3143 | Old 0.6355 | New 0.2155
Epoch 24, Train ACC Unlabelled_v2: All 0.2465 | Old 0.5188 | New 0.1627
Train Accuracies: All 0.3143 | Old 0.6355 | New 0.2155
Train Epoch: 25 Avg Loss: 1.8932 | Seen Class Acc: 0.0000 
Collating features...
424 26575
Epoch 25, Train ACC Unlabelled_v1: All 0.3108 | Old 0.6404 | New 0.2095
Epoch 25, Train ACC Unlabelled_v2: All 0.2442 | Old 0.5242 | New 0.1581
Train Accuracies: All 0.3108 | Old 0.6404 | New 0.2095
Train Epoch: 26 Avg Loss: 1.8893 | Seen Class Acc: 0.0000 
Collating features...
430 26575
Epoch 26, Train ACC Unlabelled_v1: All 0.3122 | Old 0.6459 | New 0.2096
Epoch 26, Train ACC Unlabelled_v2: All 0.2442 | Old 0.5284 | New 0.1568
Train Accuracies: All 0.3122 | Old 0.6459 | New 0.2096
Train Epoch: 27 Avg Loss: 1.9132 | Seen Class Acc: 0.0000 
Collating features...
446 26575
Epoch 27, Train ACC Unlabelled_v1: All 0.3074 | Old 0.6387 | New 0.2055
Epoch 27, Train ACC Unlabelled_v2: All 0.2405 | Old 0.5340 | New 0.1503
Train Accuracies: All 0.3074 | Old 0.6387 | New 0.2055
Train Epoch: 28 Avg Loss: 1.8804 | Seen Class Acc: 0.0000 
Collating features...
423 26575
Epoch 28, Train ACC Unlabelled_v1: All 0.3090 | Old 0.6396 | New 0.2074
Epoch 28, Train ACC Unlabelled_v2: All 0.2430 | Old 0.5210 | New 0.1576
Train Accuracies: All 0.3090 | Old 0.6396 | New 0.2074
Train Epoch: 29 Avg Loss: 1.8540 | Seen Class Acc: 0.0000 
Collating features...
428 26575
Epoch 29, Train ACC Unlabelled_v1: All 0.3102 | Old 0.6411 | New 0.2085
Epoch 29, Train ACC Unlabelled_v2: All 0.2415 | Old 0.5262 | New 0.1540
Train Accuracies: All 0.3102 | Old 0.6411 | New 0.2085
Train Epoch: 30 Avg Loss: 1.8595 | Seen Class Acc: 0.0000 
Collating features...
428 26575
Epoch 30, Train ACC Unlabelled_v1: All 0.3101 | Old 0.6447 | New 0.2072
Epoch 30, Train ACC Unlabelled_v2: All 0.2392 | Old 0.5287 | New 0.1503
Train Accuracies: All 0.3101 | Old 0.6447 | New 0.2072
Train Epoch: 31 Avg Loss: 1.8462 | Seen Class Acc: 0.0000 
Collating features...
424 26575
Epoch 31, Train ACC Unlabelled_v1: All 0.3130 | Old 0.6443 | New 0.2112
Epoch 31, Train ACC Unlabelled_v2: All 0.2414 | Old 0.5346 | New 0.1513
Train Accuracies: All 0.3130 | Old 0.6443 | New 0.2112
Train Epoch: 32 Avg Loss: 1.8552 | Seen Class Acc: 0.0000 
Collating features...
438 26575
Epoch 32, Train ACC Unlabelled_v1: All 0.3145 | Old 0.6447 | New 0.2129
Epoch 32, Train ACC Unlabelled_v2: All 0.2421 | Old 0.5249 | New 0.1551
Train Accuracies: All 0.3145 | Old 0.6447 | New 0.2129
Train Epoch: 33 Avg Loss: 1.8517 | Seen Class Acc: 0.0000 
Collating features...
429 26575
Epoch 33, Train ACC Unlabelled_v1: All 0.3057 | Old 0.6439 | New 0.2017
Epoch 33, Train ACC Unlabelled_v2: All 0.2355 | Old 0.5254 | New 0.1464
Train Accuracies: All 0.3057 | Old 0.6439 | New 0.2017
Train Epoch: 34 Avg Loss: 1.8403 | Seen Class Acc: 0.0000 
Collating features...
414 26575
Epoch 34, Train ACC Unlabelled_v1: All 0.3142 | Old 0.6483 | New 0.2116
Epoch 34, Train ACC Unlabelled_v2: All 0.2414 | Old 0.5166 | New 0.1568
Train Accuracies: All 0.3142 | Old 0.6483 | New 0.2116
Train Epoch: 35 Avg Loss: 1.8483 | Seen Class Acc: 0.0000 
Collating features...
432 26575
Epoch 35, Train ACC Unlabelled_v1: All 0.3131 | Old 0.6475 | New 0.2103
Epoch 35, Train ACC Unlabelled_v2: All 0.2407 | Old 0.5161 | New 0.1560
Train Accuracies: All 0.3131 | Old 0.6475 | New 0.2103
Train Epoch: 36 Avg Loss: 1.8436 | Seen Class Acc: 0.0000 
Collating features...
422 26575
Epoch 36, Train ACC Unlabelled_v1: All 0.3125 | Old 0.6444 | New 0.2105
Epoch 36, Train ACC Unlabelled_v2: All 0.2408 | Old 0.5351 | New 0.1503
Train Accuracies: All 0.3125 | Old 0.6444 | New 0.2105
Train Epoch: 37 Avg Loss: 1.8313 | Seen Class Acc: 0.0000 
Collating features...
427 26575
Epoch 37, Train ACC Unlabelled_v1: All 0.3166 | Old 0.6468 | New 0.2151
Epoch 37, Train ACC Unlabelled_v2: All 0.2443 | Old 0.5239 | New 0.1583
Train Accuracies: All 0.3166 | Old 0.6468 | New 0.2151
Train Epoch: 38 Avg Loss: 1.8399 | Seen Class Acc: 0.0000 
Collating features...
413 26575
Epoch 38, Train ACC Unlabelled_v1: All 0.3132 | Old 0.6444 | New 0.2113
Epoch 38, Train ACC Unlabelled_v2: All 0.2437 | Old 0.5233 | New 0.1577
Train Accuracies: All 0.3132 | Old 0.6444 | New 0.2113
Train Epoch: 39 Avg Loss: 1.8378 | Seen Class Acc: 0.0000 
Collating features...
419 26575
Epoch 39, Train ACC Unlabelled_v1: All 0.3131 | Old 0.6459 | New 0.2108
Epoch 39, Train ACC Unlabelled_v2: All 0.2436 | Old 0.5290 | New 0.1558
Train Accuracies: All 0.3131 | Old 0.6459 | New 0.2108
Train Epoch: 40 Avg Loss: 1.8462 | Seen Class Acc: 0.0000 
Collating features...
418 26575
Epoch 40, Train ACC Unlabelled_v1: All 0.3127 | Old 0.6462 | New 0.2102
Epoch 40, Train ACC Unlabelled_v2: All 0.2446 | Old 0.5252 | New 0.1583
Train Accuracies: All 0.3127 | Old 0.6462 | New 0.2102
Train Epoch: 41 Avg Loss: 1.8373 | Seen Class Acc: 0.0000 
Collating features...
412 26575
Epoch 41, Train ACC Unlabelled_v1: All 0.3144 | Old 0.6487 | New 0.2116
Epoch 41, Train ACC Unlabelled_v2: All 0.2452 | Old 0.5266 | New 0.1586
Train Accuracies: All 0.3144 | Old 0.6487 | New 0.2116
Train Epoch: 42 Avg Loss: 1.8297 | Seen Class Acc: 0.0000 
Collating features...
413 26575
Epoch 42, Train ACC Unlabelled_v1: All 0.3140 | Old 0.6494 | New 0.2109
Epoch 42, Train ACC Unlabelled_v2: All 0.2456 | Old 0.5289 | New 0.1585
Train Accuracies: All 0.3140 | Old 0.6494 | New 0.2109
Train Epoch: 43 Avg Loss: 1.8395 | Seen Class Acc: 0.0000 
Collating features...
414 26575
Epoch 43, Train ACC Unlabelled_v1: All 0.3131 | Old 0.6470 | New 0.2104
Epoch 43, Train ACC Unlabelled_v2: All 0.2441 | Old 0.5274 | New 0.1569
Train Accuracies: All 0.3131 | Old 0.6470 | New 0.2104
Train Epoch: 44 Avg Loss: 1.8275 | Seen Class Acc: 0.0000 
Collating features...
418 26575
Epoch 44, Train ACC Unlabelled_v1: All 0.3154 | Old 0.6484 | New 0.2131
Epoch 44, Train ACC Unlabelled_v2: All 0.2453 | Old 0.5321 | New 0.1571
Train Accuracies: All 0.3154 | Old 0.6484 | New 0.2131
Train Epoch: 45 Avg Loss: 1.8224 | Seen Class Acc: 0.0000 
Collating features...
398 26575
Epoch 45, Train ACC Unlabelled_v1: All 0.3142 | Old 0.6495 | New 0.2112
Epoch 45, Train ACC Unlabelled_v2: All 0.2433 | Old 0.5281 | New 0.1557
Train Accuracies: All 0.3142 | Old 0.6495 | New 0.2112
Train Epoch: 46 Avg Loss: 1.8215 | Seen Class Acc: 0.0000 
Collating features...
409 26575
Epoch 46, Train ACC Unlabelled_v1: All 0.3173 | Old 0.6494 | New 0.2152
Epoch 46, Train ACC Unlabelled_v2: All 0.2466 | Old 0.5279 | New 0.1601
Train Accuracies: All 0.3173 | Old 0.6494 | New 0.2152
Train Epoch: 47 Avg Loss: 1.8092 | Seen Class Acc: 0.0000 
Collating features...
394 26575
Epoch 47, Train ACC Unlabelled_v1: All 0.3147 | Old 0.6492 | New 0.2119
Epoch 47, Train ACC Unlabelled_v2: All 0.2441 | Old 0.5303 | New 0.1561
Train Accuracies: All 0.3147 | Old 0.6492 | New 0.2119
Train Epoch: 48 Avg Loss: 1.8278 | Seen Class Acc: 0.0000 
Collating features...
404 26575
Epoch 48, Train ACC Unlabelled_v1: All 0.3192 | Old 0.6510 | New 0.2172
Epoch 48, Train ACC Unlabelled_v2: All 0.2479 | Old 0.5278 | New 0.1618
Train Accuracies: All 0.3192 | Old 0.6510 | New 0.2172
Train Epoch: 49 Avg Loss: 1.8250 | Seen Class Acc: 0.0000 
Collating features...
405 26575
Epoch 49, Train ACC Unlabelled_v1: All 0.3151 | Old 0.6508 | New 0.2119
Epoch 49, Train ACC Unlabelled_v2: All 0.2446 | Old 0.5314 | New 0.1564
Train Accuracies: All 0.3151 | Old 0.6508 | New 0.2119
Train Epoch: 50 Avg Loss: 1.8105 | Seen Class Acc: 0.0000 
Collating features...
406 26575
Epoch 50, Train ACC Unlabelled_v1: All 0.3147 | Old 0.6503 | New 0.2116
Epoch 50, Train ACC Unlabelled_v2: All 0.2435 | Old 0.5327 | New 0.1545
Train Accuracies: All 0.3147 | Old 0.6503 | New 0.2116
Train Epoch: 51 Avg Loss: 1.8235 | Seen Class Acc: 0.0000 
Collating features...
407 26575
Epoch 51, Train ACC Unlabelled_v1: All 0.3141 | Old 0.6508 | New 0.2106
Epoch 51, Train ACC Unlabelled_v2: All 0.2433 | Old 0.5350 | New 0.1536
Train Accuracies: All 0.3141 | Old 0.6508 | New 0.2106
Train Epoch: 52 Avg Loss: 1.8272 | Seen Class Acc: 0.0000 
Collating features...
400 26575
Epoch 52, Train ACC Unlabelled_v1: All 0.3163 | Old 0.6510 | New 0.2135
Epoch 52, Train ACC Unlabelled_v2: All 0.2478 | Old 0.5294 | New 0.1612
Train Accuracies: All 0.3163 | Old 0.6510 | New 0.2135
Train Epoch: 53 Avg Loss: 1.8119 | Seen Class Acc: 0.0000 
Collating features...
415 26575
Epoch 53, Train ACC Unlabelled_v1: All 0.3163 | Old 0.6515 | New 0.2132
Epoch 53, Train ACC Unlabelled_v2: All 0.2458 | Old 0.5306 | New 0.1583
Train Accuracies: All 0.3163 | Old 0.6515 | New 0.2132
Train Epoch: 54 Avg Loss: 1.8138 | Seen Class Acc: 0.0000 
Collating features...
399 26575
Epoch 54, Train ACC Unlabelled_v1: All 0.3189 | Old 0.6526 | New 0.2164
Epoch 54, Train ACC Unlabelled_v2: All 0.2481 | Old 0.5316 | New 0.1610
Train Accuracies: All 0.3189 | Old 0.6526 | New 0.2164
Train Epoch: 55 Avg Loss: 1.8177 | Seen Class Acc: 0.0000 
Collating features...
419 26575
Epoch 55, Train ACC Unlabelled_v1: All 0.3149 | Old 0.6519 | New 0.2113
Epoch 55, Train ACC Unlabelled_v2: All 0.2447 | Old 0.5322 | New 0.1563
Train Accuracies: All 0.3149 | Old 0.6519 | New 0.2113
Train Epoch: 56 Avg Loss: 1.8104 | Seen Class Acc: 0.0000 
Collating features...
403 26575
Epoch 56, Train ACC Unlabelled_v1: All 0.3141 | Old 0.6526 | New 0.2100
Epoch 56, Train ACC Unlabelled_v2: All 0.2439 | Old 0.5319 | New 0.1553
Train Accuracies: All 0.3141 | Old 0.6526 | New 0.2100
Train Epoch: 57 Avg Loss: 1.8318 | Seen Class Acc: 0.0000 
Collating features...
413 26575
Epoch 57, Train ACC Unlabelled_v1: All 0.3151 | Old 0.6537 | New 0.2111
Epoch 57, Train ACC Unlabelled_v2: All 0.2452 | Old 0.5295 | New 0.1578
Train Accuracies: All 0.3151 | Old 0.6537 | New 0.2111
Train Epoch: 58 Avg Loss: 1.8084 | Seen Class Acc: 0.0000 
Collating features...
389 26575
Epoch 58, Train ACC Unlabelled_v1: All 0.3119 | Old 0.6508 | New 0.2078
Epoch 58, Train ACC Unlabelled_v2: All 0.2437 | Old 0.5287 | New 0.1561
Train Accuracies: All 0.3119 | Old 0.6508 | New 0.2078
Train Epoch: 59 Avg Loss: 1.8111 | Seen Class Acc: 0.0000 
Collating features...
394 26575
Epoch 59, Train ACC Unlabelled_v1: All 0.3147 | Old 0.6529 | New 0.2108
Epoch 59, Train ACC Unlabelled_v2: All 0.2451 | Old 0.5300 | New 0.1575
Train Accuracies: All 0.3147 | Old 0.6529 | New 0.2108
Train Epoch: 60 Avg Loss: 1.8086 | Seen Class Acc: 0.0000 
Collating features...
400 26575
Epoch 60, Train ACC Unlabelled_v1: All 0.3174 | Old 0.6553 | New 0.2135
Epoch 60, Train ACC Unlabelled_v2: All 0.2460 | Old 0.5356 | New 0.1570
Train Accuracies: All 0.3174 | Old 0.6553 | New 0.2135
Train Epoch: 61 Avg Loss: 1.8127 | Seen Class Acc: 0.0000 
Collating features...
398 26575
Epoch 61, Train ACC Unlabelled_v1: All 0.3163 | Old 0.6555 | New 0.2120
Epoch 61, Train ACC Unlabelled_v2: All 0.2449 | Old 0.5303 | New 0.1571
Train Accuracies: All 0.3163 | Old 0.6555 | New 0.2120
Train Epoch: 62 Avg Loss: 1.8155 | Seen Class Acc: 0.0000 
Collating features...
406 26575
Epoch 62, Train ACC Unlabelled_v1: All 0.3177 | Old 0.6559 | New 0.2137
Epoch 62, Train ACC Unlabelled_v2: All 0.2460 | Old 0.5302 | New 0.1586
Train Accuracies: All 0.3177 | Old 0.6559 | New 0.2137
Train Epoch: 63 Avg Loss: 1.8240 | Seen Class Acc: 0.0000 
Collating features...
403 26575
Epoch 63, Train ACC Unlabelled_v1: All 0.3157 | Old 0.6553 | New 0.2113
Epoch 63, Train ACC Unlabelled_v2: All 0.2446 | Old 0.5302 | New 0.1568
Train Accuracies: All 0.3157 | Old 0.6553 | New 0.2113
Train Epoch: 64 Avg Loss: 1.7989 | Seen Class Acc: 0.0000 
Collating features...
399 26575
Epoch 64, Train ACC Unlabelled_v1: All 0.3171 | Old 0.6564 | New 0.2128
Epoch 64, Train ACC Unlabelled_v2: All 0.2451 | Old 0.5308 | New 0.1573
Train Accuracies: All 0.3171 | Old 0.6564 | New 0.2128
Train Epoch: 65 Avg Loss: 1.8053 | Seen Class Acc: 0.0000 
Collating features...
396 26575
Epoch 65, Train ACC Unlabelled_v1: All 0.3160 | Old 0.6556 | New 0.2116
Epoch 65, Train ACC Unlabelled_v2: All 0.2461 | Old 0.5302 | New 0.1587
Train Accuracies: All 0.3160 | Old 0.6556 | New 0.2116
Train Epoch: 66 Avg Loss: 1.8151 | Seen Class Acc: 0.0000 
Collating features...
410 26575
Epoch 66, Train ACC Unlabelled_v1: All 0.3179 | Old 0.6548 | New 0.2143
Epoch 66, Train ACC Unlabelled_v2: All 0.2458 | Old 0.5308 | New 0.1582
Train Accuracies: All 0.3179 | Old 0.6548 | New 0.2143
Train Epoch: 67 Avg Loss: 1.8024 | Seen Class Acc: 0.0000 
Collating features...
397 26575
Epoch 67, Train ACC Unlabelled_v1: All 0.3187 | Old 0.6566 | New 0.2148
Epoch 67, Train ACC Unlabelled_v2: All 0.2459 | Old 0.5346 | New 0.1571
Train Accuracies: All 0.3187 | Old 0.6566 | New 0.2148
Train Epoch: 68 Avg Loss: 1.8058 | Seen Class Acc: 0.0000 
Collating features...
400 26575
Epoch 68, Train ACC Unlabelled_v1: All 0.3161 | Old 0.6548 | New 0.2119
Epoch 68, Train ACC Unlabelled_v2: All 0.2453 | Old 0.5297 | New 0.1579
Train Accuracies: All 0.3161 | Old 0.6548 | New 0.2119
Train Epoch: 69 Avg Loss: 1.8079 | Seen Class Acc: 0.0000 
Collating features...
395 26575
Epoch 69, Train ACC Unlabelled_v1: All 0.3178 | Old 0.6529 | New 0.2148
Epoch 69, Train ACC Unlabelled_v2: All 0.2478 | Old 0.5279 | New 0.1617
Train Accuracies: All 0.3178 | Old 0.6529 | New 0.2148
Train Epoch: 70 Avg Loss: 1.8033 | Seen Class Acc: 0.0000 
Collating features...
403 26575
Epoch 70, Train ACC Unlabelled_v1: All 0.3186 | Old 0.6543 | New 0.2153
Epoch 70, Train ACC Unlabelled_v2: All 0.2464 | Old 0.5308 | New 0.1589
Train Accuracies: All 0.3186 | Old 0.6543 | New 0.2153
Train Epoch: 71 Avg Loss: 1.8037 | Seen Class Acc: 0.0000 
Collating features...
405 26575
Epoch 71, Train ACC Unlabelled_v1: All 0.3185 | Old 0.6550 | New 0.2150
Epoch 71, Train ACC Unlabelled_v2: All 0.2468 | Old 0.5354 | New 0.1580
Train Accuracies: All 0.3185 | Old 0.6550 | New 0.2150
Train Epoch: 72 Avg Loss: 1.8044 | Seen Class Acc: 0.0000 
Collating features...
387 26575
Epoch 72, Train ACC Unlabelled_v1: All 0.3187 | Old 0.6551 | New 0.2153
Epoch 72, Train ACC Unlabelled_v2: All 0.2470 | Old 0.5324 | New 0.1593
Train Accuracies: All 0.3187 | Old 0.6551 | New 0.2153
Train Epoch: 73 Avg Loss: 1.7996 | Seen Class Acc: 0.0000 
Collating features...
399 26575
Epoch 73, Train ACC Unlabelled_v1: All 0.3180 | Old 0.6545 | New 0.2146
Epoch 73, Train ACC Unlabelled_v2: All 0.2468 | Old 0.5295 | New 0.1599
Train Accuracies: All 0.3180 | Old 0.6545 | New 0.2146
Train Epoch: 74 Avg Loss: 1.8067 | Seen Class Acc: 0.0000 
Collating features...
394 26575
Epoch 74, Train ACC Unlabelled_v1: All 0.3195 | Old 0.6545 | New 0.2165
Epoch 74, Train ACC Unlabelled_v2: All 0.2480 | Old 0.5313 | New 0.1609
Train Accuracies: All 0.3195 | Old 0.6545 | New 0.2165
Train Epoch: 75 Avg Loss: 1.8121 | Seen Class Acc: 0.0000 
Collating features...
402 26575
Epoch 75, Train ACC Unlabelled_v1: All 0.3192 | Old 0.6558 | New 0.2158
Epoch 75, Train ACC Unlabelled_v2: All 0.2469 | Old 0.5191 | New 0.1632
Train Accuracies: All 0.3192 | Old 0.6558 | New 0.2158
Train Epoch: 76 Avg Loss: 1.8011 | Seen Class Acc: 0.0000 
Collating features...
390 26575
Epoch 76, Train ACC Unlabelled_v1: All 0.3182 | Old 0.6534 | New 0.2152
Epoch 76, Train ACC Unlabelled_v2: All 0.2477 | Old 0.5295 | New 0.1610
Train Accuracies: All 0.3182 | Old 0.6534 | New 0.2152
Train Epoch: 77 Avg Loss: 1.8030 | Seen Class Acc: 0.0000 
Collating features...
406 26575
Epoch 77, Train ACC Unlabelled_v1: All 0.3174 | Old 0.6534 | New 0.2141
Epoch 77, Train ACC Unlabelled_v2: All 0.2467 | Old 0.5345 | New 0.1583
Train Accuracies: All 0.3174 | Old 0.6534 | New 0.2141
Train Epoch: 78 Avg Loss: 1.8072 | Seen Class Acc: 0.0000 
Collating features...
389 26575
Epoch 78, Train ACC Unlabelled_v1: All 0.3155 | Old 0.6507 | New 0.2124
Epoch 78, Train ACC Unlabelled_v2: All 0.2468 | Old 0.5306 | New 0.1595
Train Accuracies: All 0.3155 | Old 0.6507 | New 0.2124
Train Epoch: 79 Avg Loss: 1.8030 | Seen Class Acc: 0.0000 
Collating features...
398 26575
Epoch 79, Train ACC Unlabelled_v1: All 0.3163 | Old 0.6532 | New 0.2128
Epoch 79, Train ACC Unlabelled_v2: All 0.2464 | Old 0.5190 | New 0.1626
Train Accuracies: All 0.3163 | Old 0.6532 | New 0.2128
Train Epoch: 80 Avg Loss: 1.8078 | Seen Class Acc: 0.0000 
Collating features...
385 26575
Epoch 80, Train ACC Unlabelled_v1: All 0.3153 | Old 0.6524 | New 0.2117
Epoch 80, Train ACC Unlabelled_v2: All 0.2462 | Old 0.5292 | New 0.1593
Train Accuracies: All 0.3153 | Old 0.6524 | New 0.2117
Train Epoch: 81 Avg Loss: 1.7984 | Seen Class Acc: 0.0000 
Collating features...
393 26575
Epoch 81, Train ACC Unlabelled_v1: All 0.3173 | Old 0.6543 | New 0.2136
Epoch 81, Train ACC Unlabelled_v2: All 0.2465 | Old 0.5292 | New 0.1596
Train Accuracies: All 0.3173 | Old 0.6543 | New 0.2136
Train Epoch: 82 Avg Loss: 1.8158 | Seen Class Acc: 0.0000 
Collating features...
393 26575
Epoch 82, Train ACC Unlabelled_v1: All 0.3167 | Old 0.6543 | New 0.2129
Epoch 82, Train ACC Unlabelled_v2: All 0.2472 | Old 0.5292 | New 0.1605
Train Accuracies: All 0.3167 | Old 0.6543 | New 0.2129
Train Epoch: 83 Avg Loss: 1.8127 | Seen Class Acc: 0.0000 
Collating features...
401 26575
Epoch 83, Train ACC Unlabelled_v1: All 0.3201 | Old 0.6555 | New 0.2170
Epoch 83, Train ACC Unlabelled_v2: All 0.2482 | Old 0.5308 | New 0.1614
Train Accuracies: All 0.3201 | Old 0.6555 | New 0.2170
Train Epoch: 84 Avg Loss: 1.7991 | Seen Class Acc: 0.0000 
Collating features...
403 26575
Epoch 84, Train ACC Unlabelled_v1: All 0.3176 | Old 0.6524 | New 0.2147
Epoch 84, Train ACC Unlabelled_v2: All 0.2469 | Old 0.5188 | New 0.1633
Train Accuracies: All 0.3176 | Old 0.6524 | New 0.2147
Train Epoch: 85 Avg Loss: 1.7959 | Seen Class Acc: 0.0000 
Collating features...
403 26575
Epoch 85, Train ACC Unlabelled_v1: All 0.3176 | Old 0.6540 | New 0.2142
Epoch 85, Train ACC Unlabelled_v2: All 0.2469 | Old 0.5326 | New 0.1591
Train Accuracies: All 0.3176 | Old 0.6540 | New 0.2142
Train Epoch: 86 Avg Loss: 1.8098 | Seen Class Acc: 0.0000 
Collating features...
386 26575
Epoch 86, Train ACC Unlabelled_v1: All 0.3190 | Old 0.6548 | New 0.2158
Epoch 86, Train ACC Unlabelled_v2: All 0.2490 | Old 0.5318 | New 0.1621
Train Accuracies: All 0.3190 | Old 0.6548 | New 0.2158
Train Epoch: 87 Avg Loss: 1.8003 | Seen Class Acc: 0.0000 
Collating features...
380 26575
Epoch 87, Train ACC Unlabelled_v1: All 0.3165 | Old 0.6542 | New 0.2127
Epoch 87, Train ACC Unlabelled_v2: All 0.2465 | Old 0.5332 | New 0.1584
Train Accuracies: All 0.3165 | Old 0.6542 | New 0.2127
Train Epoch: 88 Avg Loss: 1.8062 | Seen Class Acc: 0.0000 
Collating features...
401 26575
Epoch 88, Train ACC Unlabelled_v1: All 0.3185 | Old 0.6543 | New 0.2153
Epoch 88, Train ACC Unlabelled_v2: All 0.2466 | Old 0.5207 | New 0.1624
Train Accuracies: All 0.3185 | Old 0.6543 | New 0.2153
Train Epoch: 89 Avg Loss: 1.7947 | Seen Class Acc: 0.0000 
Collating features...
401 26575
Epoch 89, Train ACC Unlabelled_v1: All 0.3180 | Old 0.6543 | New 0.2147
Epoch 89, Train ACC Unlabelled_v2: All 0.2465 | Old 0.5298 | New 0.1595
Train Accuracies: All 0.3180 | Old 0.6543 | New 0.2147
Train Epoch: 90 Avg Loss: 1.8135 | Seen Class Acc: 0.0000 
Collating features...
402 26575
Epoch 90, Train ACC Unlabelled_v1: All 0.3183 | Old 0.6548 | New 0.2149
Epoch 90, Train ACC Unlabelled_v2: All 0.2468 | Old 0.5329 | New 0.1589
Train Accuracies: All 0.3183 | Old 0.6548 | New 0.2149
Train Epoch: 91 Avg Loss: 1.8085 | Seen Class Acc: 0.0000 
Collating features...
401 26575
Epoch 91, Train ACC Unlabelled_v1: All 0.3181 | Old 0.6550 | New 0.2146
Epoch 91, Train ACC Unlabelled_v2: All 0.2474 | Old 0.5306 | New 0.1603
Train Accuracies: All 0.3181 | Old 0.6550 | New 0.2146
Train Epoch: 92 Avg Loss: 1.8114 | Seen Class Acc: 0.0000 
Collating features...
390 26575
Epoch 92, Train ACC Unlabelled_v1: All 0.3181 | Old 0.6545 | New 0.2147
Epoch 92, Train ACC Unlabelled_v2: All 0.2473 | Old 0.5313 | New 0.1599
Train Accuracies: All 0.3181 | Old 0.6545 | New 0.2147
Train Epoch: 93 Avg Loss: 1.8205 | Seen Class Acc: 0.0000 
Collating features...
395 26575
Epoch 93, Train ACC Unlabelled_v1: All 0.3191 | Old 0.6555 | New 0.2157
Epoch 93, Train ACC Unlabelled_v2: All 0.2472 | Old 0.5206 | New 0.1632
Train Accuracies: All 0.3191 | Old 0.6555 | New 0.2157
Train Epoch: 94 Avg Loss: 1.7976 | Seen Class Acc: 0.0000 
Collating features...
397 26575
Epoch 94, Train ACC Unlabelled_v1: All 0.3184 | Old 0.6545 | New 0.2150
Epoch 94, Train ACC Unlabelled_v2: All 0.2466 | Old 0.5250 | New 0.1610
Train Accuracies: All 0.3184 | Old 0.6545 | New 0.2150
Train Epoch: 95 Avg Loss: 1.8021 | Seen Class Acc: 0.0000 
Collating features...
392 26575
Epoch 95, Train ACC Unlabelled_v1: All 0.3174 | Old 0.6550 | New 0.2136
Epoch 95, Train ACC Unlabelled_v2: All 0.2468 | Old 0.5318 | New 0.1592
Train Accuracies: All 0.3174 | Old 0.6550 | New 0.2136
Train Epoch: 96 Avg Loss: 1.7900 | Seen Class Acc: 0.0000 
Collating features...
404 26575
Epoch 96, Train ACC Unlabelled_v1: All 0.3198 | Old 0.6542 | New 0.2170
Epoch 96, Train ACC Unlabelled_v2: All 0.2481 | Old 0.5287 | New 0.1618
Train Accuracies: All 0.3198 | Old 0.6542 | New 0.2170
Train Epoch: 97 Avg Loss: 1.8117 | Seen Class Acc: 0.0000 
Collating features...
386 26575
Epoch 97, Train ACC Unlabelled_v1: All 0.3171 | Old 0.6532 | New 0.2137
Epoch 97, Train ACC Unlabelled_v2: All 0.2471 | Old 0.5305 | New 0.1600
Train Accuracies: All 0.3171 | Old 0.6532 | New 0.2137
Train Epoch: 98 Avg Loss: 1.8052 | Seen Class Acc: 0.0000 
Collating features...
391 26575
Epoch 98, Train ACC Unlabelled_v1: All 0.3162 | Old 0.6537 | New 0.2124
Epoch 98, Train ACC Unlabelled_v2: All 0.2455 | Old 0.5313 | New 0.1576
Train Accuracies: All 0.3162 | Old 0.6537 | New 0.2124
Train Epoch: 99 Avg Loss: 1.7926 | Seen Class Acc: 0.0000 
Collating features...
399 26575
Epoch 99, Train ACC Unlabelled_v1: All 0.3183 | Old 0.6539 | New 0.2152
Epoch 99, Train ACC Unlabelled_v2: All 0.2471 | Old 0.5302 | New 0.1601
Train Accuracies: All 0.3183 | Old 0.6539 | New 0.2152
