Experiment saved to: /home/pszzz/hyzheng/myocd/SMILE/checkpoints/log/(28.04.2024_|_49.376)
['checkpoints']
Namespace(batch_size=128, num_workers=16, eval_funcs=['v1', 'v2'], warmup_model_dir=None, model_name='vit_dino', dataset_name='Arachnida', prop_train_labels=0.5, use_ssb_splits=True, grad_from_block=11, lr=0.01, save_best_thresh=None, gamma=0.1, momentum=0.9, weight_decay=5e-05, epochs=100, exp_root='/home/pszzz/hyzheng/myocd/SMILE/', transform='imagenet', seed=1, base_model='vit_dino', temperature=1.0, sup_con_weight=0.5, n_views=2, contrast_unlabel_only=False, image_size=224, train_classes=range(0, 28), unlabeled_classes=range(28, 56), num_labeled_classes=28, num_unlabeled_classes=28, cuda=True, log_dir='/home/pszzz/hyzheng/myocd/SMILE/checkpoints/log/(28.04.2024_|_49.376)', model_dir='/home/pszzz/hyzheng/myocd/SMILE/checkpoints/log/(28.04.2024_|_49.376)/checkpoints', model_path='/home/pszzz/hyzheng/myocd/SMILE/checkpoints/log/(28.04.2024_|_49.376)/checkpoints/model.pt', writer=<tensorboardX.writer.SummaryWriter object at 0x7ff6b16bfa30>)
Using evaluation function v1 to print results
Train Epoch: 0 Avg Loss: 7.1588 | Seen Class Acc: 0.0000 
Collating features...
202 4299
Epoch 0, Train ACC Unlabelled_v1: All 0.3105 | Old 0.4259 | New 0.2380
Epoch 0, Train ACC Unlabelled_v2: All 0.2582 | Old 0.3530 | New 0.1986
Train Accuracies: All 0.3105 | Old 0.4259 | New 0.2380
Train Epoch: 1 Avg Loss: 5.6921 | Seen Class Acc: 0.0000 
Collating features...
231 4299
Epoch 1, Train ACC Unlabelled_v1: All 0.3319 | Old 0.4801 | New 0.2387
Epoch 1, Train ACC Unlabelled_v2: All 0.2819 | Old 0.4277 | New 0.1902
Train Accuracies: All 0.3319 | Old 0.4801 | New 0.2387
Train Epoch: 2 Avg Loss: 4.8921 | Seen Class Acc: 0.0000 
Collating features...
189 4299
Epoch 2, Train ACC Unlabelled_v1: All 0.3829 | Old 0.5295 | New 0.2906
Epoch 2, Train ACC Unlabelled_v2: All 0.2952 | Old 0.3657 | New 0.2509
Train Accuracies: All 0.3829 | Old 0.5295 | New 0.2906
Train Epoch: 3 Avg Loss: 4.4200 | Seen Class Acc: 0.0000 
Collating features...
187 4299
Epoch 3, Train ACC Unlabelled_v1: All 0.3666 | Old 0.5078 | New 0.2778
Epoch 3, Train ACC Unlabelled_v2: All 0.2884 | Old 0.3675 | New 0.2387
Train Accuracies: All 0.3666 | Old 0.5078 | New 0.2778
Train Epoch: 4 Avg Loss: 4.1140 | Seen Class Acc: 0.0000 
Collating features...
212 4299
Epoch 4, Train ACC Unlabelled_v1: All 0.3647 | Old 0.5940 | New 0.2205
Epoch 4, Train ACC Unlabelled_v2: All 0.2952 | Old 0.5235 | New 0.1516
Train Accuracies: All 0.3647 | Old 0.5940 | New 0.2205
Train Epoch: 5 Avg Loss: 3.9005 | Seen Class Acc: 0.0000 
Collating features...
230 4299
Epoch 5, Train ACC Unlabelled_v1: All 0.3922 | Old 0.5994 | New 0.2618
Epoch 5, Train ACC Unlabelled_v2: All 0.3064 | Old 0.4657 | New 0.2061
Train Accuracies: All 0.3922 | Old 0.5994 | New 0.2618
Train Epoch: 6 Avg Loss: 3.7656 | Seen Class Acc: 0.0000 
Collating features...
229 4299
Epoch 6, Train ACC Unlabelled_v1: All 0.4006 | Old 0.6133 | New 0.2668
Epoch 6, Train ACC Unlabelled_v2: All 0.2977 | Old 0.5404 | New 0.1451
Train Accuracies: All 0.4006 | Old 0.6133 | New 0.2668
Train Epoch: 7 Avg Loss: 3.6468 | Seen Class Acc: 0.0000 
Collating features...
238 4299
Epoch 7, Train ACC Unlabelled_v1: All 0.4071 | Old 0.6247 | New 0.2702
Epoch 7, Train ACC Unlabelled_v2: All 0.2933 | Old 0.5855 | New 0.1095
Train Accuracies: All 0.4071 | Old 0.6247 | New 0.2702
Train Epoch: 8 Avg Loss: 3.5672 | Seen Class Acc: 0.0000 
Collating features...
229 4299
Epoch 8, Train ACC Unlabelled_v1: All 0.3896 | Old 0.6078 | New 0.2524
Epoch 8, Train ACC Unlabelled_v2: All 0.3022 | Old 0.4747 | New 0.1936
Train Accuracies: All 0.3896 | Old 0.6078 | New 0.2524
Train Epoch: 9 Avg Loss: 3.4270 | Seen Class Acc: 0.0000 
Collating features...
234 4299
Epoch 9, Train ACC Unlabelled_v1: All 0.4280 | Old 0.6608 | New 0.2815
Epoch 9, Train ACC Unlabelled_v2: All 0.3091 | Old 0.5789 | New 0.1394
Train Accuracies: All 0.4280 | Old 0.6608 | New 0.2815
Train Epoch: 10 Avg Loss: 3.3960 | Seen Class Acc: 0.0000 
Collating features...
221 4299
Epoch 10, Train ACC Unlabelled_v1: All 0.4271 | Old 0.6657 | New 0.2770
Epoch 10, Train ACC Unlabelled_v2: All 0.3143 | Old 0.5904 | New 0.1406
Train Accuracies: All 0.4271 | Old 0.6657 | New 0.2770
Train Epoch: 11 Avg Loss: 3.3140 | Seen Class Acc: 0.0000 
Collating features...
225 4299
Epoch 11, Train ACC Unlabelled_v1: All 0.4231 | Old 0.6633 | New 0.2721
Epoch 11, Train ACC Unlabelled_v2: All 0.3084 | Old 0.5693 | New 0.1444
Train Accuracies: All 0.4231 | Old 0.6633 | New 0.2721
Train Epoch: 12 Avg Loss: 3.2905 | Seen Class Acc: 0.0000 
Collating features...
228 4299
Epoch 12, Train ACC Unlabelled_v1: All 0.4299 | Old 0.6663 | New 0.2812
Epoch 12, Train ACC Unlabelled_v2: All 0.3108 | Old 0.5765 | New 0.1436
Train Accuracies: All 0.4299 | Old 0.6663 | New 0.2812
Train Epoch: 13 Avg Loss: 3.2435 | Seen Class Acc: 0.0000 
Collating features...
237 4299
Epoch 13, Train ACC Unlabelled_v1: All 0.4131 | Old 0.6560 | New 0.2603
Epoch 13, Train ACC Unlabelled_v2: All 0.3108 | Old 0.4855 | New 0.2008
Train Accuracies: All 0.4131 | Old 0.6560 | New 0.2603
Train Epoch: 14 Avg Loss: 3.2347 | Seen Class Acc: 0.0000 
Collating features...
230 4299
Epoch 14, Train ACC Unlabelled_v1: All 0.4315 | Old 0.6753 | New 0.2781
Epoch 14, Train ACC Unlabelled_v2: All 0.3115 | Old 0.5789 | New 0.1432
Train Accuracies: All 0.4315 | Old 0.6753 | New 0.2781
Train Epoch: 15 Avg Loss: 3.1914 | Seen Class Acc: 0.0000 
Collating features...
224 4299
Epoch 15, Train ACC Unlabelled_v1: All 0.4361 | Old 0.6741 | New 0.2865
Epoch 15, Train ACC Unlabelled_v2: All 0.3096 | Old 0.6277 | New 0.1095
Train Accuracies: All 0.4361 | Old 0.6741 | New 0.2865
Train Epoch: 16 Avg Loss: 3.1657 | Seen Class Acc: 0.0000 
Collating features...
228 4299
Epoch 16, Train ACC Unlabelled_v1: All 0.4429 | Old 0.6777 | New 0.2952
Epoch 16, Train ACC Unlabelled_v2: All 0.3147 | Old 0.5964 | New 0.1376
Train Accuracies: All 0.4429 | Old 0.6777 | New 0.2952
Train Epoch: 17 Avg Loss: 3.1498 | Seen Class Acc: 0.0000 
Collating features...
226 4299
Epoch 17, Train ACC Unlabelled_v1: All 0.4187 | Old 0.6681 | New 0.2618
Epoch 17, Train ACC Unlabelled_v2: All 0.3112 | Old 0.5060 | New 0.1887
Train Accuracies: All 0.4187 | Old 0.6681 | New 0.2618
Train Epoch: 18 Avg Loss: 3.1090 | Seen Class Acc: 0.0000 
Collating features...
220 4299
Epoch 18, Train ACC Unlabelled_v1: All 0.4324 | Old 0.6783 | New 0.2778
Epoch 18, Train ACC Unlabelled_v2: All 0.3117 | Old 0.5892 | New 0.1372
Train Accuracies: All 0.4324 | Old 0.6783 | New 0.2778
Train Epoch: 19 Avg Loss: 3.1119 | Seen Class Acc: 0.0000 
Collating features...
220 4299
Epoch 19, Train ACC Unlabelled_v1: All 0.4448 | Old 0.6861 | New 0.2929
Epoch 19, Train ACC Unlabelled_v2: All 0.3196 | Old 0.5873 | New 0.1512
Train Accuracies: All 0.4448 | Old 0.6861 | New 0.2929
Train Epoch: 20 Avg Loss: 3.0932 | Seen Class Acc: 0.0000 
Collating features...
223 4299
Epoch 20, Train ACC Unlabelled_v1: All 0.4403 | Old 0.6861 | New 0.2857
Epoch 20, Train ACC Unlabelled_v2: All 0.3126 | Old 0.5916 | New 0.1372
Train Accuracies: All 0.4403 | Old 0.6861 | New 0.2857
Train Epoch: 21 Avg Loss: 3.1126 | Seen Class Acc: 0.0000 
Collating features...
216 4299
Epoch 21, Train ACC Unlabelled_v1: All 0.4441 | Old 0.6922 | New 0.2880
Epoch 21, Train ACC Unlabelled_v2: All 0.3231 | Old 0.5958 | New 0.1516
Train Accuracies: All 0.4441 | Old 0.6922 | New 0.2880
Train Epoch: 22 Avg Loss: 3.0627 | Seen Class Acc: 0.0000 
Collating features...
223 4299
Epoch 22, Train ACC Unlabelled_v1: All 0.4487 | Old 0.6849 | New 0.3001
Epoch 22, Train ACC Unlabelled_v2: All 0.3208 | Old 0.5976 | New 0.1466
Train Accuracies: All 0.4487 | Old 0.6849 | New 0.3001
Train Epoch: 23 Avg Loss: 3.0509 | Seen Class Acc: 0.0000 
Collating features...
232 4299
Epoch 23, Train ACC Unlabelled_v1: All 0.4443 | Old 0.6898 | New 0.2899
Epoch 23, Train ACC Unlabelled_v2: All 0.3157 | Old 0.5994 | New 0.1372
Train Accuracies: All 0.4443 | Old 0.6898 | New 0.2899
Train Epoch: 24 Avg Loss: 3.0591 | Seen Class Acc: 0.0000 
Collating features...
221 4299
Epoch 24, Train ACC Unlabelled_v1: All 0.4403 | Old 0.6916 | New 0.2823
Epoch 24, Train ACC Unlabelled_v2: All 0.3152 | Old 0.6380 | New 0.1122
Train Accuracies: All 0.4403 | Old 0.6916 | New 0.2823
Train Epoch: 25 Avg Loss: 3.0399 | Seen Class Acc: 0.0000 
Collating features...
210 4299
Epoch 25, Train ACC Unlabelled_v1: All 0.4443 | Old 0.6886 | New 0.2906
Epoch 25, Train ACC Unlabelled_v2: All 0.3154 | Old 0.5940 | New 0.1402
Train Accuracies: All 0.4443 | Old 0.6886 | New 0.2906
Train Epoch: 26 Avg Loss: 3.0226 | Seen Class Acc: 0.0000 
Collating features...
222 4299
Epoch 26, Train ACC Unlabelled_v1: All 0.4403 | Old 0.6892 | New 0.2838
Epoch 26, Train ACC Unlabelled_v2: All 0.3212 | Old 0.5898 | New 0.1523
Train Accuracies: All 0.4403 | Old 0.6892 | New 0.2838
Train Epoch: 27 Avg Loss: 2.9921 | Seen Class Acc: 0.0000 
Collating features...
226 4299
Epoch 27, Train ACC Unlabelled_v1: All 0.4317 | Old 0.6867 | New 0.2713
Epoch 27, Train ACC Unlabelled_v2: All 0.3157 | Old 0.5886 | New 0.1440
Train Accuracies: All 0.4317 | Old 0.6867 | New 0.2713
Train Epoch: 28 Avg Loss: 3.0001 | Seen Class Acc: 0.0000 
Collating features...
224 4299
Epoch 28, Train ACC Unlabelled_v1: All 0.4334 | Old 0.6910 | New 0.2713
Epoch 28, Train ACC Unlabelled_v2: All 0.3133 | Old 0.5994 | New 0.1334
Train Accuracies: All 0.4334 | Old 0.6910 | New 0.2713
Train Epoch: 29 Avg Loss: 2.9941 | Seen Class Acc: 0.0000 
Collating features...
231 4299
Epoch 29, Train ACC Unlabelled_v1: All 0.4471 | Old 0.6946 | New 0.2914
Epoch 29, Train ACC Unlabelled_v2: All 0.3187 | Old 0.5970 | New 0.1436
Train Accuracies: All 0.4471 | Old 0.6946 | New 0.2914
Train Epoch: 30 Avg Loss: 2.9739 | Seen Class Acc: 0.0000 
Collating features...
225 4299
Epoch 30, Train ACC Unlabelled_v1: All 0.4464 | Old 0.6988 | New 0.2876
Epoch 30, Train ACC Unlabelled_v2: All 0.3173 | Old 0.5958 | New 0.1421
Train Accuracies: All 0.4464 | Old 0.6988 | New 0.2876
Train Epoch: 31 Avg Loss: 2.9873 | Seen Class Acc: 0.0000 
Collating features...
212 4299
Epoch 31, Train ACC Unlabelled_v1: All 0.4355 | Old 0.6880 | New 0.2766
Epoch 31, Train ACC Unlabelled_v2: All 0.3157 | Old 0.5096 | New 0.1936
Train Accuracies: All 0.4355 | Old 0.6880 | New 0.2766
Train Epoch: 32 Avg Loss: 2.9688 | Seen Class Acc: 0.0000 
Collating features...
212 4299
Epoch 32, Train ACC Unlabelled_v1: All 0.4452 | Old 0.6940 | New 0.2887
Epoch 32, Train ACC Unlabelled_v2: All 0.3191 | Old 0.5994 | New 0.1429
Train Accuracies: All 0.4452 | Old 0.6940 | New 0.2887
Train Epoch: 33 Avg Loss: 2.9738 | Seen Class Acc: 0.0000 
Collating features...
206 4299
Epoch 33, Train ACC Unlabelled_v1: All 0.4480 | Old 0.6970 | New 0.2914
Epoch 33, Train ACC Unlabelled_v2: All 0.3222 | Old 0.6127 | New 0.1394
Train Accuracies: All 0.4480 | Old 0.6970 | New 0.2914
Train Epoch: 34 Avg Loss: 2.9581 | Seen Class Acc: 0.0000 
Collating features...
220 4299
Epoch 34, Train ACC Unlabelled_v1: All 0.4513 | Old 0.7000 | New 0.2948
Epoch 34, Train ACC Unlabelled_v2: All 0.3201 | Old 0.6120 | New 0.1364
Train Accuracies: All 0.4513 | Old 0.7000 | New 0.2948
Train Epoch: 35 Avg Loss: 2.9210 | Seen Class Acc: 0.0000 
Collating features...
218 4299
Epoch 35, Train ACC Unlabelled_v1: All 0.4462 | Old 0.6988 | New 0.2872
Epoch 35, Train ACC Unlabelled_v2: All 0.3189 | Old 0.6048 | New 0.1391
Train Accuracies: All 0.4462 | Old 0.6988 | New 0.2872
Train Epoch: 36 Avg Loss: 2.9181 | Seen Class Acc: 0.0000 
Collating features...
218 4299
Epoch 36, Train ACC Unlabelled_v1: All 0.4520 | Old 0.6994 | New 0.2963
Epoch 36, Train ACC Unlabelled_v2: All 0.3198 | Old 0.5958 | New 0.1463
Train Accuracies: All 0.4520 | Old 0.6994 | New 0.2963
Train Epoch: 37 Avg Loss: 2.8916 | Seen Class Acc: 0.0000 
Collating features...
213 4299
Epoch 37, Train ACC Unlabelled_v1: All 0.4501 | Old 0.7000 | New 0.2929
Epoch 37, Train ACC Unlabelled_v2: All 0.3203 | Old 0.5970 | New 0.1463
Train Accuracies: All 0.4501 | Old 0.7000 | New 0.2929
Train Epoch: 38 Avg Loss: 2.8725 | Seen Class Acc: 0.0000 
Collating features...
209 4299
Epoch 38, Train ACC Unlabelled_v1: All 0.4508 | Old 0.6988 | New 0.2948
Epoch 38, Train ACC Unlabelled_v2: All 0.3215 | Old 0.6428 | New 0.1194
Train Accuracies: All 0.4508 | Old 0.6988 | New 0.2948
Train Epoch: 39 Avg Loss: 2.8981 | Seen Class Acc: 0.0000 
Collating features...
214 4299
Epoch 39, Train ACC Unlabelled_v1: All 0.4450 | Old 0.6934 | New 0.2887
Epoch 39, Train ACC Unlabelled_v2: All 0.3226 | Old 0.6012 | New 0.1474
Train Accuracies: All 0.4450 | Old 0.6934 | New 0.2887
Train Epoch: 40 Avg Loss: 2.9008 | Seen Class Acc: 0.0000 
Collating features...
215 4299
Epoch 40, Train ACC Unlabelled_v1: All 0.4501 | Old 0.6982 | New 0.2941
Epoch 40, Train ACC Unlabelled_v2: All 0.3194 | Old 0.6416 | New 0.1167
Train Accuracies: All 0.4501 | Old 0.6982 | New 0.2941
Train Epoch: 41 Avg Loss: 2.8951 | Seen Class Acc: 0.0000 
Collating features...
208 4299
Epoch 41, Train ACC Unlabelled_v1: All 0.4485 | Old 0.7012 | New 0.2895
Epoch 41, Train ACC Unlabelled_v2: All 0.3231 | Old 0.5946 | New 0.1523
Train Accuracies: All 0.4485 | Old 0.7012 | New 0.2895
Train Epoch: 42 Avg Loss: 2.8689 | Seen Class Acc: 0.0000 
Collating features...
213 4299
Epoch 42, Train ACC Unlabelled_v1: All 0.4485 | Old 0.7012 | New 0.2895
Epoch 42, Train ACC Unlabelled_v2: All 0.3208 | Old 0.6066 | New 0.1410
Train Accuracies: All 0.4485 | Old 0.7012 | New 0.2895
Train Epoch: 43 Avg Loss: 2.8950 | Seen Class Acc: 0.0000 
Collating features...
207 4299
Epoch 43, Train ACC Unlabelled_v1: All 0.4501 | Old 0.7000 | New 0.2929
Epoch 43, Train ACC Unlabelled_v2: All 0.3219 | Old 0.6404 | New 0.1216
Train Accuracies: All 0.4501 | Old 0.7000 | New 0.2929
Train Epoch: 44 Avg Loss: 2.8744 | Seen Class Acc: 0.0000 
Collating features...
211 4299
Epoch 44, Train ACC Unlabelled_v1: All 0.4455 | Old 0.7030 | New 0.2834
Epoch 44, Train ACC Unlabelled_v2: All 0.3182 | Old 0.6488 | New 0.1103
Train Accuracies: All 0.4455 | Old 0.7030 | New 0.2834
Train Epoch: 45 Avg Loss: 2.8948 | Seen Class Acc: 0.0000 
Collating features...
213 4299
Epoch 45, Train ACC Unlabelled_v1: All 0.4485 | Old 0.7042 | New 0.2876
Epoch 45, Train ACC Unlabelled_v2: All 0.3210 | Old 0.6096 | New 0.1394
Train Accuracies: All 0.4485 | Old 0.7042 | New 0.2876
Train Epoch: 46 Avg Loss: 2.8655 | Seen Class Acc: 0.0000 
Collating features...
212 4299
Epoch 46, Train ACC Unlabelled_v1: All 0.4506 | Old 0.7006 | New 0.2933
Epoch 46, Train ACC Unlabelled_v2: All 0.3187 | Old 0.6072 | New 0.1372
Train Accuracies: All 0.4506 | Old 0.7006 | New 0.2933
Train Epoch: 47 Avg Loss: 2.8739 | Seen Class Acc: 0.0000 
Collating features...
212 4299
Epoch 47, Train ACC Unlabelled_v1: All 0.4489 | Old 0.7042 | New 0.2884
Epoch 47, Train ACC Unlabelled_v2: All 0.3201 | Old 0.6452 | New 0.1156
Train Accuracies: All 0.4489 | Old 0.7042 | New 0.2884
Train Epoch: 48 Avg Loss: 2.8887 | Seen Class Acc: 0.0000 
Collating features...
212 4299
Epoch 48, Train ACC Unlabelled_v1: All 0.4517 | Old 0.7018 | New 0.2944
Epoch 48, Train ACC Unlabelled_v2: All 0.3198 | Old 0.6066 | New 0.1394
Train Accuracies: All 0.4517 | Old 0.7018 | New 0.2944
Train Epoch: 49 Avg Loss: 2.8529 | Seen Class Acc: 0.0000 
Collating features...
214 4299
Epoch 49, Train ACC Unlabelled_v1: All 0.4489 | Old 0.7024 | New 0.2895
Epoch 49, Train ACC Unlabelled_v2: All 0.3187 | Old 0.6066 | New 0.1376
Train Accuracies: All 0.4489 | Old 0.7024 | New 0.2895
Train Epoch: 50 Avg Loss: 2.8667 | Seen Class Acc: 0.0000 
Collating features...
209 4299
Epoch 50, Train ACC Unlabelled_v1: All 0.4510 | Old 0.7024 | New 0.2929
Epoch 50, Train ACC Unlabelled_v2: All 0.3215 | Old 0.6120 | New 0.1387
Train Accuracies: All 0.4510 | Old 0.7024 | New 0.2929
Train Epoch: 51 Avg Loss: 2.8713 | Seen Class Acc: 0.0000 
Collating features...
200 4299
Epoch 51, Train ACC Unlabelled_v1: All 0.4496 | Old 0.7006 | New 0.2918
Epoch 51, Train ACC Unlabelled_v2: All 0.3212 | Old 0.6102 | New 0.1394
Train Accuracies: All 0.4496 | Old 0.7006 | New 0.2918
Train Epoch: 52 Avg Loss: 2.8558 | Seen Class Acc: 0.0000 
Collating features...
208 4299
Epoch 52, Train ACC Unlabelled_v1: All 0.4534 | Old 0.7006 | New 0.2978
Epoch 52, Train ACC Unlabelled_v2: All 0.3203 | Old 0.6084 | New 0.1391
Train Accuracies: All 0.4534 | Old 0.7006 | New 0.2978
Train Epoch: 53 Avg Loss: 2.8429 | Seen Class Acc: 0.0000 
Collating features...
206 4299
Epoch 53, Train ACC Unlabelled_v1: All 0.4485 | Old 0.7024 | New 0.2887
Epoch 53, Train ACC Unlabelled_v2: All 0.3194 | Old 0.6084 | New 0.1376
Train Accuracies: All 0.4485 | Old 0.7024 | New 0.2887
Train Epoch: 54 Avg Loss: 2.8816 | Seen Class Acc: 0.0000 
Collating features...
205 4299
Epoch 54, Train ACC Unlabelled_v1: All 0.4548 | Old 0.7042 | New 0.2978
Epoch 54, Train ACC Unlabelled_v2: All 0.3196 | Old 0.6078 | New 0.1383
Train Accuracies: All 0.4548 | Old 0.7042 | New 0.2978
Train Epoch: 55 Avg Loss: 2.8475 | Seen Class Acc: 0.0000 
Collating features...
209 4299
Epoch 55, Train ACC Unlabelled_v1: All 0.4513 | Old 0.7048 | New 0.2918
Epoch 55, Train ACC Unlabelled_v2: All 0.3194 | Old 0.6108 | New 0.1360
Train Accuracies: All 0.4513 | Old 0.7048 | New 0.2918
Train Epoch: 56 Avg Loss: 2.8533 | Seen Class Acc: 0.0000 
Collating features...
205 4299
Epoch 56, Train ACC Unlabelled_v1: All 0.4513 | Old 0.7042 | New 0.2922
Epoch 56, Train ACC Unlabelled_v2: All 0.3198 | Old 0.6090 | New 0.1379
Train Accuracies: All 0.4513 | Old 0.7042 | New 0.2922
Train Epoch: 57 Avg Loss: 2.8675 | Seen Class Acc: 0.0000 
Collating features...
206 4299
Epoch 57, Train ACC Unlabelled_v1: All 0.4520 | Old 0.7048 | New 0.2929
Epoch 57, Train ACC Unlabelled_v2: All 0.3198 | Old 0.6458 | New 0.1148
Train Accuracies: All 0.4520 | Old 0.7048 | New 0.2929
Train Epoch: 58 Avg Loss: 2.8547 | Seen Class Acc: 0.0000 
Collating features...
212 4299
Epoch 58, Train ACC Unlabelled_v1: All 0.4508 | Old 0.7042 | New 0.2914
Epoch 58, Train ACC Unlabelled_v2: All 0.3203 | Old 0.6102 | New 0.1379
Train Accuracies: All 0.4508 | Old 0.7042 | New 0.2914
Train Epoch: 59 Avg Loss: 2.8426 | Seen Class Acc: 0.0000 
Collating features...
203 4299
Epoch 59, Train ACC Unlabelled_v1: All 0.4506 | Old 0.7054 | New 0.2903
Epoch 59, Train ACC Unlabelled_v2: All 0.3205 | Old 0.6169 | New 0.1341
Train Accuracies: All 0.4506 | Old 0.7054 | New 0.2903
Train Epoch: 60 Avg Loss: 2.8225 | Seen Class Acc: 0.0000 
Collating features...
200 4299
Epoch 60, Train ACC Unlabelled_v1: All 0.4499 | Old 0.7042 | New 0.2899
Epoch 60, Train ACC Unlabelled_v2: All 0.3212 | Old 0.6120 | New 0.1383
Train Accuracies: All 0.4499 | Old 0.7042 | New 0.2899
Train Epoch: 61 Avg Loss: 2.8620 | Seen Class Acc: 0.0000 
Collating features...
205 4299
Epoch 61, Train ACC Unlabelled_v1: All 0.4503 | Old 0.7036 | New 0.2910
Epoch 61, Train ACC Unlabelled_v2: All 0.3219 | Old 0.6127 | New 0.1391
Train Accuracies: All 0.4503 | Old 0.7036 | New 0.2910
Train Epoch: 62 Avg Loss: 2.8563 | Seen Class Acc: 0.0000 
Collating features...
204 4299
Epoch 62, Train ACC Unlabelled_v1: All 0.4508 | Old 0.7036 | New 0.2918
Epoch 62, Train ACC Unlabelled_v2: All 0.3203 | Old 0.6090 | New 0.1387
Train Accuracies: All 0.4508 | Old 0.7036 | New 0.2918
Train Epoch: 63 Avg Loss: 2.8591 | Seen Class Acc: 0.0000 
Collating features...
205 4299
Epoch 63, Train ACC Unlabelled_v1: All 0.4482 | Old 0.7054 | New 0.2865
Epoch 63, Train ACC Unlabelled_v2: All 0.3215 | Old 0.6108 | New 0.1394
Train Accuracies: All 0.4482 | Old 0.7054 | New 0.2865
Train Epoch: 64 Avg Loss: 2.8692 | Seen Class Acc: 0.0000 
Collating features...
205 4299
Epoch 64, Train ACC Unlabelled_v1: All 0.4499 | Old 0.7072 | New 0.2880
Epoch 64, Train ACC Unlabelled_v2: All 0.3222 | Old 0.6494 | New 0.1163
Train Accuracies: All 0.4499 | Old 0.7072 | New 0.2880
Train Epoch: 65 Avg Loss: 2.8556 | Seen Class Acc: 0.0000 
Collating features...
211 4299
Epoch 65, Train ACC Unlabelled_v1: All 0.4487 | Old 0.7054 | New 0.2872
Epoch 65, Train ACC Unlabelled_v2: All 0.3205 | Old 0.6476 | New 0.1148
Train Accuracies: All 0.4487 | Old 0.7054 | New 0.2872
Train Epoch: 66 Avg Loss: 2.8286 | Seen Class Acc: 0.0000 
Collating features...
211 4299
Epoch 66, Train ACC Unlabelled_v1: All 0.4501 | Old 0.7048 | New 0.2899
Epoch 66, Train ACC Unlabelled_v2: All 0.3205 | Old 0.6096 | New 0.1387
Train Accuracies: All 0.4501 | Old 0.7048 | New 0.2899
Train Epoch: 67 Avg Loss: 2.8241 | Seen Class Acc: 0.0000 
Collating features...
206 4299
Epoch 67, Train ACC Unlabelled_v1: All 0.4499 | Old 0.7060 | New 0.2887
Epoch 67, Train ACC Unlabelled_v2: All 0.3205 | Old 0.6163 | New 0.1345
Train Accuracies: All 0.4499 | Old 0.7060 | New 0.2887
Train Epoch: 68 Avg Loss: 2.8581 | Seen Class Acc: 0.0000 
Collating features...
205 4299
Epoch 68, Train ACC Unlabelled_v1: All 0.4503 | Old 0.7066 | New 0.2891
Epoch 68, Train ACC Unlabelled_v2: All 0.3222 | Old 0.6120 | New 0.1398
Train Accuracies: All 0.4503 | Old 0.7066 | New 0.2891
Train Epoch: 69 Avg Loss: 2.8350 | Seen Class Acc: 0.0000 
Collating features...
211 4299
Epoch 69, Train ACC Unlabelled_v1: All 0.4485 | Old 0.7048 | New 0.2872
Epoch 69, Train ACC Unlabelled_v2: All 0.3198 | Old 0.6096 | New 0.1376
Train Accuracies: All 0.4485 | Old 0.7048 | New 0.2872
Train Epoch: 70 Avg Loss: 2.8654 | Seen Class Acc: 0.0000 
Collating features...
213 4299
Epoch 70, Train ACC Unlabelled_v1: All 0.4422 | Old 0.6994 | New 0.2804
Epoch 70, Train ACC Unlabelled_v2: All 0.3171 | Old 0.6048 | New 0.1360
Train Accuracies: All 0.4422 | Old 0.6994 | New 0.2804
Train Epoch: 71 Avg Loss: 2.8460 | Seen Class Acc: 0.0000 
Collating features...
211 4299
Epoch 71, Train ACC Unlabelled_v1: All 0.4508 | Old 0.7042 | New 0.2914
Epoch 71, Train ACC Unlabelled_v2: All 0.3205 | Old 0.6090 | New 0.1391
Train Accuracies: All 0.4508 | Old 0.7042 | New 0.2914
Train Epoch: 72 Avg Loss: 2.8416 | Seen Class Acc: 0.0000 
Collating features...
209 4299
Epoch 72, Train ACC Unlabelled_v1: All 0.4508 | Old 0.7048 | New 0.2910
Epoch 72, Train ACC Unlabelled_v2: All 0.3203 | Old 0.6464 | New 0.1152
Train Accuracies: All 0.4508 | Old 0.7048 | New 0.2910
Train Epoch: 73 Avg Loss: 2.8430 | Seen Class Acc: 0.0000 
Collating features...
210 4299
Epoch 73, Train ACC Unlabelled_v1: All 0.4501 | Old 0.7060 | New 0.2891
Epoch 73, Train ACC Unlabelled_v2: All 0.3210 | Old 0.6542 | New 0.1114
Train Accuracies: All 0.4501 | Old 0.7060 | New 0.2891
Train Epoch: 74 Avg Loss: 2.8619 | Seen Class Acc: 0.0000 
Collating features...
213 4299
Epoch 74, Train ACC Unlabelled_v1: All 0.4508 | Old 0.7060 | New 0.2903
Epoch 74, Train ACC Unlabelled_v2: All 0.3198 | Old 0.6102 | New 0.1372
Train Accuracies: All 0.4508 | Old 0.7060 | New 0.2903
Train Epoch: 75 Avg Loss: 2.8357 | Seen Class Acc: 0.0000 
Collating features...
208 4299
Epoch 75, Train ACC Unlabelled_v1: All 0.4534 | Old 0.7066 | New 0.2941
Epoch 75, Train ACC Unlabelled_v2: All 0.3212 | Old 0.6114 | New 0.1387
Train Accuracies: All 0.4534 | Old 0.7066 | New 0.2941
Train Epoch: 76 Avg Loss: 2.8664 | Seen Class Acc: 0.0000 
Collating features...
205 4299
Epoch 76, Train ACC Unlabelled_v1: All 0.4510 | Old 0.7066 | New 0.2903
Epoch 76, Train ACC Unlabelled_v2: All 0.3208 | Old 0.6114 | New 0.1379
Train Accuracies: All 0.4510 | Old 0.7066 | New 0.2903
Train Epoch: 77 Avg Loss: 2.8346 | Seen Class Acc: 0.0000 
Collating features...
210 4299
Epoch 77, Train ACC Unlabelled_v1: All 0.4471 | Old 0.7030 | New 0.2861
Epoch 77, Train ACC Unlabelled_v2: All 0.3187 | Old 0.6084 | New 0.1364
Train Accuracies: All 0.4471 | Old 0.7030 | New 0.2861
Train Epoch: 78 Avg Loss: 2.8473 | Seen Class Acc: 0.0000 
Collating features...
210 4299
Epoch 78, Train ACC Unlabelled_v1: All 0.4503 | Old 0.7042 | New 0.2906
Epoch 78, Train ACC Unlabelled_v2: All 0.3205 | Old 0.6157 | New 0.1349
Train Accuracies: All 0.4503 | Old 0.7042 | New 0.2906
Train Epoch: 79 Avg Loss: 2.8429 | Seen Class Acc: 0.0000 
Collating features...
210 4299
Epoch 79, Train ACC Unlabelled_v1: All 0.4520 | Old 0.7060 | New 0.2922
Epoch 79, Train ACC Unlabelled_v2: All 0.3210 | Old 0.6108 | New 0.1387
Train Accuracies: All 0.4520 | Old 0.7060 | New 0.2922
Train Epoch: 80 Avg Loss: 2.8637 | Seen Class Acc: 0.0000 
Collating features...
209 4299
Epoch 80, Train ACC Unlabelled_v1: All 0.4506 | Old 0.7054 | New 0.2903
Epoch 80, Train ACC Unlabelled_v2: All 0.3201 | Old 0.6102 | New 0.1376
Train Accuracies: All 0.4506 | Old 0.7054 | New 0.2903
Train Epoch: 81 Avg Loss: 2.8494 | Seen Class Acc: 0.0000 
Collating features...
205 4299
Epoch 81, Train ACC Unlabelled_v1: All 0.4499 | Old 0.7042 | New 0.2899
Epoch 81, Train ACC Unlabelled_v2: All 0.3208 | Old 0.6096 | New 0.1391
Train Accuracies: All 0.4499 | Old 0.7042 | New 0.2899
Train Epoch: 82 Avg Loss: 2.8392 | Seen Class Acc: 0.0000 
Collating features...
207 4299
Epoch 82, Train ACC Unlabelled_v1: All 0.4506 | Old 0.7048 | New 0.2906
Epoch 82, Train ACC Unlabelled_v2: All 0.3210 | Old 0.6102 | New 0.1391
Train Accuracies: All 0.4506 | Old 0.7048 | New 0.2906
Train Epoch: 83 Avg Loss: 2.8618 | Seen Class Acc: 0.0000 
Collating features...
209 4299
Epoch 83, Train ACC Unlabelled_v1: All 0.4503 | Old 0.7048 | New 0.2903
Epoch 83, Train ACC Unlabelled_v2: All 0.3203 | Old 0.6102 | New 0.1379
Train Accuracies: All 0.4503 | Old 0.7048 | New 0.2903
Train Epoch: 84 Avg Loss: 2.8562 | Seen Class Acc: 0.0000 
Collating features...
205 4299
Epoch 84, Train ACC Unlabelled_v1: All 0.4503 | Old 0.7060 | New 0.2895
Epoch 84, Train ACC Unlabelled_v2: All 0.3215 | Old 0.6175 | New 0.1353
Train Accuracies: All 0.4503 | Old 0.7060 | New 0.2895
Train Epoch: 85 Avg Loss: 2.8122 | Seen Class Acc: 0.0000 
Collating features...
209 4299
Epoch 85, Train ACC Unlabelled_v1: All 0.4513 | Old 0.7066 | New 0.2906
Epoch 85, Train ACC Unlabelled_v2: All 0.3212 | Old 0.6114 | New 0.1387
Train Accuracies: All 0.4513 | Old 0.7066 | New 0.2906
Train Epoch: 86 Avg Loss: 2.8401 | Seen Class Acc: 0.0000 
Collating features...
208 4299
Epoch 86, Train ACC Unlabelled_v1: All 0.4499 | Old 0.7060 | New 0.2887
Epoch 86, Train ACC Unlabelled_v2: All 0.3210 | Old 0.6548 | New 0.1110
Train Accuracies: All 0.4499 | Old 0.7060 | New 0.2887
Train Epoch: 87 Avg Loss: 2.8503 | Seen Class Acc: 0.0000 
Collating features...
206 4299
Epoch 87, Train ACC Unlabelled_v1: All 0.4487 | Old 0.7048 | New 0.2876
Epoch 87, Train ACC Unlabelled_v2: All 0.3208 | Old 0.6470 | New 0.1156
Train Accuracies: All 0.4487 | Old 0.7048 | New 0.2876
Train Epoch: 88 Avg Loss: 2.8573 | Seen Class Acc: 0.0000 
Collating features...
205 4299
Epoch 88, Train ACC Unlabelled_v1: All 0.4496 | Old 0.7066 | New 0.2880
Epoch 88, Train ACC Unlabelled_v2: All 0.3208 | Old 0.6175 | New 0.1341
Train Accuracies: All 0.4496 | Old 0.7066 | New 0.2880
Train Epoch: 89 Avg Loss: 2.8464 | Seen Class Acc: 0.0000 
Collating features...
202 4299
Epoch 89, Train ACC Unlabelled_v1: All 0.4487 | Old 0.7048 | New 0.2876
Epoch 89, Train ACC Unlabelled_v2: All 0.3198 | Old 0.6096 | New 0.1376
Train Accuracies: All 0.4487 | Old 0.7048 | New 0.2876
Train Epoch: 90 Avg Loss: 2.8583 | Seen Class Acc: 0.0000 
Collating features...
208 4299
Epoch 90, Train ACC Unlabelled_v1: All 0.4506 | Old 0.7060 | New 0.2899
Epoch 90, Train ACC Unlabelled_v2: All 0.3208 | Old 0.6108 | New 0.1383
Train Accuracies: All 0.4506 | Old 0.7060 | New 0.2899
Train Epoch: 91 Avg Loss: 2.8454 | Seen Class Acc: 0.0000 
Collating features...
207 4299
Epoch 91, Train ACC Unlabelled_v1: All 0.4503 | Old 0.7060 | New 0.2895
Epoch 91, Train ACC Unlabelled_v2: All 0.3222 | Old 0.6120 | New 0.1398
Train Accuracies: All 0.4503 | Old 0.7060 | New 0.2895
Train Epoch: 92 Avg Loss: 2.8419 | Seen Class Acc: 0.0000 
Collating features...
209 4299
Epoch 92, Train ACC Unlabelled_v1: All 0.4508 | Old 0.7060 | New 0.2903
Epoch 92, Train ACC Unlabelled_v2: All 0.3208 | Old 0.6108 | New 0.1383
Train Accuracies: All 0.4508 | Old 0.7060 | New 0.2903
Train Epoch: 93 Avg Loss: 2.8579 | Seen Class Acc: 0.0000 
Collating features...
214 4299
Epoch 93, Train ACC Unlabelled_v1: All 0.4515 | Old 0.7060 | New 0.2914
Epoch 93, Train ACC Unlabelled_v2: All 0.3212 | Old 0.6169 | New 0.1353
Train Accuracies: All 0.4515 | Old 0.7060 | New 0.2914
Train Epoch: 94 Avg Loss: 2.8377 | Seen Class Acc: 0.0000 
Collating features...
207 4299
Epoch 94, Train ACC Unlabelled_v1: All 0.4508 | Old 0.7066 | New 0.2899
Epoch 94, Train ACC Unlabelled_v2: All 0.3219 | Old 0.6114 | New 0.1398
Train Accuracies: All 0.4508 | Old 0.7066 | New 0.2899
Train Epoch: 95 Avg Loss: 2.8433 | Seen Class Acc: 0.0000 
Collating features...
210 4299
Epoch 95, Train ACC Unlabelled_v1: All 0.4503 | Old 0.7060 | New 0.2895
Epoch 95, Train ACC Unlabelled_v2: All 0.3217 | Old 0.6108 | New 0.1398
Train Accuracies: All 0.4503 | Old 0.7060 | New 0.2895
Train Epoch: 96 Avg Loss: 2.8468 | Seen Class Acc: 0.0000 
Collating features...
204 4299
Epoch 96, Train ACC Unlabelled_v1: All 0.4506 | Old 0.7060 | New 0.2899
Epoch 96, Train ACC Unlabelled_v2: All 0.3208 | Old 0.6102 | New 0.1387
Train Accuracies: All 0.4506 | Old 0.7060 | New 0.2899
Train Epoch: 97 Avg Loss: 2.8543 | Seen Class Acc: 0.0000 
Collating features...
207 4299
Epoch 97, Train ACC Unlabelled_v1: All 0.4510 | Old 0.7066 | New 0.2903
Epoch 97, Train ACC Unlabelled_v2: All 0.3215 | Old 0.6114 | New 0.1391
Train Accuracies: All 0.4510 | Old 0.7066 | New 0.2903
Train Epoch: 98 Avg Loss: 2.8378 | Seen Class Acc: 0.0000 
Collating features...
207 4299
Epoch 98, Train ACC Unlabelled_v1: All 0.4501 | Old 0.7054 | New 0.2895
Epoch 98, Train ACC Unlabelled_v2: All 0.3217 | Old 0.6108 | New 0.1398
Train Accuracies: All 0.4501 | Old 0.7054 | New 0.2895
Train Epoch: 99 Avg Loss: 2.8464 | Seen Class Acc: 0.0000 
Collating features...
204 4299
Epoch 99, Train ACC Unlabelled_v1: All 0.4508 | Old 0.7054 | New 0.2906
Epoch 99, Train ACC Unlabelled_v2: All 0.3212 | Old 0.6108 | New 0.1391
Train Accuracies: All 0.4508 | Old 0.7054 | New 0.2906
Experiment saved to: /home/pszzz/hyzheng/myocd/SMILE/checkpoints/log/(28.04.2024_|_01.730)
['checkpoints']
Namespace(batch_size=128, num_workers=16, eval_funcs=['v1', 'v2'], warmup_model_dir=None, model_name='vit_dino', dataset_name='Arachnida', prop_train_labels=0.5, use_ssb_splits=True, grad_from_block=11, lr=0.01, save_best_thresh=None, gamma=0.1, momentum=0.9, weight_decay=5e-05, epochs=100, exp_root='/home/pszzz/hyzheng/myocd/SMILE/', transform='imagenet', seed=1, base_model='vit_dino', temperature=1.0, sup_con_weight=0.5, n_views=2, contrast_unlabel_only=False, image_size=224, train_classes=range(0, 28), unlabeled_classes=range(28, 56), num_labeled_classes=28, num_unlabeled_classes=28, cuda=True, log_dir='/home/pszzz/hyzheng/myocd/SMILE/checkpoints/log/(28.04.2024_|_01.730)', model_dir='/home/pszzz/hyzheng/myocd/SMILE/checkpoints/log/(28.04.2024_|_01.730)/checkpoints', model_path='/home/pszzz/hyzheng/myocd/SMILE/checkpoints/log/(28.04.2024_|_01.730)/checkpoints/model.pt', writer=<tensorboardX.writer.SummaryWriter object at 0x7ff6a0195430>)
Using evaluation function v1 to print results
Train Epoch: 0 Avg Loss: 7.0824 | Seen Class Acc: 0.0000 
Collating features...
147 4299
Epoch 0, Train ACC Unlabelled_v1: All 0.2943 | Old 0.3934 | New 0.2319
Epoch 0, Train ACC Unlabelled_v2: All 0.2498 | Old 0.3036 | New 0.2160
Train Accuracies: All 0.2943 | Old 0.3934 | New 0.2319
Train Epoch: 1 Avg Loss: 5.8540 | Seen Class Acc: 0.0000 
Collating features...
199 4299
Epoch 1, Train ACC Unlabelled_v1: All 0.3096 | Old 0.4289 | New 0.2346
Epoch 1, Train ACC Unlabelled_v2: All 0.2489 | Old 0.3434 | New 0.1895
Train Accuracies: All 0.3096 | Old 0.4289 | New 0.2346
Train Epoch: 2 Avg Loss: 5.0351 | Seen Class Acc: 0.0000 
Collating features...
199 4299
Epoch 2, Train ACC Unlabelled_v1: All 0.3338 | Old 0.4530 | New 0.2588
Epoch 2, Train ACC Unlabelled_v2: All 0.2370 | Old 0.3970 | New 0.1364
Train Accuracies: All 0.3338 | Old 0.4530 | New 0.2588
Train Epoch: 3 Avg Loss: 4.6214 | Seen Class Acc: 0.0000 
Collating features...
201 4299
Epoch 3, Train ACC Unlabelled_v1: All 0.3733 | Old 0.5367 | New 0.2706
Epoch 3, Train ACC Unlabelled_v2: All 0.2589 | Old 0.4843 | New 0.1171
Train Accuracies: All 0.3733 | Old 0.5367 | New 0.2706
Train Epoch: 4 Avg Loss: 4.4538 | Seen Class Acc: 0.0000 
Collating features...
193 4299
Epoch 4, Train ACC Unlabelled_v1: All 0.3826 | Old 0.5295 | New 0.2903
Epoch 4, Train ACC Unlabelled_v2: All 0.2684 | Old 0.4476 | New 0.1557
Train Accuracies: All 0.3826 | Old 0.5295 | New 0.2903
Train Epoch: 5 Avg Loss: 4.2231 | Seen Class Acc: 0.0000 
Collating features...
202 4299
Epoch 5, Train ACC Unlabelled_v1: All 0.3729 | Old 0.5494 | New 0.2618
Epoch 5, Train ACC Unlabelled_v2: All 0.2617 | Old 0.4355 | New 0.1523
Train Accuracies: All 0.3729 | Old 0.5494 | New 0.2618
Train Epoch: 6 Avg Loss: 4.0093 | Seen Class Acc: 0.0000 
Collating features...
186 4299
Epoch 6, Train ACC Unlabelled_v1: All 0.3913 | Old 0.5675 | New 0.2804
Epoch 6, Train ACC Unlabelled_v2: All 0.2770 | Old 0.5078 | New 0.1319
Train Accuracies: All 0.3913 | Old 0.5675 | New 0.2804
Train Epoch: 7 Avg Loss: 3.8547 | Seen Class Acc: 0.0000 
Collating features...
167 4299
Epoch 7, Train ACC Unlabelled_v1: All 0.4017 | Old 0.5910 | New 0.2827
Epoch 7, Train ACC Unlabelled_v2: All 0.2742 | Old 0.5277 | New 0.1148
Train Accuracies: All 0.4017 | Old 0.5910 | New 0.2827
Train Epoch: 8 Avg Loss: 3.7441 | Seen Class Acc: 0.0000 
Collating features...
166 4299
Epoch 8, Train ACC Unlabelled_v1: All 0.4175 | Old 0.5946 | New 0.3062
Epoch 8, Train ACC Unlabelled_v2: All 0.2833 | Old 0.5452 | New 0.1186
Train Accuracies: All 0.4175 | Old 0.5946 | New 0.3062
Train Epoch: 9 Avg Loss: 3.6596 | Seen Class Acc: 0.0000 
Collating features...
167 4299
Epoch 9, Train ACC Unlabelled_v1: All 0.4078 | Old 0.5837 | New 0.2971
Epoch 9, Train ACC Unlabelled_v2: All 0.2822 | Old 0.5090 | New 0.1394
Train Accuracies: All 0.4078 | Old 0.5837 | New 0.2971
Train Epoch: 10 Avg Loss: 3.5915 | Seen Class Acc: 0.0000 
Collating features...
151 4299
Epoch 10, Train ACC Unlabelled_v1: All 0.4127 | Old 0.5976 | New 0.2963
Epoch 10, Train ACC Unlabelled_v2: All 0.2861 | Old 0.5476 | New 0.1216
Train Accuracies: All 0.4127 | Old 0.5976 | New 0.2963
Train Epoch: 11 Avg Loss: 3.4872 | Seen Class Acc: 0.0000 
Collating features...
176 4299
Epoch 11, Train ACC Unlabelled_v1: All 0.4140 | Old 0.6036 | New 0.2948
Epoch 11, Train ACC Unlabelled_v2: All 0.2843 | Old 0.5572 | New 0.1125
Train Accuracies: All 0.4140 | Old 0.6036 | New 0.2948
Train Epoch: 12 Avg Loss: 3.4695 | Seen Class Acc: 0.0000 
Collating features...
175 4299
Epoch 12, Train ACC Unlabelled_v1: All 0.4117 | Old 0.5970 | New 0.2952
Epoch 12, Train ACC Unlabelled_v2: All 0.2849 | Old 0.5151 | New 0.1402
Train Accuracies: All 0.4117 | Old 0.5970 | New 0.2952
Train Epoch: 13 Avg Loss: 3.3767 | Seen Class Acc: 0.0000 
Collating features...
172 4299
Epoch 13, Train ACC Unlabelled_v1: All 0.4192 | Old 0.6066 | New 0.3013
Epoch 13, Train ACC Unlabelled_v2: All 0.2945 | Old 0.5596 | New 0.1277
Train Accuracies: All 0.4192 | Old 0.6066 | New 0.3013
Train Epoch: 14 Avg Loss: 3.3228 | Seen Class Acc: 0.0000 
Collating features...
164 4299
Epoch 14, Train ACC Unlabelled_v1: All 0.4252 | Old 0.6120 | New 0.3077
Epoch 14, Train ACC Unlabelled_v2: All 0.2968 | Old 0.5639 | New 0.1288
Train Accuracies: All 0.4252 | Old 0.6120 | New 0.3077
Train Epoch: 15 Avg Loss: 3.3099 | Seen Class Acc: 0.0000 
Collating features...
154 4299
Epoch 15, Train ACC Unlabelled_v1: All 0.4210 | Old 0.6108 | New 0.3016
Epoch 15, Train ACC Unlabelled_v2: All 0.2905 | Old 0.5506 | New 0.1269
Train Accuracies: All 0.4210 | Old 0.6108 | New 0.3016
Train Epoch: 16 Avg Loss: 3.2485 | Seen Class Acc: 0.0000 
Collating features...
172 4299
Epoch 16, Train ACC Unlabelled_v1: All 0.4196 | Old 0.6108 | New 0.2994
Epoch 16, Train ACC Unlabelled_v2: All 0.2889 | Old 0.5633 | New 0.1163
Train Accuracies: All 0.4196 | Old 0.6108 | New 0.2994
Train Epoch: 17 Avg Loss: 3.2409 | Seen Class Acc: 0.0000 
Collating features...
166 4299
Epoch 17, Train ACC Unlabelled_v1: All 0.4220 | Old 0.6090 | New 0.3043
Epoch 17, Train ACC Unlabelled_v2: All 0.2891 | Old 0.5578 | New 0.1201
Train Accuracies: All 0.4220 | Old 0.6090 | New 0.3043
Train Epoch: 18 Avg Loss: 3.1873 | Seen Class Acc: 0.0000 
Collating features...
171 4299
Epoch 18, Train ACC Unlabelled_v1: All 0.4131 | Old 0.6090 | New 0.2899
Epoch 18, Train ACC Unlabelled_v2: All 0.2863 | Old 0.5620 | New 0.1129
Train Accuracies: All 0.4131 | Old 0.6090 | New 0.2899
Train Epoch: 19 Avg Loss: 3.1349 | Seen Class Acc: 0.0000 
Collating features...
153 4299
Epoch 19, Train ACC Unlabelled_v1: All 0.4224 | Old 0.6102 | New 0.3043
Epoch 19, Train ACC Unlabelled_v2: All 0.2863 | Old 0.5627 | New 0.1125
Train Accuracies: All 0.4224 | Old 0.6102 | New 0.3043
Train Epoch: 20 Avg Loss: 3.1423 | Seen Class Acc: 0.0000 
Collating features...
156 4299
Epoch 20, Train ACC Unlabelled_v1: All 0.4196 | Old 0.6078 | New 0.3013
Epoch 20, Train ACC Unlabelled_v2: All 0.2880 | Old 0.5602 | New 0.1167
Train Accuracies: All 0.4196 | Old 0.6078 | New 0.3013
Train Epoch: 21 Avg Loss: 3.1148 | Seen Class Acc: 0.0000 
Collating features...
149 4299
Epoch 21, Train ACC Unlabelled_v1: All 0.4208 | Old 0.6072 | New 0.3035
Epoch 21, Train ACC Unlabelled_v2: All 0.2854 | Old 0.5229 | New 0.1360
Train Accuracies: All 0.4208 | Old 0.6072 | New 0.3035
Train Epoch: 22 Avg Loss: 3.1002 | Seen Class Acc: 0.0000 
Collating features...
148 4299
Epoch 22, Train ACC Unlabelled_v1: All 0.4245 | Old 0.6157 | New 0.3043
Epoch 22, Train ACC Unlabelled_v2: All 0.2875 | Old 0.5627 | New 0.1144
Train Accuracies: All 0.4245 | Old 0.6157 | New 0.3043
Train Epoch: 23 Avg Loss: 3.0562 | Seen Class Acc: 0.0000 
Collating features...
148 4299
Epoch 23, Train ACC Unlabelled_v1: All 0.4271 | Old 0.6127 | New 0.3103
Epoch 23, Train ACC Unlabelled_v2: All 0.2908 | Old 0.5633 | New 0.1194
Train Accuracies: All 0.4271 | Old 0.6127 | New 0.3103
Train Epoch: 24 Avg Loss: 3.0480 | Seen Class Acc: 0.0000 
Collating features...
155 4299
Epoch 24, Train ACC Unlabelled_v1: All 0.4278 | Old 0.6151 | New 0.3100
Epoch 24, Train ACC Unlabelled_v2: All 0.2903 | Old 0.5319 | New 0.1383
Train Accuracies: All 0.4278 | Old 0.6151 | New 0.3100
Train Epoch: 25 Avg Loss: 3.0515 | Seen Class Acc: 0.0000 
Collating features...
155 4299
Epoch 25, Train ACC Unlabelled_v1: All 0.4285 | Old 0.6187 | New 0.3088
Epoch 25, Train ACC Unlabelled_v2: All 0.2908 | Old 0.5693 | New 0.1156
Train Accuracies: All 0.4285 | Old 0.6187 | New 0.3088
Train Epoch: 26 Avg Loss: 3.0470 | Seen Class Acc: 0.0000 
Collating features...
148 4299
Epoch 26, Train ACC Unlabelled_v1: All 0.4341 | Old 0.6169 | New 0.3191
Epoch 26, Train ACC Unlabelled_v2: All 0.2926 | Old 0.5277 | New 0.1448
Train Accuracies: All 0.4341 | Old 0.6169 | New 0.3191
Train Epoch: 27 Avg Loss: 3.0452 | Seen Class Acc: 0.0000 
Collating features...
152 4299
Epoch 27, Train ACC Unlabelled_v1: All 0.4278 | Old 0.6163 | New 0.3092
Epoch 27, Train ACC Unlabelled_v2: All 0.2875 | Old 0.5289 | New 0.1357
Train Accuracies: All 0.4278 | Old 0.6163 | New 0.3092
Train Epoch: 28 Avg Loss: 3.0397 | Seen Class Acc: 0.0000 
Collating features...
132 4299
Epoch 28, Train ACC Unlabelled_v1: All 0.4264 | Old 0.6145 | New 0.3081
Epoch 28, Train ACC Unlabelled_v2: All 0.2868 | Old 0.5295 | New 0.1341
Train Accuracies: All 0.4264 | Old 0.6145 | New 0.3081
Train Epoch: 29 Avg Loss: 3.0298 | Seen Class Acc: 0.0000 
Collating features...
152 4299
Epoch 29, Train ACC Unlabelled_v1: All 0.4292 | Old 0.6169 | New 0.3111
Epoch 29, Train ACC Unlabelled_v2: All 0.2889 | Old 0.5283 | New 0.1383
Train Accuracies: All 0.4292 | Old 0.6169 | New 0.3111
Train Epoch: 30 Avg Loss: 3.0277 | Seen Class Acc: 0.0000 
Collating features...
157 4299
Epoch 30, Train ACC Unlabelled_v1: All 0.4280 | Old 0.6175 | New 0.3088
Epoch 30, Train ACC Unlabelled_v2: All 0.2870 | Old 0.5289 | New 0.1349
Train Accuracies: All 0.4280 | Old 0.6175 | New 0.3088
Train Epoch: 31 Avg Loss: 2.9944 | Seen Class Acc: 0.0000 
Collating features...
154 4299
Epoch 31, Train ACC Unlabelled_v1: All 0.4266 | Old 0.6157 | New 0.3077
Epoch 31, Train ACC Unlabelled_v2: All 0.2859 | Old 0.5307 | New 0.1319
Train Accuracies: All 0.4266 | Old 0.6157 | New 0.3077
Train Epoch: 32 Avg Loss: 3.0190 | Seen Class Acc: 0.0000 
Collating features...
154 4299
Epoch 32, Train ACC Unlabelled_v1: All 0.4261 | Old 0.6151 | New 0.3073
Epoch 32, Train ACC Unlabelled_v2: All 0.2849 | Old 0.5313 | New 0.1300
Train Accuracies: All 0.4261 | Old 0.6151 | New 0.3073
Train Epoch: 33 Avg Loss: 2.9965 | Seen Class Acc: 0.0000 
Collating features...
146 4299
Epoch 33, Train ACC Unlabelled_v1: All 0.4310 | Old 0.6205 | New 0.3119
Epoch 33, Train ACC Unlabelled_v2: All 0.2875 | Old 0.5331 | New 0.1330
Train Accuracies: All 0.4310 | Old 0.6205 | New 0.3119
Train Epoch: 34 Avg Loss: 2.9671 | Seen Class Acc: 0.0000 
Collating features...
138 4299
Epoch 34, Train ACC Unlabelled_v1: All 0.4296 | Old 0.6199 | New 0.3100
Epoch 34, Train ACC Unlabelled_v2: All 0.2873 | Old 0.5307 | New 0.1341
Train Accuracies: All 0.4296 | Old 0.6199 | New 0.3100
Train Epoch: 35 Avg Loss: 2.9633 | Seen Class Acc: 0.0000 
Collating features...
140 4299
Epoch 35, Train ACC Unlabelled_v1: All 0.4268 | Old 0.6205 | New 0.3050
Epoch 35, Train ACC Unlabelled_v2: All 0.2875 | Old 0.5325 | New 0.1334
Train Accuracies: All 0.4268 | Old 0.6205 | New 0.3050
Train Epoch: 36 Avg Loss: 2.9472 | Seen Class Acc: 0.0000 
Collating features...
144 4299
Epoch 36, Train ACC Unlabelled_v1: All 0.4296 | Old 0.6181 | New 0.3111
Epoch 36, Train ACC Unlabelled_v2: All 0.2884 | Old 0.5331 | New 0.1345
Train Accuracies: All 0.4296 | Old 0.6181 | New 0.3111
Train Epoch: 37 Avg Loss: 2.9368 | Seen Class Acc: 0.0000 
Collating features...
144 4299
Epoch 37, Train ACC Unlabelled_v1: All 0.4308 | Old 0.6187 | New 0.3126
Epoch 37, Train ACC Unlabelled_v2: All 0.2884 | Old 0.5319 | New 0.1353
Train Accuracies: All 0.4308 | Old 0.6187 | New 0.3126
Train Epoch: 38 Avg Loss: 2.9329 | Seen Class Acc: 0.0000 
Collating features...
146 4299
Epoch 38, Train ACC Unlabelled_v1: All 0.4296 | Old 0.6175 | New 0.3115
Epoch 38, Train ACC Unlabelled_v2: All 0.2891 | Old 0.5319 | New 0.1364
Train Accuracies: All 0.4296 | Old 0.6175 | New 0.3115
Train Epoch: 39 Avg Loss: 2.9205 | Seen Class Acc: 0.0000 
Collating features...
154 4299
Epoch 39, Train ACC Unlabelled_v1: All 0.4282 | Old 0.6205 | New 0.3073
Epoch 39, Train ACC Unlabelled_v2: All 0.2891 | Old 0.5331 | New 0.1357
Train Accuracies: All 0.4282 | Old 0.6205 | New 0.3073
Train Epoch: 40 Avg Loss: 2.9193 | Seen Class Acc: 0.0000 
Collating features...
153 4299
Epoch 40, Train ACC Unlabelled_v1: All 0.4264 | Old 0.6181 | New 0.3058
Epoch 40, Train ACC Unlabelled_v2: All 0.2863 | Old 0.5319 | New 0.1319
Train Accuracies: All 0.4264 | Old 0.6181 | New 0.3058
Train Epoch: 41 Avg Loss: 2.9064 | Seen Class Acc: 0.0000 
Collating features...
144 4299
Epoch 41, Train ACC Unlabelled_v1: All 0.4243 | Old 0.6175 | New 0.3028
Epoch 41, Train ACC Unlabelled_v2: All 0.2826 | Old 0.5301 | New 0.1269
Train Accuracies: All 0.4243 | Old 0.6175 | New 0.3028
Train Epoch: 42 Avg Loss: 2.8768 | Seen Class Acc: 0.0000 
Collating features...
149 4299
Epoch 42, Train ACC Unlabelled_v1: All 0.4261 | Old 0.6181 | New 0.3054
Epoch 42, Train ACC Unlabelled_v2: All 0.2856 | Old 0.5319 | New 0.1307
Train Accuracies: All 0.4261 | Old 0.6181 | New 0.3054
Train Epoch: 43 Avg Loss: 2.9035 | Seen Class Acc: 0.0000 
Collating features...
150 4299
Epoch 43, Train ACC Unlabelled_v1: All 0.4254 | Old 0.6199 | New 0.3031
Epoch 43, Train ACC Unlabelled_v2: All 0.2859 | Old 0.5337 | New 0.1300
Train Accuracies: All 0.4254 | Old 0.6199 | New 0.3031
Train Epoch: 44 Avg Loss: 2.8729 | Seen Class Acc: 0.0000 
Collating features...
155 4299
Epoch 44, Train ACC Unlabelled_v1: All 0.4243 | Old 0.6181 | New 0.3024
Epoch 44, Train ACC Unlabelled_v2: All 0.2852 | Old 0.5313 | New 0.1304
Train Accuracies: All 0.4243 | Old 0.6181 | New 0.3024
Train Epoch: 45 Avg Loss: 2.8883 | Seen Class Acc: 0.0000 
Collating features...
146 4299
Epoch 45, Train ACC Unlabelled_v1: All 0.4245 | Old 0.6175 | New 0.3031
Epoch 45, Train ACC Unlabelled_v2: All 0.2847 | Old 0.5319 | New 0.1292
Train Accuracies: All 0.4245 | Old 0.6175 | New 0.3031
Train Epoch: 46 Avg Loss: 2.8761 | Seen Class Acc: 0.0000 
Collating features...
143 4299
Epoch 46, Train ACC Unlabelled_v1: All 0.4257 | Old 0.6163 | New 0.3058
Epoch 46, Train ACC Unlabelled_v2: All 0.2859 | Old 0.5301 | New 0.1322
Train Accuracies: All 0.4257 | Old 0.6163 | New 0.3058
Train Epoch: 47 Avg Loss: 2.8975 | Seen Class Acc: 0.0000 
Collating features...
152 4299
Epoch 47, Train ACC Unlabelled_v1: All 0.4234 | Old 0.6157 | New 0.3024
Epoch 47, Train ACC Unlabelled_v2: All 0.2838 | Old 0.5295 | New 0.1292
Train Accuracies: All 0.4234 | Old 0.6157 | New 0.3024
Train Epoch: 48 Avg Loss: 2.8655 | Seen Class Acc: 0.0000 
Collating features...
136 4299
Epoch 48, Train ACC Unlabelled_v1: All 0.4261 | Old 0.6193 | New 0.3047
Epoch 48, Train ACC Unlabelled_v2: All 0.2859 | Old 0.5319 | New 0.1311
Train Accuracies: All 0.4261 | Old 0.6193 | New 0.3047
Train Epoch: 49 Avg Loss: 2.8812 | Seen Class Acc: 0.0000 
Collating features...
138 4299
Epoch 49, Train ACC Unlabelled_v1: All 0.4227 | Old 0.6187 | New 0.2994
Epoch 49, Train ACC Unlabelled_v2: All 0.2833 | Old 0.5325 | New 0.1266
Train Accuracies: All 0.4227 | Old 0.6187 | New 0.2994
Train Epoch: 50 Avg Loss: 2.8642 | Seen Class Acc: 0.0000 
Collating features...
136 4299
Epoch 50, Train ACC Unlabelled_v1: All 0.4245 | Old 0.6199 | New 0.3016
Epoch 50, Train ACC Unlabelled_v2: All 0.2845 | Old 0.5331 | New 0.1281
Train Accuracies: All 0.4245 | Old 0.6199 | New 0.3016
Train Epoch: 51 Avg Loss: 2.8562 | Seen Class Acc: 0.0000 
Collating features...
139 4299
Epoch 51, Train ACC Unlabelled_v1: All 0.4275 | Old 0.6193 | New 0.3069
Epoch 51, Train ACC Unlabelled_v2: All 0.2868 | Old 0.5337 | New 0.1315
Train Accuracies: All 0.4275 | Old 0.6193 | New 0.3069
Train Epoch: 52 Avg Loss: 2.8478 | Seen Class Acc: 0.0000 
Collating features...
137 4299
Epoch 52, Train ACC Unlabelled_v1: All 0.4245 | Old 0.6199 | New 0.3016
Epoch 52, Train ACC Unlabelled_v2: All 0.2843 | Old 0.5319 | New 0.1285
Train Accuracies: All 0.4245 | Old 0.6199 | New 0.3016
Train Epoch: 53 Avg Loss: 2.8831 | Seen Class Acc: 0.0000 
Collating features...
142 4299
Epoch 53, Train ACC Unlabelled_v1: All 0.4236 | Old 0.6187 | New 0.3009
Epoch 53, Train ACC Unlabelled_v2: All 0.2831 | Old 0.5307 | New 0.1273
Train Accuracies: All 0.4236 | Old 0.6187 | New 0.3009
Train Epoch: 54 Avg Loss: 2.8758 | Seen Class Acc: 0.0000 
Collating features...
147 4299
Epoch 54, Train ACC Unlabelled_v1: All 0.4245 | Old 0.6175 | New 0.3031
Epoch 54, Train ACC Unlabelled_v2: All 0.2838 | Old 0.5307 | New 0.1285
Train Accuracies: All 0.4245 | Old 0.6175 | New 0.3031
Train Epoch: 55 Avg Loss: 2.8708 | Seen Class Acc: 0.0000 
Collating features...
135 4299
Epoch 55, Train ACC Unlabelled_v1: All 0.4254 | Old 0.6193 | New 0.3035
Epoch 55, Train ACC Unlabelled_v2: All 0.2859 | Old 0.5319 | New 0.1311
Train Accuracies: All 0.4254 | Old 0.6193 | New 0.3035
Train Epoch: 56 Avg Loss: 2.8552 | Seen Class Acc: 0.0000 
Collating features...
130 4299
Epoch 56, Train ACC Unlabelled_v1: All 0.4261 | Old 0.6199 | New 0.3043
Epoch 56, Train ACC Unlabelled_v2: All 0.2856 | Old 0.5313 | New 0.1311
Train Accuracies: All 0.4261 | Old 0.6199 | New 0.3043
Train Epoch: 57 Avg Loss: 2.8696 | Seen Class Acc: 0.0000 
Collating features...
142 4299
Epoch 57, Train ACC Unlabelled_v1: All 0.4252 | Old 0.6199 | New 0.3028
Epoch 57, Train ACC Unlabelled_v2: All 0.2845 | Old 0.5313 | New 0.1292
Train Accuracies: All 0.4252 | Old 0.6199 | New 0.3028
Train Epoch: 58 Avg Loss: 2.8651 | Seen Class Acc: 0.0000 
Collating features...
133 4299
Epoch 58, Train ACC Unlabelled_v1: All 0.4241 | Old 0.6193 | New 0.3013
Epoch 58, Train ACC Unlabelled_v2: All 0.2840 | Old 0.5313 | New 0.1285
Train Accuracies: All 0.4241 | Old 0.6193 | New 0.3013
Train Epoch: 59 Avg Loss: 2.8714 | Seen Class Acc: 0.0000 
Collating features...
137 4299
Epoch 59, Train ACC Unlabelled_v1: All 0.4243 | Old 0.6187 | New 0.3020
Epoch 59, Train ACC Unlabelled_v2: All 0.2838 | Old 0.5325 | New 0.1273
Train Accuracies: All 0.4243 | Old 0.6187 | New 0.3020
Train Epoch: 60 Avg Loss: 2.8684 | Seen Class Acc: 0.0000 
Collating features...
143 4299
Epoch 60, Train ACC Unlabelled_v1: All 0.4275 | Old 0.6205 | New 0.3062
Epoch 60, Train ACC Unlabelled_v2: All 0.2861 | Old 0.5343 | New 0.1300
Train Accuracies: All 0.4275 | Old 0.6205 | New 0.3062
Train Epoch: 61 Avg Loss: 2.8766 | Seen Class Acc: 0.0000 
Collating features...
134 4299
Epoch 61, Train ACC Unlabelled_v1: All 0.4275 | Old 0.6211 | New 0.3058
Epoch 61, Train ACC Unlabelled_v2: All 0.2868 | Old 0.5337 | New 0.1315
Train Accuracies: All 0.4275 | Old 0.6211 | New 0.3058
Train Epoch: 62 Avg Loss: 2.8771 | Seen Class Acc: 0.0000 
Collating features...
144 4299
Epoch 62, Train ACC Unlabelled_v1: All 0.4268 | Old 0.6205 | New 0.3050
Epoch 62, Train ACC Unlabelled_v2: All 0.2856 | Old 0.5331 | New 0.1300
Train Accuracies: All 0.4268 | Old 0.6205 | New 0.3050
Train Epoch: 63 Avg Loss: 2.8496 | Seen Class Acc: 0.0000 
Collating features...
141 4299
Epoch 63, Train ACC Unlabelled_v1: All 0.4271 | Old 0.6211 | New 0.3050
Epoch 63, Train ACC Unlabelled_v2: All 0.2861 | Old 0.5355 | New 0.1292
Train Accuracies: All 0.4271 | Old 0.6211 | New 0.3050
Train Epoch: 64 Avg Loss: 2.8432 | Seen Class Acc: 0.0000 
Collating features...
137 4299
Epoch 64, Train ACC Unlabelled_v1: All 0.4278 | Old 0.6211 | New 0.3062
Epoch 64, Train ACC Unlabelled_v2: All 0.2856 | Old 0.5349 | New 0.1288
Train Accuracies: All 0.4278 | Old 0.6211 | New 0.3062
Train Epoch: 65 Avg Loss: 2.8645 | Seen Class Acc: 0.0000 
Collating features...
144 4299
Epoch 65, Train ACC Unlabelled_v1: All 0.4257 | Old 0.6217 | New 0.3024
Epoch 65, Train ACC Unlabelled_v2: All 0.2845 | Old 0.5355 | New 0.1266
Train Accuracies: All 0.4257 | Old 0.6217 | New 0.3024
Train Epoch: 66 Avg Loss: 2.8540 | Seen Class Acc: 0.0000 
Collating features...
141 4299
Epoch 66, Train ACC Unlabelled_v1: All 0.4278 | Old 0.6205 | New 0.3066
Epoch 66, Train ACC Unlabelled_v2: All 0.2875 | Old 0.5355 | New 0.1315
Train Accuracies: All 0.4278 | Old 0.6205 | New 0.3066
Train Epoch: 67 Avg Loss: 2.8570 | Seen Class Acc: 0.0000 
Collating features...
138 4299
Epoch 67, Train ACC Unlabelled_v1: All 0.4285 | Old 0.6193 | New 0.3085
Epoch 67, Train ACC Unlabelled_v2: All 0.2873 | Old 0.5337 | New 0.1322
Train Accuracies: All 0.4285 | Old 0.6193 | New 0.3085
Train Epoch: 68 Avg Loss: 2.8623 | Seen Class Acc: 0.0000 
Collating features...
143 4299
Epoch 68, Train ACC Unlabelled_v1: All 0.4271 | Old 0.6199 | New 0.3058
Epoch 68, Train ACC Unlabelled_v2: All 0.2863 | Old 0.5331 | New 0.1311
Train Accuracies: All 0.4271 | Old 0.6199 | New 0.3058
Train Epoch: 69 Avg Loss: 2.8587 | Seen Class Acc: 0.0000 
Collating features...
137 4299
Epoch 69, Train ACC Unlabelled_v1: All 0.4266 | Old 0.6211 | New 0.3043
Epoch 69, Train ACC Unlabelled_v2: All 0.2868 | Old 0.5355 | New 0.1304
Train Accuracies: All 0.4266 | Old 0.6211 | New 0.3043
Train Epoch: 70 Avg Loss: 2.8533 | Seen Class Acc: 0.0000 
Collating features...
140 4299
Epoch 70, Train ACC Unlabelled_v1: All 0.4259 | Old 0.6199 | New 0.3039
Epoch 70, Train ACC Unlabelled_v2: All 0.2849 | Old 0.5343 | New 0.1281
Train Accuracies: All 0.4259 | Old 0.6199 | New 0.3039
Train Epoch: 71 Avg Loss: 2.8745 | Seen Class Acc: 0.0000 
Collating features...
136 4299
Epoch 71, Train ACC Unlabelled_v1: All 0.4252 | Old 0.6175 | New 0.3043
Epoch 71, Train ACC Unlabelled_v2: All 0.2843 | Old 0.5295 | New 0.1300
Train Accuracies: All 0.4252 | Old 0.6175 | New 0.3043
Train Epoch: 72 Avg Loss: 2.8553 | Seen Class Acc: 0.0000 
Collating features...
141 4299
Epoch 72, Train ACC Unlabelled_v1: All 0.4266 | Old 0.6211 | New 0.3043
Epoch 72, Train ACC Unlabelled_v2: All 0.2859 | Old 0.5337 | New 0.1300
Train Accuracies: All 0.4266 | Old 0.6211 | New 0.3043
Train Epoch: 73 Avg Loss: 2.8255 | Seen Class Acc: 0.0000 
Collating features...
147 4299
Epoch 73, Train ACC Unlabelled_v1: All 0.4261 | Old 0.6211 | New 0.3035
Epoch 73, Train ACC Unlabelled_v2: All 0.2861 | Old 0.5349 | New 0.1296
Train Accuracies: All 0.4261 | Old 0.6211 | New 0.3035
Train Epoch: 74 Avg Loss: 2.8276 | Seen Class Acc: 0.0000 
Collating features...
145 4299
Epoch 74, Train ACC Unlabelled_v1: All 0.4254 | Old 0.6211 | New 0.3024
Epoch 74, Train ACC Unlabelled_v2: All 0.2847 | Old 0.5349 | New 0.1273
Train Accuracies: All 0.4254 | Old 0.6211 | New 0.3024
Train Epoch: 75 Avg Loss: 2.8269 | Seen Class Acc: 0.0000 
Collating features...
145 4299
Epoch 75, Train ACC Unlabelled_v1: All 0.4261 | Old 0.6211 | New 0.3035
Epoch 75, Train ACC Unlabelled_v2: All 0.2847 | Old 0.5349 | New 0.1273
Train Accuracies: All 0.4261 | Old 0.6211 | New 0.3035
Train Epoch: 76 Avg Loss: 2.8484 | Seen Class Acc: 0.0000 
Collating features...
140 4299
Epoch 76, Train ACC Unlabelled_v1: All 0.4247 | Old 0.6205 | New 0.3016
Epoch 76, Train ACC Unlabelled_v2: All 0.2856 | Old 0.5337 | New 0.1296
Train Accuracies: All 0.4247 | Old 0.6205 | New 0.3016
Train Epoch: 77 Avg Loss: 2.8252 | Seen Class Acc: 0.0000 
Collating features...
143 4299
Epoch 77, Train ACC Unlabelled_v1: All 0.4245 | Old 0.6205 | New 0.3013
Epoch 77, Train ACC Unlabelled_v2: All 0.2843 | Old 0.5343 | New 0.1269
Train Accuracies: All 0.4245 | Old 0.6205 | New 0.3013
Train Epoch: 78 Avg Loss: 2.8560 | Seen Class Acc: 0.0000 
Collating features...
145 4299
Epoch 78, Train ACC Unlabelled_v1: All 0.4250 | Old 0.6205 | New 0.3020
Epoch 78, Train ACC Unlabelled_v2: All 0.2845 | Old 0.5343 | New 0.1273
Train Accuracies: All 0.4250 | Old 0.6205 | New 0.3020
Train Epoch: 79 Avg Loss: 2.8598 | Seen Class Acc: 0.0000 
Collating features...
137 4299
Epoch 79, Train ACC Unlabelled_v1: All 0.4238 | Old 0.6199 | New 0.3005
Epoch 79, Train ACC Unlabelled_v2: All 0.2838 | Old 0.5325 | New 0.1273
Train Accuracies: All 0.4238 | Old 0.6199 | New 0.3005
Train Epoch: 80 Avg Loss: 2.8446 | Seen Class Acc: 0.0000 
Collating features...
134 4299
Epoch 80, Train ACC Unlabelled_v1: All 0.4241 | Old 0.6211 | New 0.3001
Epoch 80, Train ACC Unlabelled_v2: All 0.2849 | Old 0.5337 | New 0.1285
Train Accuracies: All 0.4241 | Old 0.6211 | New 0.3001
Train Epoch: 81 Avg Loss: 2.8666 | Seen Class Acc: 0.0000 
Collating features...
138 4299
Epoch 81, Train ACC Unlabelled_v1: All 0.4241 | Old 0.6199 | New 0.3009
Epoch 81, Train ACC Unlabelled_v2: All 0.2845 | Old 0.5331 | New 0.1281
Train Accuracies: All 0.4241 | Old 0.6199 | New 0.3009
Train Epoch: 82 Avg Loss: 2.8434 | Seen Class Acc: 0.0000 
Collating features...
137 4299
Epoch 82, Train ACC Unlabelled_v1: All 0.4243 | Old 0.6199 | New 0.3013
Epoch 82, Train ACC Unlabelled_v2: All 0.2845 | Old 0.5331 | New 0.1281
Train Accuracies: All 0.4243 | Old 0.6199 | New 0.3013
Train Epoch: 83 Avg Loss: 2.8572 | Seen Class Acc: 0.0000 
Collating features...
135 4299
Epoch 83, Train ACC Unlabelled_v1: All 0.4254 | Old 0.6205 | New 0.3028
Epoch 83, Train ACC Unlabelled_v2: All 0.2843 | Old 0.5331 | New 0.1277
Train Accuracies: All 0.4254 | Old 0.6205 | New 0.3028
Train Epoch: 84 Avg Loss: 2.8547 | Seen Class Acc: 0.0000 
Collating features...
140 4299
Epoch 84, Train ACC Unlabelled_v1: All 0.4252 | Old 0.6199 | New 0.3028
Epoch 84, Train ACC Unlabelled_v2: All 0.2836 | Old 0.5325 | New 0.1269
Train Accuracies: All 0.4252 | Old 0.6199 | New 0.3028
Train Epoch: 85 Avg Loss: 2.8551 | Seen Class Acc: 0.0000 
Collating features...
138 4299
Epoch 85, Train ACC Unlabelled_v1: All 0.4247 | Old 0.6199 | New 0.3020
Epoch 85, Train ACC Unlabelled_v2: All 0.2843 | Old 0.5325 | New 0.1281
Train Accuracies: All 0.4247 | Old 0.6199 | New 0.3020
Train Epoch: 86 Avg Loss: 2.8572 | Seen Class Acc: 0.0000 
Collating features...
142 4299
Epoch 86, Train ACC Unlabelled_v1: All 0.4243 | Old 0.6199 | New 0.3013
Epoch 86, Train ACC Unlabelled_v2: All 0.2833 | Old 0.5325 | New 0.1266
Train Accuracies: All 0.4243 | Old 0.6199 | New 0.3013
Train Epoch: 87 Avg Loss: 2.8558 | Seen Class Acc: 0.0000 
Collating features...
140 4299
Epoch 87, Train ACC Unlabelled_v1: All 0.4254 | Old 0.6199 | New 0.3031
Epoch 87, Train ACC Unlabelled_v2: All 0.2836 | Old 0.5319 | New 0.1273
Train Accuracies: All 0.4254 | Old 0.6199 | New 0.3031
Train Epoch: 88 Avg Loss: 2.8569 | Seen Class Acc: 0.0000 
Collating features...
137 4299
Epoch 88, Train ACC Unlabelled_v1: All 0.4259 | Old 0.6211 | New 0.3031
Epoch 88, Train ACC Unlabelled_v2: All 0.2845 | Old 0.5337 | New 0.1277
Train Accuracies: All 0.4259 | Old 0.6211 | New 0.3031
Train Epoch: 89 Avg Loss: 2.8455 | Seen Class Acc: 0.0000 
Collating features...
142 4299
Epoch 89, Train ACC Unlabelled_v1: All 0.4254 | Old 0.6211 | New 0.3024
Epoch 89, Train ACC Unlabelled_v2: All 0.2845 | Old 0.5337 | New 0.1277
Train Accuracies: All 0.4254 | Old 0.6211 | New 0.3024
Train Epoch: 90 Avg Loss: 2.8876 | Seen Class Acc: 0.0000 
Collating features...
133 4299
Epoch 90, Train ACC Unlabelled_v1: All 0.4250 | Old 0.6199 | New 0.3024
Epoch 90, Train ACC Unlabelled_v2: All 0.2836 | Old 0.5319 | New 0.1273
Train Accuracies: All 0.4250 | Old 0.6199 | New 0.3024
Train Epoch: 91 Avg Loss: 2.8563 | Seen Class Acc: 0.0000 
Collating features...
141 4299
Epoch 91, Train ACC Unlabelled_v1: All 0.4254 | Old 0.6205 | New 0.3028
Epoch 91, Train ACC Unlabelled_v2: All 0.2840 | Old 0.5325 | New 0.1277
Train Accuracies: All 0.4254 | Old 0.6205 | New 0.3028
Train Epoch: 92 Avg Loss: 2.8275 | Seen Class Acc: 0.0000 
Collating features...
140 4299
Epoch 92, Train ACC Unlabelled_v1: All 0.4252 | Old 0.6211 | New 0.3020
Epoch 92, Train ACC Unlabelled_v2: All 0.2840 | Old 0.5337 | New 0.1269
Train Accuracies: All 0.4252 | Old 0.6211 | New 0.3020
Train Epoch: 93 Avg Loss: 2.8640 | Seen Class Acc: 0.0000 
Collating features...
137 4299
Epoch 93, Train ACC Unlabelled_v1: All 0.4254 | Old 0.6205 | New 0.3028
Epoch 93, Train ACC Unlabelled_v2: All 0.2833 | Old 0.5325 | New 0.1266
Train Accuracies: All 0.4254 | Old 0.6205 | New 0.3028
Train Epoch: 94 Avg Loss: 2.8398 | Seen Class Acc: 0.0000 
Collating features...
138 4299
Epoch 94, Train ACC Unlabelled_v1: All 0.4259 | Old 0.6211 | New 0.3031
Epoch 94, Train ACC Unlabelled_v2: All 0.2845 | Old 0.5337 | New 0.1277
Train Accuracies: All 0.4259 | Old 0.6211 | New 0.3031
Train Epoch: 95 Avg Loss: 2.8437 | Seen Class Acc: 0.0000 
Collating features...
137 4299
Epoch 95, Train ACC Unlabelled_v1: All 0.4257 | Old 0.6211 | New 0.3028
Epoch 95, Train ACC Unlabelled_v2: All 0.2840 | Old 0.5325 | New 0.1277
Train Accuracies: All 0.4257 | Old 0.6211 | New 0.3028
Train Epoch: 96 Avg Loss: 2.8600 | Seen Class Acc: 0.0000 
Collating features...
137 4299
Epoch 96, Train ACC Unlabelled_v1: All 0.4250 | Old 0.6199 | New 0.3024
Epoch 96, Train ACC Unlabelled_v2: All 0.2836 | Old 0.5319 | New 0.1273
Train Accuracies: All 0.4250 | Old 0.6199 | New 0.3024
Train Epoch: 97 Avg Loss: 2.8579 | Seen Class Acc: 0.0000 
Collating features...
137 4299
Epoch 97, Train ACC Unlabelled_v1: All 0.4264 | Old 0.6217 | New 0.3035
Epoch 97, Train ACC Unlabelled_v2: All 0.2849 | Old 0.5325 | New 0.1292
Train Accuracies: All 0.4264 | Old 0.6217 | New 0.3035
Train Epoch: 98 Avg Loss: 2.8426 | Seen Class Acc: 0.0000 
Collating features...
140 4299
Epoch 98, Train ACC Unlabelled_v1: All 0.4252 | Old 0.6205 | New 0.3024
Epoch 98, Train ACC Unlabelled_v2: All 0.2838 | Old 0.5331 | New 0.1269
Train Accuracies: All 0.4252 | Old 0.6205 | New 0.3024
Train Epoch: 99 Avg Loss: 2.8331 | Seen Class Acc: 0.0000 
Collating features...
143 4299
Epoch 99, Train ACC Unlabelled_v1: All 0.4252 | Old 0.6217 | New 0.3016
Epoch 99, Train ACC Unlabelled_v2: All 0.2847 | Old 0.5349 | New 0.1273
Train Accuracies: All 0.4252 | Old 0.6217 | New 0.3016
Experiment saved to: /home/pszzz/hyzheng/myocd/SMILE/checkpoints/log/(28.04.2024_|_01.282)
['checkpoints']
Namespace(batch_size=128, num_workers=16, eval_funcs=['v1', 'v2'], warmup_model_dir=None, model_name='vit_dino', dataset_name='Arachnida', prop_train_labels=0.5, use_ssb_splits=True, grad_from_block=11, lr=0.01, save_best_thresh=None, gamma=0.1, momentum=0.9, weight_decay=5e-05, epochs=100, exp_root='/home/pszzz/hyzheng/myocd/SMILE/', transform='imagenet', seed=1, base_model='vit_dino', temperature=1.0, sup_con_weight=0.5, n_views=2, contrast_unlabel_only=False, image_size=224, train_classes=range(0, 28), unlabeled_classes=range(28, 56), num_labeled_classes=28, num_unlabeled_classes=28, cuda=True, log_dir='/home/pszzz/hyzheng/myocd/SMILE/checkpoints/log/(28.04.2024_|_01.282)', model_dir='/home/pszzz/hyzheng/myocd/SMILE/checkpoints/log/(28.04.2024_|_01.282)/checkpoints', model_path='/home/pszzz/hyzheng/myocd/SMILE/checkpoints/log/(28.04.2024_|_01.282)/checkpoints/model.pt', writer=<tensorboardX.writer.SummaryWriter object at 0x7ff6b1652220>)
Using evaluation function v1 to print results
Train Epoch: 0 Avg Loss: 7.4541 | Seen Class Acc: 0.0000 
Collating features...
180 4299
Epoch 0, Train ACC Unlabelled_v1: All 0.2440 | Old 0.3030 | New 0.2069
Epoch 0, Train ACC Unlabelled_v2: All 0.1987 | Old 0.2313 | New 0.1781
Train Accuracies: All 0.2440 | Old 0.3030 | New 0.2069
Train Epoch: 1 Avg Loss: 5.5162 | Seen Class Acc: 0.0000 
Collating features...
193 4299
Epoch 1, Train ACC Unlabelled_v1: All 0.3247 | Old 0.4560 | New 0.2421
Epoch 1, Train ACC Unlabelled_v2: All 0.2512 | Old 0.3801 | New 0.1701
Train Accuracies: All 0.3247 | Old 0.4560 | New 0.2421
Train Epoch: 2 Avg Loss: 4.8876 | Seen Class Acc: 0.0000 
Collating features...
189 4299
Epoch 2, Train ACC Unlabelled_v1: All 0.3578 | Old 0.4928 | New 0.2728
Epoch 2, Train ACC Unlabelled_v2: All 0.2608 | Old 0.4163 | New 0.1629
Train Accuracies: All 0.3578 | Old 0.4928 | New 0.2728
Train Epoch: 3 Avg Loss: 4.4971 | Seen Class Acc: 0.0000 
Collating features...
190 4299
Epoch 3, Train ACC Unlabelled_v1: All 0.3699 | Old 0.5283 | New 0.2702
Epoch 3, Train ACC Unlabelled_v2: All 0.2563 | Old 0.3765 | New 0.1808
Train Accuracies: All 0.3699 | Old 0.5283 | New 0.2702
Train Epoch: 4 Avg Loss: 4.3069 | Seen Class Acc: 0.0000 
Collating features...
181 4299
Epoch 4, Train ACC Unlabelled_v1: All 0.3929 | Old 0.5675 | New 0.2831
Epoch 4, Train ACC Unlabelled_v2: All 0.2838 | Old 0.5048 | New 0.1448
Train Accuracies: All 0.3929 | Old 0.5675 | New 0.2831
Train Epoch: 5 Avg Loss: 4.0376 | Seen Class Acc: 0.0000 
Collating features...
181 4299
Epoch 5, Train ACC Unlabelled_v1: All 0.3710 | Old 0.5699 | New 0.2459
Epoch 5, Train ACC Unlabelled_v2: All 0.2863 | Old 0.4994 | New 0.1523
Train Accuracies: All 0.3710 | Old 0.5699 | New 0.2459
Train Epoch: 6 Avg Loss: 3.8287 | Seen Class Acc: 0.0000 
Collating features...
179 4299
Epoch 6, Train ACC Unlabelled_v1: All 0.4031 | Old 0.5994 | New 0.2797
Epoch 6, Train ACC Unlabelled_v2: All 0.2945 | Old 0.4735 | New 0.1819
Train Accuracies: All 0.4031 | Old 0.5994 | New 0.2797
Train Epoch: 7 Avg Loss: 3.6765 | Seen Class Acc: 0.0000 
Collating features...
178 4299
Epoch 7, Train ACC Unlabelled_v1: All 0.3892 | Old 0.5831 | New 0.2671
Epoch 7, Train ACC Unlabelled_v2: All 0.2887 | Old 0.4904 | New 0.1618
Train Accuracies: All 0.3892 | Old 0.5831 | New 0.2671
Train Epoch: 8 Avg Loss: 3.5365 | Seen Class Acc: 0.0000 
Collating features...
165 4299
Epoch 8, Train ACC Unlabelled_v1: All 0.3894 | Old 0.6036 | New 0.2546
Epoch 8, Train ACC Unlabelled_v2: All 0.2868 | Old 0.4163 | New 0.2054
Train Accuracies: All 0.3894 | Old 0.6036 | New 0.2546
Train Epoch: 9 Avg Loss: 3.4418 | Seen Class Acc: 0.0000 
Collating features...
168 4299
Epoch 9, Train ACC Unlabelled_v1: All 0.4073 | Old 0.6217 | New 0.2725
Epoch 9, Train ACC Unlabelled_v2: All 0.2903 | Old 0.5307 | New 0.1391
Train Accuracies: All 0.4073 | Old 0.6217 | New 0.2725
Train Epoch: 10 Avg Loss: 3.3898 | Seen Class Acc: 0.0000 
Collating features...
177 4299
Epoch 10, Train ACC Unlabelled_v1: All 0.4106 | Old 0.6157 | New 0.2815
Epoch 10, Train ACC Unlabelled_v2: All 0.2877 | Old 0.5175 | New 0.1432
Train Accuracies: All 0.4106 | Old 0.6157 | New 0.2815
Train Epoch: 11 Avg Loss: 3.3191 | Seen Class Acc: 0.0000 
Collating features...
163 4299
Epoch 11, Train ACC Unlabelled_v1: All 0.4071 | Old 0.6259 | New 0.2694
Epoch 11, Train ACC Unlabelled_v2: All 0.2894 | Old 0.5295 | New 0.1383
Train Accuracies: All 0.4071 | Old 0.6259 | New 0.2694
Train Epoch: 12 Avg Loss: 3.2657 | Seen Class Acc: 0.0000 
Collating features...
161 4299
Epoch 12, Train ACC Unlabelled_v1: All 0.4040 | Old 0.6217 | New 0.2671
Epoch 12, Train ACC Unlabelled_v2: All 0.2903 | Old 0.5199 | New 0.1459
Train Accuracies: All 0.4040 | Old 0.6217 | New 0.2671
Train Epoch: 13 Avg Loss: 3.2681 | Seen Class Acc: 0.0000 
Collating features...
155 4299
Epoch 13, Train ACC Unlabelled_v1: All 0.3975 | Old 0.6223 | New 0.2562
Epoch 13, Train ACC Unlabelled_v2: All 0.2959 | Old 0.5325 | New 0.1470
Train Accuracies: All 0.3975 | Old 0.6223 | New 0.2562
Train Epoch: 14 Avg Loss: 3.2561 | Seen Class Acc: 0.0000 
Collating features...
170 4299
Epoch 14, Train ACC Unlabelled_v1: All 0.4243 | Old 0.6235 | New 0.2990
Epoch 14, Train ACC Unlabelled_v2: All 0.2922 | Old 0.5223 | New 0.1474
Train Accuracies: All 0.4243 | Old 0.6235 | New 0.2990
Train Epoch: 15 Avg Loss: 3.2250 | Seen Class Acc: 0.0000 
Collating features...
167 4299
Epoch 15, Train ACC Unlabelled_v1: All 0.4271 | Old 0.6343 | New 0.2967
Epoch 15, Train ACC Unlabelled_v2: All 0.2959 | Old 0.5108 | New 0.1607
Train Accuracies: All 0.4271 | Old 0.6343 | New 0.2967
Train Epoch: 16 Avg Loss: 3.1622 | Seen Class Acc: 0.0000 
Collating features...
158 4299
Epoch 16, Train ACC Unlabelled_v1: All 0.4215 | Old 0.6307 | New 0.2899
Epoch 16, Train ACC Unlabelled_v2: All 0.2915 | Old 0.5446 | New 0.1322
Train Accuracies: All 0.4215 | Old 0.6307 | New 0.2899
Train Epoch: 17 Avg Loss: 3.1452 | Seen Class Acc: 0.0000 
Collating features...
168 4299
Epoch 17, Train ACC Unlabelled_v1: All 0.4164 | Old 0.6307 | New 0.2815
Epoch 17, Train ACC Unlabelled_v2: All 0.2887 | Old 0.5434 | New 0.1285
Train Accuracies: All 0.4164 | Old 0.6307 | New 0.2815
Train Epoch: 18 Avg Loss: 3.1224 | Seen Class Acc: 0.0000 
Collating features...
165 4299
Epoch 18, Train ACC Unlabelled_v1: All 0.3950 | Old 0.6066 | New 0.2618
Epoch 18, Train ACC Unlabelled_v2: All 0.2840 | Old 0.4458 | New 0.1823
Train Accuracies: All 0.3950 | Old 0.6066 | New 0.2618
Train Epoch: 19 Avg Loss: 3.1023 | Seen Class Acc: 0.0000 
Collating features...
158 4299
Epoch 19, Train ACC Unlabelled_v1: All 0.4036 | Old 0.6247 | New 0.2645
Epoch 19, Train ACC Unlabelled_v2: All 0.2863 | Old 0.5349 | New 0.1300
Train Accuracies: All 0.4036 | Old 0.6247 | New 0.2645
Train Epoch: 20 Avg Loss: 3.1243 | Seen Class Acc: 0.0000 
Collating features...
164 4299
Epoch 20, Train ACC Unlabelled_v1: All 0.4045 | Old 0.6247 | New 0.2660
Epoch 20, Train ACC Unlabelled_v2: All 0.2984 | Old 0.4590 | New 0.1974
Train Accuracies: All 0.4045 | Old 0.6247 | New 0.2660
Train Epoch: 21 Avg Loss: 3.0684 | Seen Class Acc: 0.0000 
Collating features...
154 4299
Epoch 21, Train ACC Unlabelled_v1: All 0.4010 | Old 0.6078 | New 0.2709
Epoch 21, Train ACC Unlabelled_v2: All 0.2959 | Old 0.4392 | New 0.2058
Train Accuracies: All 0.4010 | Old 0.6078 | New 0.2709
Train Epoch: 22 Avg Loss: 3.0810 | Seen Class Acc: 0.0000 
Collating features...
168 4299
Epoch 22, Train ACC Unlabelled_v1: All 0.4252 | Old 0.6301 | New 0.2963
Epoch 22, Train ACC Unlabelled_v2: All 0.2924 | Old 0.5488 | New 0.1311
Train Accuracies: All 0.4252 | Old 0.6301 | New 0.2963
Train Epoch: 23 Avg Loss: 3.0513 | Seen Class Acc: 0.0000 
Collating features...
157 4299
Epoch 23, Train ACC Unlabelled_v1: All 0.4152 | Old 0.6367 | New 0.2759
Epoch 23, Train ACC Unlabelled_v2: All 0.2943 | Old 0.5494 | New 0.1338
Train Accuracies: All 0.4152 | Old 0.6367 | New 0.2759
Train Epoch: 24 Avg Loss: 3.0319 | Seen Class Acc: 0.0000 
Collating features...
159 4299
Epoch 24, Train ACC Unlabelled_v1: All 0.4208 | Old 0.6367 | New 0.2850
Epoch 24, Train ACC Unlabelled_v2: All 0.2917 | Old 0.5524 | New 0.1277
Train Accuracies: All 0.4208 | Old 0.6367 | New 0.2850
Train Epoch: 25 Avg Loss: 3.0070 | Seen Class Acc: 0.0000 
Collating features...
163 4299
Epoch 25, Train ACC Unlabelled_v1: All 0.4059 | Old 0.6295 | New 0.2653
Epoch 25, Train ACC Unlabelled_v2: All 0.2896 | Old 0.4639 | New 0.1800
Train Accuracies: All 0.4059 | Old 0.6295 | New 0.2653
Train Epoch: 26 Avg Loss: 3.0168 | Seen Class Acc: 0.0000 
Collating features...
172 4299
Epoch 26, Train ACC Unlabelled_v1: All 0.4289 | Old 0.6373 | New 0.2978
Epoch 26, Train ACC Unlabelled_v2: All 0.2919 | Old 0.5524 | New 0.1281
Train Accuracies: All 0.4289 | Old 0.6373 | New 0.2978
Train Epoch: 27 Avg Loss: 2.9783 | Seen Class Acc: 0.0000 
Collating features...
164 4299
Epoch 27, Train ACC Unlabelled_v1: All 0.4229 | Old 0.6349 | New 0.2895
Epoch 27, Train ACC Unlabelled_v2: All 0.2898 | Old 0.5476 | New 0.1277
Train Accuracies: All 0.4229 | Old 0.6349 | New 0.2895
Train Epoch: 28 Avg Loss: 2.9795 | Seen Class Acc: 0.0000 
Collating features...
161 4299
Epoch 28, Train ACC Unlabelled_v1: All 0.4159 | Old 0.6319 | New 0.2800
Epoch 28, Train ACC Unlabelled_v2: All 0.2926 | Old 0.5428 | New 0.1353
Train Accuracies: All 0.4159 | Old 0.6319 | New 0.2800
Train Epoch: 29 Avg Loss: 2.9555 | Seen Class Acc: 0.0000 
Collating features...
181 4299
Epoch 29, Train ACC Unlabelled_v1: All 0.4168 | Old 0.6319 | New 0.2815
Epoch 29, Train ACC Unlabelled_v2: All 0.2915 | Old 0.5482 | New 0.1300
Train Accuracies: All 0.4168 | Old 0.6319 | New 0.2815
Train Epoch: 30 Avg Loss: 2.9614 | Seen Class Acc: 0.0000 
Collating features...
175 4299
Epoch 30, Train ACC Unlabelled_v1: All 0.4229 | Old 0.6313 | New 0.2918
Epoch 30, Train ACC Unlabelled_v2: All 0.2908 | Old 0.5524 | New 0.1262
Train Accuracies: All 0.4229 | Old 0.6313 | New 0.2918
Train Epoch: 31 Avg Loss: 2.9451 | Seen Class Acc: 0.0000 
Collating features...
180 4299
Epoch 31, Train ACC Unlabelled_v1: All 0.4092 | Old 0.6259 | New 0.2728
Epoch 31, Train ACC Unlabelled_v2: All 0.2847 | Old 0.5434 | New 0.1220
Train Accuracies: All 0.4092 | Old 0.6259 | New 0.2728
Train Epoch: 32 Avg Loss: 2.9196 | Seen Class Acc: 0.0000 
Collating features...
163 4299
Epoch 32, Train ACC Unlabelled_v1: All 0.4227 | Old 0.6337 | New 0.2899
Epoch 32, Train ACC Unlabelled_v2: All 0.2887 | Old 0.5506 | New 0.1239
Train Accuracies: All 0.4227 | Old 0.6337 | New 0.2899
Train Epoch: 33 Avg Loss: 2.9312 | Seen Class Acc: 0.0000 
Collating features...
171 4299
Epoch 33, Train ACC Unlabelled_v1: All 0.4187 | Old 0.6416 | New 0.2785
Epoch 33, Train ACC Unlabelled_v2: All 0.2915 | Old 0.5416 | New 0.1341
Train Accuracies: All 0.4187 | Old 0.6416 | New 0.2785
Train Epoch: 34 Avg Loss: 2.9213 | Seen Class Acc: 0.0000 
Collating features...
168 4299
Epoch 34, Train ACC Unlabelled_v1: All 0.4208 | Old 0.6337 | New 0.2869
Epoch 34, Train ACC Unlabelled_v2: All 0.2912 | Old 0.5422 | New 0.1334
Train Accuracies: All 0.4208 | Old 0.6337 | New 0.2869
Train Epoch: 35 Avg Loss: 2.9159 | Seen Class Acc: 0.0000 
Collating features...
170 4299
Epoch 35, Train ACC Unlabelled_v1: All 0.4203 | Old 0.6355 | New 0.2850
Epoch 35, Train ACC Unlabelled_v2: All 0.2910 | Old 0.5434 | New 0.1322
Train Accuracies: All 0.4203 | Old 0.6355 | New 0.2850
Train Epoch: 36 Avg Loss: 2.8975 | Seen Class Acc: 0.0000 
Collating features...
148 4299
Epoch 36, Train ACC Unlabelled_v1: All 0.4173 | Old 0.6337 | New 0.2812
Epoch 36, Train ACC Unlabelled_v2: All 0.2929 | Old 0.5349 | New 0.1406
Train Accuracies: All 0.4173 | Old 0.6337 | New 0.2812
Train Epoch: 37 Avg Loss: 2.9022 | Seen Class Acc: 0.0000 
Collating features...
162 4299
Epoch 37, Train ACC Unlabelled_v1: All 0.4220 | Old 0.6373 | New 0.2865
Epoch 37, Train ACC Unlabelled_v2: All 0.2905 | Old 0.5500 | New 0.1273
Train Accuracies: All 0.4220 | Old 0.6373 | New 0.2865
Train Epoch: 38 Avg Loss: 2.8806 | Seen Class Acc: 0.0000 
Collating features...
152 4299
Epoch 38, Train ACC Unlabelled_v1: All 0.4222 | Old 0.6380 | New 0.2865
Epoch 38, Train ACC Unlabelled_v2: All 0.2912 | Old 0.5488 | New 0.1292
Train Accuracies: All 0.4222 | Old 0.6380 | New 0.2865
Train Epoch: 39 Avg Loss: 2.9096 | Seen Class Acc: 0.0000 
Collating features...
152 4299
Epoch 39, Train ACC Unlabelled_v1: All 0.4206 | Old 0.6410 | New 0.2819
Epoch 39, Train ACC Unlabelled_v2: All 0.2912 | Old 0.5560 | New 0.1247
Train Accuracies: All 0.4206 | Old 0.6410 | New 0.2819
Train Epoch: 40 Avg Loss: 2.8854 | Seen Class Acc: 0.0000 
Collating features...
149 4299
Epoch 40, Train ACC Unlabelled_v1: All 0.4241 | Old 0.6392 | New 0.2887
Epoch 40, Train ACC Unlabelled_v2: All 0.2926 | Old 0.5572 | New 0.1262
Train Accuracies: All 0.4241 | Old 0.6392 | New 0.2887
Train Epoch: 41 Avg Loss: 2.8718 | Seen Class Acc: 0.0000 
Collating features...
148 4299
Epoch 41, Train ACC Unlabelled_v1: All 0.4201 | Old 0.6416 | New 0.2808
Epoch 41, Train ACC Unlabelled_v2: All 0.2929 | Old 0.5578 | New 0.1262
Train Accuracies: All 0.4201 | Old 0.6416 | New 0.2808
Train Epoch: 42 Avg Loss: 2.8806 | Seen Class Acc: 0.0000 
Collating features...
147 4299
Epoch 42, Train ACC Unlabelled_v1: All 0.4245 | Old 0.6386 | New 0.2899
Epoch 42, Train ACC Unlabelled_v2: All 0.2926 | Old 0.5566 | New 0.1266
Train Accuracies: All 0.4245 | Old 0.6386 | New 0.2899
Train Epoch: 43 Avg Loss: 2.8775 | Seen Class Acc: 0.0000 
Collating features...
153 4299
Epoch 43, Train ACC Unlabelled_v1: All 0.4220 | Old 0.6428 | New 0.2831
Epoch 43, Train ACC Unlabelled_v2: All 0.2919 | Old 0.5596 | New 0.1235
Train Accuracies: All 0.4220 | Old 0.6428 | New 0.2831
Train Epoch: 44 Avg Loss: 2.8498 | Seen Class Acc: 0.0000 
Collating features...
153 4299
Epoch 44, Train ACC Unlabelled_v1: All 0.4227 | Old 0.6410 | New 0.2853
Epoch 44, Train ACC Unlabelled_v2: All 0.2905 | Old 0.5566 | New 0.1232
Train Accuracies: All 0.4227 | Old 0.6410 | New 0.2853
Train Epoch: 45 Avg Loss: 2.8594 | Seen Class Acc: 0.0000 
Collating features...
149 4299
Epoch 45, Train ACC Unlabelled_v1: All 0.4245 | Old 0.6428 | New 0.2872
Epoch 45, Train ACC Unlabelled_v2: All 0.2912 | Old 0.5590 | New 0.1228
Train Accuracies: All 0.4245 | Old 0.6428 | New 0.2872
Train Epoch: 46 Avg Loss: 2.8731 | Seen Class Acc: 0.0000 
Collating features...
152 4299
Epoch 46, Train ACC Unlabelled_v1: All 0.4250 | Old 0.6428 | New 0.2880
Epoch 46, Train ACC Unlabelled_v2: All 0.2922 | Old 0.5566 | New 0.1258
Train Accuracies: All 0.4250 | Old 0.6428 | New 0.2880
Train Epoch: 47 Avg Loss: 2.8774 | Seen Class Acc: 0.0000 
Collating features...
147 4299
Epoch 47, Train ACC Unlabelled_v1: All 0.4206 | Old 0.6440 | New 0.2800
Epoch 47, Train ACC Unlabelled_v2: All 0.2915 | Old 0.5608 | New 0.1220
Train Accuracies: All 0.4206 | Old 0.6440 | New 0.2800
Train Epoch: 48 Avg Loss: 2.8653 | Seen Class Acc: 0.0000 
Collating features...
149 4299
Epoch 48, Train ACC Unlabelled_v1: All 0.4222 | Old 0.6440 | New 0.2827
Epoch 48, Train ACC Unlabelled_v2: All 0.2917 | Old 0.5608 | New 0.1224
Train Accuracies: All 0.4222 | Old 0.6440 | New 0.2827
Train Epoch: 49 Avg Loss: 2.8810 | Seen Class Acc: 0.0000 
Collating features...
155 4299
Epoch 49, Train ACC Unlabelled_v1: All 0.4215 | Old 0.6398 | New 0.2842
Epoch 49, Train ACC Unlabelled_v2: All 0.2901 | Old 0.5554 | New 0.1232
Train Accuracies: All 0.4215 | Old 0.6398 | New 0.2842
Train Epoch: 50 Avg Loss: 2.8908 | Seen Class Acc: 0.0000 
Collating features...
154 4299
Epoch 50, Train ACC Unlabelled_v1: All 0.4234 | Old 0.6428 | New 0.2853
Epoch 50, Train ACC Unlabelled_v2: All 0.2915 | Old 0.5578 | New 0.1239
Train Accuracies: All 0.4234 | Old 0.6428 | New 0.2853
Train Epoch: 51 Avg Loss: 2.8568 | Seen Class Acc: 0.0000 
Collating features...
150 4299
Epoch 51, Train ACC Unlabelled_v1: All 0.4252 | Old 0.6422 | New 0.2887
Epoch 51, Train ACC Unlabelled_v2: All 0.2933 | Old 0.5572 | New 0.1273
Train Accuracies: All 0.4252 | Old 0.6422 | New 0.2887
Train Epoch: 52 Avg Loss: 2.8499 | Seen Class Acc: 0.0000 
Collating features...
141 4299
Epoch 52, Train ACC Unlabelled_v1: All 0.4187 | Old 0.6428 | New 0.2778
Epoch 52, Train ACC Unlabelled_v2: All 0.2924 | Old 0.5560 | New 0.1266
Train Accuracies: All 0.4187 | Old 0.6428 | New 0.2778
Train Epoch: 53 Avg Loss: 2.8568 | Seen Class Acc: 0.0000 
Collating features...
150 4299
Epoch 53, Train ACC Unlabelled_v1: All 0.4241 | Old 0.6446 | New 0.2853
Epoch 53, Train ACC Unlabelled_v2: All 0.2931 | Old 0.5608 | New 0.1247
Train Accuracies: All 0.4241 | Old 0.6446 | New 0.2853
Train Epoch: 54 Avg Loss: 2.8727 | Seen Class Acc: 0.0000 
Collating features...
145 4299
Epoch 54, Train ACC Unlabelled_v1: All 0.4231 | Old 0.6428 | New 0.2850
Epoch 54, Train ACC Unlabelled_v2: All 0.2915 | Old 0.5560 | New 0.1250
Train Accuracies: All 0.4231 | Old 0.6428 | New 0.2850
Train Epoch: 55 Avg Loss: 2.8728 | Seen Class Acc: 0.0000 
Collating features...
145 4299
Epoch 55, Train ACC Unlabelled_v1: All 0.4241 | Old 0.6422 | New 0.2869
Epoch 55, Train ACC Unlabelled_v2: All 0.2915 | Old 0.5584 | New 0.1235
Train Accuracies: All 0.4241 | Old 0.6422 | New 0.2869
Train Epoch: 56 Avg Loss: 2.8626 | Seen Class Acc: 0.0000 
Collating features...
147 4299
Epoch 56, Train ACC Unlabelled_v1: All 0.4210 | Old 0.6422 | New 0.2819
Epoch 56, Train ACC Unlabelled_v2: All 0.2908 | Old 0.5578 | New 0.1228
Train Accuracies: All 0.4210 | Old 0.6422 | New 0.2819
Train Epoch: 57 Avg Loss: 2.8666 | Seen Class Acc: 0.0000 
Collating features...
155 4299
Epoch 57, Train ACC Unlabelled_v1: All 0.4213 | Old 0.6428 | New 0.2819
Epoch 57, Train ACC Unlabelled_v2: All 0.2910 | Old 0.5572 | New 0.1235
Train Accuracies: All 0.4213 | Old 0.6428 | New 0.2819
Train Epoch: 58 Avg Loss: 2.8543 | Seen Class Acc: 0.0000 
Collating features...
149 4299
Epoch 58, Train ACC Unlabelled_v1: All 0.4185 | Old 0.6428 | New 0.2774
Epoch 58, Train ACC Unlabelled_v2: All 0.2912 | Old 0.5578 | New 0.1235
Train Accuracies: All 0.4185 | Old 0.6428 | New 0.2774
Train Epoch: 59 Avg Loss: 2.8662 | Seen Class Acc: 0.0000 
Collating features...
149 4299
Epoch 59, Train ACC Unlabelled_v1: All 0.4175 | Old 0.6422 | New 0.2762
Epoch 59, Train ACC Unlabelled_v2: All 0.2908 | Old 0.5578 | New 0.1228
Train Accuracies: All 0.4175 | Old 0.6422 | New 0.2762
Train Epoch: 60 Avg Loss: 2.8573 | Seen Class Acc: 0.0000 
Collating features...
149 4299
Epoch 60, Train ACC Unlabelled_v1: All 0.4217 | Old 0.6458 | New 0.2808
Epoch 60, Train ACC Unlabelled_v2: All 0.2910 | Old 0.5590 | New 0.1224
Train Accuracies: All 0.4217 | Old 0.6458 | New 0.2808
Train Epoch: 61 Avg Loss: 2.8700 | Seen Class Acc: 0.0000 
Collating features...
142 4299
Epoch 61, Train ACC Unlabelled_v1: All 0.4241 | Old 0.6446 | New 0.2853
Epoch 61, Train ACC Unlabelled_v2: All 0.2912 | Old 0.5584 | New 0.1232
Train Accuracies: All 0.4241 | Old 0.6446 | New 0.2853
Train Epoch: 62 Avg Loss: 2.8548 | Seen Class Acc: 0.0000 
Collating features...
140 4299
Epoch 62, Train ACC Unlabelled_v1: All 0.4187 | Old 0.6422 | New 0.2781
Epoch 62, Train ACC Unlabelled_v2: All 0.2901 | Old 0.5560 | New 0.1228
Train Accuracies: All 0.4187 | Old 0.6422 | New 0.2781
Train Epoch: 63 Avg Loss: 2.8663 | Seen Class Acc: 0.0000 
Collating features...
140 4299
Epoch 63, Train ACC Unlabelled_v1: All 0.4154 | Old 0.6428 | New 0.2725
Epoch 63, Train ACC Unlabelled_v2: All 0.2903 | Old 0.5566 | New 0.1228
Train Accuracies: All 0.4154 | Old 0.6428 | New 0.2725
Train Epoch: 64 Avg Loss: 2.8391 | Seen Class Acc: 0.0000 
Collating features...
148 4299
Epoch 64, Train ACC Unlabelled_v1: All 0.4231 | Old 0.6470 | New 0.2823
Epoch 64, Train ACC Unlabelled_v2: All 0.2917 | Old 0.5602 | New 0.1228
Train Accuracies: All 0.4231 | Old 0.6470 | New 0.2823
Train Epoch: 65 Avg Loss: 2.8495 | Seen Class Acc: 0.0000 
Collating features...
149 4299
Epoch 65, Train ACC Unlabelled_v1: All 0.4245 | Old 0.6470 | New 0.2846
Epoch 65, Train ACC Unlabelled_v2: All 0.2924 | Old 0.5584 | New 0.1250
Train Accuracies: All 0.4245 | Old 0.6470 | New 0.2846
Train Epoch: 66 Avg Loss: 2.8537 | Seen Class Acc: 0.0000 
Collating features...
147 4299
Epoch 66, Train ACC Unlabelled_v1: All 0.4215 | Old 0.6446 | New 0.2812
Epoch 66, Train ACC Unlabelled_v2: All 0.2917 | Old 0.5590 | New 0.1235
Train Accuracies: All 0.4215 | Old 0.6446 | New 0.2812
Train Epoch: 67 Avg Loss: 2.8544 | Seen Class Acc: 0.0000 
Collating features...
145 4299
Epoch 67, Train ACC Unlabelled_v1: All 0.4199 | Old 0.6440 | New 0.2789
Epoch 67, Train ACC Unlabelled_v2: All 0.2915 | Old 0.5584 | New 0.1235
Train Accuracies: All 0.4199 | Old 0.6440 | New 0.2789
Train Epoch: 68 Avg Loss: 2.8421 | Seen Class Acc: 0.0000 
Collating features...
151 4299
Epoch 68, Train ACC Unlabelled_v1: All 0.4210 | Old 0.6440 | New 0.2808
Epoch 68, Train ACC Unlabelled_v2: All 0.2915 | Old 0.5584 | New 0.1235
Train Accuracies: All 0.4210 | Old 0.6440 | New 0.2808
Train Epoch: 69 Avg Loss: 2.8392 | Seen Class Acc: 0.0000 
Collating features...
148 4299
Epoch 69, Train ACC Unlabelled_v1: All 0.4208 | Old 0.6446 | New 0.2800
Epoch 69, Train ACC Unlabelled_v2: All 0.2908 | Old 0.5572 | New 0.1232
Train Accuracies: All 0.4208 | Old 0.6446 | New 0.2800
Train Epoch: 70 Avg Loss: 2.8535 | Seen Class Acc: 0.0000 
Collating features...
148 4299
Epoch 70, Train ACC Unlabelled_v1: All 0.4213 | Old 0.6446 | New 0.2808
Epoch 70, Train ACC Unlabelled_v2: All 0.2917 | Old 0.5596 | New 0.1232
Train Accuracies: All 0.4213 | Old 0.6446 | New 0.2808
Train Epoch: 71 Avg Loss: 2.8508 | Seen Class Acc: 0.0000 
Collating features...
148 4299
Epoch 71, Train ACC Unlabelled_v1: All 0.4215 | Old 0.6434 | New 0.2819
Epoch 71, Train ACC Unlabelled_v2: All 0.2917 | Old 0.5584 | New 0.1239
Train Accuracies: All 0.4215 | Old 0.6434 | New 0.2819
Train Epoch: 72 Avg Loss: 2.8453 | Seen Class Acc: 0.0000 
Collating features...
151 4299
Epoch 72, Train ACC Unlabelled_v1: All 0.4192 | Old 0.6440 | New 0.2778
Epoch 72, Train ACC Unlabelled_v2: All 0.2912 | Old 0.5584 | New 0.1232
Train Accuracies: All 0.4192 | Old 0.6440 | New 0.2778
Train Epoch: 73 Avg Loss: 2.8352 | Seen Class Acc: 0.0000 
Collating features...
145 4299
Epoch 73, Train ACC Unlabelled_v1: All 0.4196 | Old 0.6434 | New 0.2789
Epoch 73, Train ACC Unlabelled_v2: All 0.2917 | Old 0.5560 | New 0.1254
Train Accuracies: All 0.4196 | Old 0.6434 | New 0.2789
Train Epoch: 74 Avg Loss: 2.8633 | Seen Class Acc: 0.0000 
Collating features...
147 4299
Epoch 74, Train ACC Unlabelled_v1: All 0.4206 | Old 0.6440 | New 0.2800
Epoch 74, Train ACC Unlabelled_v2: All 0.2922 | Old 0.5584 | New 0.1247
Train Accuracies: All 0.4206 | Old 0.6440 | New 0.2800
Train Epoch: 75 Avg Loss: 2.8384 | Seen Class Acc: 0.0000 
Collating features...
149 4299
Epoch 75, Train ACC Unlabelled_v1: All 0.4210 | Old 0.6458 | New 0.2797
Epoch 75, Train ACC Unlabelled_v2: All 0.2929 | Old 0.5596 | New 0.1250
Train Accuracies: All 0.4210 | Old 0.6458 | New 0.2797
Train Epoch: 76 Avg Loss: 2.8386 | Seen Class Acc: 0.0000 
Collating features...
149 4299
Epoch 76, Train ACC Unlabelled_v1: All 0.4201 | Old 0.6446 | New 0.2789
Epoch 76, Train ACC Unlabelled_v2: All 0.2924 | Old 0.5590 | New 0.1247
Train Accuracies: All 0.4201 | Old 0.6446 | New 0.2789
Train Epoch: 77 Avg Loss: 2.8797 | Seen Class Acc: 0.0000 
Collating features...
151 4299
Epoch 77, Train ACC Unlabelled_v1: All 0.4208 | Old 0.6446 | New 0.2800
Epoch 77, Train ACC Unlabelled_v2: All 0.2924 | Old 0.5584 | New 0.1250
Train Accuracies: All 0.4208 | Old 0.6446 | New 0.2800
Train Epoch: 78 Avg Loss: 2.8563 | Seen Class Acc: 0.0000 
Collating features...
147 4299
Epoch 78, Train ACC Unlabelled_v1: All 0.4217 | Old 0.6452 | New 0.2812
Epoch 78, Train ACC Unlabelled_v2: All 0.2929 | Old 0.5596 | New 0.1250
Train Accuracies: All 0.4217 | Old 0.6452 | New 0.2812
Train Epoch: 79 Avg Loss: 2.8370 | Seen Class Acc: 0.0000 
Collating features...
151 4299
Epoch 79, Train ACC Unlabelled_v1: All 0.4206 | Old 0.6434 | New 0.2804
Epoch 79, Train ACC Unlabelled_v2: All 0.2917 | Old 0.5584 | New 0.1239
Train Accuracies: All 0.4206 | Old 0.6434 | New 0.2804
Train Epoch: 80 Avg Loss: 2.8523 | Seen Class Acc: 0.0000 
Collating features...
147 4299
Epoch 80, Train ACC Unlabelled_v1: All 0.4213 | Old 0.6458 | New 0.2800
Epoch 80, Train ACC Unlabelled_v2: All 0.2922 | Old 0.5602 | New 0.1235
Train Accuracies: All 0.4213 | Old 0.6458 | New 0.2800
Train Epoch: 81 Avg Loss: 2.8523 | Seen Class Acc: 0.0000 
Collating features...
148 4299
Epoch 81, Train ACC Unlabelled_v1: All 0.4208 | Old 0.6452 | New 0.2797
Epoch 81, Train ACC Unlabelled_v2: All 0.2922 | Old 0.5590 | New 0.1243
Train Accuracies: All 0.4208 | Old 0.6452 | New 0.2797
Train Epoch: 82 Avg Loss: 2.8420 | Seen Class Acc: 0.0000 
Collating features...
148 4299
Epoch 82, Train ACC Unlabelled_v1: All 0.4222 | Old 0.6458 | New 0.2815
Epoch 82, Train ACC Unlabelled_v2: All 0.2931 | Old 0.5596 | New 0.1254
Train Accuracies: All 0.4222 | Old 0.6458 | New 0.2815
Train Epoch: 83 Avg Loss: 2.8679 | Seen Class Acc: 0.0000 
Collating features...
148 4299
Epoch 83, Train ACC Unlabelled_v1: All 0.4229 | Old 0.6464 | New 0.2823
Epoch 83, Train ACC Unlabelled_v2: All 0.2924 | Old 0.5602 | New 0.1239
Train Accuracies: All 0.4229 | Old 0.6464 | New 0.2823
Train Epoch: 84 Avg Loss: 2.8422 | Seen Class Acc: 0.0000 
Collating features...
146 4299
Epoch 84, Train ACC Unlabelled_v1: All 0.4215 | Old 0.6458 | New 0.2804
Epoch 84, Train ACC Unlabelled_v2: All 0.2929 | Old 0.5590 | New 0.1254
Train Accuracies: All 0.4215 | Old 0.6458 | New 0.2804
Train Epoch: 85 Avg Loss: 2.8622 | Seen Class Acc: 0.0000 
Collating features...
145 4299
Epoch 85, Train ACC Unlabelled_v1: All 0.4215 | Old 0.6446 | New 0.2812
Epoch 85, Train ACC Unlabelled_v2: All 0.2926 | Old 0.5590 | New 0.1250
Train Accuracies: All 0.4215 | Old 0.6446 | New 0.2812
Train Epoch: 86 Avg Loss: 2.8555 | Seen Class Acc: 0.0000 
Collating features...
148 4299
Epoch 86, Train ACC Unlabelled_v1: All 0.4217 | Old 0.6452 | New 0.2812
Epoch 86, Train ACC Unlabelled_v2: All 0.2933 | Old 0.5584 | New 0.1266
Train Accuracies: All 0.4217 | Old 0.6452 | New 0.2812
Train Epoch: 87 Avg Loss: 2.8510 | Seen Class Acc: 0.0000 
Collating features...
147 4299
Epoch 87, Train ACC Unlabelled_v1: All 0.4224 | Old 0.6452 | New 0.2823
Epoch 87, Train ACC Unlabelled_v2: All 0.2936 | Old 0.5596 | New 0.1262
Train Accuracies: All 0.4224 | Old 0.6452 | New 0.2823
Train Epoch: 88 Avg Loss: 2.8294 | Seen Class Acc: 0.0000 
Collating features...
148 4299
Epoch 88, Train ACC Unlabelled_v1: All 0.4220 | Old 0.6440 | New 0.2823
Epoch 88, Train ACC Unlabelled_v2: All 0.2924 | Old 0.5584 | New 0.1250
Train Accuracies: All 0.4220 | Old 0.6440 | New 0.2823
Train Epoch: 89 Avg Loss: 2.8183 | Seen Class Acc: 0.0000 
Collating features...
149 4299
Epoch 89, Train ACC Unlabelled_v1: All 0.4227 | Old 0.6452 | New 0.2827
Epoch 89, Train ACC Unlabelled_v2: All 0.2922 | Old 0.5590 | New 0.1243
Train Accuracies: All 0.4227 | Old 0.6452 | New 0.2827
Train Epoch: 90 Avg Loss: 2.8554 | Seen Class Acc: 0.0000 
Collating features...
145 4299
Epoch 90, Train ACC Unlabelled_v1: All 0.4217 | Old 0.6452 | New 0.2812
Epoch 90, Train ACC Unlabelled_v2: All 0.2912 | Old 0.5590 | New 0.1228
Train Accuracies: All 0.4217 | Old 0.6452 | New 0.2812
Train Epoch: 91 Avg Loss: 2.8522 | Seen Class Acc: 0.0000 
Collating features...
144 4299
Epoch 91, Train ACC Unlabelled_v1: All 0.4229 | Old 0.6446 | New 0.2834
Epoch 91, Train ACC Unlabelled_v2: All 0.2931 | Old 0.5590 | New 0.1258
Train Accuracies: All 0.4229 | Old 0.6446 | New 0.2834
Train Epoch: 92 Avg Loss: 2.8699 | Seen Class Acc: 0.0000 
Collating features...
149 4299
Epoch 92, Train ACC Unlabelled_v1: All 0.4222 | Old 0.6452 | New 0.2819
Epoch 92, Train ACC Unlabelled_v2: All 0.2931 | Old 0.5602 | New 0.1250
Train Accuracies: All 0.4222 | Old 0.6452 | New 0.2819
Train Epoch: 93 Avg Loss: 2.8576 | Seen Class Acc: 0.0000 
Collating features...
145 4299
Epoch 93, Train ACC Unlabelled_v1: All 0.4222 | Old 0.6452 | New 0.2819
Epoch 93, Train ACC Unlabelled_v2: All 0.2929 | Old 0.5596 | New 0.1250
Train Accuracies: All 0.4222 | Old 0.6452 | New 0.2819
Train Epoch: 94 Avg Loss: 2.8587 | Seen Class Acc: 0.0000 
Collating features...
147 4299
Epoch 94, Train ACC Unlabelled_v1: All 0.4227 | Old 0.6452 | New 0.2827
Epoch 94, Train ACC Unlabelled_v2: All 0.2926 | Old 0.5584 | New 0.1254
Train Accuracies: All 0.4227 | Old 0.6452 | New 0.2827
Train Epoch: 95 Avg Loss: 2.8750 | Seen Class Acc: 0.0000 
Collating features...
142 4299
Epoch 95, Train ACC Unlabelled_v1: All 0.4217 | Old 0.6452 | New 0.2812
Epoch 95, Train ACC Unlabelled_v2: All 0.2926 | Old 0.5596 | New 0.1247
Train Accuracies: All 0.4217 | Old 0.6452 | New 0.2812
Train Epoch: 96 Avg Loss: 2.8478 | Seen Class Acc: 0.0000 
Collating features...
148 4299
Epoch 96, Train ACC Unlabelled_v1: All 0.4227 | Old 0.6458 | New 0.2823
Epoch 96, Train ACC Unlabelled_v2: All 0.2931 | Old 0.5608 | New 0.1247
Train Accuracies: All 0.4227 | Old 0.6458 | New 0.2823
Train Epoch: 97 Avg Loss: 2.8453 | Seen Class Acc: 0.0000 
Collating features...
151 4299
Epoch 97, Train ACC Unlabelled_v1: All 0.4231 | Old 0.6452 | New 0.2834
Epoch 97, Train ACC Unlabelled_v2: All 0.2929 | Old 0.5602 | New 0.1247
Train Accuracies: All 0.4231 | Old 0.6452 | New 0.2834
Train Epoch: 98 Avg Loss: 2.8508 | Seen Class Acc: 0.0000 
Collating features...
147 4299
Epoch 98, Train ACC Unlabelled_v1: All 0.4231 | Old 0.6452 | New 0.2834
Epoch 98, Train ACC Unlabelled_v2: All 0.2926 | Old 0.5584 | New 0.1254
Train Accuracies: All 0.4231 | Old 0.6452 | New 0.2834
Train Epoch: 99 Avg Loss: 2.8421 | Seen Class Acc: 0.0000 
Collating features...
146 4299
Epoch 99, Train ACC Unlabelled_v1: All 0.4220 | Old 0.6458 | New 0.2812
Epoch 99, Train ACC Unlabelled_v2: All 0.2912 | Old 0.5584 | New 0.1232
Train Accuracies: All 0.4220 | Old 0.6458 | New 0.2812
