Experiment saved to: /home/pszzz/hyzheng/myocd/SMILE/checkpoints/log/(28.04.2024_|_08.389)
['checkpoints']
Namespace(batch_size=128, num_workers=16, eval_funcs=['v1', 'v2'], warmup_model_dir=None, model_name='vit_dino', dataset_name='Reptilia', prop_train_labels=0.5, use_ssb_splits=True, grad_from_block=11, lr=0.01, save_best_thresh=None, gamma=0.1, momentum=0.9, weight_decay=5e-05, epochs=100, exp_root='/home/pszzz/hyzheng/myocd/SMILE/', transform='imagenet', seed=1, base_model='vit_dino', temperature=1.0, sup_con_weight=0.5, n_views=2, contrast_unlabel_only=False, image_size=224, train_classes=range(0, 145), unlabeled_classes=range(145, 289), num_labeled_classes=145, num_unlabeled_classes=144, cuda=True, log_dir='/home/pszzz/hyzheng/myocd/SMILE/checkpoints/log/(28.04.2024_|_08.389)', model_dir='/home/pszzz/hyzheng/myocd/SMILE/checkpoints/log/(28.04.2024_|_08.389)/checkpoints', model_path='/home/pszzz/hyzheng/myocd/SMILE/checkpoints/log/(28.04.2024_|_08.389)/checkpoints/model.pt', writer=<tensorboardX.writer.SummaryWriter object at 0x7f4ef8871a90>)
Using evaluation function v1 to print results
Train Epoch: 0 Avg Loss: 4.8609 | Seen Class Acc: 0.0000 
Collating features...
523 31738
Epoch 0, Train ACC Unlabelled_v1: All 0.1942 | Old 0.2997 | New 0.1515
Epoch 0, Train ACC Unlabelled_v2: All 0.1687 | Old 0.2458 | New 0.1375
Train Accuracies: All 0.1942 | Old 0.2997 | New 0.1515
Train Epoch: 1 Avg Loss: 3.7300 | Seen Class Acc: 0.0000 
Collating features...
478 31738
Epoch 1, Train ACC Unlabelled_v1: All 0.2314 | Old 0.3571 | New 0.1806
Epoch 1, Train ACC Unlabelled_v2: All 0.1813 | Old 0.2938 | New 0.1358
Train Accuracies: All 0.2314 | Old 0.3571 | New 0.1806
Train Epoch: 2 Avg Loss: 3.3568 | Seen Class Acc: 0.0000 
Collating features...
461 31738
Epoch 2, Train ACC Unlabelled_v1: All 0.2359 | Old 0.3723 | New 0.1807
Epoch 2, Train ACC Unlabelled_v2: All 0.1950 | Old 0.3010 | New 0.1522
Train Accuracies: All 0.2359 | Old 0.3723 | New 0.1807
Train Epoch: 3 Avg Loss: 3.0794 | Seen Class Acc: 0.0000 
Collating features...
456 31738
Epoch 3, Train ACC Unlabelled_v1: All 0.2448 | Old 0.3920 | New 0.1852
Epoch 3, Train ACC Unlabelled_v2: All 0.2051 | Old 0.3223 | New 0.1577
Train Accuracies: All 0.2448 | Old 0.3920 | New 0.1852
Train Epoch: 4 Avg Loss: 2.8882 | Seen Class Acc: 0.0000 
Collating features...
451 31738
Epoch 4, Train ACC Unlabelled_v1: All 0.2436 | Old 0.3916 | New 0.1837
Epoch 4, Train ACC Unlabelled_v2: All 0.2017 | Old 0.3089 | New 0.1584
Train Accuracies: All 0.2436 | Old 0.3916 | New 0.1837
Train Epoch: 5 Avg Loss: 2.7471 | Seen Class Acc: 0.0000 
Collating features...
469 31738
Epoch 5, Train ACC Unlabelled_v1: All 0.2449 | Old 0.4046 | New 0.1803
Epoch 5, Train ACC Unlabelled_v2: All 0.2016 | Old 0.3347 | New 0.1478
Train Accuracies: All 0.2449 | Old 0.4046 | New 0.1803
Train Epoch: 6 Avg Loss: 2.6265 | Seen Class Acc: 0.0000 
Collating features...
495 31738
Epoch 6, Train ACC Unlabelled_v1: All 0.2483 | Old 0.4111 | New 0.1824
Epoch 6, Train ACC Unlabelled_v2: All 0.2107 | Old 0.3379 | New 0.1592
Train Accuracies: All 0.2483 | Old 0.4111 | New 0.1824
Train Epoch: 7 Avg Loss: 2.5136 | Seen Class Acc: 0.0000 
Collating features...
455 31738
Epoch 7, Train ACC Unlabelled_v1: All 0.2540 | Old 0.4186 | New 0.1873
Epoch 7, Train ACC Unlabelled_v2: All 0.2050 | Old 0.3392 | New 0.1507
Train Accuracies: All 0.2540 | Old 0.4186 | New 0.1873
Train Epoch: 8 Avg Loss: 2.4454 | Seen Class Acc: 0.0000 
Collating features...
472 31738
Epoch 8, Train ACC Unlabelled_v1: All 0.2552 | Old 0.4200 | New 0.1884
Epoch 8, Train ACC Unlabelled_v2: All 0.2024 | Old 0.3369 | New 0.1480
Train Accuracies: All 0.2552 | Old 0.4200 | New 0.1884
Train Epoch: 9 Avg Loss: 2.3766 | Seen Class Acc: 0.0000 
Collating features...
470 31738
Epoch 9, Train ACC Unlabelled_v1: All 0.2570 | Old 0.4178 | New 0.1919
Epoch 9, Train ACC Unlabelled_v2: All 0.2062 | Old 0.3310 | New 0.1557
Train Accuracies: All 0.2570 | Old 0.4178 | New 0.1919
Train Epoch: 10 Avg Loss: 2.2935 | Seen Class Acc: 0.0000 
Collating features...
520 31738
Epoch 10, Train ACC Unlabelled_v1: All 0.2570 | Old 0.4238 | New 0.1895
Epoch 10, Train ACC Unlabelled_v2: All 0.2056 | Old 0.3351 | New 0.1531
Train Accuracies: All 0.2570 | Old 0.4238 | New 0.1895
Train Epoch: 11 Avg Loss: 2.2125 | Seen Class Acc: 0.0000 
Collating features...
478 31738
Epoch 11, Train ACC Unlabelled_v1: All 0.2588 | Old 0.4257 | New 0.1913
Epoch 11, Train ACC Unlabelled_v2: All 0.2097 | Old 0.3287 | New 0.1615
Train Accuracies: All 0.2588 | Old 0.4257 | New 0.1913
Train Epoch: 12 Avg Loss: 2.1887 | Seen Class Acc: 0.0000 
Collating features...
519 31738
Epoch 12, Train ACC Unlabelled_v1: All 0.2543 | Old 0.4200 | New 0.1873
Epoch 12, Train ACC Unlabelled_v2: All 0.2006 | Old 0.3302 | New 0.1482
Train Accuracies: All 0.2543 | Old 0.4200 | New 0.1873
Train Epoch: 13 Avg Loss: 2.1508 | Seen Class Acc: 0.0000 
Collating features...
490 31738
Epoch 13, Train ACC Unlabelled_v1: All 0.2570 | Old 0.4274 | New 0.1881
Epoch 13, Train ACC Unlabelled_v2: All 0.2107 | Old 0.3442 | New 0.1567
Train Accuracies: All 0.2570 | Old 0.4274 | New 0.1881
Train Epoch: 14 Avg Loss: 2.1003 | Seen Class Acc: 0.0000 
Collating features...
482 31738
Epoch 14, Train ACC Unlabelled_v1: All 0.2530 | Old 0.4316 | New 0.1807
Epoch 14, Train ACC Unlabelled_v2: All 0.2109 | Old 0.3519 | New 0.1539
Train Accuracies: All 0.2530 | Old 0.4316 | New 0.1807
Train Epoch: 15 Avg Loss: 2.0388 | Seen Class Acc: 0.0000 
Collating features...
504 31738
Epoch 15, Train ACC Unlabelled_v1: All 0.2510 | Old 0.4268 | New 0.1799
Epoch 15, Train ACC Unlabelled_v2: All 0.2098 | Old 0.3361 | New 0.1588
Train Accuracies: All 0.2510 | Old 0.4268 | New 0.1799
Train Epoch: 16 Avg Loss: 2.0206 | Seen Class Acc: 0.0000 
Collating features...
471 31738
Epoch 16, Train ACC Unlabelled_v1: All 0.2543 | Old 0.4308 | New 0.1829
Epoch 16, Train ACC Unlabelled_v2: All 0.2100 | Old 0.3454 | New 0.1552
Train Accuracies: All 0.2543 | Old 0.4308 | New 0.1829
Train Epoch: 17 Avg Loss: 1.9696 | Seen Class Acc: 0.0000 
Collating features...
494 31738
Epoch 17, Train ACC Unlabelled_v1: All 0.2567 | Old 0.4295 | New 0.1868
Epoch 17, Train ACC Unlabelled_v2: All 0.2032 | Old 0.3318 | New 0.1512
Train Accuracies: All 0.2567 | Old 0.4295 | New 0.1868
Train Epoch: 18 Avg Loss: 1.9434 | Seen Class Acc: 0.0000 
Collating features...
512 31738
Epoch 18, Train ACC Unlabelled_v1: All 0.2570 | Old 0.4415 | New 0.1823
Epoch 18, Train ACC Unlabelled_v2: All 0.2130 | Old 0.3428 | New 0.1604
Train Accuracies: All 0.2570 | Old 0.4415 | New 0.1823
Train Epoch: 19 Avg Loss: 1.9201 | Seen Class Acc: 0.0000 
Collating features...
479 31738
Epoch 19, Train ACC Unlabelled_v1: All 0.2564 | Old 0.4422 | New 0.1812
Epoch 19, Train ACC Unlabelled_v2: All 0.2059 | Old 0.3639 | New 0.1420
Train Accuracies: All 0.2564 | Old 0.4422 | New 0.1812
Train Epoch: 20 Avg Loss: 1.8911 | Seen Class Acc: 0.0000 
Collating features...
470 31738
Epoch 20, Train ACC Unlabelled_v1: All 0.2611 | Old 0.4441 | New 0.1870
Epoch 20, Train ACC Unlabelled_v2: All 0.2074 | Old 0.3619 | New 0.1449
Train Accuracies: All 0.2611 | Old 0.4441 | New 0.1870
Train Epoch: 21 Avg Loss: 1.8463 | Seen Class Acc: 0.0000 
Collating features...
491 31738
Epoch 21, Train ACC Unlabelled_v1: All 0.2627 | Old 0.4482 | New 0.1876
Epoch 21, Train ACC Unlabelled_v2: All 0.2089 | Old 0.3633 | New 0.1464
Train Accuracies: All 0.2627 | Old 0.4482 | New 0.1876
Train Epoch: 22 Avg Loss: 1.8285 | Seen Class Acc: 0.0000 
Collating features...
523 31738
Epoch 22, Train ACC Unlabelled_v1: All 0.2640 | Old 0.4436 | New 0.1913
Epoch 22, Train ACC Unlabelled_v2: All 0.2064 | Old 0.3446 | New 0.1504
Train Accuracies: All 0.2640 | Old 0.4436 | New 0.1913
Train Epoch: 23 Avg Loss: 1.8112 | Seen Class Acc: 0.0000 
Collating features...
546 31738
Epoch 23, Train ACC Unlabelled_v1: All 0.2626 | Old 0.4436 | New 0.1893
Epoch 23, Train ACC Unlabelled_v2: All 0.2165 | Old 0.3532 | New 0.1611
Train Accuracies: All 0.2626 | Old 0.4436 | New 0.1893
Train Epoch: 24 Avg Loss: 1.7686 | Seen Class Acc: 0.0000 
Collating features...
503 31738
Epoch 24, Train ACC Unlabelled_v1: All 0.2609 | Old 0.4513 | New 0.1839
Epoch 24, Train ACC Unlabelled_v2: All 0.2156 | Old 0.3549 | New 0.1593
Train Accuracies: All 0.2609 | Old 0.4513 | New 0.1839
Train Epoch: 25 Avg Loss: 1.7387 | Seen Class Acc: 0.0000 
Collating features...
519 31738
Epoch 25, Train ACC Unlabelled_v1: All 0.2591 | Old 0.4438 | New 0.1844
Epoch 25, Train ACC Unlabelled_v2: All 0.2106 | Old 0.3571 | New 0.1513
Train Accuracies: All 0.2591 | Old 0.4438 | New 0.1844
Train Epoch: 26 Avg Loss: 1.7214 | Seen Class Acc: 0.0000 
Collating features...
516 31738
Epoch 26, Train ACC Unlabelled_v1: All 0.2629 | Old 0.4488 | New 0.1877
Epoch 26, Train ACC Unlabelled_v2: All 0.2130 | Old 0.3584 | New 0.1542
Train Accuracies: All 0.2629 | Old 0.4488 | New 0.1877
Train Epoch: 27 Avg Loss: 1.6860 | Seen Class Acc: 0.0000 
Collating features...
527 31738
Epoch 27, Train ACC Unlabelled_v1: All 0.2626 | Old 0.4520 | New 0.1859
Epoch 27, Train ACC Unlabelled_v2: All 0.2104 | Old 0.3622 | New 0.1490
Train Accuracies: All 0.2626 | Old 0.4520 | New 0.1859
Train Epoch: 28 Avg Loss: 1.6862 | Seen Class Acc: 0.0000 
Collating features...
493 31738
Epoch 28, Train ACC Unlabelled_v1: All 0.2631 | Old 0.4485 | New 0.1881
Epoch 28, Train ACC Unlabelled_v2: All 0.2095 | Old 0.3582 | New 0.1493
Train Accuracies: All 0.2631 | Old 0.4485 | New 0.1881
Train Epoch: 29 Avg Loss: 1.6612 | Seen Class Acc: 0.0000 
Collating features...
506 31738
Epoch 29, Train ACC Unlabelled_v1: All 0.2603 | Old 0.4486 | New 0.1840
Epoch 29, Train ACC Unlabelled_v2: All 0.2100 | Old 0.3570 | New 0.1506
Train Accuracies: All 0.2603 | Old 0.4486 | New 0.1840
Train Epoch: 30 Avg Loss: 1.6349 | Seen Class Acc: 0.0000 
Collating features...
515 31738
Epoch 30, Train ACC Unlabelled_v1: All 0.2663 | Old 0.4536 | New 0.1905
Epoch 30, Train ACC Unlabelled_v2: All 0.2149 | Old 0.3607 | New 0.1560
Train Accuracies: All 0.2663 | Old 0.4536 | New 0.1905
Train Epoch: 31 Avg Loss: 1.6346 | Seen Class Acc: 0.0000 
Collating features...
505 31738
Epoch 31, Train ACC Unlabelled_v1: All 0.2626 | Old 0.4544 | New 0.1849
Epoch 31, Train ACC Unlabelled_v2: All 0.2159 | Old 0.3618 | New 0.1568
Train Accuracies: All 0.2626 | Old 0.4544 | New 0.1849
Train Epoch: 32 Avg Loss: 1.6022 | Seen Class Acc: 0.0000 
Collating features...
493 31738
Epoch 32, Train ACC Unlabelled_v1: All 0.2685 | Old 0.4505 | New 0.1948
Epoch 32, Train ACC Unlabelled_v2: All 0.2110 | Old 0.3528 | New 0.1537
Train Accuracies: All 0.2685 | Old 0.4505 | New 0.1948
Train Epoch: 33 Avg Loss: 1.6100 | Seen Class Acc: 0.0000 
Collating features...
535 31738
Epoch 33, Train ACC Unlabelled_v1: All 0.2608 | Old 0.4539 | New 0.1826
Epoch 33, Train ACC Unlabelled_v2: All 0.2130 | Old 0.3650 | New 0.1514
Train Accuracies: All 0.2608 | Old 0.4539 | New 0.1826
Train Epoch: 34 Avg Loss: 1.5875 | Seen Class Acc: 0.0000 
Collating features...
506 31738
Epoch 34, Train ACC Unlabelled_v1: All 0.2622 | Old 0.4535 | New 0.1848
Epoch 34, Train ACC Unlabelled_v2: All 0.2131 | Old 0.3652 | New 0.1515
Train Accuracies: All 0.2622 | Old 0.4535 | New 0.1848
Train Epoch: 35 Avg Loss: 1.5757 | Seen Class Acc: 0.0000 
Collating features...
526 31738
Epoch 35, Train ACC Unlabelled_v1: All 0.2639 | Old 0.4552 | New 0.1865
Epoch 35, Train ACC Unlabelled_v2: All 0.2143 | Old 0.3537 | New 0.1579
Train Accuracies: All 0.2639 | Old 0.4552 | New 0.1865
Train Epoch: 36 Avg Loss: 1.5692 | Seen Class Acc: 0.0000 
Collating features...
515 31738
Epoch 36, Train ACC Unlabelled_v1: All 0.2657 | Old 0.4559 | New 0.1887
Epoch 36, Train ACC Unlabelled_v2: All 0.2110 | Old 0.3639 | New 0.1492
Train Accuracies: All 0.2657 | Old 0.4559 | New 0.1887
Train Epoch: 37 Avg Loss: 1.5808 | Seen Class Acc: 0.0000 
Collating features...
523 31738
Epoch 37, Train ACC Unlabelled_v1: All 0.2633 | Old 0.4520 | New 0.1869
Epoch 37, Train ACC Unlabelled_v2: All 0.2164 | Old 0.3596 | New 0.1585
Train Accuracies: All 0.2633 | Old 0.4520 | New 0.1869
Train Epoch: 38 Avg Loss: 1.5445 | Seen Class Acc: 0.0000 
Collating features...
516 31738
Epoch 38, Train ACC Unlabelled_v1: All 0.2640 | Old 0.4540 | New 0.1871
Epoch 38, Train ACC Unlabelled_v2: All 0.2115 | Old 0.3599 | New 0.1514
Train Accuracies: All 0.2640 | Old 0.4540 | New 0.1871
Train Epoch: 39 Avg Loss: 1.5602 | Seen Class Acc: 0.0000 
Collating features...
513 31738
Epoch 39, Train ACC Unlabelled_v1: All 0.2636 | Old 0.4570 | New 0.1854
Epoch 39, Train ACC Unlabelled_v2: All 0.2155 | Old 0.3610 | New 0.1566
Train Accuracies: All 0.2636 | Old 0.4570 | New 0.1854
Train Epoch: 40 Avg Loss: 1.5212 | Seen Class Acc: 0.0000 
Collating features...
453 31738
Epoch 40, Train ACC Unlabelled_v1: All 0.2626 | Old 0.4565 | New 0.1841
Epoch 40, Train ACC Unlabelled_v2: All 0.2155 | Old 0.3601 | New 0.1569
Train Accuracies: All 0.2626 | Old 0.4565 | New 0.1841
Train Epoch: 41 Avg Loss: 1.5357 | Seen Class Acc: 0.0000 
Collating features...
484 31738
Epoch 41, Train ACC Unlabelled_v1: All 0.2650 | Old 0.4564 | New 0.1876
Epoch 41, Train ACC Unlabelled_v2: All 0.2155 | Old 0.3552 | New 0.1589
Train Accuracies: All 0.2650 | Old 0.4564 | New 0.1876
Train Epoch: 42 Avg Loss: 1.5117 | Seen Class Acc: 0.0000 
Collating features...
504 31738
Epoch 42, Train ACC Unlabelled_v1: All 0.2655 | Old 0.4566 | New 0.1881
Epoch 42, Train ACC Unlabelled_v2: All 0.2137 | Old 0.3536 | New 0.1571
Train Accuracies: All 0.2655 | Old 0.4566 | New 0.1881
Train Epoch: 43 Avg Loss: 1.5208 | Seen Class Acc: 0.0000 
Collating features...
514 31738
Epoch 43, Train ACC Unlabelled_v1: All 0.2642 | Old 0.4569 | New 0.1862
Epoch 43, Train ACC Unlabelled_v2: All 0.2120 | Old 0.3585 | New 0.1528
Train Accuracies: All 0.2642 | Old 0.4569 | New 0.1862
Train Epoch: 44 Avg Loss: 1.5048 | Seen Class Acc: 0.0000 
Collating features...
488 31738
Epoch 44, Train ACC Unlabelled_v1: All 0.2645 | Old 0.4579 | New 0.1862
Epoch 44, Train ACC Unlabelled_v2: All 0.2164 | Old 0.3627 | New 0.1572
Train Accuracies: All 0.2645 | Old 0.4579 | New 0.1862
Train Epoch: 45 Avg Loss: 1.5092 | Seen Class Acc: 0.0000 
Collating features...
514 31738
Epoch 45, Train ACC Unlabelled_v1: All 0.2618 | Old 0.4546 | New 0.1838
Epoch 45, Train ACC Unlabelled_v2: All 0.2134 | Old 0.3507 | New 0.1579
Train Accuracies: All 0.2618 | Old 0.4546 | New 0.1838
Train Epoch: 46 Avg Loss: 1.4917 | Seen Class Acc: 0.0000 
Collating features...
524 31738
Epoch 46, Train ACC Unlabelled_v1: All 0.2633 | Old 0.4564 | New 0.1852
Epoch 46, Train ACC Unlabelled_v2: All 0.2150 | Old 0.3591 | New 0.1568
Train Accuracies: All 0.2633 | Old 0.4564 | New 0.1852
Train Epoch: 47 Avg Loss: 1.4746 | Seen Class Acc: 0.0000 
Collating features...
508 31738
Epoch 47, Train ACC Unlabelled_v1: All 0.2660 | Old 0.4605 | New 0.1873
Epoch 47, Train ACC Unlabelled_v2: All 0.2139 | Old 0.3591 | New 0.1552
Train Accuracies: All 0.2660 | Old 0.4605 | New 0.1873
Train Epoch: 48 Avg Loss: 1.4831 | Seen Class Acc: 0.0000 
Collating features...
500 31738
Epoch 48, Train ACC Unlabelled_v1: All 0.2644 | Old 0.4582 | New 0.1859
Epoch 48, Train ACC Unlabelled_v2: All 0.2154 | Old 0.3666 | New 0.1541
Train Accuracies: All 0.2644 | Old 0.4582 | New 0.1859
Train Epoch: 49 Avg Loss: 1.4838 | Seen Class Acc: 0.0000 
Collating features...
510 31738
Epoch 49, Train ACC Unlabelled_v1: All 0.2677 | Old 0.4589 | New 0.1904
Epoch 49, Train ACC Unlabelled_v2: All 0.2153 | Old 0.3634 | New 0.1553
Train Accuracies: All 0.2677 | Old 0.4589 | New 0.1904
Train Epoch: 50 Avg Loss: 1.4717 | Seen Class Acc: 0.0000 
Collating features...
492 31738
Epoch 50, Train ACC Unlabelled_v1: All 0.2691 | Old 0.4609 | New 0.1915
Epoch 50, Train ACC Unlabelled_v2: All 0.2166 | Old 0.3562 | New 0.1602
Train Accuracies: All 0.2691 | Old 0.4609 | New 0.1915
Train Epoch: 51 Avg Loss: 1.4880 | Seen Class Acc: 0.0000 
Collating features...
496 31738
Epoch 51, Train ACC Unlabelled_v1: All 0.2702 | Old 0.4591 | New 0.1937
Epoch 51, Train ACC Unlabelled_v2: All 0.2149 | Old 0.3673 | New 0.1533
Train Accuracies: All 0.2702 | Old 0.4591 | New 0.1937
Train Epoch: 52 Avg Loss: 1.4779 | Seen Class Acc: 0.0000 
Collating features...
530 31738
Epoch 52, Train ACC Unlabelled_v1: All 0.2650 | Old 0.4564 | New 0.1876
Epoch 52, Train ACC Unlabelled_v2: All 0.2160 | Old 0.3648 | New 0.1558
Train Accuracies: All 0.2650 | Old 0.4564 | New 0.1876
Train Epoch: 53 Avg Loss: 1.4630 | Seen Class Acc: 0.0000 
Collating features...
512 31738
Epoch 53, Train ACC Unlabelled_v1: All 0.2659 | Old 0.4584 | New 0.1880
Epoch 53, Train ACC Unlabelled_v2: All 0.2122 | Old 0.3624 | New 0.1515
Train Accuracies: All 0.2659 | Old 0.4584 | New 0.1880
Train Epoch: 54 Avg Loss: 1.4666 | Seen Class Acc: 0.0000 
Collating features...
511 31738
Epoch 54, Train ACC Unlabelled_v1: All 0.2662 | Old 0.4594 | New 0.1881
Epoch 54, Train ACC Unlabelled_v2: All 0.2141 | Old 0.3545 | New 0.1572
Train Accuracies: All 0.2662 | Old 0.4594 | New 0.1881
Train Epoch: 55 Avg Loss: 1.4578 | Seen Class Acc: 0.0000 
Collating features...
474 31738
Epoch 55, Train ACC Unlabelled_v1: All 0.2655 | Old 0.4579 | New 0.1876
Epoch 55, Train ACC Unlabelled_v2: All 0.2153 | Old 0.3639 | New 0.1552
Train Accuracies: All 0.2655 | Old 0.4579 | New 0.1876
Train Epoch: 56 Avg Loss: 1.4527 | Seen Class Acc: 0.0000 
Collating features...
475 31738
Epoch 56, Train ACC Unlabelled_v1: All 0.2663 | Old 0.4594 | New 0.1882
Epoch 56, Train ACC Unlabelled_v2: All 0.2152 | Old 0.3661 | New 0.1541
Train Accuracies: All 0.2663 | Old 0.4594 | New 0.1882
Train Epoch: 57 Avg Loss: 1.4584 | Seen Class Acc: 0.0000 
Collating features...
473 31738
Epoch 57, Train ACC Unlabelled_v1: All 0.2680 | Old 0.4607 | New 0.1900
Epoch 57, Train ACC Unlabelled_v2: All 0.2145 | Old 0.3641 | New 0.1540
Train Accuracies: All 0.2680 | Old 0.4607 | New 0.1900
Train Epoch: 58 Avg Loss: 1.4691 | Seen Class Acc: 0.0000 
Collating features...
464 31738
Epoch 58, Train ACC Unlabelled_v1: All 0.2669 | Old 0.4581 | New 0.1896
Epoch 58, Train ACC Unlabelled_v2: All 0.2162 | Old 0.3551 | New 0.1600
Train Accuracies: All 0.2669 | Old 0.4581 | New 0.1896
Train Epoch: 59 Avg Loss: 1.4568 | Seen Class Acc: 0.0000 
Collating features...
476 31738
Epoch 59, Train ACC Unlabelled_v1: All 0.2680 | Old 0.4586 | New 0.1909
Epoch 59, Train ACC Unlabelled_v2: All 0.2131 | Old 0.3607 | New 0.1533
Train Accuracies: All 0.2680 | Old 0.4586 | New 0.1909
Train Epoch: 60 Avg Loss: 1.4695 | Seen Class Acc: 0.0000 
Collating features...
514 31738
Epoch 60, Train ACC Unlabelled_v1: All 0.2680 | Old 0.4591 | New 0.1906
Epoch 60, Train ACC Unlabelled_v2: All 0.2160 | Old 0.3563 | New 0.1592
Train Accuracies: All 0.2680 | Old 0.4591 | New 0.1906
Train Epoch: 61 Avg Loss: 1.4539 | Seen Class Acc: 0.0000 
Collating features...
512 31738
Epoch 61, Train ACC Unlabelled_v1: All 0.2652 | Old 0.4553 | New 0.1882
Epoch 61, Train ACC Unlabelled_v2: All 0.2171 | Old 0.3589 | New 0.1597
Train Accuracies: All 0.2652 | Old 0.4553 | New 0.1882
Train Epoch: 62 Avg Loss: 1.4603 | Seen Class Acc: 0.0000 
Collating features...
469 31738
Epoch 62, Train ACC Unlabelled_v1: All 0.2677 | Old 0.4588 | New 0.1904
Epoch 62, Train ACC Unlabelled_v2: All 0.2142 | Old 0.3560 | New 0.1568
Train Accuracies: All 0.2677 | Old 0.4588 | New 0.1904
Train Epoch: 63 Avg Loss: 1.4585 | Seen Class Acc: 0.0000 
Collating features...
491 31738
Epoch 63, Train ACC Unlabelled_v1: All 0.2688 | Old 0.4605 | New 0.1913
Epoch 63, Train ACC Unlabelled_v2: All 0.2144 | Old 0.3620 | New 0.1546
Train Accuracies: All 0.2688 | Old 0.4605 | New 0.1913
Train Epoch: 64 Avg Loss: 1.4493 | Seen Class Acc: 0.0000 
Collating features...
506 31738
Epoch 64, Train ACC Unlabelled_v1: All 0.2659 | Old 0.4593 | New 0.1877
Epoch 64, Train ACC Unlabelled_v2: All 0.2171 | Old 0.3626 | New 0.1582
Train Accuracies: All 0.2659 | Old 0.4593 | New 0.1877
Train Epoch: 65 Avg Loss: 1.4672 | Seen Class Acc: 0.0000 
Collating features...
489 31738
Epoch 65, Train ACC Unlabelled_v1: All 0.2654 | Old 0.4589 | New 0.1870
Epoch 65, Train ACC Unlabelled_v2: All 0.2126 | Old 0.3569 | New 0.1542
Train Accuracies: All 0.2654 | Old 0.4589 | New 0.1870
Train Epoch: 66 Avg Loss: 1.4384 | Seen Class Acc: 0.0000 
Collating features...
497 31738
Epoch 66, Train ACC Unlabelled_v1: All 0.2655 | Old 0.4595 | New 0.1871
Epoch 66, Train ACC Unlabelled_v2: All 0.2128 | Old 0.3570 | New 0.1545
Train Accuracies: All 0.2655 | Old 0.4595 | New 0.1871
Train Epoch: 67 Avg Loss: 1.4589 | Seen Class Acc: 0.0000 
Collating features...
494 31738
Epoch 67, Train ACC Unlabelled_v1: All 0.2676 | Old 0.4593 | New 0.1900
Epoch 67, Train ACC Unlabelled_v2: All 0.2138 | Old 0.3622 | New 0.1538
Train Accuracies: All 0.2676 | Old 0.4593 | New 0.1900
Train Epoch: 68 Avg Loss: 1.4495 | Seen Class Acc: 0.0000 
Collating features...
462 31738
Epoch 68, Train ACC Unlabelled_v1: All 0.2669 | Old 0.4586 | New 0.1893
Epoch 68, Train ACC Unlabelled_v2: All 0.2144 | Old 0.3671 | New 0.1527
Train Accuracies: All 0.2669 | Old 0.4586 | New 0.1893
Train Epoch: 69 Avg Loss: 1.4471 | Seen Class Acc: 0.0000 
Collating features...
491 31738
Epoch 69, Train ACC Unlabelled_v1: All 0.2665 | Old 0.4582 | New 0.1890
Epoch 69, Train ACC Unlabelled_v2: All 0.2140 | Old 0.3555 | New 0.1568
Train Accuracies: All 0.2665 | Old 0.4582 | New 0.1890
Train Epoch: 70 Avg Loss: 1.4493 | Seen Class Acc: 0.0000 
Collating features...
480 31738
Epoch 70, Train ACC Unlabelled_v1: All 0.2660 | Old 0.4573 | New 0.1886
Epoch 70, Train ACC Unlabelled_v2: All 0.2138 | Old 0.3556 | New 0.1564
Train Accuracies: All 0.2660 | Old 0.4573 | New 0.1886
Train Epoch: 71 Avg Loss: 1.4467 | Seen Class Acc: 0.0000 
Collating features...
498 31738
Epoch 71, Train ACC Unlabelled_v1: All 0.2668 | Old 0.4596 | New 0.1888
Epoch 71, Train ACC Unlabelled_v2: All 0.2141 | Old 0.3614 | New 0.1545
Train Accuracies: All 0.2668 | Old 0.4596 | New 0.1888
Train Epoch: 72 Avg Loss: 1.4375 | Seen Class Acc: 0.0000 
Collating features...
472 31738
Epoch 72, Train ACC Unlabelled_v1: All 0.2653 | Old 0.4584 | New 0.1871
Epoch 72, Train ACC Unlabelled_v2: All 0.2123 | Old 0.3554 | New 0.1544
Train Accuracies: All 0.2653 | Old 0.4584 | New 0.1871
Train Epoch: 73 Avg Loss: 1.4399 | Seen Class Acc: 0.0000 
Collating features...
487 31738
Epoch 73, Train ACC Unlabelled_v1: All 0.2677 | Old 0.4597 | New 0.1900
Epoch 73, Train ACC Unlabelled_v2: All 0.2134 | Old 0.3626 | New 0.1531
Train Accuracies: All 0.2677 | Old 0.4597 | New 0.1900
Train Epoch: 74 Avg Loss: 1.4553 | Seen Class Acc: 0.0000 
Collating features...
488 31738
Epoch 74, Train ACC Unlabelled_v1: All 0.2678 | Old 0.4596 | New 0.1902
Epoch 74, Train ACC Unlabelled_v2: All 0.2134 | Old 0.3682 | New 0.1508
Train Accuracies: All 0.2678 | Old 0.4596 | New 0.1902
Train Epoch: 75 Avg Loss: 1.4371 | Seen Class Acc: 0.0000 
Collating features...
479 31738
Epoch 75, Train ACC Unlabelled_v1: All 0.2654 | Old 0.4596 | New 0.1869
Epoch 75, Train ACC Unlabelled_v2: All 0.2146 | Old 0.3676 | New 0.1526
Train Accuracies: All 0.2654 | Old 0.4596 | New 0.1869
Train Epoch: 76 Avg Loss: 1.4361 | Seen Class Acc: 0.0000 
Collating features...
485 31738
Epoch 76, Train ACC Unlabelled_v1: All 0.2651 | Old 0.4581 | New 0.1871
Epoch 76, Train ACC Unlabelled_v2: All 0.2128 | Old 0.3559 | New 0.1549
Train Accuracies: All 0.2651 | Old 0.4581 | New 0.1871
Train Epoch: 77 Avg Loss: 1.4392 | Seen Class Acc: 0.0000 
Collating features...
495 31738
Epoch 77, Train ACC Unlabelled_v1: All 0.2675 | Old 0.4594 | New 0.1898
Epoch 77, Train ACC Unlabelled_v2: All 0.2142 | Old 0.3627 | New 0.1541
Train Accuracies: All 0.2675 | Old 0.4594 | New 0.1898
Train Epoch: 78 Avg Loss: 1.4340 | Seen Class Acc: 0.0000 
Collating features...
495 31738
Epoch 78, Train ACC Unlabelled_v1: All 0.2659 | Old 0.4590 | New 0.1878
Epoch 78, Train ACC Unlabelled_v2: All 0.2153 | Old 0.3572 | New 0.1578
Train Accuracies: All 0.2659 | Old 0.4590 | New 0.1878
Train Epoch: 79 Avg Loss: 1.4289 | Seen Class Acc: 0.0000 
Collating features...
482 31738
Epoch 79, Train ACC Unlabelled_v1: All 0.2673 | Old 0.4596 | New 0.1895
Epoch 79, Train ACC Unlabelled_v2: All 0.2149 | Old 0.3569 | New 0.1575
Train Accuracies: All 0.2673 | Old 0.4596 | New 0.1895
Train Epoch: 80 Avg Loss: 1.4526 | Seen Class Acc: 0.0000 
Collating features...
482 31738
Epoch 80, Train ACC Unlabelled_v1: All 0.2667 | Old 0.4590 | New 0.1888
Epoch 80, Train ACC Unlabelled_v2: All 0.2154 | Old 0.3568 | New 0.1581
Train Accuracies: All 0.2667 | Old 0.4590 | New 0.1888
Train Epoch: 81 Avg Loss: 1.4418 | Seen Class Acc: 0.0000 
Collating features...
482 31738
Epoch 81, Train ACC Unlabelled_v1: All 0.2663 | Old 0.4591 | New 0.1882
Epoch 81, Train ACC Unlabelled_v2: All 0.2145 | Old 0.3630 | New 0.1544
Train Accuracies: All 0.2663 | Old 0.4591 | New 0.1882
Train Epoch: 82 Avg Loss: 1.4432 | Seen Class Acc: 0.0000 
Collating features...
490 31738
Epoch 82, Train ACC Unlabelled_v1: All 0.2674 | Old 0.4598 | New 0.1896
Epoch 82, Train ACC Unlabelled_v2: All 0.2144 | Old 0.3687 | New 0.1520
Train Accuracies: All 0.2674 | Old 0.4598 | New 0.1896
Train Epoch: 83 Avg Loss: 1.4563 | Seen Class Acc: 0.0000 
Collating features...
477 31738
Epoch 83, Train ACC Unlabelled_v1: All 0.2674 | Old 0.4593 | New 0.1898
Epoch 83, Train ACC Unlabelled_v2: All 0.2141 | Old 0.3668 | New 0.1522
Train Accuracies: All 0.2674 | Old 0.4593 | New 0.1898
Train Epoch: 84 Avg Loss: 1.4367 | Seen Class Acc: 0.0000 
Collating features...
499 31738
Epoch 84, Train ACC Unlabelled_v1: All 0.2680 | Old 0.4607 | New 0.1901
Epoch 84, Train ACC Unlabelled_v2: All 0.2135 | Old 0.3639 | New 0.1526
Train Accuracies: All 0.2680 | Old 0.4607 | New 0.1901
Train Epoch: 85 Avg Loss: 1.4468 | Seen Class Acc: 0.0000 
Collating features...
486 31738
Epoch 85, Train ACC Unlabelled_v1: All 0.2675 | Old 0.4597 | New 0.1897
Epoch 85, Train ACC Unlabelled_v2: All 0.2142 | Old 0.3616 | New 0.1545
Train Accuracies: All 0.2675 | Old 0.4597 | New 0.1897
Train Epoch: 86 Avg Loss: 1.4362 | Seen Class Acc: 0.0000 
Collating features...
483 31738
Epoch 86, Train ACC Unlabelled_v1: All 0.2678 | Old 0.4601 | New 0.1900
Epoch 86, Train ACC Unlabelled_v2: All 0.2147 | Old 0.3616 | New 0.1553
Train Accuracies: All 0.2678 | Old 0.4601 | New 0.1900
Train Epoch: 87 Avg Loss: 1.4289 | Seen Class Acc: 0.0000 
Collating features...
479 31738
Epoch 87, Train ACC Unlabelled_v1: All 0.2669 | Old 0.4595 | New 0.1890
Epoch 87, Train ACC Unlabelled_v2: All 0.2143 | Old 0.3571 | New 0.1566
Train Accuracies: All 0.2669 | Old 0.4595 | New 0.1890
Train Epoch: 88 Avg Loss: 1.4423 | Seen Class Acc: 0.0000 
Collating features...
490 31738
Epoch 88, Train ACC Unlabelled_v1: All 0.2678 | Old 0.4605 | New 0.1898
Epoch 88, Train ACC Unlabelled_v2: All 0.2146 | Old 0.3634 | New 0.1543
Train Accuracies: All 0.2678 | Old 0.4605 | New 0.1898
Train Epoch: 89 Avg Loss: 1.4282 | Seen Class Acc: 0.0000 
Collating features...
485 31738
Epoch 89, Train ACC Unlabelled_v1: All 0.2682 | Old 0.4600 | New 0.1905
Epoch 89, Train ACC Unlabelled_v2: All 0.2137 | Old 0.3667 | New 0.1517
Train Accuracies: All 0.2682 | Old 0.4600 | New 0.1905
Train Epoch: 90 Avg Loss: 1.4320 | Seen Class Acc: 0.0000 
Collating features...
496 31738
Epoch 90, Train ACC Unlabelled_v1: All 0.2680 | Old 0.4604 | New 0.1902
Epoch 90, Train ACC Unlabelled_v2: All 0.2142 | Old 0.3639 | New 0.1537
Train Accuracies: All 0.2680 | Old 0.4604 | New 0.1902
Train Epoch: 91 Avg Loss: 1.4476 | Seen Class Acc: 0.0000 
Collating features...
494 31738
Epoch 91, Train ACC Unlabelled_v1: All 0.2683 | Old 0.4612 | New 0.1902
Epoch 91, Train ACC Unlabelled_v2: All 0.2154 | Old 0.3631 | New 0.1556
Train Accuracies: All 0.2683 | Old 0.4612 | New 0.1902
Train Epoch: 92 Avg Loss: 1.4356 | Seen Class Acc: 0.0000 
Collating features...
487 31738
Epoch 92, Train ACC Unlabelled_v1: All 0.2680 | Old 0.4600 | New 0.1903
Epoch 92, Train ACC Unlabelled_v2: All 0.2138 | Old 0.3634 | New 0.1533
Train Accuracies: All 0.2680 | Old 0.4600 | New 0.1903
Train Epoch: 93 Avg Loss: 1.4386 | Seen Class Acc: 0.0000 
Collating features...
494 31738
Epoch 93, Train ACC Unlabelled_v1: All 0.2691 | Old 0.4614 | New 0.1913
Epoch 93, Train ACC Unlabelled_v2: All 0.2150 | Old 0.3685 | New 0.1529
Train Accuracies: All 0.2691 | Old 0.4614 | New 0.1913
Train Epoch: 94 Avg Loss: 1.4359 | Seen Class Acc: 0.0000 
Collating features...
511 31738
Epoch 94, Train ACC Unlabelled_v1: All 0.2679 | Old 0.4612 | New 0.1897
Epoch 94, Train ACC Unlabelled_v2: All 0.2150 | Old 0.3639 | New 0.1547
Train Accuracies: All 0.2679 | Old 0.4612 | New 0.1897
Train Epoch: 95 Avg Loss: 1.4254 | Seen Class Acc: 0.0000 
Collating features...
502 31738
Epoch 95, Train ACC Unlabelled_v1: All 0.2683 | Old 0.4610 | New 0.1903
Epoch 95, Train ACC Unlabelled_v2: All 0.2143 | Old 0.3586 | New 0.1559
Train Accuracies: All 0.2683 | Old 0.4610 | New 0.1903
Train Epoch: 96 Avg Loss: 1.4294 | Seen Class Acc: 0.0000 
Collating features...
494 31738
Epoch 96, Train ACC Unlabelled_v1: All 0.2677 | Old 0.4596 | New 0.1900
Epoch 96, Train ACC Unlabelled_v2: All 0.2138 | Old 0.3634 | New 0.1533
Train Accuracies: All 0.2677 | Old 0.4596 | New 0.1900
Train Epoch: 97 Avg Loss: 1.4417 | Seen Class Acc: 0.0000 
Collating features...
485 31738
Epoch 97, Train ACC Unlabelled_v1: All 0.2676 | Old 0.4602 | New 0.1896
Epoch 97, Train ACC Unlabelled_v2: All 0.2155 | Old 0.3581 | New 0.1578
Train Accuracies: All 0.2676 | Old 0.4602 | New 0.1896
Train Epoch: 98 Avg Loss: 1.4201 | Seen Class Acc: 0.0000 
Collating features...
483 31738
Epoch 98, Train ACC Unlabelled_v1: All 0.2679 | Old 0.4608 | New 0.1899
Epoch 98, Train ACC Unlabelled_v2: All 0.2148 | Old 0.3581 | New 0.1568
Train Accuracies: All 0.2679 | Old 0.4608 | New 0.1899
Train Epoch: 99 Avg Loss: 1.4450 | Seen Class Acc: 0.0000 
Collating features...
497 31738
Epoch 99, Train ACC Unlabelled_v1: All 0.2684 | Old 0.4604 | New 0.1908
Epoch 99, Train ACC Unlabelled_v2: All 0.2147 | Old 0.3675 | New 0.1528
Train Accuracies: All 0.2684 | Old 0.4604 | New 0.1908
Experiment saved to: /home/pszzz/hyzheng/myocd/SMILE/checkpoints/log/(28.04.2024_|_50.497)
['checkpoints']
Namespace(batch_size=128, num_workers=16, eval_funcs=['v1', 'v2'], warmup_model_dir=None, model_name='vit_dino', dataset_name='Reptilia', prop_train_labels=0.5, use_ssb_splits=True, grad_from_block=11, lr=0.01, save_best_thresh=None, gamma=0.1, momentum=0.9, weight_decay=5e-05, epochs=100, exp_root='/home/pszzz/hyzheng/myocd/SMILE/', transform='imagenet', seed=1, base_model='vit_dino', temperature=1.0, sup_con_weight=0.5, n_views=2, contrast_unlabel_only=False, image_size=224, train_classes=range(0, 145), unlabeled_classes=range(145, 289), num_labeled_classes=145, num_unlabeled_classes=144, cuda=True, log_dir='/home/pszzz/hyzheng/myocd/SMILE/checkpoints/log/(28.04.2024_|_50.497)', model_dir='/home/pszzz/hyzheng/myocd/SMILE/checkpoints/log/(28.04.2024_|_50.497)/checkpoints', model_path='/home/pszzz/hyzheng/myocd/SMILE/checkpoints/log/(28.04.2024_|_50.497)/checkpoints/model.pt', writer=<tensorboardX.writer.SummaryWriter object at 0x7f4ef01dd580>)
Using evaluation function v1 to print results
Train Epoch: 0 Avg Loss: 4.8048 | Seen Class Acc: 0.0000 
Collating features...
534 31738
Epoch 0, Train ACC Unlabelled_v1: All 0.2050 | Old 0.3281 | New 0.1552
Epoch 0, Train ACC Unlabelled_v2: All 0.1729 | Old 0.2556 | New 0.1395
Train Accuracies: All 0.2050 | Old 0.3281 | New 0.1552
Train Epoch: 1 Avg Loss: 3.7319 | Seen Class Acc: 0.0000 
Collating features...
459 31738
Epoch 1, Train ACC Unlabelled_v1: All 0.2275 | Old 0.3665 | New 0.1712
Epoch 1, Train ACC Unlabelled_v2: All 0.1906 | Old 0.3045 | New 0.1445
Train Accuracies: All 0.2275 | Old 0.3665 | New 0.1712
Train Epoch: 2 Avg Loss: 3.3511 | Seen Class Acc: 0.0000 
Collating features...
488 31738
Epoch 2, Train ACC Unlabelled_v1: All 0.2341 | Old 0.3993 | New 0.1673
Epoch 2, Train ACC Unlabelled_v2: All 0.1944 | Old 0.3304 | New 0.1394
Train Accuracies: All 0.2341 | Old 0.3993 | New 0.1673
Train Epoch: 3 Avg Loss: 3.0903 | Seen Class Acc: 0.0000 
Collating features...
464 31738
Epoch 3, Train ACC Unlabelled_v1: All 0.2470 | Old 0.4192 | New 0.1773
Epoch 3, Train ACC Unlabelled_v2: All 0.2070 | Old 0.3468 | New 0.1504
Train Accuracies: All 0.2470 | Old 0.4192 | New 0.1773
Train Epoch: 4 Avg Loss: 2.8979 | Seen Class Acc: 0.0000 
Collating features...
507 31738
Epoch 4, Train ACC Unlabelled_v1: All 0.2445 | Old 0.4166 | New 0.1748
Epoch 4, Train ACC Unlabelled_v2: All 0.2024 | Old 0.3405 | New 0.1466
Train Accuracies: All 0.2445 | Old 0.4166 | New 0.1748
Train Epoch: 5 Avg Loss: 2.7432 | Seen Class Acc: 0.0000 
Collating features...
512 31738
Epoch 5, Train ACC Unlabelled_v1: All 0.2556 | Old 0.4338 | New 0.1834
Epoch 5, Train ACC Unlabelled_v2: All 0.2114 | Old 0.3539 | New 0.1537
Train Accuracies: All 0.2556 | Old 0.4338 | New 0.1834
Train Epoch: 6 Avg Loss: 2.6133 | Seen Class Acc: 0.0000 
Collating features...
491 31738
Epoch 6, Train ACC Unlabelled_v1: All 0.2539 | Old 0.4371 | New 0.1798
Epoch 6, Train ACC Unlabelled_v2: All 0.2074 | Old 0.3617 | New 0.1450
Train Accuracies: All 0.2539 | Old 0.4371 | New 0.1798
Train Epoch: 7 Avg Loss: 2.5324 | Seen Class Acc: 0.0000 
Collating features...
510 31738
Epoch 7, Train ACC Unlabelled_v1: All 0.2649 | Old 0.4426 | New 0.1930
Epoch 7, Train ACC Unlabelled_v2: All 0.2137 | Old 0.3719 | New 0.1497
Train Accuracies: All 0.2649 | Old 0.4426 | New 0.1930
Train Epoch: 8 Avg Loss: 2.4292 | Seen Class Acc: 0.0000 
Collating features...
513 31738
Epoch 8, Train ACC Unlabelled_v1: All 0.2669 | Old 0.4482 | New 0.1936
Epoch 8, Train ACC Unlabelled_v2: All 0.2107 | Old 0.3802 | New 0.1422
Train Accuracies: All 0.2669 | Old 0.4482 | New 0.1936
Train Epoch: 9 Avg Loss: 2.3522 | Seen Class Acc: 0.0000 
Collating features...
488 31738
Epoch 9, Train ACC Unlabelled_v1: All 0.2654 | Old 0.4570 | New 0.1879
Epoch 9, Train ACC Unlabelled_v2: All 0.2185 | Old 0.3781 | New 0.1539
Train Accuracies: All 0.2654 | Old 0.4570 | New 0.1879
Train Epoch: 10 Avg Loss: 2.2769 | Seen Class Acc: 0.0000 
Collating features...
537 31738
Epoch 10, Train ACC Unlabelled_v1: All 0.2611 | Old 0.4516 | New 0.1841
Epoch 10, Train ACC Unlabelled_v2: All 0.2100 | Old 0.3688 | New 0.1458
Train Accuracies: All 0.2611 | Old 0.4516 | New 0.1841
Train Epoch: 11 Avg Loss: 2.2338 | Seen Class Acc: 0.0000 
Collating features...
468 31738
Epoch 11, Train ACC Unlabelled_v1: All 0.2554 | Old 0.4497 | New 0.1768
Epoch 11, Train ACC Unlabelled_v2: All 0.2121 | Old 0.3698 | New 0.1483
Train Accuracies: All 0.2554 | Old 0.4497 | New 0.1768
Train Epoch: 12 Avg Loss: 2.1893 | Seen Class Acc: 0.0000 
Collating features...
503 31738
Epoch 12, Train ACC Unlabelled_v1: All 0.2592 | Old 0.4538 | New 0.1805
Epoch 12, Train ACC Unlabelled_v2: All 0.2161 | Old 0.3752 | New 0.1518
Train Accuracies: All 0.2592 | Old 0.4538 | New 0.1805
Train Epoch: 13 Avg Loss: 2.1267 | Seen Class Acc: 0.0000 
Collating features...
548 31738
Epoch 13, Train ACC Unlabelled_v1: All 0.2631 | Old 0.4572 | New 0.1846
Epoch 13, Train ACC Unlabelled_v2: All 0.2132 | Old 0.3649 | New 0.1519
Train Accuracies: All 0.2631 | Old 0.4572 | New 0.1846
Train Epoch: 14 Avg Loss: 2.0513 | Seen Class Acc: 0.0000 
Collating features...
498 31738
Epoch 14, Train ACC Unlabelled_v1: All 0.2693 | Old 0.4614 | New 0.1916
Epoch 14, Train ACC Unlabelled_v2: All 0.2149 | Old 0.3813 | New 0.1476
Train Accuracies: All 0.2693 | Old 0.4614 | New 0.1916
Train Epoch: 15 Avg Loss: 2.0414 | Seen Class Acc: 0.0000 
Collating features...
551 31738
Epoch 15, Train ACC Unlabelled_v1: All 0.2581 | Old 0.4644 | New 0.1746
Epoch 15, Train ACC Unlabelled_v2: All 0.2110 | Old 0.3727 | New 0.1455
Train Accuracies: All 0.2581 | Old 0.4644 | New 0.1746
Train Epoch: 16 Avg Loss: 1.9871 | Seen Class Acc: 0.0000 
Collating features...
475 31738
Epoch 16, Train ACC Unlabelled_v1: All 0.2717 | Old 0.4618 | New 0.1947
Epoch 16, Train ACC Unlabelled_v2: All 0.2109 | Old 0.3808 | New 0.1422
Train Accuracies: All 0.2717 | Old 0.4618 | New 0.1947
Train Epoch: 17 Avg Loss: 1.9649 | Seen Class Acc: 0.0000 
Collating features...
520 31738
Epoch 17, Train ACC Unlabelled_v1: All 0.2662 | Old 0.4573 | New 0.1889
Epoch 17, Train ACC Unlabelled_v2: All 0.2114 | Old 0.3753 | New 0.1451
Train Accuracies: All 0.2662 | Old 0.4573 | New 0.1889
Train Epoch: 18 Avg Loss: 1.9249 | Seen Class Acc: 0.0000 
Collating features...
503 31738
Epoch 18, Train ACC Unlabelled_v1: All 0.2675 | Old 0.4682 | New 0.1863
Epoch 18, Train ACC Unlabelled_v2: All 0.2142 | Old 0.3923 | New 0.1421
Train Accuracies: All 0.2675 | Old 0.4682 | New 0.1863
Train Epoch: 19 Avg Loss: 1.8656 | Seen Class Acc: 0.0000 
Collating features...
504 31738
Epoch 19, Train ACC Unlabelled_v1: All 0.2648 | Old 0.4660 | New 0.1834
Epoch 19, Train ACC Unlabelled_v2: All 0.2095 | Old 0.3849 | New 0.1386
Train Accuracies: All 0.2648 | Old 0.4660 | New 0.1834
Train Epoch: 20 Avg Loss: 1.8515 | Seen Class Acc: 0.0000 
Collating features...
499 31738
Epoch 20, Train ACC Unlabelled_v1: All 0.2674 | Old 0.4672 | New 0.1866
Epoch 20, Train ACC Unlabelled_v2: All 0.2129 | Old 0.3719 | New 0.1486
Train Accuracies: All 0.2674 | Old 0.4672 | New 0.1866
Train Epoch: 21 Avg Loss: 1.8301 | Seen Class Acc: 0.0000 
Collating features...
530 31738
Epoch 21, Train ACC Unlabelled_v1: All 0.2739 | Old 0.4688 | New 0.1951
Epoch 21, Train ACC Unlabelled_v2: All 0.2183 | Old 0.3801 | New 0.1528
Train Accuracies: All 0.2739 | Old 0.4688 | New 0.1951
Train Epoch: 22 Avg Loss: 1.7938 | Seen Class Acc: 0.0000 
Collating features...
534 31738
Epoch 22, Train ACC Unlabelled_v1: All 0.2743 | Old 0.4690 | New 0.1955
Epoch 22, Train ACC Unlabelled_v2: All 0.2129 | Old 0.3329 | New 0.1643
Train Accuracies: All 0.2743 | Old 0.4690 | New 0.1955
Train Epoch: 23 Avg Loss: 1.7674 | Seen Class Acc: 0.0000 
Collating features...
531 31738
Epoch 23, Train ACC Unlabelled_v1: All 0.2661 | Old 0.4681 | New 0.1843
Epoch 23, Train ACC Unlabelled_v2: All 0.2181 | Old 0.3925 | New 0.1476
Train Accuracies: All 0.2661 | Old 0.4681 | New 0.1843
Train Epoch: 24 Avg Loss: 1.7405 | Seen Class Acc: 0.0000 
Collating features...
519 31738
Epoch 24, Train ACC Unlabelled_v1: All 0.2712 | Old 0.4736 | New 0.1893
Epoch 24, Train ACC Unlabelled_v2: All 0.2206 | Old 0.4023 | New 0.1470
Train Accuracies: All 0.2712 | Old 0.4736 | New 0.1893
Train Epoch: 25 Avg Loss: 1.7130 | Seen Class Acc: 0.0000 
Collating features...
503 31738
Epoch 25, Train ACC Unlabelled_v1: All 0.2713 | Old 0.4726 | New 0.1898
Epoch 25, Train ACC Unlabelled_v2: All 0.2252 | Old 0.3909 | New 0.1581
Train Accuracies: All 0.2713 | Old 0.4726 | New 0.1898
Train Epoch: 26 Avg Loss: 1.7037 | Seen Class Acc: 0.0000 
Collating features...
507 31738
Epoch 26, Train ACC Unlabelled_v1: All 0.2749 | Old 0.4747 | New 0.1940
Epoch 26, Train ACC Unlabelled_v2: All 0.2190 | Old 0.4033 | New 0.1445
Train Accuracies: All 0.2749 | Old 0.4747 | New 0.1940
Train Epoch: 27 Avg Loss: 1.6803 | Seen Class Acc: 0.0000 
Collating features...
513 31738
Epoch 27, Train ACC Unlabelled_v1: All 0.2662 | Old 0.4749 | New 0.1818
Epoch 27, Train ACC Unlabelled_v2: All 0.2195 | Old 0.3945 | New 0.1486
Train Accuracies: All 0.2662 | Old 0.4749 | New 0.1818
Train Epoch: 28 Avg Loss: 1.6659 | Seen Class Acc: 0.0000 
Collating features...
514 31738
Epoch 28, Train ACC Unlabelled_v1: All 0.2723 | Old 0.4791 | New 0.1887
Epoch 28, Train ACC Unlabelled_v2: All 0.2212 | Old 0.3912 | New 0.1523
Train Accuracies: All 0.2723 | Old 0.4791 | New 0.1887
Train Epoch: 29 Avg Loss: 1.6394 | Seen Class Acc: 0.0000 
Collating features...
504 31738
Epoch 29, Train ACC Unlabelled_v1: All 0.2682 | Old 0.4740 | New 0.1849
Epoch 29, Train ACC Unlabelled_v2: All 0.2157 | Old 0.3898 | New 0.1453
Train Accuracies: All 0.2682 | Old 0.4740 | New 0.1849
Train Epoch: 30 Avg Loss: 1.6000 | Seen Class Acc: 0.0000 
Collating features...
521 31738
Epoch 30, Train ACC Unlabelled_v1: All 0.2718 | Old 0.4742 | New 0.1899
Epoch 30, Train ACC Unlabelled_v2: All 0.2159 | Old 0.3924 | New 0.1445
Train Accuracies: All 0.2718 | Old 0.4742 | New 0.1899
Train Epoch: 31 Avg Loss: 1.6045 | Seen Class Acc: 0.0000 
Collating features...
517 31738
Epoch 31, Train ACC Unlabelled_v1: All 0.2713 | Old 0.4759 | New 0.1886
Epoch 31, Train ACC Unlabelled_v2: All 0.2203 | Old 0.4048 | New 0.1456
Train Accuracies: All 0.2713 | Old 0.4759 | New 0.1886
Train Epoch: 32 Avg Loss: 1.5894 | Seen Class Acc: 0.0000 
Collating features...
531 31738
Epoch 32, Train ACC Unlabelled_v1: All 0.2750 | Old 0.4728 | New 0.1949
Epoch 32, Train ACC Unlabelled_v2: All 0.2178 | Old 0.4007 | New 0.1437
Train Accuracies: All 0.2750 | Old 0.4728 | New 0.1949
Train Epoch: 33 Avg Loss: 1.5746 | Seen Class Acc: 0.0000 
Collating features...
533 31738
Epoch 33, Train ACC Unlabelled_v1: All 0.2721 | Old 0.4752 | New 0.1899
Epoch 33, Train ACC Unlabelled_v2: All 0.2198 | Old 0.3922 | New 0.1501
Train Accuracies: All 0.2721 | Old 0.4752 | New 0.1899
Train Epoch: 34 Avg Loss: 1.5580 | Seen Class Acc: 0.0000 
Collating features...
512 31738
Epoch 34, Train ACC Unlabelled_v1: All 0.2758 | Old 0.4775 | New 0.1942
Epoch 34, Train ACC Unlabelled_v2: All 0.2199 | Old 0.4060 | New 0.1446
Train Accuracies: All 0.2758 | Old 0.4775 | New 0.1942
Train Epoch: 35 Avg Loss: 1.5647 | Seen Class Acc: 0.0000 
Collating features...
494 31738
Epoch 35, Train ACC Unlabelled_v1: All 0.2730 | Old 0.4773 | New 0.1903
Epoch 35, Train ACC Unlabelled_v2: All 0.2210 | Old 0.4063 | New 0.1460
Train Accuracies: All 0.2730 | Old 0.4773 | New 0.1903
Train Epoch: 36 Avg Loss: 1.5482 | Seen Class Acc: 0.0000 
Collating features...
518 31738
Epoch 36, Train ACC Unlabelled_v1: All 0.2758 | Old 0.4803 | New 0.1931
Epoch 36, Train ACC Unlabelled_v2: All 0.2190 | Old 0.4062 | New 0.1433
Train Accuracies: All 0.2758 | Old 0.4803 | New 0.1931
Train Epoch: 37 Avg Loss: 1.5546 | Seen Class Acc: 0.0000 
Collating features...
475 31738
Epoch 37, Train ACC Unlabelled_v1: All 0.2762 | Old 0.4795 | New 0.1939
Epoch 37, Train ACC Unlabelled_v2: All 0.2151 | Old 0.4058 | New 0.1380
Train Accuracies: All 0.2762 | Old 0.4795 | New 0.1939
Train Epoch: 38 Avg Loss: 1.5355 | Seen Class Acc: 0.0000 
Collating features...
492 31738
Epoch 38, Train ACC Unlabelled_v1: All 0.2704 | Old 0.4775 | New 0.1866
Epoch 38, Train ACC Unlabelled_v2: All 0.2195 | Old 0.4046 | New 0.1446
Train Accuracies: All 0.2704 | Old 0.4775 | New 0.1866
Train Epoch: 39 Avg Loss: 1.5196 | Seen Class Acc: 0.0000 
Collating features...
493 31738
Epoch 39, Train ACC Unlabelled_v1: All 0.2742 | Old 0.4770 | New 0.1921
Epoch 39, Train ACC Unlabelled_v2: All 0.2191 | Old 0.4098 | New 0.1419
Train Accuracies: All 0.2742 | Old 0.4770 | New 0.1921
Train Epoch: 40 Avg Loss: 1.5191 | Seen Class Acc: 0.0000 
Collating features...
476 31738
Epoch 40, Train ACC Unlabelled_v1: All 0.2731 | Old 0.4817 | New 0.1887
Epoch 40, Train ACC Unlabelled_v2: All 0.2194 | Old 0.4086 | New 0.1429
Train Accuracies: All 0.2731 | Old 0.4817 | New 0.1887
Train Epoch: 41 Avg Loss: 1.5112 | Seen Class Acc: 0.0000 
Collating features...
522 31738
Epoch 41, Train ACC Unlabelled_v1: All 0.2701 | Old 0.4791 | New 0.1855
Epoch 41, Train ACC Unlabelled_v2: All 0.2146 | Old 0.3970 | New 0.1407
Train Accuracies: All 0.2701 | Old 0.4791 | New 0.1855
Train Epoch: 42 Avg Loss: 1.4969 | Seen Class Acc: 0.0000 
Collating features...
513 31738
Epoch 42, Train ACC Unlabelled_v1: All 0.2757 | Old 0.4765 | New 0.1944
Epoch 42, Train ACC Unlabelled_v2: All 0.2170 | Old 0.3959 | New 0.1445
Train Accuracies: All 0.2757 | Old 0.4765 | New 0.1944
Train Epoch: 43 Avg Loss: 1.5024 | Seen Class Acc: 0.0000 
Collating features...
486 31738
Epoch 43, Train ACC Unlabelled_v1: All 0.2768 | Old 0.4775 | New 0.1955
Epoch 43, Train ACC Unlabelled_v2: All 0.2178 | Old 0.3958 | New 0.1458
Train Accuracies: All 0.2768 | Old 0.4775 | New 0.1955
Train Epoch: 44 Avg Loss: 1.4944 | Seen Class Acc: 0.0000 
Collating features...
521 31738
Epoch 44, Train ACC Unlabelled_v1: All 0.2788 | Old 0.4785 | New 0.1979
Epoch 44, Train ACC Unlabelled_v2: All 0.2190 | Old 0.3966 | New 0.1471
Train Accuracies: All 0.2788 | Old 0.4785 | New 0.1979
Train Epoch: 45 Avg Loss: 1.4879 | Seen Class Acc: 0.0000 
Collating features...
502 31738
Epoch 45, Train ACC Unlabelled_v1: All 0.2740 | Old 0.4784 | New 0.1912
Epoch 45, Train ACC Unlabelled_v2: All 0.2183 | Old 0.4062 | New 0.1422
Train Accuracies: All 0.2740 | Old 0.4784 | New 0.1912
Train Epoch: 46 Avg Loss: 1.4754 | Seen Class Acc: 0.0000 
Collating features...
509 31738
Epoch 46, Train ACC Unlabelled_v1: All 0.2757 | Old 0.4781 | New 0.1938
Epoch 46, Train ACC Unlabelled_v2: All 0.2157 | Old 0.4063 | New 0.1386
Train Accuracies: All 0.2757 | Old 0.4781 | New 0.1938
Train Epoch: 47 Avg Loss: 1.4721 | Seen Class Acc: 0.0000 
Collating features...
534 31738
Epoch 47, Train ACC Unlabelled_v1: All 0.2777 | Old 0.4777 | New 0.1967
Epoch 47, Train ACC Unlabelled_v2: All 0.2181 | Old 0.4063 | New 0.1419
Train Accuracies: All 0.2777 | Old 0.4777 | New 0.1967
Train Epoch: 48 Avg Loss: 1.4632 | Seen Class Acc: 0.0000 
Collating features...
515 31738
Epoch 48, Train ACC Unlabelled_v1: All 0.2761 | Old 0.4792 | New 0.1939
Epoch 48, Train ACC Unlabelled_v2: All 0.2195 | Old 0.4072 | New 0.1436
Train Accuracies: All 0.2761 | Old 0.4792 | New 0.1939
Train Epoch: 49 Avg Loss: 1.4739 | Seen Class Acc: 0.0000 
Collating features...
498 31738
Epoch 49, Train ACC Unlabelled_v1: All 0.2750 | Old 0.4795 | New 0.1922
Epoch 49, Train ACC Unlabelled_v2: All 0.2191 | Old 0.4065 | New 0.1432
Train Accuracies: All 0.2750 | Old 0.4795 | New 0.1922
Train Epoch: 50 Avg Loss: 1.4757 | Seen Class Acc: 0.0000 
Collating features...
486 31738
Epoch 50, Train ACC Unlabelled_v1: All 0.2751 | Old 0.4781 | New 0.1930
Epoch 50, Train ACC Unlabelled_v2: All 0.2169 | Old 0.3967 | New 0.1441
Train Accuracies: All 0.2751 | Old 0.4781 | New 0.1930
Train Epoch: 51 Avg Loss: 1.4657 | Seen Class Acc: 0.0000 
Collating features...
492 31738
Epoch 51, Train ACC Unlabelled_v1: All 0.2786 | Old 0.4805 | New 0.1969
Epoch 51, Train ACC Unlabelled_v2: All 0.2177 | Old 0.4074 | New 0.1409
Train Accuracies: All 0.2786 | Old 0.4805 | New 0.1969
Train Epoch: 52 Avg Loss: 1.4822 | Seen Class Acc: 0.0000 
Collating features...
504 31738
Epoch 52, Train ACC Unlabelled_v1: All 0.2791 | Old 0.4822 | New 0.1969
Epoch 52, Train ACC Unlabelled_v2: All 0.2184 | Old 0.4096 | New 0.1410
Train Accuracies: All 0.2791 | Old 0.4822 | New 0.1969
Train Epoch: 53 Avg Loss: 1.4666 | Seen Class Acc: 0.0000 
Collating features...
506 31738
Epoch 53, Train ACC Unlabelled_v1: All 0.2737 | Old 0.4799 | New 0.1903
Epoch 53, Train ACC Unlabelled_v2: All 0.2197 | Old 0.4072 | New 0.1439
Train Accuracies: All 0.2737 | Old 0.4799 | New 0.1903
Train Epoch: 54 Avg Loss: 1.4661 | Seen Class Acc: 0.0000 
Collating features...
525 31738
Epoch 54, Train ACC Unlabelled_v1: All 0.2741 | Old 0.4798 | New 0.1908
Epoch 54, Train ACC Unlabelled_v2: All 0.2196 | Old 0.4076 | New 0.1435
Train Accuracies: All 0.2741 | Old 0.4798 | New 0.1908
Train Epoch: 55 Avg Loss: 1.4602 | Seen Class Acc: 0.0000 
Collating features...
528 31738
Epoch 55, Train ACC Unlabelled_v1: All 0.2769 | Old 0.4820 | New 0.1939
Epoch 55, Train ACC Unlabelled_v2: All 0.2223 | Old 0.4089 | New 0.1467
Train Accuracies: All 0.2769 | Old 0.4820 | New 0.1939
Train Epoch: 56 Avg Loss: 1.4733 | Seen Class Acc: 0.0000 
Collating features...
527 31738
Epoch 56, Train ACC Unlabelled_v1: All 0.2751 | Old 0.4805 | New 0.1920
Epoch 56, Train ACC Unlabelled_v2: All 0.2182 | Old 0.4071 | New 0.1417
Train Accuracies: All 0.2751 | Old 0.4805 | New 0.1920
Train Epoch: 57 Avg Loss: 1.4475 | Seen Class Acc: 0.0000 
Collating features...
489 31738
Epoch 57, Train ACC Unlabelled_v1: All 0.2766 | Old 0.4810 | New 0.1939
Epoch 57, Train ACC Unlabelled_v2: All 0.2178 | Old 0.4095 | New 0.1403
Train Accuracies: All 0.2766 | Old 0.4810 | New 0.1939
Train Epoch: 58 Avg Loss: 1.4562 | Seen Class Acc: 0.0000 
Collating features...
506 31738
Epoch 58, Train ACC Unlabelled_v1: All 0.2760 | Old 0.4806 | New 0.1933
Epoch 58, Train ACC Unlabelled_v2: All 0.2181 | Old 0.4081 | New 0.1412
Train Accuracies: All 0.2760 | Old 0.4806 | New 0.1933
Train Epoch: 59 Avg Loss: 1.4602 | Seen Class Acc: 0.0000 
Collating features...
497 31738
Epoch 59, Train ACC Unlabelled_v1: All 0.2742 | Old 0.4780 | New 0.1918
Epoch 59, Train ACC Unlabelled_v2: All 0.2160 | Old 0.4077 | New 0.1383
Train Accuracies: All 0.2742 | Old 0.4780 | New 0.1918
Train Epoch: 60 Avg Loss: 1.4579 | Seen Class Acc: 0.0000 
Collating features...
492 31738
Epoch 60, Train ACC Unlabelled_v1: All 0.2756 | Old 0.4804 | New 0.1928
Epoch 60, Train ACC Unlabelled_v2: All 0.2174 | Old 0.4042 | New 0.1418
Train Accuracies: All 0.2756 | Old 0.4804 | New 0.1928
Train Epoch: 61 Avg Loss: 1.4547 | Seen Class Acc: 0.0000 
Collating features...
501 31738
Epoch 61, Train ACC Unlabelled_v1: All 0.2774 | Old 0.4819 | New 0.1947
Epoch 61, Train ACC Unlabelled_v2: All 0.2179 | Old 0.4089 | New 0.1406
Train Accuracies: All 0.2774 | Old 0.4819 | New 0.1947
Train Epoch: 62 Avg Loss: 1.4551 | Seen Class Acc: 0.0000 
Collating features...
509 31738
Epoch 62, Train ACC Unlabelled_v1: All 0.2770 | Old 0.4819 | New 0.1942
Epoch 62, Train ACC Unlabelled_v2: All 0.2176 | Old 0.4084 | New 0.1404
Train Accuracies: All 0.2770 | Old 0.4819 | New 0.1942
Train Epoch: 63 Avg Loss: 1.4485 | Seen Class Acc: 0.0000 
Collating features...
504 31738
Epoch 63, Train ACC Unlabelled_v1: All 0.2780 | Old 0.4820 | New 0.1955
Epoch 63, Train ACC Unlabelled_v2: All 0.2196 | Old 0.4099 | New 0.1426
Train Accuracies: All 0.2780 | Old 0.4820 | New 0.1955
Train Epoch: 64 Avg Loss: 1.4460 | Seen Class Acc: 0.0000 
Collating features...
515 31738
Epoch 64, Train ACC Unlabelled_v1: All 0.2765 | Old 0.4809 | New 0.1938
Epoch 64, Train ACC Unlabelled_v2: All 0.2186 | Old 0.4080 | New 0.1419
Train Accuracies: All 0.2765 | Old 0.4809 | New 0.1938
Train Epoch: 65 Avg Loss: 1.4405 | Seen Class Acc: 0.0000 
Collating features...
505 31738
Epoch 65, Train ACC Unlabelled_v1: All 0.2789 | Old 0.4820 | New 0.1967
Epoch 65, Train ACC Unlabelled_v2: All 0.2172 | Old 0.4091 | New 0.1396
Train Accuracies: All 0.2789 | Old 0.4820 | New 0.1967
Train Epoch: 66 Avg Loss: 1.4374 | Seen Class Acc: 0.0000 
Collating features...
500 31738
Epoch 66, Train ACC Unlabelled_v1: All 0.2764 | Old 0.4821 | New 0.1931
Epoch 66, Train ACC Unlabelled_v2: All 0.2193 | Old 0.4100 | New 0.1422
Train Accuracies: All 0.2764 | Old 0.4821 | New 0.1931
Train Epoch: 67 Avg Loss: 1.4369 | Seen Class Acc: 0.0000 
Collating features...
499 31738
Epoch 67, Train ACC Unlabelled_v1: All 0.2796 | Old 0.4814 | New 0.1980
Epoch 67, Train ACC Unlabelled_v2: All 0.2197 | Old 0.4093 | New 0.1430
Train Accuracies: All 0.2796 | Old 0.4814 | New 0.1980
Train Epoch: 68 Avg Loss: 1.4267 | Seen Class Acc: 0.0000 
Collating features...
488 31738
Epoch 68, Train ACC Unlabelled_v1: All 0.2780 | Old 0.4820 | New 0.1954
Epoch 68, Train ACC Unlabelled_v2: All 0.2197 | Old 0.4089 | New 0.1431
Train Accuracies: All 0.2780 | Old 0.4820 | New 0.1954
Train Epoch: 69 Avg Loss: 1.4439 | Seen Class Acc: 0.0000 
Collating features...
506 31738
Epoch 69, Train ACC Unlabelled_v1: All 0.2805 | Old 0.4843 | New 0.1980
Epoch 69, Train ACC Unlabelled_v2: All 0.2187 | Old 0.4100 | New 0.1412
Train Accuracies: All 0.2805 | Old 0.4843 | New 0.1980
Train Epoch: 70 Avg Loss: 1.4347 | Seen Class Acc: 0.0000 
Collating features...
497 31738
Epoch 70, Train ACC Unlabelled_v1: All 0.2762 | Old 0.4830 | New 0.1925
Epoch 70, Train ACC Unlabelled_v2: All 0.2193 | Old 0.4091 | New 0.1426
Train Accuracies: All 0.2762 | Old 0.4830 | New 0.1925
Train Epoch: 71 Avg Loss: 1.4415 | Seen Class Acc: 0.0000 
Collating features...
486 31738
Epoch 71, Train ACC Unlabelled_v1: All 0.2759 | Old 0.4826 | New 0.1923
Epoch 71, Train ACC Unlabelled_v2: All 0.2179 | Old 0.4041 | New 0.1426
Train Accuracies: All 0.2759 | Old 0.4826 | New 0.1923
Train Epoch: 72 Avg Loss: 1.4314 | Seen Class Acc: 0.0000 
Collating features...
496 31738
Epoch 72, Train ACC Unlabelled_v1: All 0.2766 | Old 0.4824 | New 0.1933
Epoch 72, Train ACC Unlabelled_v2: All 0.2185 | Old 0.4093 | New 0.1413
Train Accuracies: All 0.2766 | Old 0.4824 | New 0.1933
Train Epoch: 73 Avg Loss: 1.4457 | Seen Class Acc: 0.0000 
Collating features...
478 31738
Epoch 73, Train ACC Unlabelled_v1: All 0.2789 | Old 0.4824 | New 0.1965
Epoch 73, Train ACC Unlabelled_v2: All 0.2195 | Old 0.4103 | New 0.1423
Train Accuracies: All 0.2789 | Old 0.4824 | New 0.1965
Train Epoch: 74 Avg Loss: 1.4404 | Seen Class Acc: 0.0000 
Collating features...
494 31738
Epoch 74, Train ACC Unlabelled_v1: All 0.2770 | Old 0.4814 | New 0.1944
Epoch 74, Train ACC Unlabelled_v2: All 0.2185 | Old 0.4091 | New 0.1414
Train Accuracies: All 0.2770 | Old 0.4814 | New 0.1944
Train Epoch: 75 Avg Loss: 1.4400 | Seen Class Acc: 0.0000 
Collating features...
490 31738
Epoch 75, Train ACC Unlabelled_v1: All 0.2780 | Old 0.4828 | New 0.1952
Epoch 75, Train ACC Unlabelled_v2: All 0.2172 | Old 0.4089 | New 0.1396
Train Accuracies: All 0.2780 | Old 0.4828 | New 0.1952
Train Epoch: 76 Avg Loss: 1.4376 | Seen Class Acc: 0.0000 
Collating features...
491 31738
Epoch 76, Train ACC Unlabelled_v1: All 0.2798 | Old 0.4831 | New 0.1975
Epoch 76, Train ACC Unlabelled_v2: All 0.2185 | Old 0.4100 | New 0.1410
Train Accuracies: All 0.2798 | Old 0.4831 | New 0.1975
Train Epoch: 77 Avg Loss: 1.4286 | Seen Class Acc: 0.0000 
Collating features...
483 31738
Epoch 77, Train ACC Unlabelled_v1: All 0.2790 | Old 0.4820 | New 0.1969
Epoch 77, Train ACC Unlabelled_v2: All 0.2172 | Old 0.4091 | New 0.1395
Train Accuracies: All 0.2790 | Old 0.4820 | New 0.1969
Train Epoch: 78 Avg Loss: 1.4358 | Seen Class Acc: 0.0000 
Collating features...
494 31738
Epoch 78, Train ACC Unlabelled_v1: All 0.2791 | Old 0.4809 | New 0.1974
Epoch 78, Train ACC Unlabelled_v2: All 0.2178 | Old 0.4086 | New 0.1406
Train Accuracies: All 0.2791 | Old 0.4809 | New 0.1974
Train Epoch: 79 Avg Loss: 1.4318 | Seen Class Acc: 0.0000 
Collating features...
496 31738
Epoch 79, Train ACC Unlabelled_v1: All 0.2788 | Old 0.4819 | New 0.1966
Epoch 79, Train ACC Unlabelled_v2: All 0.2178 | Old 0.4088 | New 0.1405
Train Accuracies: All 0.2788 | Old 0.4819 | New 0.1966
Train Epoch: 80 Avg Loss: 1.4218 | Seen Class Acc: 0.0000 
Collating features...
480 31738
Epoch 80, Train ACC Unlabelled_v1: All 0.2798 | Old 0.4811 | New 0.1984
Epoch 80, Train ACC Unlabelled_v2: All 0.2187 | Old 0.4081 | New 0.1421
Train Accuracies: All 0.2798 | Old 0.4811 | New 0.1984
Train Epoch: 81 Avg Loss: 1.4384 | Seen Class Acc: 0.0000 
Collating features...
488 31738
Epoch 81, Train ACC Unlabelled_v1: All 0.2791 | Old 0.4819 | New 0.1970
Epoch 81, Train ACC Unlabelled_v2: All 0.2175 | Old 0.4091 | New 0.1400
Train Accuracies: All 0.2791 | Old 0.4819 | New 0.1970
Train Epoch: 82 Avg Loss: 1.4288 | Seen Class Acc: 0.0000 
Collating features...
494 31738
Epoch 82, Train ACC Unlabelled_v1: All 0.2771 | Old 0.4817 | New 0.1943
Epoch 82, Train ACC Unlabelled_v2: All 0.2168 | Old 0.4095 | New 0.1388
Train Accuracies: All 0.2771 | Old 0.4817 | New 0.1943
Train Epoch: 83 Avg Loss: 1.4272 | Seen Class Acc: 0.0000 
Collating features...
486 31738
Epoch 83, Train ACC Unlabelled_v1: All 0.2777 | Old 0.4821 | New 0.1950
Epoch 83, Train ACC Unlabelled_v2: All 0.2175 | Old 0.4089 | New 0.1400
Train Accuracies: All 0.2777 | Old 0.4821 | New 0.1950
Train Epoch: 84 Avg Loss: 1.4248 | Seen Class Acc: 0.0000 
Collating features...
504 31738
Epoch 84, Train ACC Unlabelled_v1: All 0.2779 | Old 0.4823 | New 0.1952
Epoch 84, Train ACC Unlabelled_v2: All 0.2177 | Old 0.4085 | New 0.1405
Train Accuracies: All 0.2779 | Old 0.4823 | New 0.1952
Train Epoch: 85 Avg Loss: 1.4157 | Seen Class Acc: 0.0000 
Collating features...
490 31738
Epoch 85, Train ACC Unlabelled_v1: All 0.2789 | Old 0.4819 | New 0.1967
Epoch 85, Train ACC Unlabelled_v2: All 0.2188 | Old 0.4088 | New 0.1418
Train Accuracies: All 0.2789 | Old 0.4819 | New 0.1967
Train Epoch: 86 Avg Loss: 1.4415 | Seen Class Acc: 0.0000 
Collating features...
483 31738
Epoch 86, Train ACC Unlabelled_v1: All 0.2772 | Old 0.4817 | New 0.1944
Epoch 86, Train ACC Unlabelled_v2: All 0.2176 | Old 0.4089 | New 0.1402
Train Accuracies: All 0.2772 | Old 0.4817 | New 0.1944
Train Epoch: 87 Avg Loss: 1.4293 | Seen Class Acc: 0.0000 
Collating features...
490 31738
Epoch 87, Train ACC Unlabelled_v1: All 0.2782 | Old 0.4812 | New 0.1960
Epoch 87, Train ACC Unlabelled_v2: All 0.2178 | Old 0.4091 | New 0.1404
Train Accuracies: All 0.2782 | Old 0.4812 | New 0.1960
Train Epoch: 88 Avg Loss: 1.4339 | Seen Class Acc: 0.0000 
Collating features...
483 31738
Epoch 88, Train ACC Unlabelled_v1: All 0.2798 | Old 0.4824 | New 0.1977
Epoch 88, Train ACC Unlabelled_v2: All 0.2184 | Old 0.4100 | New 0.1408
Train Accuracies: All 0.2798 | Old 0.4824 | New 0.1977
Train Epoch: 89 Avg Loss: 1.4345 | Seen Class Acc: 0.0000 
Collating features...
484 31738
Epoch 89, Train ACC Unlabelled_v1: All 0.2790 | Old 0.4824 | New 0.1967
Epoch 89, Train ACC Unlabelled_v2: All 0.2177 | Old 0.4091 | New 0.1403
Train Accuracies: All 0.2790 | Old 0.4824 | New 0.1967
Train Epoch: 90 Avg Loss: 1.4266 | Seen Class Acc: 0.0000 
Collating features...
502 31738
Epoch 90, Train ACC Unlabelled_v1: All 0.2781 | Old 0.4833 | New 0.1950
Epoch 90, Train ACC Unlabelled_v2: All 0.2176 | Old 0.4091 | New 0.1402
Train Accuracies: All 0.2781 | Old 0.4833 | New 0.1950
Train Epoch: 91 Avg Loss: 1.4399 | Seen Class Acc: 0.0000 
Collating features...
477 31738
Epoch 91, Train ACC Unlabelled_v1: All 0.2792 | Old 0.4822 | New 0.1970
Epoch 91, Train ACC Unlabelled_v2: All 0.2187 | Old 0.4099 | New 0.1413
Train Accuracies: All 0.2792 | Old 0.4822 | New 0.1970
Train Epoch: 92 Avg Loss: 1.4304 | Seen Class Acc: 0.0000 
Collating features...
496 31738
Epoch 92, Train ACC Unlabelled_v1: All 0.2787 | Old 0.4827 | New 0.1961
Epoch 92, Train ACC Unlabelled_v2: All 0.2175 | Old 0.4103 | New 0.1395
Train Accuracies: All 0.2787 | Old 0.4827 | New 0.1961
Train Epoch: 93 Avg Loss: 1.4190 | Seen Class Acc: 0.0000 
Collating features...
481 31738
Epoch 93, Train ACC Unlabelled_v1: All 0.2781 | Old 0.4812 | New 0.1959
Epoch 93, Train ACC Unlabelled_v2: All 0.2191 | Old 0.4092 | New 0.1422
Train Accuracies: All 0.2781 | Old 0.4812 | New 0.1959
Train Epoch: 94 Avg Loss: 1.4315 | Seen Class Acc: 0.0000 
Collating features...
482 31738
Epoch 94, Train ACC Unlabelled_v1: All 0.2797 | Old 0.4815 | New 0.1981
Epoch 94, Train ACC Unlabelled_v2: All 0.2182 | Old 0.4085 | New 0.1412
Train Accuracies: All 0.2797 | Old 0.4815 | New 0.1981
Train Epoch: 95 Avg Loss: 1.4398 | Seen Class Acc: 0.0000 
Collating features...
482 31738
Epoch 95, Train ACC Unlabelled_v1: All 0.2785 | Old 0.4821 | New 0.1961
Epoch 95, Train ACC Unlabelled_v2: All 0.2173 | Old 0.4082 | New 0.1401
Train Accuracies: All 0.2785 | Old 0.4821 | New 0.1961
Train Epoch: 96 Avg Loss: 1.4282 | Seen Class Acc: 0.0000 
Collating features...
493 31738
Epoch 96, Train ACC Unlabelled_v1: All 0.2795 | Old 0.4828 | New 0.1973
Epoch 96, Train ACC Unlabelled_v2: All 0.2179 | Old 0.4096 | New 0.1404
Train Accuracies: All 0.2795 | Old 0.4828 | New 0.1973
Train Epoch: 97 Avg Loss: 1.4229 | Seen Class Acc: 0.0000 
Collating features...
504 31738
Epoch 97, Train ACC Unlabelled_v1: All 0.2782 | Old 0.4830 | New 0.1954
Epoch 97, Train ACC Unlabelled_v2: All 0.2173 | Old 0.4093 | New 0.1396
Train Accuracies: All 0.2782 | Old 0.4830 | New 0.1954
Train Epoch: 98 Avg Loss: 1.4448 | Seen Class Acc: 0.0000 
Collating features...
493 31738
Epoch 98, Train ACC Unlabelled_v1: All 0.2780 | Old 0.4822 | New 0.1953
Epoch 98, Train ACC Unlabelled_v2: All 0.2178 | Old 0.4095 | New 0.1403
Train Accuracies: All 0.2780 | Old 0.4822 | New 0.1953
Train Epoch: 99 Avg Loss: 1.4346 | Seen Class Acc: 0.0000 
Collating features...
494 31738
Epoch 99, Train ACC Unlabelled_v1: All 0.2796 | Old 0.4827 | New 0.1975
Epoch 99, Train ACC Unlabelled_v2: All 0.2177 | Old 0.4098 | New 0.1399
Train Accuracies: All 0.2796 | Old 0.4827 | New 0.1975
Experiment saved to: /home/pszzz/hyzheng/myocd/SMILE/checkpoints/log/(29.04.2024_|_46.264)
['checkpoints']
Namespace(batch_size=128, num_workers=16, eval_funcs=['v1', 'v2'], warmup_model_dir=None, model_name='vit_dino', dataset_name='Reptilia', prop_train_labels=0.5, use_ssb_splits=True, grad_from_block=11, lr=0.01, save_best_thresh=None, gamma=0.1, momentum=0.9, weight_decay=5e-05, epochs=100, exp_root='/home/pszzz/hyzheng/myocd/SMILE/', transform='imagenet', seed=1, base_model='vit_dino', temperature=1.0, sup_con_weight=0.5, n_views=2, contrast_unlabel_only=False, image_size=224, train_classes=range(0, 145), unlabeled_classes=range(145, 289), num_labeled_classes=145, num_unlabeled_classes=144, cuda=True, log_dir='/home/pszzz/hyzheng/myocd/SMILE/checkpoints/log/(29.04.2024_|_46.264)', model_dir='/home/pszzz/hyzheng/myocd/SMILE/checkpoints/log/(29.04.2024_|_46.264)/checkpoints', model_path='/home/pszzz/hyzheng/myocd/SMILE/checkpoints/log/(29.04.2024_|_46.264)/checkpoints/model.pt', writer=<tensorboardX.writer.SummaryWriter object at 0x7f4eb28ed2b0>)
Using evaluation function v1 to print results
Train Epoch: 0 Avg Loss: 4.8088 | Seen Class Acc: 0.0000 
Collating features...
537 31738
Epoch 0, Train ACC Unlabelled_v1: All 0.2133 | Old 0.3177 | New 0.1710
Epoch 0, Train ACC Unlabelled_v2: All 0.1808 | Old 0.2688 | New 0.1451
Train Accuracies: All 0.2133 | Old 0.3177 | New 0.1710
Train Epoch: 1 Avg Loss: 3.7250 | Seen Class Acc: 0.0000 
Collating features...
606 31738
Epoch 1, Train ACC Unlabelled_v1: All 0.2389 | Old 0.3699 | New 0.1859
Epoch 1, Train ACC Unlabelled_v2: All 0.1994 | Old 0.2765 | New 0.1682
Train Accuracies: All 0.2389 | Old 0.3699 | New 0.1859
Train Epoch: 2 Avg Loss: 3.3585 | Seen Class Acc: 0.0000 
Collating features...
518 31738
Epoch 2, Train ACC Unlabelled_v1: All 0.2417 | Old 0.3914 | New 0.1811
Epoch 2, Train ACC Unlabelled_v2: All 0.1976 | Old 0.2961 | New 0.1577
Train Accuracies: All 0.2417 | Old 0.3914 | New 0.1811
Train Epoch: 3 Avg Loss: 3.1217 | Seen Class Acc: 0.0000 
Collating features...
587 31738
Epoch 3, Train ACC Unlabelled_v1: All 0.2494 | Old 0.4159 | New 0.1820
Epoch 3, Train ACC Unlabelled_v2: All 0.2040 | Old 0.3312 | New 0.1525
Train Accuracies: All 0.2494 | Old 0.4159 | New 0.1820
Train Epoch: 4 Avg Loss: 2.9082 | Seen Class Acc: 0.0000 
Collating features...
559 31738
Epoch 4, Train ACC Unlabelled_v1: All 0.2454 | Old 0.4121 | New 0.1780
Epoch 4, Train ACC Unlabelled_v2: All 0.2038 | Old 0.3249 | New 0.1548
Train Accuracies: All 0.2454 | Old 0.4121 | New 0.1780
Train Epoch: 5 Avg Loss: 2.7384 | Seen Class Acc: 0.0000 
Collating features...
531 31738
Epoch 5, Train ACC Unlabelled_v1: All 0.2640 | Old 0.4298 | New 0.1969
Epoch 5, Train ACC Unlabelled_v2: All 0.2178 | Old 0.3174 | New 0.1775
Train Accuracies: All 0.2640 | Old 0.4298 | New 0.1969
Train Epoch: 6 Avg Loss: 2.6102 | Seen Class Acc: 0.0000 
Collating features...
527 31738
Epoch 6, Train ACC Unlabelled_v1: All 0.2647 | Old 0.4320 | New 0.1970
Epoch 6, Train ACC Unlabelled_v2: All 0.2172 | Old 0.3347 | New 0.1696
Train Accuracies: All 0.2647 | Old 0.4320 | New 0.1970
Train Epoch: 7 Avg Loss: 2.4935 | Seen Class Acc: 0.0000 
Collating features...
642 31738
Epoch 7, Train ACC Unlabelled_v1: All 0.2630 | Old 0.4419 | New 0.1906
Epoch 7, Train ACC Unlabelled_v2: All 0.2132 | Old 0.3282 | New 0.1666
Train Accuracies: All 0.2630 | Old 0.4419 | New 0.1906
Train Epoch: 8 Avg Loss: 2.4064 | Seen Class Acc: 0.0000 
Collating features...
603 31738
Epoch 8, Train ACC Unlabelled_v1: All 0.2608 | Old 0.4354 | New 0.1901
Epoch 8, Train ACC Unlabelled_v2: All 0.2136 | Old 0.3426 | New 0.1614
Train Accuracies: All 0.2608 | Old 0.4354 | New 0.1901
Train Epoch: 9 Avg Loss: 2.3329 | Seen Class Acc: 0.0000 
Collating features...
616 31738
Epoch 9, Train ACC Unlabelled_v1: All 0.2660 | Old 0.4432 | New 0.1942
Epoch 9, Train ACC Unlabelled_v2: All 0.2155 | Old 0.3281 | New 0.1700
Train Accuracies: All 0.2660 | Old 0.4432 | New 0.1942
Train Epoch: 10 Avg Loss: 2.2907 | Seen Class Acc: 0.0000 
Collating features...
607 31738
Epoch 10, Train ACC Unlabelled_v1: All 0.2682 | Old 0.4523 | New 0.1938
Epoch 10, Train ACC Unlabelled_v2: All 0.2150 | Old 0.3547 | New 0.1584
Train Accuracies: All 0.2682 | Old 0.4523 | New 0.1938
Train Epoch: 11 Avg Loss: 2.2045 | Seen Class Acc: 0.0000 
Collating features...
613 31738
Epoch 11, Train ACC Unlabelled_v1: All 0.2705 | Old 0.4560 | New 0.1955
Epoch 11, Train ACC Unlabelled_v2: All 0.2227 | Old 0.3566 | New 0.1685
Train Accuracies: All 0.2705 | Old 0.4560 | New 0.1955
Train Epoch: 12 Avg Loss: 2.1499 | Seen Class Acc: 0.0000 
Collating features...
584 31738
Epoch 12, Train ACC Unlabelled_v1: All 0.2723 | Old 0.4597 | New 0.1965
Epoch 12, Train ACC Unlabelled_v2: All 0.2189 | Old 0.3467 | New 0.1672
Train Accuracies: All 0.2723 | Old 0.4597 | New 0.1965
Train Epoch: 13 Avg Loss: 2.0930 | Seen Class Acc: 0.0000 
Collating features...
657 31738
Epoch 13, Train ACC Unlabelled_v1: All 0.2685 | Old 0.4609 | New 0.1907
Epoch 13, Train ACC Unlabelled_v2: All 0.2204 | Old 0.3638 | New 0.1623
Train Accuracies: All 0.2685 | Old 0.4609 | New 0.1907
Train Epoch: 14 Avg Loss: 2.0348 | Seen Class Acc: 0.0000 
Collating features...
572 31738
Epoch 14, Train ACC Unlabelled_v1: All 0.2746 | Old 0.4640 | New 0.1979
Epoch 14, Train ACC Unlabelled_v2: All 0.2247 | Old 0.3606 | New 0.1696
Train Accuracies: All 0.2746 | Old 0.4640 | New 0.1979
Train Epoch: 15 Avg Loss: 2.0036 | Seen Class Acc: 0.0000 
Collating features...
614 31738
Epoch 15, Train ACC Unlabelled_v1: All 0.2762 | Old 0.4660 | New 0.1994
Epoch 15, Train ACC Unlabelled_v2: All 0.2256 | Old 0.3533 | New 0.1739
Train Accuracies: All 0.2762 | Old 0.4660 | New 0.1994
Train Epoch: 16 Avg Loss: 1.9514 | Seen Class Acc: 0.0000 
Collating features...
590 31738
Epoch 16, Train ACC Unlabelled_v1: All 0.2768 | Old 0.4674 | New 0.1996
Epoch 16, Train ACC Unlabelled_v2: All 0.2236 | Old 0.3427 | New 0.1755
Train Accuracies: All 0.2768 | Old 0.4674 | New 0.1996
Train Epoch: 17 Avg Loss: 1.9168 | Seen Class Acc: 0.0000 
Collating features...
610 31738
Epoch 17, Train ACC Unlabelled_v1: All 0.2770 | Old 0.4713 | New 0.1984
Epoch 17, Train ACC Unlabelled_v2: All 0.2240 | Old 0.3609 | New 0.1686
Train Accuracies: All 0.2770 | Old 0.4713 | New 0.1984
Train Epoch: 18 Avg Loss: 1.9148 | Seen Class Acc: 0.0000 
Collating features...
709 31738
Epoch 18, Train ACC Unlabelled_v1: All 0.2863 | Old 0.4741 | New 0.2103
Epoch 18, Train ACC Unlabelled_v2: All 0.2338 | Old 0.3609 | New 0.1824
Train Accuracies: All 0.2863 | Old 0.4741 | New 0.2103
Train Epoch: 19 Avg Loss: 1.8467 | Seen Class Acc: 0.0000 
Collating features...
577 31738
Epoch 19, Train ACC Unlabelled_v1: All 0.2847 | Old 0.4706 | New 0.2095
Epoch 19, Train ACC Unlabelled_v2: All 0.2339 | Old 0.3561 | New 0.1844
Train Accuracies: All 0.2847 | Old 0.4706 | New 0.2095
Train Epoch: 20 Avg Loss: 1.8147 | Seen Class Acc: 0.0000 
Collating features...
623 31738
Epoch 20, Train ACC Unlabelled_v1: All 0.2774 | Old 0.4760 | New 0.1970
Epoch 20, Train ACC Unlabelled_v2: All 0.2273 | Old 0.3736 | New 0.1681
Train Accuracies: All 0.2774 | Old 0.4760 | New 0.1970
Train Epoch: 21 Avg Loss: 1.7771 | Seen Class Acc: 0.0000 
Collating features...
594 31738
Epoch 21, Train ACC Unlabelled_v1: All 0.2745 | Old 0.4784 | New 0.1920
Epoch 21, Train ACC Unlabelled_v2: All 0.2212 | Old 0.3632 | New 0.1638
Train Accuracies: All 0.2745 | Old 0.4784 | New 0.1920
Train Epoch: 22 Avg Loss: 1.7617 | Seen Class Acc: 0.0000 
Collating features...
619 31738
Epoch 22, Train ACC Unlabelled_v1: All 0.2845 | Old 0.4787 | New 0.2059
Epoch 22, Train ACC Unlabelled_v2: All 0.2329 | Old 0.3702 | New 0.1773
Train Accuracies: All 0.2845 | Old 0.4787 | New 0.2059
Train Epoch: 23 Avg Loss: 1.7127 | Seen Class Acc: 0.0000 
Collating features...
644 31738
Epoch 23, Train ACC Unlabelled_v1: All 0.2807 | Old 0.4791 | New 0.2004
Epoch 23, Train ACC Unlabelled_v2: All 0.2268 | Old 0.3544 | New 0.1752
Train Accuracies: All 0.2807 | Old 0.4791 | New 0.2004
Train Epoch: 24 Avg Loss: 1.6878 | Seen Class Acc: 0.0000 
Collating features...
625 31738
Epoch 24, Train ACC Unlabelled_v1: All 0.2837 | Old 0.4804 | New 0.2041
Epoch 24, Train ACC Unlabelled_v2: All 0.2317 | Old 0.3752 | New 0.1736
Train Accuracies: All 0.2837 | Old 0.4804 | New 0.2041
Train Epoch: 25 Avg Loss: 1.6909 | Seen Class Acc: 0.0000 
Collating features...
617 31738
Epoch 25, Train ACC Unlabelled_v1: All 0.2747 | Old 0.4756 | New 0.1934
Epoch 25, Train ACC Unlabelled_v2: All 0.2234 | Old 0.3537 | New 0.1707
Train Accuracies: All 0.2747 | Old 0.4756 | New 0.1934
Train Epoch: 26 Avg Loss: 1.6748 | Seen Class Acc: 0.0000 
Collating features...
633 31738
Epoch 26, Train ACC Unlabelled_v1: All 0.2802 | Old 0.4723 | New 0.2025
Epoch 26, Train ACC Unlabelled_v2: All 0.2278 | Old 0.3503 | New 0.1783
Train Accuracies: All 0.2802 | Old 0.4723 | New 0.2025
Train Epoch: 27 Avg Loss: 1.6571 | Seen Class Acc: 0.0000 
Collating features...
640 31738
Epoch 27, Train ACC Unlabelled_v1: All 0.2814 | Old 0.4821 | New 0.2002
Epoch 27, Train ACC Unlabelled_v2: All 0.2283 | Old 0.3683 | New 0.1717
Train Accuracies: All 0.2814 | Old 0.4821 | New 0.2002
Train Epoch: 28 Avg Loss: 1.6233 | Seen Class Acc: 0.0000 
Collating features...
614 31738
Epoch 28, Train ACC Unlabelled_v1: All 0.2782 | Old 0.4814 | New 0.1960
Epoch 28, Train ACC Unlabelled_v2: All 0.2257 | Old 0.3567 | New 0.1726
Train Accuracies: All 0.2782 | Old 0.4814 | New 0.1960
Train Epoch: 29 Avg Loss: 1.6244 | Seen Class Acc: 0.0000 
Collating features...
651 31738
Epoch 29, Train ACC Unlabelled_v1: All 0.2778 | Old 0.4786 | New 0.1966
Epoch 29, Train ACC Unlabelled_v2: All 0.2222 | Old 0.3500 | New 0.1705
Train Accuracies: All 0.2778 | Old 0.4786 | New 0.1966
Train Epoch: 30 Avg Loss: 1.6182 | Seen Class Acc: 0.0000 
Collating features...
629 31738
Epoch 30, Train ACC Unlabelled_v1: All 0.2846 | Old 0.4771 | New 0.2067
Epoch 30, Train ACC Unlabelled_v2: All 0.2303 | Old 0.3527 | New 0.1807
Train Accuracies: All 0.2846 | Old 0.4771 | New 0.2067
Train Epoch: 31 Avg Loss: 1.5968 | Seen Class Acc: 0.0000 
Collating features...
610 31738
Epoch 31, Train ACC Unlabelled_v1: All 0.2822 | Old 0.4832 | New 0.2009
Epoch 31, Train ACC Unlabelled_v2: All 0.2254 | Old 0.3534 | New 0.1737
Train Accuracies: All 0.2822 | Old 0.4832 | New 0.2009
Train Epoch: 32 Avg Loss: 1.5764 | Seen Class Acc: 0.0000 
Collating features...
657 31738
Epoch 32, Train ACC Unlabelled_v1: All 0.2829 | Old 0.4809 | New 0.2027
Epoch 32, Train ACC Unlabelled_v2: All 0.2302 | Old 0.3668 | New 0.1749
Train Accuracies: All 0.2829 | Old 0.4809 | New 0.2027
Train Epoch: 33 Avg Loss: 1.5580 | Seen Class Acc: 0.0000 
Collating features...
637 31738
Epoch 33, Train ACC Unlabelled_v1: All 0.2764 | Old 0.4797 | New 0.1941
Epoch 33, Train ACC Unlabelled_v2: All 0.2218 | Old 0.3545 | New 0.1681
Train Accuracies: All 0.2764 | Old 0.4797 | New 0.1941
Train Epoch: 34 Avg Loss: 1.5660 | Seen Class Acc: 0.0000 
Collating features...
608 31738
Epoch 34, Train ACC Unlabelled_v1: All 0.2833 | Old 0.4798 | New 0.2038
Epoch 34, Train ACC Unlabelled_v2: All 0.2310 | Old 0.3549 | New 0.1808
Train Accuracies: All 0.2833 | Old 0.4798 | New 0.2038
Train Epoch: 35 Avg Loss: 1.5565 | Seen Class Acc: 0.0000 
Collating features...
585 31738
Epoch 35, Train ACC Unlabelled_v1: All 0.2839 | Old 0.4765 | New 0.2060
Epoch 35, Train ACC Unlabelled_v2: All 0.2305 | Old 0.3526 | New 0.1811
Train Accuracies: All 0.2839 | Old 0.4765 | New 0.2060
Train Epoch: 36 Avg Loss: 1.5487 | Seen Class Acc: 0.0000 
Collating features...
601 31738
Epoch 36, Train ACC Unlabelled_v1: All 0.2839 | Old 0.4853 | New 0.2024
Epoch 36, Train ACC Unlabelled_v2: All 0.2299 | Old 0.3579 | New 0.1781
Train Accuracies: All 0.2839 | Old 0.4853 | New 0.2024
Train Epoch: 37 Avg Loss: 1.5288 | Seen Class Acc: 0.0000 
Collating features...
576 31738
Epoch 37, Train ACC Unlabelled_v1: All 0.2831 | Old 0.4833 | New 0.2020
Epoch 37, Train ACC Unlabelled_v2: All 0.2287 | Old 0.3556 | New 0.1774
Train Accuracies: All 0.2831 | Old 0.4833 | New 0.2020
Train Epoch: 38 Avg Loss: 1.5181 | Seen Class Acc: 0.0000 
Collating features...
584 31738
Epoch 38, Train ACC Unlabelled_v1: All 0.2838 | Old 0.4852 | New 0.2023
Epoch 38, Train ACC Unlabelled_v2: All 0.2303 | Old 0.3534 | New 0.1804
Train Accuracies: All 0.2838 | Old 0.4852 | New 0.2023
Train Epoch: 39 Avg Loss: 1.5212 | Seen Class Acc: 0.0000 
Collating features...
559 31738
Epoch 39, Train ACC Unlabelled_v1: All 0.2856 | Old 0.4853 | New 0.2048
Epoch 39, Train ACC Unlabelled_v2: All 0.2305 | Old 0.3577 | New 0.1791
Train Accuracies: All 0.2856 | Old 0.4853 | New 0.2048
Train Epoch: 40 Avg Loss: 1.5145 | Seen Class Acc: 0.0000 
Collating features...
611 31738
Epoch 40, Train ACC Unlabelled_v1: All 0.2828 | Old 0.4878 | New 0.1999
Epoch 40, Train ACC Unlabelled_v2: All 0.2283 | Old 0.3619 | New 0.1742
Train Accuracies: All 0.2828 | Old 0.4878 | New 0.1999
Train Epoch: 41 Avg Loss: 1.5078 | Seen Class Acc: 0.0000 
Collating features...
618 31738
Epoch 41, Train ACC Unlabelled_v1: All 0.2793 | Old 0.4803 | New 0.1980
Epoch 41, Train ACC Unlabelled_v2: All 0.2249 | Old 0.3537 | New 0.1728
Train Accuracies: All 0.2793 | Old 0.4803 | New 0.1980
Train Epoch: 42 Avg Loss: 1.5030 | Seen Class Acc: 0.0000 
Collating features...
582 31738
Epoch 42, Train ACC Unlabelled_v1: All 0.2817 | Old 0.4861 | New 0.1990
Epoch 42, Train ACC Unlabelled_v2: All 0.2267 | Old 0.3567 | New 0.1742
Train Accuracies: All 0.2817 | Old 0.4861 | New 0.1990
Train Epoch: 43 Avg Loss: 1.5211 | Seen Class Acc: 0.0000 
Collating features...
569 31738
Epoch 43, Train ACC Unlabelled_v1: All 0.2882 | Old 0.4880 | New 0.2073
Epoch 43, Train ACC Unlabelled_v2: All 0.2342 | Old 0.3626 | New 0.1823
Train Accuracies: All 0.2882 | Old 0.4880 | New 0.2073
Train Epoch: 44 Avg Loss: 1.4863 | Seen Class Acc: 0.0000 
Collating features...
572 31738
Epoch 44, Train ACC Unlabelled_v1: All 0.2782 | Old 0.4789 | New 0.1970
Epoch 44, Train ACC Unlabelled_v2: All 0.2251 | Old 0.3548 | New 0.1726
Train Accuracies: All 0.2782 | Old 0.4789 | New 0.1970
Train Epoch: 45 Avg Loss: 1.5101 | Seen Class Acc: 0.0000 
Collating features...
617 31738
Epoch 45, Train ACC Unlabelled_v1: All 0.2786 | Old 0.4840 | New 0.1955
Epoch 45, Train ACC Unlabelled_v2: All 0.2237 | Old 0.3585 | New 0.1691
Train Accuracies: All 0.2786 | Old 0.4840 | New 0.1955
Train Epoch: 46 Avg Loss: 1.4871 | Seen Class Acc: 0.0000 
Collating features...
594 31738
Epoch 46, Train ACC Unlabelled_v1: All 0.2883 | Old 0.4875 | New 0.2077
Epoch 46, Train ACC Unlabelled_v2: All 0.2345 | Old 0.3603 | New 0.1835
Train Accuracies: All 0.2883 | Old 0.4875 | New 0.2077
Train Epoch: 47 Avg Loss: 1.4750 | Seen Class Acc: 0.0000 
Collating features...
577 31738
Epoch 47, Train ACC Unlabelled_v1: All 0.2835 | Old 0.4868 | New 0.2013
Epoch 47, Train ACC Unlabelled_v2: All 0.2290 | Old 0.3598 | New 0.1761
Train Accuracies: All 0.2835 | Old 0.4868 | New 0.2013
Train Epoch: 48 Avg Loss: 1.4661 | Seen Class Acc: 0.0000 
Collating features...
566 31738
Epoch 48, Train ACC Unlabelled_v1: All 0.2841 | Old 0.4844 | New 0.2031
Epoch 48, Train ACC Unlabelled_v2: All 0.2284 | Old 0.3543 | New 0.1775
Train Accuracies: All 0.2841 | Old 0.4844 | New 0.2031
Train Epoch: 49 Avg Loss: 1.4618 | Seen Class Acc: 0.0000 
Collating features...
556 31738
Epoch 49, Train ACC Unlabelled_v1: All 0.2860 | Old 0.4868 | New 0.2047
Epoch 49, Train ACC Unlabelled_v2: All 0.2305 | Old 0.3558 | New 0.1798
Train Accuracies: All 0.2860 | Old 0.4868 | New 0.2047
Train Epoch: 50 Avg Loss: 1.4701 | Seen Class Acc: 0.0000 
Collating features...
568 31738
Epoch 50, Train ACC Unlabelled_v1: All 0.2843 | Old 0.4854 | New 0.2030
Epoch 50, Train ACC Unlabelled_v2: All 0.2303 | Old 0.3564 | New 0.1792
Train Accuracies: All 0.2843 | Old 0.4854 | New 0.2030
Train Epoch: 51 Avg Loss: 1.4745 | Seen Class Acc: 0.0000 
Collating features...
582 31738
Epoch 51, Train ACC Unlabelled_v1: All 0.2845 | Old 0.4897 | New 0.2015
Epoch 51, Train ACC Unlabelled_v2: All 0.2299 | Old 0.3608 | New 0.1769
Train Accuracies: All 0.2845 | Old 0.4897 | New 0.2015
Train Epoch: 52 Avg Loss: 1.4677 | Seen Class Acc: 0.0000 
Collating features...
551 31738
Epoch 52, Train ACC Unlabelled_v1: All 0.2858 | Old 0.4897 | New 0.2033
Epoch 52, Train ACC Unlabelled_v2: All 0.2309 | Old 0.3610 | New 0.1782
Train Accuracies: All 0.2858 | Old 0.4897 | New 0.2033
Train Epoch: 53 Avg Loss: 1.4492 | Seen Class Acc: 0.0000 
Collating features...
561 31738
Epoch 53, Train ACC Unlabelled_v1: All 0.2843 | Old 0.4894 | New 0.2013
Epoch 53, Train ACC Unlabelled_v2: All 0.2291 | Old 0.3606 | New 0.1759
Train Accuracies: All 0.2843 | Old 0.4894 | New 0.2013
Train Epoch: 54 Avg Loss: 1.4529 | Seen Class Acc: 0.0000 
Collating features...
574 31738
Epoch 54, Train ACC Unlabelled_v1: All 0.2870 | Old 0.4896 | New 0.2051
Epoch 54, Train ACC Unlabelled_v2: All 0.2329 | Old 0.3614 | New 0.1810
Train Accuracies: All 0.2870 | Old 0.4896 | New 0.2051
Train Epoch: 55 Avg Loss: 1.4503 | Seen Class Acc: 0.0000 
Collating features...
565 31738
Epoch 55, Train ACC Unlabelled_v1: All 0.2857 | Old 0.4885 | New 0.2036
Epoch 55, Train ACC Unlabelled_v2: All 0.2310 | Old 0.3595 | New 0.1790
Train Accuracies: All 0.2857 | Old 0.4885 | New 0.2036
Train Epoch: 56 Avg Loss: 1.4578 | Seen Class Acc: 0.0000 
Collating features...
559 31738
Epoch 56, Train ACC Unlabelled_v1: All 0.2854 | Old 0.4886 | New 0.2032
Epoch 56, Train ACC Unlabelled_v2: All 0.2311 | Old 0.3597 | New 0.1791
Train Accuracies: All 0.2854 | Old 0.4886 | New 0.2032
Train Epoch: 57 Avg Loss: 1.4585 | Seen Class Acc: 0.0000 
Collating features...
565 31738
Epoch 57, Train ACC Unlabelled_v1: All 0.2850 | Old 0.4899 | New 0.2021
Epoch 57, Train ACC Unlabelled_v2: All 0.2293 | Old 0.3595 | New 0.1766
Train Accuracies: All 0.2850 | Old 0.4899 | New 0.2021
Train Epoch: 58 Avg Loss: 1.4527 | Seen Class Acc: 0.0000 
Collating features...
564 31738
Epoch 58, Train ACC Unlabelled_v1: All 0.2846 | Old 0.4903 | New 0.2013
Epoch 58, Train ACC Unlabelled_v2: All 0.2304 | Old 0.3605 | New 0.1777
Train Accuracies: All 0.2846 | Old 0.4903 | New 0.2013
Train Epoch: 59 Avg Loss: 1.4585 | Seen Class Acc: 0.0000 
Collating features...
527 31738
Epoch 59, Train ACC Unlabelled_v1: All 0.2848 | Old 0.4884 | New 0.2024
Epoch 59, Train ACC Unlabelled_v2: All 0.2300 | Old 0.3596 | New 0.1776
Train Accuracies: All 0.2848 | Old 0.4884 | New 0.2024
Train Epoch: 60 Avg Loss: 1.4424 | Seen Class Acc: 0.0000 
Collating features...
588 31738
Epoch 60, Train ACC Unlabelled_v1: All 0.2873 | Old 0.4903 | New 0.2052
Epoch 60, Train ACC Unlabelled_v2: All 0.2328 | Old 0.3615 | New 0.1808
Train Accuracies: All 0.2873 | Old 0.4903 | New 0.2052
Train Epoch: 61 Avg Loss: 1.4479 | Seen Class Acc: 0.0000 
Collating features...
580 31738
Epoch 61, Train ACC Unlabelled_v1: All 0.2872 | Old 0.4908 | New 0.2048
Epoch 61, Train ACC Unlabelled_v2: All 0.2321 | Old 0.3595 | New 0.1806
Train Accuracies: All 0.2872 | Old 0.4908 | New 0.2048
Train Epoch: 62 Avg Loss: 1.4546 | Seen Class Acc: 0.0000 
Collating features...
574 31738
Epoch 62, Train ACC Unlabelled_v1: All 0.2859 | Old 0.4911 | New 0.2029
Epoch 62, Train ACC Unlabelled_v2: All 0.2301 | Old 0.3619 | New 0.1768
Train Accuracies: All 0.2859 | Old 0.4911 | New 0.2029
Train Epoch: 63 Avg Loss: 1.4432 | Seen Class Acc: 0.0000 
Collating features...
563 31738
Epoch 63, Train ACC Unlabelled_v1: All 0.2853 | Old 0.4903 | New 0.2023
Epoch 63, Train ACC Unlabelled_v2: All 0.2293 | Old 0.3616 | New 0.1757
Train Accuracies: All 0.2853 | Old 0.4903 | New 0.2023
Train Epoch: 64 Avg Loss: 1.4438 | Seen Class Acc: 0.0000 
Collating features...
569 31738
Epoch 64, Train ACC Unlabelled_v1: All 0.2857 | Old 0.4911 | New 0.2026
Epoch 64, Train ACC Unlabelled_v2: All 0.2304 | Old 0.3631 | New 0.1767
Train Accuracies: All 0.2857 | Old 0.4911 | New 0.2026
Train Epoch: 65 Avg Loss: 1.4351 | Seen Class Acc: 0.0000 
Collating features...
567 31738
Epoch 65, Train ACC Unlabelled_v1: All 0.2870 | Old 0.4910 | New 0.2044
Epoch 65, Train ACC Unlabelled_v2: All 0.2310 | Old 0.3627 | New 0.1777
Train Accuracies: All 0.2870 | Old 0.4910 | New 0.2044
Train Epoch: 66 Avg Loss: 1.4384 | Seen Class Acc: 0.0000 
Collating features...
550 31738
Epoch 66, Train ACC Unlabelled_v1: All 0.2869 | Old 0.4905 | New 0.2045
Epoch 66, Train ACC Unlabelled_v2: All 0.2309 | Old 0.3614 | New 0.1780
Train Accuracies: All 0.2869 | Old 0.4905 | New 0.2045
Train Epoch: 67 Avg Loss: 1.4388 | Seen Class Acc: 0.0000 
Collating features...
574 31738
Epoch 67, Train ACC Unlabelled_v1: All 0.2895 | Old 0.4910 | New 0.2080
Epoch 67, Train ACC Unlabelled_v2: All 0.2333 | Old 0.3592 | New 0.1824
Train Accuracies: All 0.2895 | Old 0.4910 | New 0.2080
Train Epoch: 68 Avg Loss: 1.4475 | Seen Class Acc: 0.0000 
Collating features...
552 31738
Epoch 68, Train ACC Unlabelled_v1: All 0.2907 | Old 0.4906 | New 0.2098
Epoch 68, Train ACC Unlabelled_v2: All 0.2343 | Old 0.3609 | New 0.1831
Train Accuracies: All 0.2907 | Old 0.4906 | New 0.2098
Train Epoch: 69 Avg Loss: 1.4452 | Seen Class Acc: 0.0000 
Collating features...
554 31738
Epoch 69, Train ACC Unlabelled_v1: All 0.2882 | Old 0.4905 | New 0.2064
Epoch 69, Train ACC Unlabelled_v2: All 0.2322 | Old 0.3593 | New 0.1807
Train Accuracies: All 0.2882 | Old 0.4905 | New 0.2064
Train Epoch: 70 Avg Loss: 1.4422 | Seen Class Acc: 0.0000 
Collating features...
531 31738
Epoch 70, Train ACC Unlabelled_v1: All 0.2868 | Old 0.4905 | New 0.2044
Epoch 70, Train ACC Unlabelled_v2: All 0.2303 | Old 0.3621 | New 0.1769
Train Accuracies: All 0.2868 | Old 0.4905 | New 0.2044
Train Epoch: 71 Avg Loss: 1.4320 | Seen Class Acc: 0.0000 
Collating features...
552 31738
Epoch 71, Train ACC Unlabelled_v1: All 0.2878 | Old 0.4912 | New 0.2054
Epoch 71, Train ACC Unlabelled_v2: All 0.2309 | Old 0.3626 | New 0.1776
Train Accuracies: All 0.2878 | Old 0.4912 | New 0.2054
Train Epoch: 72 Avg Loss: 1.4306 | Seen Class Acc: 0.0000 
Collating features...
544 31738
Epoch 72, Train ACC Unlabelled_v1: All 0.2863 | Old 0.4893 | New 0.2042
Epoch 72, Train ACC Unlabelled_v2: All 0.2307 | Old 0.3621 | New 0.1775
Train Accuracies: All 0.2863 | Old 0.4893 | New 0.2042
Train Epoch: 73 Avg Loss: 1.4430 | Seen Class Acc: 0.0000 
Collating features...
548 31738
Epoch 73, Train ACC Unlabelled_v1: All 0.2873 | Old 0.4900 | New 0.2052
Epoch 73, Train ACC Unlabelled_v2: All 0.2316 | Old 0.3630 | New 0.1784
Train Accuracies: All 0.2873 | Old 0.4900 | New 0.2052
Train Epoch: 74 Avg Loss: 1.4282 | Seen Class Acc: 0.0000 
Collating features...
546 31738
Epoch 74, Train ACC Unlabelled_v1: All 0.2885 | Old 0.4908 | New 0.2066
Epoch 74, Train ACC Unlabelled_v2: All 0.2322 | Old 0.3622 | New 0.1796
Train Accuracies: All 0.2885 | Old 0.4908 | New 0.2066
Train Epoch: 75 Avg Loss: 1.4371 | Seen Class Acc: 0.0000 
Collating features...
542 31738
Epoch 75, Train ACC Unlabelled_v1: All 0.2867 | Old 0.4906 | New 0.2042
Epoch 75, Train ACC Unlabelled_v2: All 0.2302 | Old 0.3622 | New 0.1768
Train Accuracies: All 0.2867 | Old 0.4906 | New 0.2042
Train Epoch: 76 Avg Loss: 1.4328 | Seen Class Acc: 0.0000 
Collating features...
533 31738
Epoch 76, Train ACC Unlabelled_v1: All 0.2872 | Old 0.4896 | New 0.2053
Epoch 76, Train ACC Unlabelled_v2: All 0.2309 | Old 0.3628 | New 0.1776
Train Accuracies: All 0.2872 | Old 0.4896 | New 0.2053
Train Epoch: 77 Avg Loss: 1.4357 | Seen Class Acc: 0.0000 
Collating features...
543 31738
Epoch 77, Train ACC Unlabelled_v1: All 0.2873 | Old 0.4893 | New 0.2055
Epoch 77, Train ACC Unlabelled_v2: All 0.2313 | Old 0.3603 | New 0.1791
Train Accuracies: All 0.2873 | Old 0.4893 | New 0.2055
Train Epoch: 78 Avg Loss: 1.4340 | Seen Class Acc: 0.0000 
Collating features...
532 31738
Epoch 78, Train ACC Unlabelled_v1: All 0.2867 | Old 0.4901 | New 0.2044
Epoch 78, Train ACC Unlabelled_v2: All 0.2306 | Old 0.3630 | New 0.1771
Train Accuracies: All 0.2867 | Old 0.4901 | New 0.2044
Train Epoch: 79 Avg Loss: 1.4344 | Seen Class Acc: 0.0000 
Collating features...
549 31738
Epoch 79, Train ACC Unlabelled_v1: All 0.2877 | Old 0.4901 | New 0.2058
Epoch 79, Train ACC Unlabelled_v2: All 0.2316 | Old 0.3616 | New 0.1791
Train Accuracies: All 0.2877 | Old 0.4901 | New 0.2058
Train Epoch: 80 Avg Loss: 1.4332 | Seen Class Acc: 0.0000 
Collating features...
542 31738
Epoch 80, Train ACC Unlabelled_v1: All 0.2867 | Old 0.4906 | New 0.2042
Epoch 80, Train ACC Unlabelled_v2: All 0.2304 | Old 0.3628 | New 0.1769
Train Accuracies: All 0.2867 | Old 0.4906 | New 0.2042
Train Epoch: 81 Avg Loss: 1.4347 | Seen Class Acc: 0.0000 
Collating features...
540 31738
Epoch 81, Train ACC Unlabelled_v1: All 0.2869 | Old 0.4889 | New 0.2051
Epoch 81, Train ACC Unlabelled_v2: All 0.2311 | Old 0.3605 | New 0.1787
Train Accuracies: All 0.2869 | Old 0.4889 | New 0.2051
Train Epoch: 82 Avg Loss: 1.4290 | Seen Class Acc: 0.0000 
Collating features...
534 31738
Epoch 82, Train ACC Unlabelled_v1: All 0.2849 | Old 0.4885 | New 0.2025
Epoch 82, Train ACC Unlabelled_v2: All 0.2293 | Old 0.3636 | New 0.1750
Train Accuracies: All 0.2849 | Old 0.4885 | New 0.2025
Train Epoch: 83 Avg Loss: 1.4268 | Seen Class Acc: 0.0000 
Collating features...
531 31738
Epoch 83, Train ACC Unlabelled_v1: All 0.2854 | Old 0.4885 | New 0.2033
Epoch 83, Train ACC Unlabelled_v2: All 0.2293 | Old 0.3599 | New 0.1765
Train Accuracies: All 0.2854 | Old 0.4885 | New 0.2033
Train Epoch: 84 Avg Loss: 1.4339 | Seen Class Acc: 0.0000 
Collating features...
536 31738
Epoch 84, Train ACC Unlabelled_v1: All 0.2855 | Old 0.4894 | New 0.2029
Epoch 84, Train ACC Unlabelled_v2: All 0.2297 | Old 0.3595 | New 0.1772
Train Accuracies: All 0.2855 | Old 0.4894 | New 0.2029
Train Epoch: 85 Avg Loss: 1.4238 | Seen Class Acc: 0.0000 
Collating features...
526 31738
Epoch 85, Train ACC Unlabelled_v1: All 0.2868 | Old 0.4899 | New 0.2047
Epoch 85, Train ACC Unlabelled_v2: All 0.2307 | Old 0.3617 | New 0.1777
Train Accuracies: All 0.2868 | Old 0.4899 | New 0.2047
Train Epoch: 86 Avg Loss: 1.4256 | Seen Class Acc: 0.0000 
Collating features...
520 31738
Epoch 86, Train ACC Unlabelled_v1: All 0.2868 | Old 0.4891 | New 0.2050
Epoch 86, Train ACC Unlabelled_v2: All 0.2304 | Old 0.3613 | New 0.1775
Train Accuracies: All 0.2868 | Old 0.4891 | New 0.2050
Train Epoch: 87 Avg Loss: 1.4304 | Seen Class Acc: 0.0000 
Collating features...
562 31738
Epoch 87, Train ACC Unlabelled_v1: All 0.2867 | Old 0.4906 | New 0.2042
Epoch 87, Train ACC Unlabelled_v2: All 0.2311 | Old 0.3609 | New 0.1785
Train Accuracies: All 0.2867 | Old 0.4906 | New 0.2042
Train Epoch: 88 Avg Loss: 1.4197 | Seen Class Acc: 0.0000 
Collating features...
540 31738
Epoch 88, Train ACC Unlabelled_v1: All 0.2869 | Old 0.4891 | New 0.2051
Epoch 88, Train ACC Unlabelled_v2: All 0.2308 | Old 0.3615 | New 0.1779
Train Accuracies: All 0.2869 | Old 0.4891 | New 0.2051
Train Epoch: 89 Avg Loss: 1.4408 | Seen Class Acc: 0.0000 
Collating features...
544 31738
Epoch 89, Train ACC Unlabelled_v1: All 0.2858 | Old 0.4899 | New 0.2033
Epoch 89, Train ACC Unlabelled_v2: All 0.2297 | Old 0.3629 | New 0.1757
Train Accuracies: All 0.2858 | Old 0.4899 | New 0.2033
Train Epoch: 90 Avg Loss: 1.4282 | Seen Class Acc: 0.0000 
Collating features...
546 31738
Epoch 90, Train ACC Unlabelled_v1: All 0.2877 | Old 0.4898 | New 0.2059
Epoch 90, Train ACC Unlabelled_v2: All 0.2319 | Old 0.3612 | New 0.1796
Train Accuracies: All 0.2877 | Old 0.4898 | New 0.2059
Train Epoch: 91 Avg Loss: 1.4248 | Seen Class Acc: 0.0000 
Collating features...
542 31738
Epoch 91, Train ACC Unlabelled_v1: All 0.2874 | Old 0.4900 | New 0.2054
Epoch 91, Train ACC Unlabelled_v2: All 0.2314 | Old 0.3621 | New 0.1784
Train Accuracies: All 0.2874 | Old 0.4900 | New 0.2054
Train Epoch: 92 Avg Loss: 1.4177 | Seen Class Acc: 0.0000 
Collating features...
552 31738
Epoch 92, Train ACC Unlabelled_v1: All 0.2872 | Old 0.4908 | New 0.2049
Epoch 92, Train ACC Unlabelled_v2: All 0.2308 | Old 0.3606 | New 0.1782
Train Accuracies: All 0.2872 | Old 0.4908 | New 0.2049
Train Epoch: 93 Avg Loss: 1.4311 | Seen Class Acc: 0.0000 
Collating features...
547 31738
Epoch 93, Train ACC Unlabelled_v1: All 0.2877 | Old 0.4912 | New 0.2054
Epoch 93, Train ACC Unlabelled_v2: All 0.2312 | Old 0.3633 | New 0.1778
Train Accuracies: All 0.2877 | Old 0.4912 | New 0.2054
Train Epoch: 94 Avg Loss: 1.4406 | Seen Class Acc: 0.0000 
Collating features...
534 31738
Epoch 94, Train ACC Unlabelled_v1: All 0.2874 | Old 0.4887 | New 0.2060
Epoch 94, Train ACC Unlabelled_v2: All 0.2310 | Old 0.3615 | New 0.1782
Train Accuracies: All 0.2874 | Old 0.4887 | New 0.2060
Train Epoch: 95 Avg Loss: 1.4278 | Seen Class Acc: 0.0000 
Collating features...
533 31738
Epoch 95, Train ACC Unlabelled_v1: All 0.2874 | Old 0.4890 | New 0.2058
Epoch 95, Train ACC Unlabelled_v2: All 0.2315 | Old 0.3598 | New 0.1796
Train Accuracies: All 0.2874 | Old 0.4890 | New 0.2058
Train Epoch: 96 Avg Loss: 1.4273 | Seen Class Acc: 0.0000 
Collating features...
530 31738
Epoch 96, Train ACC Unlabelled_v1: All 0.2872 | Old 0.4902 | New 0.2050
Epoch 96, Train ACC Unlabelled_v2: All 0.2314 | Old 0.3613 | New 0.1788
Train Accuracies: All 0.2872 | Old 0.4902 | New 0.2050
Train Epoch: 97 Avg Loss: 1.4262 | Seen Class Acc: 0.0000 
Collating features...
532 31738
Epoch 97, Train ACC Unlabelled_v1: All 0.2866 | Old 0.4892 | New 0.2046
Epoch 97, Train ACC Unlabelled_v2: All 0.2305 | Old 0.3595 | New 0.1784
Train Accuracies: All 0.2866 | Old 0.4892 | New 0.2046
Train Epoch: 98 Avg Loss: 1.4419 | Seen Class Acc: 0.0000 
Collating features...
549 31738
Epoch 98, Train ACC Unlabelled_v1: All 0.2876 | Old 0.4912 | New 0.2053
Epoch 98, Train ACC Unlabelled_v2: All 0.2322 | Old 0.3642 | New 0.1788
Train Accuracies: All 0.2876 | Old 0.4912 | New 0.2053
Train Epoch: 99 Avg Loss: 1.4240 | Seen Class Acc: 0.0000 
Collating features...
547 31738
Epoch 99, Train ACC Unlabelled_v1: All 0.2863 | Old 0.4915 | New 0.2033
Epoch 99, Train ACC Unlabelled_v2: All 0.2304 | Old 0.3622 | New 0.1771
Train Accuracies: All 0.2863 | Old 0.4915 | New 0.2033
