Experiment saved to: /home/pszzz/hyzheng/myocd/SMILE/checkpoints/log/(28.04.2024_|_48.816)
['checkpoints']
Namespace(batch_size=128, num_workers=16, eval_funcs=['v1', 'v2'], warmup_model_dir=None, model_name='vit_dino', dataset_name='Mollusca', prop_train_labels=0.5, use_ssb_splits=True, grad_from_block=11, lr=0.01, save_best_thresh=None, gamma=0.1, momentum=0.9, weight_decay=5e-05, epochs=100, exp_root='/home/pszzz/hyzheng/myocd/SMILE/', transform='imagenet', seed=1, base_model='vit_dino', temperature=1.0, sup_con_weight=0.5, n_views=2, contrast_unlabel_only=False, image_size=224, train_classes=range(0, 47), unlabeled_classes=range(47, 93), num_labeled_classes=47, num_unlabeled_classes=46, cuda=True, log_dir='/home/pszzz/hyzheng/myocd/SMILE/checkpoints/log/(28.04.2024_|_48.816)', model_dir='/home/pszzz/hyzheng/myocd/SMILE/checkpoints/log/(28.04.2024_|_48.816)/checkpoints', model_path='/home/pszzz/hyzheng/myocd/SMILE/checkpoints/log/(28.04.2024_|_48.816)/checkpoints/model.pt', writer=<tensorboardX.writer.SummaryWriter object at 0x7f0ccedc8a90>)
Using evaluation function v1 to print results
Train Epoch: 0 Avg Loss: 5.9881 | Seen Class Acc: 0.0000 
Collating features...
157 6960
Epoch 0, Train ACC Unlabelled_v1: All 0.3786 | Old 0.4551 | New 0.3379
Epoch 0, Train ACC Unlabelled_v2: All 0.2932 | Old 0.3049 | New 0.2870
Train Accuracies: All 0.3786 | Old 0.4551 | New 0.3379
Train Epoch: 1 Avg Loss: 4.7519 | Seen Class Acc: 0.0000 
Collating features...
125 6960
Epoch 1, Train ACC Unlabelled_v1: All 0.3885 | Old 0.4841 | New 0.3377
Epoch 1, Train ACC Unlabelled_v2: All 0.3000 | Old 0.3413 | New 0.2780
Train Accuracies: All 0.3885 | Old 0.4841 | New 0.3377
Train Epoch: 2 Avg Loss: 4.2033 | Seen Class Acc: 0.0000 
Collating features...
104 6960
Epoch 2, Train ACC Unlabelled_v1: All 0.3927 | Old 0.4861 | New 0.3429
Epoch 2, Train ACC Unlabelled_v2: All 0.3083 | Old 0.3508 | New 0.2857
Train Accuracies: All 0.3927 | Old 0.4861 | New 0.3429
Train Epoch: 3 Avg Loss: 3.7902 | Seen Class Acc: 0.0000 
Collating features...
117 6960
Epoch 3, Train ACC Unlabelled_v1: All 0.3876 | Old 0.5296 | New 0.3121
Epoch 3, Train ACC Unlabelled_v2: All 0.2885 | Old 0.3686 | New 0.2459
Train Accuracies: All 0.3876 | Old 0.5296 | New 0.3121
Train Epoch: 4 Avg Loss: 3.5454 | Seen Class Acc: 0.0000 
Collating features...
105 6960
Epoch 4, Train ACC Unlabelled_v1: All 0.4132 | Old 0.5428 | New 0.3443
Epoch 4, Train ACC Unlabelled_v2: All 0.3050 | Old 0.3699 | New 0.2705
Train Accuracies: All 0.4132 | Old 0.5428 | New 0.3443
Train Epoch: 5 Avg Loss: 3.3824 | Seen Class Acc: 0.0000 
Collating features...
116 6960
Epoch 5, Train ACC Unlabelled_v1: All 0.3977 | Old 0.5494 | New 0.3170
Epoch 5, Train ACC Unlabelled_v2: All 0.2990 | Old 0.4059 | New 0.2421
Train Accuracies: All 0.3977 | Old 0.5494 | New 0.3170
Train Epoch: 6 Avg Loss: 3.2078 | Seen Class Acc: 0.0000 
Collating features...
111 6960
Epoch 6, Train ACC Unlabelled_v1: All 0.4190 | Old 0.5631 | New 0.3423
Epoch 6, Train ACC Unlabelled_v2: All 0.3092 | Old 0.3711 | New 0.2762
Train Accuracies: All 0.4190 | Old 0.5631 | New 0.3423
Train Epoch: 7 Avg Loss: 3.0853 | Seen Class Acc: 0.0000 
Collating features...
107 6960
Epoch 7, Train ACC Unlabelled_v1: All 0.4302 | Old 0.5701 | New 0.3557
Epoch 7, Train ACC Unlabelled_v2: All 0.3293 | Old 0.3852 | New 0.2996
Train Accuracies: All 0.4302 | Old 0.5701 | New 0.3557
Train Epoch: 8 Avg Loss: 2.9902 | Seen Class Acc: 0.0000 
Collating features...
93 6960
Epoch 8, Train ACC Unlabelled_v1: All 0.4019 | Old 0.5697 | New 0.3126
Epoch 8, Train ACC Unlabelled_v2: All 0.3145 | Old 0.4191 | New 0.2589
Train Accuracies: All 0.4019 | Old 0.5697 | New 0.3126
Train Epoch: 9 Avg Loss: 2.8891 | Seen Class Acc: 0.0000 
Collating features...
118 6960
Epoch 9, Train ACC Unlabelled_v1: All 0.3978 | Old 0.5726 | New 0.3049
Epoch 9, Train ACC Unlabelled_v2: All 0.3108 | Old 0.4212 | New 0.2520
Train Accuracies: All 0.3978 | Old 0.5726 | New 0.3049
Train Epoch: 10 Avg Loss: 2.8157 | Seen Class Acc: 0.0000 
Collating features...
97 6960
Epoch 10, Train ACC Unlabelled_v1: All 0.4060 | Old 0.5871 | New 0.3097
Epoch 10, Train ACC Unlabelled_v2: All 0.3129 | Old 0.4336 | New 0.2487
Train Accuracies: All 0.4060 | Old 0.5871 | New 0.3097
Train Epoch: 11 Avg Loss: 2.7763 | Seen Class Acc: 0.0000 
Collating features...
105 6960
Epoch 11, Train ACC Unlabelled_v1: All 0.4259 | Old 0.5821 | New 0.3427
Epoch 11, Train ACC Unlabelled_v2: All 0.3168 | Old 0.3372 | New 0.3060
Train Accuracies: All 0.4259 | Old 0.5821 | New 0.3427
Train Epoch: 12 Avg Loss: 2.7558 | Seen Class Acc: 0.0000 
Collating features...
99 6960
Epoch 12, Train ACC Unlabelled_v1: All 0.4273 | Old 0.5805 | New 0.3458
Epoch 12, Train ACC Unlabelled_v2: All 0.3284 | Old 0.3724 | New 0.3051
Train Accuracies: All 0.4273 | Old 0.5805 | New 0.3458
Train Epoch: 13 Avg Loss: 2.6773 | Seen Class Acc: 0.0000 
Collating features...
109 6960
Epoch 13, Train ACC Unlabelled_v1: All 0.4204 | Old 0.5867 | New 0.3319
Epoch 13, Train ACC Unlabelled_v2: All 0.3144 | Old 0.3575 | New 0.2914
Train Accuracies: All 0.4204 | Old 0.5867 | New 0.3319
Train Epoch: 14 Avg Loss: 2.6313 | Seen Class Acc: 0.0000 
Collating features...
99 6960
Epoch 14, Train ACC Unlabelled_v1: All 0.4307 | Old 0.5900 | New 0.3460
Epoch 14, Train ACC Unlabelled_v2: All 0.3234 | Old 0.3711 | New 0.2980
Train Accuracies: All 0.4307 | Old 0.5900 | New 0.3460
Train Epoch: 15 Avg Loss: 2.6081 | Seen Class Acc: 0.0000 
Collating features...
105 6960
Epoch 15, Train ACC Unlabelled_v1: All 0.4279 | Old 0.5912 | New 0.3410
Epoch 15, Train ACC Unlabelled_v2: All 0.3184 | Old 0.3914 | New 0.2796
Train Accuracies: All 0.4279 | Old 0.5912 | New 0.3410
Train Epoch: 16 Avg Loss: 2.5845 | Seen Class Acc: 0.0000 
Collating features...
99 6960
Epoch 16, Train ACC Unlabelled_v1: All 0.4296 | Old 0.5916 | New 0.3434
Epoch 16, Train ACC Unlabelled_v2: All 0.3243 | Old 0.3666 | New 0.3018
Train Accuracies: All 0.4296 | Old 0.5916 | New 0.3434
Train Epoch: 17 Avg Loss: 2.5421 | Seen Class Acc: 0.0000 
Collating features...
108 6960
Epoch 17, Train ACC Unlabelled_v1: All 0.4224 | Old 0.5867 | New 0.3350
Epoch 17, Train ACC Unlabelled_v2: All 0.3162 | Old 0.3964 | New 0.2736
Train Accuracies: All 0.4224 | Old 0.5867 | New 0.3350
Train Epoch: 18 Avg Loss: 2.5448 | Seen Class Acc: 0.0000 
Collating features...
97 6960
Epoch 18, Train ACC Unlabelled_v1: All 0.4259 | Old 0.5834 | New 0.3421
Epoch 18, Train ACC Unlabelled_v2: All 0.3178 | Old 0.3864 | New 0.2813
Train Accuracies: All 0.4259 | Old 0.5834 | New 0.3421
Train Epoch: 19 Avg Loss: 2.5243 | Seen Class Acc: 0.0000 
Collating features...
99 6960
Epoch 19, Train ACC Unlabelled_v1: All 0.4207 | Old 0.5929 | New 0.3291
Epoch 19, Train ACC Unlabelled_v2: All 0.3121 | Old 0.3988 | New 0.2659
Train Accuracies: All 0.4207 | Old 0.5929 | New 0.3291
Train Epoch: 20 Avg Loss: 2.5116 | Seen Class Acc: 0.0000 
Collating features...
105 6960
Epoch 20, Train ACC Unlabelled_v1: All 0.4342 | Old 0.5916 | New 0.3504
Epoch 20, Train ACC Unlabelled_v2: All 0.3207 | Old 0.3297 | New 0.3159
Train Accuracies: All 0.4342 | Old 0.5916 | New 0.3504
Train Epoch: 21 Avg Loss: 2.4969 | Seen Class Acc: 0.0000 
Collating features...
92 6960
Epoch 21, Train ACC Unlabelled_v1: All 0.4254 | Old 0.5929 | New 0.3363
Epoch 21, Train ACC Unlabelled_v2: All 0.3181 | Old 0.3674 | New 0.2919
Train Accuracies: All 0.4254 | Old 0.5929 | New 0.3363
Train Epoch: 22 Avg Loss: 2.4844 | Seen Class Acc: 0.0000 
Collating features...
102 6960
Epoch 22, Train ACC Unlabelled_v1: All 0.4299 | Old 0.5900 | New 0.3447
Epoch 22, Train ACC Unlabelled_v2: All 0.3216 | Old 0.3566 | New 0.3029
Train Accuracies: All 0.4299 | Old 0.5900 | New 0.3447
Train Epoch: 23 Avg Loss: 2.4603 | Seen Class Acc: 0.0000 
Collating features...
95 6960
Epoch 23, Train ACC Unlabelled_v1: All 0.4381 | Old 0.5937 | New 0.3553
Epoch 23, Train ACC Unlabelled_v2: All 0.3283 | Old 0.3782 | New 0.3018
Train Accuracies: All 0.4381 | Old 0.5937 | New 0.3553
Train Epoch: 24 Avg Loss: 2.4393 | Seen Class Acc: 0.0000 
Collating features...
90 6960
Epoch 24, Train ACC Unlabelled_v1: All 0.4309 | Old 0.5945 | New 0.3438
Epoch 24, Train ACC Unlabelled_v2: All 0.3223 | Old 0.3811 | New 0.2910
Train Accuracies: All 0.4309 | Old 0.5945 | New 0.3438
Train Epoch: 25 Avg Loss: 2.4403 | Seen Class Acc: 0.0000 
Collating features...
91 6960
Epoch 25, Train ACC Unlabelled_v1: All 0.4194 | Old 0.5904 | New 0.3284
Epoch 25, Train ACC Unlabelled_v2: All 0.3145 | Old 0.4220 | New 0.2573
Train Accuracies: All 0.4194 | Old 0.5904 | New 0.3284
Train Epoch: 26 Avg Loss: 2.4233 | Seen Class Acc: 0.0000 
Collating features...
95 6960
Epoch 26, Train ACC Unlabelled_v1: All 0.4313 | Old 0.5945 | New 0.3445
Epoch 26, Train ACC Unlabelled_v2: All 0.3216 | Old 0.3893 | New 0.2855
Train Accuracies: All 0.4313 | Old 0.5945 | New 0.3445
Train Epoch: 27 Avg Loss: 2.4018 | Seen Class Acc: 0.0000 
Collating features...
103 6960
Epoch 27, Train ACC Unlabelled_v1: All 0.4276 | Old 0.5929 | New 0.3396
Epoch 27, Train ACC Unlabelled_v2: All 0.3158 | Old 0.3893 | New 0.2767
Train Accuracies: All 0.4276 | Old 0.5929 | New 0.3396
Train Epoch: 28 Avg Loss: 2.4032 | Seen Class Acc: 0.0000 
Collating features...
94 6960
Epoch 28, Train ACC Unlabelled_v1: All 0.4253 | Old 0.5962 | New 0.3344
Epoch 28, Train ACC Unlabelled_v2: All 0.3118 | Old 0.4166 | New 0.2560
Train Accuracies: All 0.4253 | Old 0.5962 | New 0.3344
Train Epoch: 29 Avg Loss: 2.3900 | Seen Class Acc: 0.0000 
Collating features...
96 6960
Epoch 29, Train ACC Unlabelled_v1: All 0.4256 | Old 0.5945 | New 0.3357
Epoch 29, Train ACC Unlabelled_v2: All 0.3134 | Old 0.3852 | New 0.2751
Train Accuracies: All 0.4256 | Old 0.5945 | New 0.3357
Train Epoch: 30 Avg Loss: 2.3805 | Seen Class Acc: 0.0000 
Collating features...
94 6960
Epoch 30, Train ACC Unlabelled_v1: All 0.4310 | Old 0.5958 | New 0.3434
Epoch 30, Train ACC Unlabelled_v2: All 0.3165 | Old 0.3811 | New 0.2822
Train Accuracies: All 0.4310 | Old 0.5958 | New 0.3434
Train Epoch: 31 Avg Loss: 2.3850 | Seen Class Acc: 0.0000 
Collating features...
90 6960
Epoch 31, Train ACC Unlabelled_v1: All 0.4240 | Old 0.5962 | New 0.3324
Epoch 31, Train ACC Unlabelled_v2: All 0.3091 | Old 0.3984 | New 0.2615
Train Accuracies: All 0.4240 | Old 0.5962 | New 0.3324
Train Epoch: 32 Avg Loss: 2.3815 | Seen Class Acc: 0.0000 
Collating features...
91 6960
Epoch 32, Train ACC Unlabelled_v1: All 0.4259 | Old 0.5978 | New 0.3344
Epoch 32, Train ACC Unlabelled_v2: All 0.3108 | Old 0.3922 | New 0.2674
Train Accuracies: All 0.4259 | Old 0.5978 | New 0.3344
Train Epoch: 33 Avg Loss: 2.3946 | Seen Class Acc: 0.0000 
Collating features...
88 6960
Epoch 33, Train ACC Unlabelled_v1: All 0.4191 | Old 0.5970 | New 0.3245
Epoch 33, Train ACC Unlabelled_v2: All 0.3088 | Old 0.4208 | New 0.2492
Train Accuracies: All 0.4191 | Old 0.5970 | New 0.3245
Train Epoch: 34 Avg Loss: 2.3707 | Seen Class Acc: 0.0000 
Collating features...
94 6960
Epoch 34, Train ACC Unlabelled_v1: All 0.4297 | Old 0.6003 | New 0.3390
Epoch 34, Train ACC Unlabelled_v2: All 0.3089 | Old 0.3662 | New 0.2785
Train Accuracies: All 0.4297 | Old 0.6003 | New 0.3390
Train Epoch: 35 Avg Loss: 2.3447 | Seen Class Acc: 0.0000 
Collating features...
89 6960
Epoch 35, Train ACC Unlabelled_v1: All 0.4290 | Old 0.5974 | New 0.3394
Epoch 35, Train ACC Unlabelled_v2: All 0.3138 | Old 0.3537 | New 0.2925
Train Accuracies: All 0.4290 | Old 0.5974 | New 0.3394
Train Epoch: 36 Avg Loss: 2.3544 | Seen Class Acc: 0.0000 
Collating features...
90 6960
Epoch 36, Train ACC Unlabelled_v1: All 0.4309 | Old 0.5978 | New 0.3421
Epoch 36, Train ACC Unlabelled_v2: All 0.3098 | Old 0.3620 | New 0.2820
Train Accuracies: All 0.4309 | Old 0.5978 | New 0.3421
Train Epoch: 37 Avg Loss: 2.3752 | Seen Class Acc: 0.0000 
Collating features...
86 6960
Epoch 37, Train ACC Unlabelled_v1: All 0.4302 | Old 0.5999 | New 0.3399
Epoch 37, Train ACC Unlabelled_v2: All 0.3147 | Old 0.3728 | New 0.2837
Train Accuracies: All 0.4302 | Old 0.5999 | New 0.3399
Train Epoch: 38 Avg Loss: 2.3494 | Seen Class Acc: 0.0000 
Collating features...
89 6960
Epoch 38, Train ACC Unlabelled_v1: All 0.4259 | Old 0.6003 | New 0.3330
Epoch 38, Train ACC Unlabelled_v2: All 0.3105 | Old 0.4005 | New 0.2626
Train Accuracies: All 0.4259 | Old 0.6003 | New 0.3330
Train Epoch: 39 Avg Loss: 2.3464 | Seen Class Acc: 0.0000 
Collating features...
90 6960
Epoch 39, Train ACC Unlabelled_v1: All 0.4295 | Old 0.5991 | New 0.3392
Epoch 39, Train ACC Unlabelled_v2: All 0.3148 | Old 0.3993 | New 0.2699
Train Accuracies: All 0.4295 | Old 0.5991 | New 0.3392
Train Epoch: 40 Avg Loss: 2.3520 | Seen Class Acc: 0.0000 
Collating features...
91 6960
Epoch 40, Train ACC Unlabelled_v1: All 0.4267 | Old 0.5978 | New 0.3357
Epoch 40, Train ACC Unlabelled_v2: All 0.3089 | Old 0.3682 | New 0.2773
Train Accuracies: All 0.4267 | Old 0.5978 | New 0.3357
Train Epoch: 41 Avg Loss: 2.3534 | Seen Class Acc: 0.0000 
Collating features...
83 6960
Epoch 41, Train ACC Unlabelled_v1: All 0.4274 | Old 0.6012 | New 0.3350
Epoch 41, Train ACC Unlabelled_v2: All 0.3106 | Old 0.3902 | New 0.2683
Train Accuracies: All 0.4274 | Old 0.6012 | New 0.3350
Train Epoch: 42 Avg Loss: 2.3466 | Seen Class Acc: 0.0000 
Collating features...
85 6960
Epoch 42, Train ACC Unlabelled_v1: All 0.4257 | Old 0.6012 | New 0.3324
Epoch 42, Train ACC Unlabelled_v2: All 0.3115 | Old 0.3947 | New 0.2672
Train Accuracies: All 0.4257 | Old 0.6012 | New 0.3324
Train Epoch: 43 Avg Loss: 2.3507 | Seen Class Acc: 0.0000 
Collating features...
84 6960
Epoch 43, Train ACC Unlabelled_v1: All 0.4287 | Old 0.5999 | New 0.3377
Epoch 43, Train ACC Unlabelled_v2: All 0.3101 | Old 0.3695 | New 0.2785
Train Accuracies: All 0.4287 | Old 0.5999 | New 0.3377
Train Epoch: 44 Avg Loss: 2.3486 | Seen Class Acc: 0.0000 
Collating features...
79 6960
Epoch 44, Train ACC Unlabelled_v1: All 0.4286 | Old 0.5999 | New 0.3374
Epoch 44, Train ACC Unlabelled_v2: All 0.3115 | Old 0.4034 | New 0.2626
Train Accuracies: All 0.4286 | Old 0.5999 | New 0.3374
Train Epoch: 45 Avg Loss: 2.3371 | Seen Class Acc: 0.0000 
Collating features...
88 6960
Epoch 45, Train ACC Unlabelled_v1: All 0.4276 | Old 0.6007 | New 0.3355
Epoch 45, Train ACC Unlabelled_v2: All 0.3078 | Old 0.4001 | New 0.2586
Train Accuracies: All 0.4276 | Old 0.6007 | New 0.3355
Train Epoch: 46 Avg Loss: 2.3482 | Seen Class Acc: 0.0000 
Collating features...
86 6960
Epoch 46, Train ACC Unlabelled_v1: All 0.4249 | Old 0.6020 | New 0.3306
Epoch 46, Train ACC Unlabelled_v2: All 0.3082 | Old 0.4017 | New 0.2584
Train Accuracies: All 0.4249 | Old 0.6020 | New 0.3306
Train Epoch: 47 Avg Loss: 2.3686 | Seen Class Acc: 0.0000 
Collating features...
88 6960
Epoch 47, Train ACC Unlabelled_v1: All 0.4280 | Old 0.6007 | New 0.3361
Epoch 47, Train ACC Unlabelled_v2: All 0.3091 | Old 0.3703 | New 0.2765
Train Accuracies: All 0.4280 | Old 0.6007 | New 0.3361
Train Epoch: 48 Avg Loss: 2.3386 | Seen Class Acc: 0.0000 
Collating features...
88 6960
Epoch 48, Train ACC Unlabelled_v1: All 0.4266 | Old 0.5995 | New 0.3346
Epoch 48, Train ACC Unlabelled_v2: All 0.3108 | Old 0.4001 | New 0.2633
Train Accuracies: All 0.4266 | Old 0.5995 | New 0.3346
Train Epoch: 49 Avg Loss: 2.3461 | Seen Class Acc: 0.0000 
Collating features...
87 6960
Epoch 49, Train ACC Unlabelled_v1: All 0.4256 | Old 0.5999 | New 0.3328
Epoch 49, Train ACC Unlabelled_v2: All 0.3085 | Old 0.3947 | New 0.2626
Train Accuracies: All 0.4256 | Old 0.5999 | New 0.3328
Train Epoch: 50 Avg Loss: 2.3480 | Seen Class Acc: 0.0000 
Collating features...
85 6960
Epoch 50, Train ACC Unlabelled_v1: All 0.4290 | Old 0.6012 | New 0.3374
Epoch 50, Train ACC Unlabelled_v2: All 0.3109 | Old 0.3641 | New 0.2826
Train Accuracies: All 0.4290 | Old 0.6012 | New 0.3374
Train Epoch: 51 Avg Loss: 2.3263 | Seen Class Acc: 0.0000 
Collating features...
84 6960
Epoch 51, Train ACC Unlabelled_v1: All 0.4280 | Old 0.5991 | New 0.3370
Epoch 51, Train ACC Unlabelled_v2: All 0.3105 | Old 0.3633 | New 0.2824
Train Accuracies: All 0.4280 | Old 0.5991 | New 0.3370
Train Epoch: 52 Avg Loss: 2.3376 | Seen Class Acc: 0.0000 
Collating features...
82 6960
Epoch 52, Train ACC Unlabelled_v1: All 0.4290 | Old 0.5978 | New 0.3392
Epoch 52, Train ACC Unlabelled_v2: All 0.3114 | Old 0.3591 | New 0.2859
Train Accuracies: All 0.4290 | Old 0.5978 | New 0.3392
Train Epoch: 53 Avg Loss: 2.3338 | Seen Class Acc: 0.0000 
Collating features...
83 6960
Epoch 53, Train ACC Unlabelled_v1: All 0.4244 | Old 0.5995 | New 0.3313
Epoch 53, Train ACC Unlabelled_v2: All 0.3080 | Old 0.3993 | New 0.2595
Train Accuracies: All 0.4244 | Old 0.5995 | New 0.3313
Train Epoch: 54 Avg Loss: 2.3402 | Seen Class Acc: 0.0000 
Collating features...
86 6960
Epoch 54, Train ACC Unlabelled_v1: All 0.4241 | Old 0.5987 | New 0.3313
Epoch 54, Train ACC Unlabelled_v2: All 0.3099 | Old 0.3624 | New 0.2820
Train Accuracies: All 0.4241 | Old 0.5987 | New 0.3313
Train Epoch: 55 Avg Loss: 2.3119 | Seen Class Acc: 0.0000 
Collating features...
84 6960
Epoch 55, Train ACC Unlabelled_v1: All 0.4267 | Old 0.5995 | New 0.3348
Epoch 55, Train ACC Unlabelled_v2: All 0.3088 | Old 0.3633 | New 0.2798
Train Accuracies: All 0.4267 | Old 0.5995 | New 0.3348
Train Epoch: 56 Avg Loss: 2.3301 | Seen Class Acc: 0.0000 
Collating features...
86 6960
Epoch 56, Train ACC Unlabelled_v1: All 0.4292 | Old 0.6016 | New 0.3374
Epoch 56, Train ACC Unlabelled_v2: All 0.3114 | Old 0.3947 | New 0.2670
Train Accuracies: All 0.4292 | Old 0.6016 | New 0.3374
Train Epoch: 57 Avg Loss: 2.3304 | Seen Class Acc: 0.0000 
Collating features...
82 6960
Epoch 57, Train ACC Unlabelled_v1: All 0.4254 | Old 0.5983 | New 0.3335
Epoch 57, Train ACC Unlabelled_v2: All 0.3089 | Old 0.3926 | New 0.2644
Train Accuracies: All 0.4254 | Old 0.5983 | New 0.3335
Train Epoch: 58 Avg Loss: 2.3341 | Seen Class Acc: 0.0000 
Collating features...
85 6960
Epoch 58, Train ACC Unlabelled_v1: All 0.4261 | Old 0.5970 | New 0.3352
Epoch 58, Train ACC Unlabelled_v2: All 0.3089 | Old 0.3773 | New 0.2725
Train Accuracies: All 0.4261 | Old 0.5970 | New 0.3352
Train Epoch: 59 Avg Loss: 2.3227 | Seen Class Acc: 0.0000 
Collating features...
87 6960
Epoch 59, Train ACC Unlabelled_v1: All 0.4289 | Old 0.5978 | New 0.3390
Epoch 59, Train ACC Unlabelled_v2: All 0.3101 | Old 0.3604 | New 0.2833
Train Accuracies: All 0.4289 | Old 0.5978 | New 0.3390
Train Epoch: 60 Avg Loss: 2.3548 | Seen Class Acc: 0.0000 
Collating features...
91 6960
Epoch 60, Train ACC Unlabelled_v1: All 0.4269 | Old 0.5995 | New 0.3350
Epoch 60, Train ACC Unlabelled_v2: All 0.3096 | Old 0.4009 | New 0.2611
Train Accuracies: All 0.4269 | Old 0.5995 | New 0.3350
Train Epoch: 61 Avg Loss: 2.3375 | Seen Class Acc: 0.0000 
Collating features...
87 6960
Epoch 61, Train ACC Unlabelled_v1: All 0.4251 | Old 0.6020 | New 0.3311
Epoch 61, Train ACC Unlabelled_v2: All 0.3125 | Old 0.4017 | New 0.2650
Train Accuracies: All 0.4251 | Old 0.6020 | New 0.3311
Train Epoch: 62 Avg Loss: 2.3162 | Seen Class Acc: 0.0000 
Collating features...
88 6960
Epoch 62, Train ACC Unlabelled_v1: All 0.4270 | Old 0.6012 | New 0.3344
Epoch 62, Train ACC Unlabelled_v2: All 0.3134 | Old 0.3947 | New 0.2701
Train Accuracies: All 0.4270 | Old 0.6012 | New 0.3344
Train Epoch: 63 Avg Loss: 2.3147 | Seen Class Acc: 0.0000 
Collating features...
86 6960
Epoch 63, Train ACC Unlabelled_v1: All 0.4267 | Old 0.5999 | New 0.3346
Epoch 63, Train ACC Unlabelled_v2: All 0.3129 | Old 0.3943 | New 0.2696
Train Accuracies: All 0.4267 | Old 0.5999 | New 0.3346
Train Epoch: 64 Avg Loss: 2.3355 | Seen Class Acc: 0.0000 
Collating features...
89 6960
Epoch 64, Train ACC Unlabelled_v1: All 0.4273 | Old 0.6003 | New 0.3352
Epoch 64, Train ACC Unlabelled_v2: All 0.3118 | Old 0.3993 | New 0.2652
Train Accuracies: All 0.4273 | Old 0.6003 | New 0.3352
Train Epoch: 65 Avg Loss: 2.3223 | Seen Class Acc: 0.0000 
Collating features...
83 6960
Epoch 65, Train ACC Unlabelled_v1: All 0.4266 | Old 0.5991 | New 0.3348
Epoch 65, Train ACC Unlabelled_v2: All 0.3122 | Old 0.3988 | New 0.2661
Train Accuracies: All 0.4266 | Old 0.5991 | New 0.3348
Train Epoch: 66 Avg Loss: 2.3281 | Seen Class Acc: 0.0000 
Collating features...
83 6960
Epoch 66, Train ACC Unlabelled_v1: All 0.4277 | Old 0.5995 | New 0.3363
Epoch 66, Train ACC Unlabelled_v2: All 0.3125 | Old 0.3926 | New 0.2699
Train Accuracies: All 0.4277 | Old 0.5995 | New 0.3363
Train Epoch: 67 Avg Loss: 2.3366 | Seen Class Acc: 0.0000 
Collating features...
82 6960
Epoch 67, Train ACC Unlabelled_v1: All 0.4259 | Old 0.5991 | New 0.3337
Epoch 67, Train ACC Unlabelled_v2: All 0.3112 | Old 0.3926 | New 0.2679
Train Accuracies: All 0.4259 | Old 0.5991 | New 0.3337
Train Epoch: 68 Avg Loss: 2.3498 | Seen Class Acc: 0.0000 
Collating features...
84 6960
Epoch 68, Train ACC Unlabelled_v1: All 0.4239 | Old 0.5991 | New 0.3306
Epoch 68, Train ACC Unlabelled_v2: All 0.3115 | Old 0.3997 | New 0.2646
Train Accuracies: All 0.4239 | Old 0.5991 | New 0.3306
Train Epoch: 69 Avg Loss: 2.3115 | Seen Class Acc: 0.0000 
Collating features...
85 6960
Epoch 69, Train ACC Unlabelled_v1: All 0.4266 | Old 0.5991 | New 0.3348
Epoch 69, Train ACC Unlabelled_v2: All 0.3126 | Old 0.3935 | New 0.2696
Train Accuracies: All 0.4266 | Old 0.5991 | New 0.3348
Train Epoch: 70 Avg Loss: 2.3347 | Seen Class Acc: 0.0000 
Collating features...
86 6960
Epoch 70, Train ACC Unlabelled_v1: All 0.4284 | Old 0.6007 | New 0.3368
Epoch 70, Train ACC Unlabelled_v2: All 0.3134 | Old 0.4013 | New 0.2666
Train Accuracies: All 0.4284 | Old 0.6007 | New 0.3368
Train Epoch: 71 Avg Loss: 2.3253 | Seen Class Acc: 0.0000 
Collating features...
86 6960
Epoch 71, Train ACC Unlabelled_v1: All 0.4289 | Old 0.5999 | New 0.3379
Epoch 71, Train ACC Unlabelled_v2: All 0.3116 | Old 0.3997 | New 0.2648
Train Accuracies: All 0.4289 | Old 0.5999 | New 0.3379
Train Epoch: 72 Avg Loss: 2.3375 | Seen Class Acc: 0.0000 
Collating features...
83 6960
Epoch 72, Train ACC Unlabelled_v1: All 0.4267 | Old 0.5999 | New 0.3346
Epoch 72, Train ACC Unlabelled_v2: All 0.3121 | Old 0.4013 | New 0.2646
Train Accuracies: All 0.4267 | Old 0.5999 | New 0.3346
Train Epoch: 73 Avg Loss: 2.3340 | Seen Class Acc: 0.0000 
Collating features...
85 6960
Epoch 73, Train ACC Unlabelled_v1: All 0.4282 | Old 0.6012 | New 0.3361
Epoch 73, Train ACC Unlabelled_v2: All 0.3111 | Old 0.4017 | New 0.2628
Train Accuracies: All 0.4282 | Old 0.6012 | New 0.3361
Train Epoch: 74 Avg Loss: 2.3122 | Seen Class Acc: 0.0000 
Collating features...
85 6960
Epoch 74, Train ACC Unlabelled_v1: All 0.4256 | Old 0.5995 | New 0.3330
Epoch 74, Train ACC Unlabelled_v2: All 0.3106 | Old 0.3997 | New 0.2633
Train Accuracies: All 0.4256 | Old 0.5995 | New 0.3330
Train Epoch: 75 Avg Loss: 2.3052 | Seen Class Acc: 0.0000 
Collating features...
84 6960
Epoch 75, Train ACC Unlabelled_v1: All 0.4279 | Old 0.6016 | New 0.3355
Epoch 75, Train ACC Unlabelled_v2: All 0.3126 | Old 0.4005 | New 0.2659
Train Accuracies: All 0.4279 | Old 0.6016 | New 0.3355
Train Epoch: 76 Avg Loss: 2.3076 | Seen Class Acc: 0.0000 
Collating features...
85 6960
Epoch 76, Train ACC Unlabelled_v1: All 0.4269 | Old 0.6003 | New 0.3346
Epoch 76, Train ACC Unlabelled_v2: All 0.3131 | Old 0.4009 | New 0.2663
Train Accuracies: All 0.4269 | Old 0.6003 | New 0.3346
Train Epoch: 77 Avg Loss: 2.3176 | Seen Class Acc: 0.0000 
Collating features...
83 6960
Epoch 77, Train ACC Unlabelled_v1: All 0.4260 | Old 0.5991 | New 0.3339
Epoch 77, Train ACC Unlabelled_v2: All 0.3106 | Old 0.3997 | New 0.2633
Train Accuracies: All 0.4260 | Old 0.5991 | New 0.3339
Train Epoch: 78 Avg Loss: 2.3189 | Seen Class Acc: 0.0000 
Collating features...
85 6960
Epoch 78, Train ACC Unlabelled_v1: All 0.4292 | Old 0.6016 | New 0.3374
Epoch 78, Train ACC Unlabelled_v2: All 0.3135 | Old 0.4009 | New 0.2670
Train Accuracies: All 0.4292 | Old 0.6016 | New 0.3374
Train Epoch: 79 Avg Loss: 2.3063 | Seen Class Acc: 0.0000 
Collating features...
86 6960
Epoch 79, Train ACC Unlabelled_v1: All 0.4299 | Old 0.6024 | New 0.3381
Epoch 79, Train ACC Unlabelled_v2: All 0.3124 | Old 0.4013 | New 0.2650
Train Accuracies: All 0.4299 | Old 0.6024 | New 0.3381
Train Epoch: 80 Avg Loss: 2.3218 | Seen Class Acc: 0.0000 
Collating features...
86 6960
Epoch 80, Train ACC Unlabelled_v1: All 0.4295 | Old 0.6012 | New 0.3381
Epoch 80, Train ACC Unlabelled_v2: All 0.3125 | Old 0.3943 | New 0.2690
Train Accuracies: All 0.4295 | Old 0.6012 | New 0.3381
Train Epoch: 81 Avg Loss: 2.3221 | Seen Class Acc: 0.0000 
Collating features...
82 6960
Epoch 81, Train ACC Unlabelled_v1: All 0.4283 | Old 0.6016 | New 0.3361
Epoch 81, Train ACC Unlabelled_v2: All 0.3099 | Old 0.4017 | New 0.2611
Train Accuracies: All 0.4283 | Old 0.6016 | New 0.3361
Train Epoch: 82 Avg Loss: 2.3241 | Seen Class Acc: 0.0000 
Collating features...
88 6960
Epoch 82, Train ACC Unlabelled_v1: All 0.4292 | Old 0.6007 | New 0.3379
Epoch 82, Train ACC Unlabelled_v2: All 0.3101 | Old 0.4001 | New 0.2622
Train Accuracies: All 0.4292 | Old 0.6007 | New 0.3379
Train Epoch: 83 Avg Loss: 2.3184 | Seen Class Acc: 0.0000 
Collating features...
86 6960
Epoch 83, Train ACC Unlabelled_v1: All 0.4273 | Old 0.5999 | New 0.3355
Epoch 83, Train ACC Unlabelled_v2: All 0.3112 | Old 0.4001 | New 0.2639
Train Accuracies: All 0.4273 | Old 0.5999 | New 0.3355
Train Epoch: 84 Avg Loss: 2.3197 | Seen Class Acc: 0.0000 
Collating features...
86 6960
Epoch 84, Train ACC Unlabelled_v1: All 0.4257 | Old 0.5995 | New 0.3333
Epoch 84, Train ACC Unlabelled_v2: All 0.3101 | Old 0.4001 | New 0.2622
Train Accuracies: All 0.4257 | Old 0.5995 | New 0.3333
Train Epoch: 85 Avg Loss: 2.3079 | Seen Class Acc: 0.0000 
Collating features...
84 6960
Epoch 85, Train ACC Unlabelled_v1: All 0.4283 | Old 0.6020 | New 0.3359
Epoch 85, Train ACC Unlabelled_v2: All 0.3112 | Old 0.4013 | New 0.2633
Train Accuracies: All 0.4283 | Old 0.6020 | New 0.3359
Train Epoch: 86 Avg Loss: 2.3381 | Seen Class Acc: 0.0000 
Collating features...
84 6960
Epoch 86, Train ACC Unlabelled_v1: All 0.4279 | Old 0.6007 | New 0.3359
Epoch 86, Train ACC Unlabelled_v2: All 0.3121 | Old 0.4009 | New 0.2648
Train Accuracies: All 0.4279 | Old 0.6007 | New 0.3359
Train Epoch: 87 Avg Loss: 2.3383 | Seen Class Acc: 0.0000 
Collating features...
86 6960
Epoch 87, Train ACC Unlabelled_v1: All 0.4263 | Old 0.5995 | New 0.3341
Epoch 87, Train ACC Unlabelled_v2: All 0.3102 | Old 0.4001 | New 0.2624
Train Accuracies: All 0.4263 | Old 0.5995 | New 0.3341
Train Epoch: 88 Avg Loss: 2.3237 | Seen Class Acc: 0.0000 
Collating features...
84 6960
Epoch 88, Train ACC Unlabelled_v1: All 0.4259 | Old 0.5995 | New 0.3335
Epoch 88, Train ACC Unlabelled_v2: All 0.3105 | Old 0.4005 | New 0.2626
Train Accuracies: All 0.4259 | Old 0.5995 | New 0.3335
Train Epoch: 89 Avg Loss: 2.3410 | Seen Class Acc: 0.0000 
Collating features...
85 6960
Epoch 89, Train ACC Unlabelled_v1: All 0.4276 | Old 0.6003 | New 0.3357
Epoch 89, Train ACC Unlabelled_v2: All 0.3114 | Old 0.4009 | New 0.2637
Train Accuracies: All 0.4276 | Old 0.6003 | New 0.3357
Train Epoch: 90 Avg Loss: 2.3120 | Seen Class Acc: 0.0000 
Collating features...
83 6960
Epoch 90, Train ACC Unlabelled_v1: All 0.4284 | Old 0.6012 | New 0.3366
Epoch 90, Train ACC Unlabelled_v2: All 0.3118 | Old 0.4013 | New 0.2641
Train Accuracies: All 0.4284 | Old 0.6012 | New 0.3366
Train Epoch: 91 Avg Loss: 2.3076 | Seen Class Acc: 0.0000 
Collating features...
83 6960
Epoch 91, Train ACC Unlabelled_v1: All 0.4267 | Old 0.5999 | New 0.3346
Epoch 91, Train ACC Unlabelled_v2: All 0.3111 | Old 0.4001 | New 0.2637
Train Accuracies: All 0.4267 | Old 0.5999 | New 0.3346
Train Epoch: 92 Avg Loss: 2.3304 | Seen Class Acc: 0.0000 
Collating features...
87 6960
Epoch 92, Train ACC Unlabelled_v1: All 0.4270 | Old 0.6003 | New 0.3348
Epoch 92, Train ACC Unlabelled_v2: All 0.3114 | Old 0.4005 | New 0.2639
Train Accuracies: All 0.4270 | Old 0.6003 | New 0.3348
Train Epoch: 93 Avg Loss: 2.3103 | Seen Class Acc: 0.0000 
Collating features...
85 6960
Epoch 93, Train ACC Unlabelled_v1: All 0.4295 | Old 0.6016 | New 0.3379
Epoch 93, Train ACC Unlabelled_v2: All 0.3112 | Old 0.4013 | New 0.2633
Train Accuracies: All 0.4295 | Old 0.6016 | New 0.3379
Train Epoch: 94 Avg Loss: 2.3246 | Seen Class Acc: 0.0000 
Collating features...
87 6960
Epoch 94, Train ACC Unlabelled_v1: All 0.4273 | Old 0.6003 | New 0.3352
Epoch 94, Train ACC Unlabelled_v2: All 0.3109 | Old 0.4005 | New 0.2633
Train Accuracies: All 0.4273 | Old 0.6003 | New 0.3352
Train Epoch: 95 Avg Loss: 2.3094 | Seen Class Acc: 0.0000 
Collating features...
84 6960
Epoch 95, Train ACC Unlabelled_v1: All 0.4286 | Old 0.6003 | New 0.3372
Epoch 95, Train ACC Unlabelled_v2: All 0.3114 | Old 0.4017 | New 0.2633
Train Accuracies: All 0.4286 | Old 0.6003 | New 0.3372
Train Epoch: 96 Avg Loss: 2.3274 | Seen Class Acc: 0.0000 
Collating features...
86 6960
Epoch 96, Train ACC Unlabelled_v1: All 0.4269 | Old 0.5999 | New 0.3348
Epoch 96, Train ACC Unlabelled_v2: All 0.3106 | Old 0.4005 | New 0.2628
Train Accuracies: All 0.4269 | Old 0.5999 | New 0.3348
Train Epoch: 97 Avg Loss: 2.3393 | Seen Class Acc: 0.0000 
Collating features...
86 6960
Epoch 97, Train ACC Unlabelled_v1: All 0.4267 | Old 0.5999 | New 0.3346
Epoch 97, Train ACC Unlabelled_v2: All 0.3105 | Old 0.4005 | New 0.2626
Train Accuracies: All 0.4267 | Old 0.5999 | New 0.3346
Train Epoch: 98 Avg Loss: 2.3202 | Seen Class Acc: 0.0000 
Collating features...
86 6960
Epoch 98, Train ACC Unlabelled_v1: All 0.4279 | Old 0.5999 | New 0.3363
Epoch 98, Train ACC Unlabelled_v2: All 0.3109 | Old 0.3997 | New 0.2637
Train Accuracies: All 0.4279 | Old 0.5999 | New 0.3363
Train Epoch: 99 Avg Loss: 2.3243 | Seen Class Acc: 0.0000 
Collating features...
83 6960
Epoch 99, Train ACC Unlabelled_v1: All 0.4284 | Old 0.6012 | New 0.3366
Epoch 99, Train ACC Unlabelled_v2: All 0.3122 | Old 0.4005 | New 0.2652
Train Accuracies: All 0.4284 | Old 0.6012 | New 0.3366
Experiment saved to: /home/pszzz/hyzheng/myocd/SMILE/checkpoints/log/(28.04.2024_|_14.242)
['checkpoints']
Namespace(batch_size=128, num_workers=16, eval_funcs=['v1', 'v2'], warmup_model_dir=None, model_name='vit_dino', dataset_name='Mollusca', prop_train_labels=0.5, use_ssb_splits=True, grad_from_block=11, lr=0.01, save_best_thresh=None, gamma=0.1, momentum=0.9, weight_decay=5e-05, epochs=100, exp_root='/home/pszzz/hyzheng/myocd/SMILE/', transform='imagenet', seed=1, base_model='vit_dino', temperature=1.0, sup_con_weight=0.5, n_views=2, contrast_unlabel_only=False, image_size=224, train_classes=range(0, 47), unlabeled_classes=range(47, 93), num_labeled_classes=47, num_unlabeled_classes=46, cuda=True, log_dir='/home/pszzz/hyzheng/myocd/SMILE/checkpoints/log/(28.04.2024_|_14.242)', model_dir='/home/pszzz/hyzheng/myocd/SMILE/checkpoints/log/(28.04.2024_|_14.242)/checkpoints', model_path='/home/pszzz/hyzheng/myocd/SMILE/checkpoints/log/(28.04.2024_|_14.242)/checkpoints/model.pt', writer=<tensorboardX.writer.SummaryWriter object at 0x7f0cc01a64c0>)
Using evaluation function v1 to print results
Train Epoch: 0 Avg Loss: 6.0268 | Seen Class Acc: 0.0000 
Collating features...
157 6960
Epoch 0, Train ACC Unlabelled_v1: All 0.2970 | Old 0.2826 | New 0.3046
Epoch 0, Train ACC Unlabelled_v2: All 0.2395 | Old 0.1369 | New 0.2941
Train Accuracies: All 0.2970 | Old 0.2826 | New 0.3046
Train Epoch: 1 Avg Loss: 4.7683 | Seen Class Acc: 0.0000 
Collating features...
159 6960
Epoch 1, Train ACC Unlabelled_v1: All 0.3866 | Old 0.4783 | New 0.3379
Epoch 1, Train ACC Unlabelled_v2: All 0.2937 | Old 0.3248 | New 0.2771
Train Accuracies: All 0.3866 | Old 0.4783 | New 0.3379
Train Epoch: 2 Avg Loss: 4.1844 | Seen Class Acc: 0.0000 
Collating features...
139 6960
Epoch 2, Train ACC Unlabelled_v1: All 0.3902 | Old 0.4990 | New 0.3324
Epoch 2, Train ACC Unlabelled_v2: All 0.2960 | Old 0.3194 | New 0.2835
Train Accuracies: All 0.3902 | Old 0.4990 | New 0.3324
Train Epoch: 3 Avg Loss: 3.8128 | Seen Class Acc: 0.0000 
Collating features...
113 6960
Epoch 3, Train ACC Unlabelled_v1: All 0.3688 | Old 0.5072 | New 0.2952
Epoch 3, Train ACC Unlabelled_v2: All 0.2773 | Old 0.3347 | New 0.2468
Train Accuracies: All 0.3688 | Old 0.5072 | New 0.2952
Train Epoch: 4 Avg Loss: 3.5440 | Seen Class Acc: 0.0000 
Collating features...
130 6960
Epoch 4, Train ACC Unlabelled_v1: All 0.3784 | Old 0.5110 | New 0.3079
Epoch 4, Train ACC Unlabelled_v2: All 0.2927 | Old 0.3227 | New 0.2767
Train Accuracies: All 0.3784 | Old 0.5110 | New 0.3079
Train Epoch: 5 Avg Loss: 3.3856 | Seen Class Acc: 0.0000 
Collating features...
135 6960
Epoch 5, Train ACC Unlabelled_v1: All 0.4001 | Old 0.5304 | New 0.3308
Epoch 5, Train ACC Unlabelled_v2: All 0.3039 | Old 0.3628 | New 0.2725
Train Accuracies: All 0.4001 | Old 0.5304 | New 0.3308
Train Epoch: 6 Avg Loss: 3.2535 | Seen Class Acc: 0.0000 
Collating features...
140 6960
Epoch 6, Train ACC Unlabelled_v1: All 0.3961 | Old 0.5420 | New 0.3185
Epoch 6, Train ACC Unlabelled_v2: All 0.3010 | Old 0.3653 | New 0.2668
Train Accuracies: All 0.3961 | Old 0.5420 | New 0.3185
Train Epoch: 7 Avg Loss: 3.1177 | Seen Class Acc: 0.0000 
Collating features...
135 6960
Epoch 7, Train ACC Unlabelled_v1: All 0.4226 | Old 0.5449 | New 0.3575
Epoch 7, Train ACC Unlabelled_v2: All 0.3136 | Old 0.3736 | New 0.2818
Train Accuracies: All 0.4226 | Old 0.5449 | New 0.3575
Train Epoch: 8 Avg Loss: 3.0370 | Seen Class Acc: 0.0000 
Collating features...
148 6960
Epoch 8, Train ACC Unlabelled_v1: All 0.4227 | Old 0.5494 | New 0.3553
Epoch 8, Train ACC Unlabelled_v2: All 0.3182 | Old 0.3521 | New 0.3002
Train Accuracies: All 0.4227 | Old 0.5494 | New 0.3553
Train Epoch: 9 Avg Loss: 2.9704 | Seen Class Acc: 0.0000 
Collating features...
140 6960
Epoch 9, Train ACC Unlabelled_v1: All 0.4237 | Old 0.5507 | New 0.3562
Epoch 9, Train ACC Unlabelled_v2: All 0.3164 | Old 0.3628 | New 0.2917
Train Accuracies: All 0.4237 | Old 0.5507 | New 0.3562
Train Epoch: 10 Avg Loss: 2.8519 | Seen Class Acc: 0.0000 
Collating features...
131 6960
Epoch 10, Train ACC Unlabelled_v1: All 0.4086 | Old 0.5602 | New 0.3280
Epoch 10, Train ACC Unlabelled_v2: All 0.3040 | Old 0.3633 | New 0.2725
Train Accuracies: All 0.4086 | Old 0.5602 | New 0.3280
Train Epoch: 11 Avg Loss: 2.7873 | Seen Class Acc: 0.0000 
Collating features...
157 6960
Epoch 11, Train ACC Unlabelled_v1: All 0.4233 | Old 0.5631 | New 0.3489
Epoch 11, Train ACC Unlabelled_v2: All 0.3244 | Old 0.3645 | New 0.3031
Train Accuracies: All 0.4233 | Old 0.5631 | New 0.3489
Train Epoch: 12 Avg Loss: 2.7668 | Seen Class Acc: 0.0000 
Collating features...
123 6960
Epoch 12, Train ACC Unlabelled_v1: All 0.4148 | Old 0.5590 | New 0.3381
Epoch 12, Train ACC Unlabelled_v2: All 0.3164 | Old 0.3480 | New 0.2996
Train Accuracies: All 0.4148 | Old 0.5590 | New 0.3381
Train Epoch: 13 Avg Loss: 2.6980 | Seen Class Acc: 0.0000 
Collating features...
121 6960
Epoch 13, Train ACC Unlabelled_v1: All 0.4155 | Old 0.5697 | New 0.3335
Epoch 13, Train ACC Unlabelled_v2: All 0.3125 | Old 0.3918 | New 0.2703
Train Accuracies: All 0.4155 | Old 0.5697 | New 0.3335
Train Epoch: 14 Avg Loss: 2.6662 | Seen Class Acc: 0.0000 
Collating features...
125 6960
Epoch 14, Train ACC Unlabelled_v1: All 0.4234 | Old 0.5697 | New 0.3456
Epoch 14, Train ACC Unlabelled_v2: All 0.3210 | Old 0.3587 | New 0.3009
Train Accuracies: All 0.4234 | Old 0.5697 | New 0.3456
Train Epoch: 15 Avg Loss: 2.6360 | Seen Class Acc: 0.0000 
Collating features...
126 6960
Epoch 15, Train ACC Unlabelled_v1: All 0.4118 | Old 0.5623 | New 0.3317
Epoch 15, Train ACC Unlabelled_v2: All 0.3082 | Old 0.3513 | New 0.2853
Train Accuracies: All 0.4118 | Old 0.5623 | New 0.3317
Train Epoch: 16 Avg Loss: 2.5996 | Seen Class Acc: 0.0000 
Collating features...
128 6960
Epoch 16, Train ACC Unlabelled_v1: All 0.4226 | Old 0.5689 | New 0.3447
Epoch 16, Train ACC Unlabelled_v2: All 0.3141 | Old 0.3513 | New 0.2943
Train Accuracies: All 0.4226 | Old 0.5689 | New 0.3447
Train Epoch: 17 Avg Loss: 2.5657 | Seen Class Acc: 0.0000 
Collating features...
133 6960
Epoch 17, Train ACC Unlabelled_v1: All 0.4217 | Old 0.5697 | New 0.3429
Epoch 17, Train ACC Unlabelled_v2: All 0.3132 | Old 0.3521 | New 0.2925
Train Accuracies: All 0.4217 | Old 0.5697 | New 0.3429
Train Epoch: 18 Avg Loss: 2.5510 | Seen Class Acc: 0.0000 
Collating features...
112 6960
Epoch 18, Train ACC Unlabelled_v1: All 0.4198 | Old 0.5693 | New 0.3403
Epoch 18, Train ACC Unlabelled_v2: All 0.3138 | Old 0.4224 | New 0.2560
Train Accuracies: All 0.4198 | Old 0.5693 | New 0.3403
Train Epoch: 19 Avg Loss: 2.5330 | Seen Class Acc: 0.0000 
Collating features...
125 6960
Epoch 19, Train ACC Unlabelled_v1: All 0.4286 | Old 0.5734 | New 0.3515
Epoch 19, Train ACC Unlabelled_v2: All 0.3193 | Old 0.3790 | New 0.2875
Train Accuracies: All 0.4286 | Old 0.5734 | New 0.3515
Train Epoch: 20 Avg Loss: 2.5160 | Seen Class Acc: 0.0000 
Collating features...
125 6960
Epoch 20, Train ACC Unlabelled_v1: All 0.4290 | Old 0.5747 | New 0.3515
Epoch 20, Train ACC Unlabelled_v2: All 0.3178 | Old 0.3889 | New 0.2800
Train Accuracies: All 0.4290 | Old 0.5747 | New 0.3515
Train Epoch: 21 Avg Loss: 2.5077 | Seen Class Acc: 0.0000 
Collating features...
123 6960
Epoch 21, Train ACC Unlabelled_v1: All 0.4205 | Old 0.5705 | New 0.3407
Epoch 21, Train ACC Unlabelled_v2: All 0.3101 | Old 0.4129 | New 0.2553
Train Accuracies: All 0.4205 | Old 0.5705 | New 0.3407
Train Epoch: 22 Avg Loss: 2.4560 | Seen Class Acc: 0.0000 
Collating features...
118 6960
Epoch 22, Train ACC Unlabelled_v1: All 0.4303 | Old 0.5664 | New 0.3579
Epoch 22, Train ACC Unlabelled_v2: All 0.3267 | Old 0.3529 | New 0.3128
Train Accuracies: All 0.4303 | Old 0.5664 | New 0.3579
Train Epoch: 23 Avg Loss: 2.4710 | Seen Class Acc: 0.0000 
Collating features...
116 6960
Epoch 23, Train ACC Unlabelled_v1: All 0.4272 | Old 0.5734 | New 0.3493
Epoch 23, Train ACC Unlabelled_v2: All 0.3142 | Old 0.3831 | New 0.2776
Train Accuracies: All 0.4272 | Old 0.5734 | New 0.3493
Train Epoch: 24 Avg Loss: 2.4502 | Seen Class Acc: 0.0000 
Collating features...
111 6960
Epoch 24, Train ACC Unlabelled_v1: All 0.4201 | Old 0.5767 | New 0.3368
Epoch 24, Train ACC Unlabelled_v2: All 0.3070 | Old 0.3566 | New 0.2807
Train Accuracies: All 0.4201 | Old 0.5767 | New 0.3368
Train Epoch: 25 Avg Loss: 2.4462 | Seen Class Acc: 0.0000 
Collating features...
123 6960
Epoch 25, Train ACC Unlabelled_v1: All 0.4220 | Old 0.5714 | New 0.3425
Epoch 25, Train ACC Unlabelled_v2: All 0.3119 | Old 0.3608 | New 0.2859
Train Accuracies: All 0.4220 | Old 0.5714 | New 0.3425
Train Epoch: 26 Avg Loss: 2.4424 | Seen Class Acc: 0.0000 
Collating features...
119 6960
Epoch 26, Train ACC Unlabelled_v1: All 0.4208 | Old 0.5759 | New 0.3383
Epoch 26, Train ACC Unlabelled_v2: All 0.3085 | Old 0.3815 | New 0.2696
Train Accuracies: All 0.4208 | Old 0.5759 | New 0.3383
Train Epoch: 27 Avg Loss: 2.4027 | Seen Class Acc: 0.0000 
Collating features...
123 6960
Epoch 27, Train ACC Unlabelled_v1: All 0.4253 | Old 0.5751 | New 0.3456
Epoch 27, Train ACC Unlabelled_v2: All 0.3139 | Old 0.3562 | New 0.2914
Train Accuracies: All 0.4253 | Old 0.5751 | New 0.3456
Train Epoch: 28 Avg Loss: 2.3945 | Seen Class Acc: 0.0000 
Collating features...
113 6960
Epoch 28, Train ACC Unlabelled_v1: All 0.4356 | Old 0.5734 | New 0.3623
Epoch 28, Train ACC Unlabelled_v2: All 0.3250 | Old 0.3529 | New 0.3101
Train Accuracies: All 0.4356 | Old 0.5734 | New 0.3623
Train Epoch: 29 Avg Loss: 2.4132 | Seen Class Acc: 0.0000 
Collating features...
120 6960
Epoch 29, Train ACC Unlabelled_v1: All 0.4305 | Old 0.5763 | New 0.3529
Epoch 29, Train ACC Unlabelled_v2: All 0.3178 | Old 0.3554 | New 0.2978
Train Accuracies: All 0.4305 | Old 0.5763 | New 0.3529
Train Epoch: 30 Avg Loss: 2.3911 | Seen Class Acc: 0.0000 
Collating features...
114 6960
Epoch 30, Train ACC Unlabelled_v1: All 0.4263 | Old 0.5730 | New 0.3482
Epoch 30, Train ACC Unlabelled_v2: All 0.3208 | Old 0.3777 | New 0.2906
Train Accuracies: All 0.4263 | Old 0.5730 | New 0.3482
Train Epoch: 31 Avg Loss: 2.3778 | Seen Class Acc: 0.0000 
Collating features...
118 6960
Epoch 31, Train ACC Unlabelled_v1: All 0.4228 | Old 0.5776 | New 0.3405
Epoch 31, Train ACC Unlabelled_v2: All 0.3114 | Old 0.3819 | New 0.2738
Train Accuracies: All 0.4228 | Old 0.5776 | New 0.3405
Train Epoch: 32 Avg Loss: 2.3830 | Seen Class Acc: 0.0000 
Collating features...
118 6960
Epoch 32, Train ACC Unlabelled_v1: All 0.4287 | Old 0.5726 | New 0.3522
Epoch 32, Train ACC Unlabelled_v2: All 0.3187 | Old 0.3753 | New 0.2886
Train Accuracies: All 0.4287 | Old 0.5726 | New 0.3522
Train Epoch: 33 Avg Loss: 2.3891 | Seen Class Acc: 0.0000 
Collating features...
116 6960
Epoch 33, Train ACC Unlabelled_v1: All 0.4297 | Old 0.5784 | New 0.3506
Epoch 33, Train ACC Unlabelled_v2: All 0.3159 | Old 0.3848 | New 0.2793
Train Accuracies: All 0.4297 | Old 0.5784 | New 0.3506
Train Epoch: 34 Avg Loss: 2.3817 | Seen Class Acc: 0.0000 
Collating features...
120 6960
Epoch 34, Train ACC Unlabelled_v1: All 0.4328 | Old 0.5767 | New 0.3562
Epoch 34, Train ACC Unlabelled_v2: All 0.3205 | Old 0.3562 | New 0.3016
Train Accuracies: All 0.4328 | Old 0.5767 | New 0.3562
Train Epoch: 35 Avg Loss: 2.3659 | Seen Class Acc: 0.0000 
Collating features...
112 6960
Epoch 35, Train ACC Unlabelled_v1: All 0.4289 | Old 0.5809 | New 0.3480
Epoch 35, Train ACC Unlabelled_v2: All 0.3139 | Old 0.3579 | New 0.2906
Train Accuracies: All 0.4289 | Old 0.5809 | New 0.3480
Train Epoch: 36 Avg Loss: 2.3586 | Seen Class Acc: 0.0000 
Collating features...
111 6960
Epoch 36, Train ACC Unlabelled_v1: All 0.4297 | Old 0.5788 | New 0.3504
Epoch 36, Train ACC Unlabelled_v2: All 0.3172 | Old 0.3844 | New 0.2815
Train Accuracies: All 0.4297 | Old 0.5788 | New 0.3504
Train Epoch: 37 Avg Loss: 2.3574 | Seen Class Acc: 0.0000 
Collating features...
116 6960
Epoch 37, Train ACC Unlabelled_v1: All 0.4306 | Old 0.5817 | New 0.3502
Epoch 37, Train ACC Unlabelled_v2: All 0.3177 | Old 0.3868 | New 0.2809
Train Accuracies: All 0.4306 | Old 0.5817 | New 0.3502
Train Epoch: 38 Avg Loss: 2.3720 | Seen Class Acc: 0.0000 
Collating features...
114 6960
Epoch 38, Train ACC Unlabelled_v1: All 0.4254 | Old 0.5772 | New 0.3447
Epoch 38, Train ACC Unlabelled_v2: All 0.3142 | Old 0.3811 | New 0.2787
Train Accuracies: All 0.4254 | Old 0.5772 | New 0.3447
Train Epoch: 39 Avg Loss: 2.3774 | Seen Class Acc: 0.0000 
Collating features...
118 6960
Epoch 39, Train ACC Unlabelled_v1: All 0.4316 | Old 0.5780 | New 0.3537
Epoch 39, Train ACC Unlabelled_v2: All 0.3180 | Old 0.3620 | New 0.2945
Train Accuracies: All 0.4316 | Old 0.5780 | New 0.3537
Train Epoch: 40 Avg Loss: 2.3591 | Seen Class Acc: 0.0000 
Collating features...
113 6960
Epoch 40, Train ACC Unlabelled_v1: All 0.4339 | Old 0.5776 | New 0.3575
Epoch 40, Train ACC Unlabelled_v2: All 0.3213 | Old 0.3844 | New 0.2877
Train Accuracies: All 0.4339 | Old 0.5776 | New 0.3575
Train Epoch: 41 Avg Loss: 2.3742 | Seen Class Acc: 0.0000 
Collating features...
113 6960
Epoch 41, Train ACC Unlabelled_v1: All 0.4272 | Old 0.5763 | New 0.3478
Epoch 41, Train ACC Unlabelled_v2: All 0.3132 | Old 0.3819 | New 0.2767
Train Accuracies: All 0.4272 | Old 0.5763 | New 0.3478
Train Epoch: 42 Avg Loss: 2.3707 | Seen Class Acc: 0.0000 
Collating features...
121 6960
Epoch 42, Train ACC Unlabelled_v1: All 0.4371 | Old 0.5776 | New 0.3623
Epoch 42, Train ACC Unlabelled_v2: All 0.3231 | Old 0.3844 | New 0.2906
Train Accuracies: All 0.4371 | Old 0.5776 | New 0.3623
Train Epoch: 43 Avg Loss: 2.3374 | Seen Class Acc: 0.0000 
Collating features...
115 6960
Epoch 43, Train ACC Unlabelled_v1: All 0.4305 | Old 0.5780 | New 0.3520
Epoch 43, Train ACC Unlabelled_v2: All 0.3171 | Old 0.3612 | New 0.2936
Train Accuracies: All 0.4305 | Old 0.5780 | New 0.3520
Train Epoch: 44 Avg Loss: 2.3466 | Seen Class Acc: 0.0000 
Collating features...
114 6960
Epoch 44, Train ACC Unlabelled_v1: All 0.4325 | Old 0.5780 | New 0.3551
Epoch 44, Train ACC Unlabelled_v2: All 0.3170 | Old 0.3844 | New 0.2811
Train Accuracies: All 0.4325 | Old 0.5780 | New 0.3551
Train Epoch: 45 Avg Loss: 2.3394 | Seen Class Acc: 0.0000 
Collating features...
117 6960
Epoch 45, Train ACC Unlabelled_v1: All 0.4371 | Old 0.5784 | New 0.3619
Epoch 45, Train ACC Unlabelled_v2: All 0.3240 | Old 0.3620 | New 0.3038
Train Accuracies: All 0.4371 | Old 0.5784 | New 0.3619
Train Epoch: 46 Avg Loss: 2.3454 | Seen Class Acc: 0.0000 
Collating features...
114 6960
Epoch 46, Train ACC Unlabelled_v1: All 0.4322 | Old 0.5755 | New 0.3559
Epoch 46, Train ACC Unlabelled_v2: All 0.3182 | Old 0.3823 | New 0.2842
Train Accuracies: All 0.4322 | Old 0.5755 | New 0.3559
Train Epoch: 47 Avg Loss: 2.3461 | Seen Class Acc: 0.0000 
Collating features...
112 6960
Epoch 47, Train ACC Unlabelled_v1: All 0.4313 | Old 0.5788 | New 0.3529
Epoch 47, Train ACC Unlabelled_v2: All 0.3172 | Old 0.3608 | New 0.2941
Train Accuracies: All 0.4313 | Old 0.5788 | New 0.3529
Train Epoch: 48 Avg Loss: 2.3279 | Seen Class Acc: 0.0000 
Collating features...
111 6960
Epoch 48, Train ACC Unlabelled_v1: All 0.4343 | Old 0.5780 | New 0.3579
Epoch 48, Train ACC Unlabelled_v2: All 0.3203 | Old 0.3612 | New 0.2985
Train Accuracies: All 0.4343 | Old 0.5780 | New 0.3579
Train Epoch: 49 Avg Loss: 2.3549 | Seen Class Acc: 0.0000 
Collating features...
116 6960
Epoch 49, Train ACC Unlabelled_v1: All 0.4306 | Old 0.5767 | New 0.3529
Epoch 49, Train ACC Unlabelled_v2: All 0.3164 | Old 0.3806 | New 0.2822
Train Accuracies: All 0.4306 | Old 0.5767 | New 0.3529
Train Epoch: 50 Avg Loss: 2.3596 | Seen Class Acc: 0.0000 
Collating features...
119 6960
Epoch 50, Train ACC Unlabelled_v1: All 0.4256 | Old 0.5759 | New 0.3456
Epoch 50, Train ACC Unlabelled_v2: All 0.3114 | Old 0.3575 | New 0.2868
Train Accuracies: All 0.4256 | Old 0.5759 | New 0.3456
Train Epoch: 51 Avg Loss: 2.3374 | Seen Class Acc: 0.0000 
Collating features...
119 6960
Epoch 51, Train ACC Unlabelled_v1: All 0.4352 | Old 0.5792 | New 0.3586
Epoch 51, Train ACC Unlabelled_v2: All 0.3194 | Old 0.3856 | New 0.2842
Train Accuracies: All 0.4352 | Old 0.5792 | New 0.3586
Train Epoch: 52 Avg Loss: 2.3407 | Seen Class Acc: 0.0000 
Collating features...
125 6960
Epoch 52, Train ACC Unlabelled_v1: All 0.4362 | Old 0.5796 | New 0.3599
Epoch 52, Train ACC Unlabelled_v2: All 0.3203 | Old 0.3864 | New 0.2851
Train Accuracies: All 0.4362 | Old 0.5796 | New 0.3599
Train Epoch: 53 Avg Loss: 2.3390 | Seen Class Acc: 0.0000 
Collating features...
115 6960
Epoch 53, Train ACC Unlabelled_v1: All 0.4297 | Old 0.5772 | New 0.3513
Epoch 53, Train ACC Unlabelled_v2: All 0.3164 | Old 0.3815 | New 0.2818
Train Accuracies: All 0.4297 | Old 0.5772 | New 0.3513
Train Epoch: 54 Avg Loss: 2.3467 | Seen Class Acc: 0.0000 
Collating features...
121 6960
Epoch 54, Train ACC Unlabelled_v1: All 0.4305 | Old 0.5784 | New 0.3517
Epoch 54, Train ACC Unlabelled_v2: All 0.3170 | Old 0.3860 | New 0.2802
Train Accuracies: All 0.4305 | Old 0.5784 | New 0.3517
Train Epoch: 55 Avg Loss: 2.3388 | Seen Class Acc: 0.0000 
Collating features...
117 6960
Epoch 55, Train ACC Unlabelled_v1: All 0.4299 | Old 0.5788 | New 0.3506
Epoch 55, Train ACC Unlabelled_v2: All 0.3141 | Old 0.3616 | New 0.2888
Train Accuracies: All 0.4299 | Old 0.5788 | New 0.3506
Train Epoch: 56 Avg Loss: 2.3417 | Seen Class Acc: 0.0000 
Collating features...
115 6960
Epoch 56, Train ACC Unlabelled_v1: All 0.4371 | Old 0.5809 | New 0.3606
Epoch 56, Train ACC Unlabelled_v2: All 0.3197 | Old 0.3628 | New 0.2967
Train Accuracies: All 0.4371 | Old 0.5809 | New 0.3606
Train Epoch: 57 Avg Loss: 2.3410 | Seen Class Acc: 0.0000 
Collating features...
118 6960
Epoch 57, Train ACC Unlabelled_v1: All 0.4346 | Old 0.5809 | New 0.3568
Epoch 57, Train ACC Unlabelled_v2: All 0.3194 | Old 0.3628 | New 0.2963
Train Accuracies: All 0.4346 | Old 0.5809 | New 0.3568
Train Epoch: 58 Avg Loss: 2.3197 | Seen Class Acc: 0.0000 
Collating features...
118 6960
Epoch 58, Train ACC Unlabelled_v1: All 0.4300 | Old 0.5730 | New 0.3540
Epoch 58, Train ACC Unlabelled_v2: All 0.3201 | Old 0.3802 | New 0.2881
Train Accuracies: All 0.4300 | Old 0.5730 | New 0.3540
Train Epoch: 59 Avg Loss: 2.3208 | Seen Class Acc: 0.0000 
Collating features...
118 6960
Epoch 59, Train ACC Unlabelled_v1: All 0.4297 | Old 0.5780 | New 0.3509
Epoch 59, Train ACC Unlabelled_v2: All 0.3147 | Old 0.3827 | New 0.2785
Train Accuracies: All 0.4297 | Old 0.5780 | New 0.3509
Train Epoch: 60 Avg Loss: 2.3424 | Seen Class Acc: 0.0000 
Collating features...
117 6960
Epoch 60, Train ACC Unlabelled_v1: All 0.4296 | Old 0.5772 | New 0.3511
Epoch 60, Train ACC Unlabelled_v2: All 0.3149 | Old 0.3827 | New 0.2789
Train Accuracies: All 0.4296 | Old 0.5772 | New 0.3511
Train Epoch: 61 Avg Loss: 2.3468 | Seen Class Acc: 0.0000 
Collating features...
120 6960
Epoch 61, Train ACC Unlabelled_v1: All 0.4339 | Old 0.5772 | New 0.3577
Epoch 61, Train ACC Unlabelled_v2: All 0.3180 | Old 0.3587 | New 0.2963
Train Accuracies: All 0.4339 | Old 0.5772 | New 0.3577
Train Epoch: 62 Avg Loss: 2.3160 | Seen Class Acc: 0.0000 
Collating features...
121 6960
Epoch 62, Train ACC Unlabelled_v1: All 0.4332 | Old 0.5776 | New 0.3564
Epoch 62, Train ACC Unlabelled_v2: All 0.3180 | Old 0.3839 | New 0.2829
Train Accuracies: All 0.4332 | Old 0.5776 | New 0.3564
Train Epoch: 63 Avg Loss: 2.3395 | Seen Class Acc: 0.0000 
Collating features...
117 6960
Epoch 63, Train ACC Unlabelled_v1: All 0.4333 | Old 0.5809 | New 0.3548
Epoch 63, Train ACC Unlabelled_v2: All 0.3168 | Old 0.3628 | New 0.2923
Train Accuracies: All 0.4333 | Old 0.5809 | New 0.3548
Train Epoch: 64 Avg Loss: 2.3279 | Seen Class Acc: 0.0000 
Collating features...
113 6960
Epoch 64, Train ACC Unlabelled_v1: All 0.4332 | Old 0.5796 | New 0.3553
Epoch 64, Train ACC Unlabelled_v2: All 0.3157 | Old 0.3848 | New 0.2789
Train Accuracies: All 0.4332 | Old 0.5796 | New 0.3553
Train Epoch: 65 Avg Loss: 2.3083 | Seen Class Acc: 0.0000 
Collating features...
115 6960
Epoch 65, Train ACC Unlabelled_v1: All 0.4385 | Old 0.5813 | New 0.3625
Epoch 65, Train ACC Unlabelled_v2: All 0.3205 | Old 0.3868 | New 0.2853
Train Accuracies: All 0.4385 | Old 0.5813 | New 0.3625
Train Epoch: 66 Avg Loss: 2.3379 | Seen Class Acc: 0.0000 
Collating features...
114 6960
Epoch 66, Train ACC Unlabelled_v1: All 0.4382 | Old 0.5817 | New 0.3619
Epoch 66, Train ACC Unlabelled_v2: All 0.3213 | Old 0.3868 | New 0.2864
Train Accuracies: All 0.4382 | Old 0.5817 | New 0.3619
Train Epoch: 67 Avg Loss: 2.3241 | Seen Class Acc: 0.0000 
Collating features...
117 6960
Epoch 67, Train ACC Unlabelled_v1: All 0.4342 | Old 0.5801 | New 0.3566
Epoch 67, Train ACC Unlabelled_v2: All 0.3174 | Old 0.3868 | New 0.2804
Train Accuracies: All 0.4342 | Old 0.5801 | New 0.3566
Train Epoch: 68 Avg Loss: 2.3353 | Seen Class Acc: 0.0000 
Collating features...
116 6960
Epoch 68, Train ACC Unlabelled_v1: All 0.4376 | Old 0.5805 | New 0.3617
Epoch 68, Train ACC Unlabelled_v2: All 0.3195 | Old 0.3848 | New 0.2848
Train Accuracies: All 0.4376 | Old 0.5805 | New 0.3617
Train Epoch: 69 Avg Loss: 2.3152 | Seen Class Acc: 0.0000 
Collating features...
115 6960
Epoch 69, Train ACC Unlabelled_v1: All 0.4358 | Old 0.5796 | New 0.3592
Epoch 69, Train ACC Unlabelled_v2: All 0.3188 | Old 0.3860 | New 0.2831
Train Accuracies: All 0.4358 | Old 0.5796 | New 0.3592
Train Epoch: 70 Avg Loss: 2.3267 | Seen Class Acc: 0.0000 
Collating features...
116 6960
Epoch 70, Train ACC Unlabelled_v1: All 0.4328 | Old 0.5788 | New 0.3551
Epoch 70, Train ACC Unlabelled_v2: All 0.3170 | Old 0.3864 | New 0.2800
Train Accuracies: All 0.4328 | Old 0.5788 | New 0.3551
Train Epoch: 71 Avg Loss: 2.3141 | Seen Class Acc: 0.0000 
Collating features...
117 6960
Epoch 71, Train ACC Unlabelled_v1: All 0.4346 | Old 0.5796 | New 0.3575
Epoch 71, Train ACC Unlabelled_v2: All 0.3168 | Old 0.3641 | New 0.2917
Train Accuracies: All 0.4346 | Old 0.5796 | New 0.3575
Train Epoch: 72 Avg Loss: 2.3452 | Seen Class Acc: 0.0000 
Collating features...
116 6960
Epoch 72, Train ACC Unlabelled_v1: All 0.4346 | Old 0.5788 | New 0.3579
Epoch 72, Train ACC Unlabelled_v2: All 0.3175 | Old 0.3856 | New 0.2813
Train Accuracies: All 0.4346 | Old 0.5788 | New 0.3579
Train Epoch: 73 Avg Loss: 2.3325 | Seen Class Acc: 0.0000 
Collating features...
111 6960
Epoch 73, Train ACC Unlabelled_v1: All 0.4329 | Old 0.5784 | New 0.3555
Epoch 73, Train ACC Unlabelled_v2: All 0.3159 | Old 0.3856 | New 0.2789
Train Accuracies: All 0.4329 | Old 0.5784 | New 0.3555
Train Epoch: 74 Avg Loss: 2.3110 | Seen Class Acc: 0.0000 
Collating features...
113 6960
Epoch 74, Train ACC Unlabelled_v1: All 0.4323 | Old 0.5796 | New 0.3540
Epoch 74, Train ACC Unlabelled_v2: All 0.3155 | Old 0.3856 | New 0.2782
Train Accuracies: All 0.4323 | Old 0.5796 | New 0.3540
Train Epoch: 75 Avg Loss: 2.3293 | Seen Class Acc: 0.0000 
Collating features...
116 6960
Epoch 75, Train ACC Unlabelled_v1: All 0.4339 | Old 0.5788 | New 0.3568
Epoch 75, Train ACC Unlabelled_v2: All 0.3174 | Old 0.3852 | New 0.2813
Train Accuracies: All 0.4339 | Old 0.5788 | New 0.3568
Train Epoch: 76 Avg Loss: 2.3234 | Seen Class Acc: 0.0000 
Collating features...
115 6960
Epoch 76, Train ACC Unlabelled_v1: All 0.4359 | Old 0.5796 | New 0.3595
Epoch 76, Train ACC Unlabelled_v2: All 0.3193 | Old 0.3864 | New 0.2835
Train Accuracies: All 0.4359 | Old 0.5796 | New 0.3595
Train Epoch: 77 Avg Loss: 2.3287 | Seen Class Acc: 0.0000 
Collating features...
109 6960
Epoch 77, Train ACC Unlabelled_v1: All 0.4335 | Old 0.5788 | New 0.3562
Epoch 77, Train ACC Unlabelled_v2: All 0.3167 | Old 0.3860 | New 0.2798
Train Accuracies: All 0.4335 | Old 0.5788 | New 0.3562
Train Epoch: 78 Avg Loss: 2.3293 | Seen Class Acc: 0.0000 
Collating features...
117 6960
Epoch 78, Train ACC Unlabelled_v1: All 0.4352 | Old 0.5796 | New 0.3584
Epoch 78, Train ACC Unlabelled_v2: All 0.3187 | Old 0.3860 | New 0.2829
Train Accuracies: All 0.4352 | Old 0.5796 | New 0.3584
Train Epoch: 79 Avg Loss: 2.3249 | Seen Class Acc: 0.0000 
Collating features...
110 6960
Epoch 79, Train ACC Unlabelled_v1: All 0.4336 | Old 0.5801 | New 0.3557
Epoch 79, Train ACC Unlabelled_v2: All 0.3165 | Old 0.3864 | New 0.2793
Train Accuracies: All 0.4336 | Old 0.5801 | New 0.3557
Train Epoch: 80 Avg Loss: 2.3089 | Seen Class Acc: 0.0000 
Collating features...
116 6960
Epoch 80, Train ACC Unlabelled_v1: All 0.4349 | Old 0.5792 | New 0.3581
Epoch 80, Train ACC Unlabelled_v2: All 0.3171 | Old 0.3856 | New 0.2807
Train Accuracies: All 0.4349 | Old 0.5792 | New 0.3581
Train Epoch: 81 Avg Loss: 2.3240 | Seen Class Acc: 0.0000 
Collating features...
115 6960
Epoch 81, Train ACC Unlabelled_v1: All 0.4345 | Old 0.5801 | New 0.3570
Epoch 81, Train ACC Unlabelled_v2: All 0.3175 | Old 0.3864 | New 0.2809
Train Accuracies: All 0.4345 | Old 0.5801 | New 0.3570
Train Epoch: 82 Avg Loss: 2.3144 | Seen Class Acc: 0.0000 
Collating features...
114 6960
Epoch 82, Train ACC Unlabelled_v1: All 0.4353 | Old 0.5796 | New 0.3586
Epoch 82, Train ACC Unlabelled_v2: All 0.3181 | Old 0.3852 | New 0.2824
Train Accuracies: All 0.4353 | Old 0.5796 | New 0.3586
Train Epoch: 83 Avg Loss: 2.3340 | Seen Class Acc: 0.0000 
Collating features...
113 6960
Epoch 83, Train ACC Unlabelled_v1: All 0.4366 | Old 0.5805 | New 0.3601
Epoch 83, Train ACC Unlabelled_v2: All 0.3187 | Old 0.3856 | New 0.2831
Train Accuracies: All 0.4366 | Old 0.5805 | New 0.3601
Train Epoch: 84 Avg Loss: 2.3061 | Seen Class Acc: 0.0000 
Collating features...
125 6960
Epoch 84, Train ACC Unlabelled_v1: All 0.4382 | Old 0.5801 | New 0.3628
Epoch 84, Train ACC Unlabelled_v2: All 0.3213 | Old 0.3860 | New 0.2868
Train Accuracies: All 0.4382 | Old 0.5801 | New 0.3628
Train Epoch: 85 Avg Loss: 2.3174 | Seen Class Acc: 0.0000 
Collating features...
112 6960
Epoch 85, Train ACC Unlabelled_v1: All 0.4333 | Old 0.5792 | New 0.3557
Epoch 85, Train ACC Unlabelled_v2: All 0.3157 | Old 0.3860 | New 0.2782
Train Accuracies: All 0.4333 | Old 0.5792 | New 0.3557
Train Epoch: 86 Avg Loss: 2.3236 | Seen Class Acc: 0.0000 
Collating features...
117 6960
Epoch 86, Train ACC Unlabelled_v1: All 0.4366 | Old 0.5801 | New 0.3603
Epoch 86, Train ACC Unlabelled_v2: All 0.3203 | Old 0.3860 | New 0.2853
Train Accuracies: All 0.4366 | Old 0.5801 | New 0.3603
Train Epoch: 87 Avg Loss: 2.3241 | Seen Class Acc: 0.0000 
Collating features...
112 6960
Epoch 87, Train ACC Unlabelled_v1: All 0.4352 | Old 0.5809 | New 0.3577
Epoch 87, Train ACC Unlabelled_v2: All 0.3188 | Old 0.3864 | New 0.2829
Train Accuracies: All 0.4352 | Old 0.5809 | New 0.3577
Train Epoch: 88 Avg Loss: 2.3445 | Seen Class Acc: 0.0000 
Collating features...
114 6960
Epoch 88, Train ACC Unlabelled_v1: All 0.4353 | Old 0.5817 | New 0.3575
Epoch 88, Train ACC Unlabelled_v2: All 0.3188 | Old 0.3860 | New 0.2831
Train Accuracies: All 0.4353 | Old 0.5817 | New 0.3575
Train Epoch: 89 Avg Loss: 2.3136 | Seen Class Acc: 0.0000 
Collating features...
117 6960
Epoch 89, Train ACC Unlabelled_v1: All 0.4362 | Old 0.5809 | New 0.3592
Epoch 89, Train ACC Unlabelled_v2: All 0.3197 | Old 0.3856 | New 0.2846
Train Accuracies: All 0.4362 | Old 0.5809 | New 0.3592
Train Epoch: 90 Avg Loss: 2.3153 | Seen Class Acc: 0.0000 
Collating features...
117 6960
Epoch 90, Train ACC Unlabelled_v1: All 0.4348 | Old 0.5813 | New 0.3568
Epoch 90, Train ACC Unlabelled_v2: All 0.3185 | Old 0.3877 | New 0.2818
Train Accuracies: All 0.4348 | Old 0.5813 | New 0.3568
Train Epoch: 91 Avg Loss: 2.3146 | Seen Class Acc: 0.0000 
Collating features...
117 6960
Epoch 91, Train ACC Unlabelled_v1: All 0.4364 | Old 0.5809 | New 0.3595
Epoch 91, Train ACC Unlabelled_v2: All 0.3197 | Old 0.3864 | New 0.2842
Train Accuracies: All 0.4364 | Old 0.5809 | New 0.3595
Train Epoch: 92 Avg Loss: 2.3205 | Seen Class Acc: 0.0000 
Collating features...
114 6960
Epoch 92, Train ACC Unlabelled_v1: All 0.4375 | Old 0.5817 | New 0.3608
Epoch 92, Train ACC Unlabelled_v2: All 0.3203 | Old 0.3864 | New 0.2851
Train Accuracies: All 0.4375 | Old 0.5817 | New 0.3608
Train Epoch: 93 Avg Loss: 2.3283 | Seen Class Acc: 0.0000 
Collating features...
118 6960
Epoch 93, Train ACC Unlabelled_v1: All 0.4362 | Old 0.5813 | New 0.3590
Epoch 93, Train ACC Unlabelled_v2: All 0.3201 | Old 0.3860 | New 0.2851
Train Accuracies: All 0.4362 | Old 0.5813 | New 0.3590
Train Epoch: 94 Avg Loss: 2.2965 | Seen Class Acc: 0.0000 
Collating features...
116 6960
Epoch 94, Train ACC Unlabelled_v1: All 0.4364 | Old 0.5813 | New 0.3592
Epoch 94, Train ACC Unlabelled_v2: All 0.3198 | Old 0.3856 | New 0.2848
Train Accuracies: All 0.4364 | Old 0.5813 | New 0.3592
Train Epoch: 95 Avg Loss: 2.3122 | Seen Class Acc: 0.0000 
Collating features...
118 6960
Epoch 95, Train ACC Unlabelled_v1: All 0.4349 | Old 0.5813 | New 0.3570
Epoch 95, Train ACC Unlabelled_v2: All 0.3184 | Old 0.3864 | New 0.2822
Train Accuracies: All 0.4349 | Old 0.5813 | New 0.3570
Train Epoch: 96 Avg Loss: 2.3155 | Seen Class Acc: 0.0000 
Collating features...
119 6960
Epoch 96, Train ACC Unlabelled_v1: All 0.4369 | Old 0.5809 | New 0.3603
Epoch 96, Train ACC Unlabelled_v2: All 0.3195 | Old 0.3852 | New 0.2846
Train Accuracies: All 0.4369 | Old 0.5809 | New 0.3603
Train Epoch: 97 Avg Loss: 2.3181 | Seen Class Acc: 0.0000 
Collating features...
117 6960
Epoch 97, Train ACC Unlabelled_v1: All 0.4371 | Old 0.5813 | New 0.3603
Epoch 97, Train ACC Unlabelled_v2: All 0.3203 | Old 0.3856 | New 0.2855
Train Accuracies: All 0.4371 | Old 0.5813 | New 0.3603
Train Epoch: 98 Avg Loss: 2.3320 | Seen Class Acc: 0.0000 
Collating features...
118 6960
Epoch 98, Train ACC Unlabelled_v1: All 0.4365 | Old 0.5809 | New 0.3597
Epoch 98, Train ACC Unlabelled_v2: All 0.3198 | Old 0.3860 | New 0.2846
Train Accuracies: All 0.4365 | Old 0.5809 | New 0.3597
Train Epoch: 99 Avg Loss: 2.3184 | Seen Class Acc: 0.0000 
Collating features...
112 6960
Epoch 99, Train ACC Unlabelled_v1: All 0.4352 | Old 0.5805 | New 0.3579
Epoch 99, Train ACC Unlabelled_v2: All 0.3184 | Old 0.3860 | New 0.2824
Train Accuracies: All 0.4352 | Old 0.5805 | New 0.3579
Experiment saved to: /home/pszzz/hyzheng/myocd/SMILE/checkpoints/log/(28.04.2024_|_30.223)
['checkpoints']
Namespace(batch_size=128, num_workers=16, eval_funcs=['v1', 'v2'], warmup_model_dir=None, model_name='vit_dino', dataset_name='Mollusca', prop_train_labels=0.5, use_ssb_splits=True, grad_from_block=11, lr=0.01, save_best_thresh=None, gamma=0.1, momentum=0.9, weight_decay=5e-05, epochs=100, exp_root='/home/pszzz/hyzheng/myocd/SMILE/', transform='imagenet', seed=1, base_model='vit_dino', temperature=1.0, sup_con_weight=0.5, n_views=2, contrast_unlabel_only=False, image_size=224, train_classes=range(0, 47), unlabeled_classes=range(47, 93), num_labeled_classes=47, num_unlabeled_classes=46, cuda=True, log_dir='/home/pszzz/hyzheng/myocd/SMILE/checkpoints/log/(28.04.2024_|_30.223)', model_dir='/home/pszzz/hyzheng/myocd/SMILE/checkpoints/log/(28.04.2024_|_30.223)/checkpoints', model_path='/home/pszzz/hyzheng/myocd/SMILE/checkpoints/log/(28.04.2024_|_30.223)/checkpoints/model.pt', writer=<tensorboardX.writer.SummaryWriter object at 0x7f0cced5a2b0>)
Using evaluation function v1 to print results
Train Epoch: 0 Avg Loss: 6.1112 | Seen Class Acc: 0.0000 
Collating features...
234 6960
Epoch 0, Train ACC Unlabelled_v1: All 0.3440 | Old 0.4183 | New 0.3044
Epoch 0, Train ACC Unlabelled_v2: All 0.2799 | Old 0.3041 | New 0.2670
Train Accuracies: All 0.3440 | Old 0.4183 | New 0.3044
Train Epoch: 1 Avg Loss: 4.6041 | Seen Class Acc: 0.0000 
Collating features...
161 6960
Epoch 1, Train ACC Unlabelled_v1: All 0.3871 | Old 0.5077 | New 0.3229
Epoch 1, Train ACC Unlabelled_v2: All 0.3216 | Old 0.3732 | New 0.2941
Train Accuracies: All 0.3871 | Old 0.5077 | New 0.3229
Train Epoch: 2 Avg Loss: 4.0699 | Seen Class Acc: 0.0000 
Collating features...
202 6960
Epoch 2, Train ACC Unlabelled_v1: All 0.4204 | Old 0.5515 | New 0.3506
Epoch 2, Train ACC Unlabelled_v2: All 0.3503 | Old 0.4113 | New 0.3179
Train Accuracies: All 0.4204 | Old 0.5515 | New 0.3506
Train Epoch: 3 Avg Loss: 3.7124 | Seen Class Acc: 0.0000 
Collating features...
227 6960
Epoch 3, Train ACC Unlabelled_v1: All 0.4428 | Old 0.5999 | New 0.3592
Epoch 3, Train ACC Unlabelled_v2: All 0.3704 | Old 0.4564 | New 0.3247
Train Accuracies: All 0.4428 | Old 0.5999 | New 0.3592
Train Epoch: 4 Avg Loss: 3.4659 | Seen Class Acc: 0.0000 
Collating features...
191 6960
Epoch 4, Train ACC Unlabelled_v1: All 0.4399 | Old 0.6177 | New 0.3454
Epoch 4, Train ACC Unlabelled_v2: All 0.3671 | Old 0.4630 | New 0.3161
Train Accuracies: All 0.4399 | Old 0.6177 | New 0.3454
Train Epoch: 5 Avg Loss: 3.3017 | Seen Class Acc: 0.0000 
Collating features...
210 6960
Epoch 5, Train ACC Unlabelled_v1: All 0.4384 | Old 0.6103 | New 0.3469
Epoch 5, Train ACC Unlabelled_v2: All 0.3601 | Old 0.4423 | New 0.3163
Train Accuracies: All 0.4384 | Old 0.6103 | New 0.3469
Train Epoch: 6 Avg Loss: 3.1723 | Seen Class Acc: 0.0000 
Collating features...
196 6960
Epoch 6, Train ACC Unlabelled_v1: All 0.4655 | Old 0.6446 | New 0.3702
Epoch 6, Train ACC Unlabelled_v2: All 0.3773 | Old 0.4874 | New 0.3187
Train Accuracies: All 0.4655 | Old 0.6446 | New 0.3702
Train Epoch: 7 Avg Loss: 3.0343 | Seen Class Acc: 0.0000 
Collating features...
239 6960
Epoch 7, Train ACC Unlabelled_v1: All 0.4605 | Old 0.6603 | New 0.3542
Epoch 7, Train ACC Unlabelled_v2: All 0.3700 | Old 0.5064 | New 0.2974
Train Accuracies: All 0.4605 | Old 0.6603 | New 0.3542
Train Epoch: 8 Avg Loss: 2.9477 | Seen Class Acc: 0.0000 
Collating features...
194 6960
Epoch 8, Train ACC Unlabelled_v1: All 0.4427 | Old 0.6570 | New 0.3286
Epoch 8, Train ACC Unlabelled_v2: All 0.3565 | Old 0.5072 | New 0.2762
Train Accuracies: All 0.4427 | Old 0.6570 | New 0.3286
Train Epoch: 9 Avg Loss: 2.8610 | Seen Class Acc: 0.0000 
Collating features...
221 6960
Epoch 9, Train ACC Unlabelled_v1: All 0.4463 | Old 0.6657 | New 0.3295
Epoch 9, Train ACC Unlabelled_v2: All 0.3533 | Old 0.4820 | New 0.2848
Train Accuracies: All 0.4463 | Old 0.6657 | New 0.3295
Train Epoch: 10 Avg Loss: 2.7771 | Seen Class Acc: 0.0000 
Collating features...
211 6960
Epoch 10, Train ACC Unlabelled_v1: All 0.4659 | Old 0.6740 | New 0.3553
Epoch 10, Train ACC Unlabelled_v2: All 0.3776 | Old 0.5077 | New 0.3084
Train Accuracies: All 0.4659 | Old 0.6740 | New 0.3553
Train Epoch: 11 Avg Loss: 2.7224 | Seen Class Acc: 0.0000 
Collating features...
196 6960
Epoch 11, Train ACC Unlabelled_v1: All 0.4591 | Old 0.6864 | New 0.3381
Epoch 11, Train ACC Unlabelled_v2: All 0.3674 | Old 0.5221 | New 0.2851
Train Accuracies: All 0.4591 | Old 0.6864 | New 0.3381
Train Epoch: 12 Avg Loss: 2.6902 | Seen Class Acc: 0.0000 
Collating features...
193 6960
Epoch 12, Train ACC Unlabelled_v1: All 0.4602 | Old 0.6905 | New 0.3377
Epoch 12, Train ACC Unlabelled_v2: All 0.3674 | Old 0.5209 | New 0.2857
Train Accuracies: All 0.4602 | Old 0.6905 | New 0.3377
Train Epoch: 13 Avg Loss: 2.6154 | Seen Class Acc: 0.0000 
Collating features...
201 6960
Epoch 13, Train ACC Unlabelled_v1: All 0.4747 | Old 0.6951 | New 0.3575
Epoch 13, Train ACC Unlabelled_v2: All 0.3746 | Old 0.5147 | New 0.3000
Train Accuracies: All 0.4747 | Old 0.6951 | New 0.3575
Train Epoch: 14 Avg Loss: 2.5789 | Seen Class Acc: 0.0000 
Collating features...
195 6960
Epoch 14, Train ACC Unlabelled_v1: All 0.4792 | Old 0.7017 | New 0.3608
Epoch 14, Train ACC Unlabelled_v2: All 0.3786 | Old 0.5308 | New 0.2976
Train Accuracies: All 0.4792 | Old 0.7017 | New 0.3608
Train Epoch: 15 Avg Loss: 2.5674 | Seen Class Acc: 0.0000 
Collating features...
193 6960
Epoch 15, Train ACC Unlabelled_v1: All 0.4698 | Old 0.6971 | New 0.3489
Epoch 15, Train ACC Unlabelled_v2: All 0.3809 | Old 0.5345 | New 0.2991
Train Accuracies: All 0.4698 | Old 0.6971 | New 0.3489
Train Epoch: 16 Avg Loss: 2.5617 | Seen Class Acc: 0.0000 
Collating features...
176 6960
Epoch 16, Train ACC Unlabelled_v1: All 0.4710 | Old 0.6893 | New 0.3548
Epoch 16, Train ACC Unlabelled_v2: All 0.3816 | Old 0.5271 | New 0.3042
Train Accuracies: All 0.4710 | Old 0.6893 | New 0.3548
Train Epoch: 17 Avg Loss: 2.5331 | Seen Class Acc: 0.0000 
Collating features...
190 6960
Epoch 17, Train ACC Unlabelled_v1: All 0.4618 | Old 0.6938 | New 0.3383
Epoch 17, Train ACC Unlabelled_v2: All 0.3682 | Old 0.5296 | New 0.2824
Train Accuracies: All 0.4618 | Old 0.6938 | New 0.3383
Train Epoch: 18 Avg Loss: 2.5285 | Seen Class Acc: 0.0000 
Collating features...
203 6960
Epoch 18, Train ACC Unlabelled_v1: All 0.4546 | Old 0.6942 | New 0.3271
Epoch 18, Train ACC Unlabelled_v2: All 0.3678 | Old 0.5263 | New 0.2835
Train Accuracies: All 0.4546 | Old 0.6942 | New 0.3271
Train Epoch: 19 Avg Loss: 2.4946 | Seen Class Acc: 0.0000 
Collating features...
196 6960
Epoch 19, Train ACC Unlabelled_v1: All 0.4678 | Old 0.7000 | New 0.3443
Epoch 19, Train ACC Unlabelled_v2: All 0.3764 | Old 0.5259 | New 0.2969
Train Accuracies: All 0.4678 | Old 0.7000 | New 0.3443
Train Epoch: 20 Avg Loss: 2.4649 | Seen Class Acc: 0.0000 
Collating features...
191 6960
Epoch 20, Train ACC Unlabelled_v1: All 0.4810 | Old 0.7029 | New 0.3630
Epoch 20, Train ACC Unlabelled_v2: All 0.3856 | Old 0.5312 | New 0.3082
Train Accuracies: All 0.4810 | Old 0.7029 | New 0.3630
Train Epoch: 21 Avg Loss: 2.4712 | Seen Class Acc: 0.0000 
Collating features...
183 6960
Epoch 21, Train ACC Unlabelled_v1: All 0.4645 | Old 0.7025 | New 0.3379
Epoch 21, Train ACC Unlabelled_v2: All 0.3724 | Old 0.5341 | New 0.2864
Train Accuracies: All 0.4645 | Old 0.7025 | New 0.3379
Train Epoch: 22 Avg Loss: 2.4441 | Seen Class Acc: 0.0000 
Collating features...
178 6960
Epoch 22, Train ACC Unlabelled_v1: All 0.4823 | Old 0.7034 | New 0.3647
Epoch 22, Train ACC Unlabelled_v2: All 0.3874 | Old 0.5317 | New 0.3106
Train Accuracies: All 0.4823 | Old 0.7034 | New 0.3647
Train Epoch: 23 Avg Loss: 2.4396 | Seen Class Acc: 0.0000 
Collating features...
175 6960
Epoch 23, Train ACC Unlabelled_v1: All 0.4812 | Old 0.7054 | New 0.3619
Epoch 23, Train ACC Unlabelled_v2: All 0.3836 | Old 0.5461 | New 0.2972
Train Accuracies: All 0.4812 | Old 0.7054 | New 0.3619
Train Epoch: 24 Avg Loss: 2.4264 | Seen Class Acc: 0.0000 
Collating features...
170 6960
Epoch 24, Train ACC Unlabelled_v1: All 0.4826 | Old 0.7042 | New 0.3647
Epoch 24, Train ACC Unlabelled_v2: All 0.3886 | Old 0.5292 | New 0.3139
Train Accuracies: All 0.4826 | Old 0.7042 | New 0.3647
Train Epoch: 25 Avg Loss: 2.4268 | Seen Class Acc: 0.0000 
Collating features...
175 6960
Epoch 25, Train ACC Unlabelled_v1: All 0.4806 | Old 0.7054 | New 0.3610
Epoch 25, Train ACC Unlabelled_v2: All 0.3838 | Old 0.5296 | New 0.3062
Train Accuracies: All 0.4806 | Old 0.7054 | New 0.3610
Train Epoch: 26 Avg Loss: 2.3968 | Seen Class Acc: 0.0000 
Collating features...
187 6960
Epoch 26, Train ACC Unlabelled_v1: All 0.4784 | Old 0.7062 | New 0.3573
Epoch 26, Train ACC Unlabelled_v2: All 0.3784 | Old 0.5308 | New 0.2974
Train Accuracies: All 0.4784 | Old 0.7062 | New 0.3573
Train Epoch: 27 Avg Loss: 2.3837 | Seen Class Acc: 0.0000 
Collating features...
179 6960
Epoch 27, Train ACC Unlabelled_v1: All 0.4810 | Old 0.7091 | New 0.3597
Epoch 27, Train ACC Unlabelled_v2: All 0.3852 | Old 0.5391 | New 0.3033
Train Accuracies: All 0.4810 | Old 0.7091 | New 0.3597
Train Epoch: 28 Avg Loss: 2.3630 | Seen Class Acc: 0.0000 
Collating features...
170 6960
Epoch 28, Train ACC Unlabelled_v1: All 0.4825 | Old 0.7042 | New 0.3645
Epoch 28, Train ACC Unlabelled_v2: All 0.3845 | Old 0.5300 | New 0.3071
Train Accuracies: All 0.4825 | Old 0.7042 | New 0.3645
Train Epoch: 29 Avg Loss: 2.3660 | Seen Class Acc: 0.0000 
Collating features...
171 6960
Epoch 29, Train ACC Unlabelled_v1: All 0.4779 | Old 0.7058 | New 0.3566
Epoch 29, Train ACC Unlabelled_v2: All 0.3841 | Old 0.5329 | New 0.3049
Train Accuracies: All 0.4779 | Old 0.7058 | New 0.3566
Train Epoch: 30 Avg Loss: 2.3783 | Seen Class Acc: 0.0000 
Collating features...
164 6960
Epoch 30, Train ACC Unlabelled_v1: All 0.4756 | Old 0.7067 | New 0.3526
Epoch 30, Train ACC Unlabelled_v2: All 0.3807 | Old 0.5362 | New 0.2980
Train Accuracies: All 0.4756 | Old 0.7067 | New 0.3526
Train Epoch: 31 Avg Loss: 2.3766 | Seen Class Acc: 0.0000 
Collating features...
172 6960
Epoch 31, Train ACC Unlabelled_v1: All 0.4822 | Old 0.7096 | New 0.3612
Epoch 31, Train ACC Unlabelled_v2: All 0.3790 | Old 0.5341 | New 0.2965
Train Accuracies: All 0.4822 | Old 0.7096 | New 0.3612
Train Epoch: 32 Avg Loss: 2.3651 | Seen Class Acc: 0.0000 
Collating features...
171 6960
Epoch 32, Train ACC Unlabelled_v1: All 0.4802 | Old 0.7108 | New 0.3575
Epoch 32, Train ACC Unlabelled_v2: All 0.3833 | Old 0.5350 | New 0.3027
Train Accuracies: All 0.4802 | Old 0.7108 | New 0.3575
Train Epoch: 33 Avg Loss: 2.3534 | Seen Class Acc: 0.0000 
Collating features...
167 6960
Epoch 33, Train ACC Unlabelled_v1: All 0.4813 | Old 0.7087 | New 0.3603
Epoch 33, Train ACC Unlabelled_v2: All 0.3828 | Old 0.5341 | New 0.3022
Train Accuracies: All 0.4813 | Old 0.7087 | New 0.3603
Train Epoch: 34 Avg Loss: 2.3471 | Seen Class Acc: 0.0000 
Collating features...
162 6960
Epoch 34, Train ACC Unlabelled_v1: All 0.4826 | Old 0.7108 | New 0.3612
Epoch 34, Train ACC Unlabelled_v2: All 0.3856 | Old 0.5341 | New 0.3066
Train Accuracies: All 0.4826 | Old 0.7108 | New 0.3612
Train Epoch: 35 Avg Loss: 2.3452 | Seen Class Acc: 0.0000 
Collating features...
166 6960
Epoch 35, Train ACC Unlabelled_v1: All 0.4809 | Old 0.7100 | New 0.3590
Epoch 35, Train ACC Unlabelled_v2: All 0.3838 | Old 0.5337 | New 0.3040
Train Accuracies: All 0.4809 | Old 0.7100 | New 0.3590
Train Epoch: 36 Avg Loss: 2.3438 | Seen Class Acc: 0.0000 
Collating features...
171 6960
Epoch 36, Train ACC Unlabelled_v1: All 0.4826 | Old 0.7091 | New 0.3621
Epoch 36, Train ACC Unlabelled_v2: All 0.3848 | Old 0.5350 | New 0.3049
Train Accuracies: All 0.4826 | Old 0.7091 | New 0.3621
Train Epoch: 37 Avg Loss: 2.3521 | Seen Class Acc: 0.0000 
Collating features...
165 6960
Epoch 37, Train ACC Unlabelled_v1: All 0.4819 | Old 0.7054 | New 0.3630
Epoch 37, Train ACC Unlabelled_v2: All 0.3822 | Old 0.5329 | New 0.3020
Train Accuracies: All 0.4819 | Old 0.7054 | New 0.3630
Train Epoch: 38 Avg Loss: 2.3477 | Seen Class Acc: 0.0000 
Collating features...
164 6960
Epoch 38, Train ACC Unlabelled_v1: All 0.4807 | Old 0.7075 | New 0.3601
Epoch 38, Train ACC Unlabelled_v2: All 0.3846 | Old 0.5350 | New 0.3046
Train Accuracies: All 0.4807 | Old 0.7075 | New 0.3601
Train Epoch: 39 Avg Loss: 2.3667 | Seen Class Acc: 0.0000 
Collating features...
170 6960
Epoch 39, Train ACC Unlabelled_v1: All 0.4830 | Old 0.7108 | New 0.3619
Epoch 39, Train ACC Unlabelled_v2: All 0.3856 | Old 0.5350 | New 0.3062
Train Accuracies: All 0.4830 | Old 0.7108 | New 0.3619
Train Epoch: 40 Avg Loss: 2.3126 | Seen Class Acc: 0.0000 
Collating features...
162 6960
Epoch 40, Train ACC Unlabelled_v1: All 0.4833 | Old 0.7104 | New 0.3625
Epoch 40, Train ACC Unlabelled_v2: All 0.3846 | Old 0.5391 | New 0.3024
Train Accuracies: All 0.4833 | Old 0.7104 | New 0.3625
Train Epoch: 41 Avg Loss: 2.3455 | Seen Class Acc: 0.0000 
Collating features...
163 6960
Epoch 41, Train ACC Unlabelled_v1: All 0.4820 | Old 0.7100 | New 0.3608
Epoch 41, Train ACC Unlabelled_v2: All 0.3819 | Old 0.5519 | New 0.2914
Train Accuracies: All 0.4820 | Old 0.7100 | New 0.3608
Train Epoch: 42 Avg Loss: 2.3162 | Seen Class Acc: 0.0000 
Collating features...
157 6960
Epoch 42, Train ACC Unlabelled_v1: All 0.4830 | Old 0.7096 | New 0.3625
Epoch 42, Train ACC Unlabelled_v2: All 0.3835 | Old 0.5374 | New 0.3016
Train Accuracies: All 0.4830 | Old 0.7096 | New 0.3625
Train Epoch: 43 Avg Loss: 2.3219 | Seen Class Acc: 0.0000 
Collating features...
155 6960
Epoch 43, Train ACC Unlabelled_v1: All 0.4833 | Old 0.7096 | New 0.3630
Epoch 43, Train ACC Unlabelled_v2: All 0.3855 | Old 0.5408 | New 0.3029
Train Accuracies: All 0.4833 | Old 0.7096 | New 0.3630
Train Epoch: 44 Avg Loss: 2.3516 | Seen Class Acc: 0.0000 
Collating features...
163 6960
Epoch 44, Train ACC Unlabelled_v1: All 0.4792 | Old 0.7125 | New 0.3551
Epoch 44, Train ACC Unlabelled_v2: All 0.3812 | Old 0.5445 | New 0.2943
Train Accuracies: All 0.4792 | Old 0.7125 | New 0.3551
Train Epoch: 45 Avg Loss: 2.3256 | Seen Class Acc: 0.0000 
Collating features...
161 6960
Epoch 45, Train ACC Unlabelled_v1: All 0.4823 | Old 0.7116 | New 0.3603
Epoch 45, Train ACC Unlabelled_v2: All 0.3836 | Old 0.5391 | New 0.3009
Train Accuracies: All 0.4823 | Old 0.7116 | New 0.3603
Train Epoch: 46 Avg Loss: 2.3370 | Seen Class Acc: 0.0000 
Collating features...
156 6960
Epoch 46, Train ACC Unlabelled_v1: All 0.4812 | Old 0.7100 | New 0.3595
Epoch 46, Train ACC Unlabelled_v2: All 0.3839 | Old 0.5366 | New 0.3027
Train Accuracies: All 0.4812 | Old 0.7100 | New 0.3595
Train Epoch: 47 Avg Loss: 2.3371 | Seen Class Acc: 0.0000 
Collating features...
155 6960
Epoch 47, Train ACC Unlabelled_v1: All 0.4823 | Old 0.7091 | New 0.3617
Epoch 47, Train ACC Unlabelled_v2: All 0.3836 | Old 0.5379 | New 0.3016
Train Accuracies: All 0.4823 | Old 0.7091 | New 0.3617
Train Epoch: 48 Avg Loss: 2.3430 | Seen Class Acc: 0.0000 
Collating features...
156 6960
Epoch 48, Train ACC Unlabelled_v1: All 0.4828 | Old 0.7145 | New 0.3595
Epoch 48, Train ACC Unlabelled_v2: All 0.3845 | Old 0.5428 | New 0.3002
Train Accuracies: All 0.4828 | Old 0.7145 | New 0.3595
Train Epoch: 49 Avg Loss: 2.3278 | Seen Class Acc: 0.0000 
Collating features...
155 6960
Epoch 49, Train ACC Unlabelled_v1: All 0.4822 | Old 0.7083 | New 0.3619
Epoch 49, Train ACC Unlabelled_v2: All 0.3829 | Old 0.5383 | New 0.3002
Train Accuracies: All 0.4822 | Old 0.7083 | New 0.3619
Train Epoch: 50 Avg Loss: 2.3170 | Seen Class Acc: 0.0000 
Collating features...
151 6960
Epoch 50, Train ACC Unlabelled_v1: All 0.4812 | Old 0.7129 | New 0.3579
Epoch 50, Train ACC Unlabelled_v2: All 0.3849 | Old 0.5370 | New 0.3040
Train Accuracies: All 0.4812 | Old 0.7129 | New 0.3579
Train Epoch: 51 Avg Loss: 2.3285 | Seen Class Acc: 0.0000 
Collating features...
156 6960
Epoch 51, Train ACC Unlabelled_v1: All 0.4815 | Old 0.7137 | New 0.3579
Epoch 51, Train ACC Unlabelled_v2: All 0.3815 | Old 0.5416 | New 0.2963
Train Accuracies: All 0.4815 | Old 0.7137 | New 0.3579
Train Epoch: 52 Avg Loss: 2.3525 | Seen Class Acc: 0.0000 
Collating features...
157 6960
Epoch 52, Train ACC Unlabelled_v1: All 0.4830 | Old 0.7141 | New 0.3601
Epoch 52, Train ACC Unlabelled_v2: All 0.3849 | Old 0.5408 | New 0.3020
Train Accuracies: All 0.4830 | Old 0.7141 | New 0.3601
Train Epoch: 53 Avg Loss: 2.3129 | Seen Class Acc: 0.0000 
Collating features...
156 6960
Epoch 53, Train ACC Unlabelled_v1: All 0.4818 | Old 0.7153 | New 0.3575
Epoch 53, Train ACC Unlabelled_v2: All 0.3805 | Old 0.5436 | New 0.2936
Train Accuracies: All 0.4818 | Old 0.7153 | New 0.3575
Train Epoch: 54 Avg Loss: 2.3135 | Seen Class Acc: 0.0000 
Collating features...
161 6960
Epoch 54, Train ACC Unlabelled_v1: All 0.4830 | Old 0.7133 | New 0.3606
Epoch 54, Train ACC Unlabelled_v2: All 0.3826 | Old 0.5403 | New 0.2987
Train Accuracies: All 0.4830 | Old 0.7133 | New 0.3606
Train Epoch: 55 Avg Loss: 2.3257 | Seen Class Acc: 0.0000 
Collating features...
165 6960
Epoch 55, Train ACC Unlabelled_v1: All 0.4842 | Old 0.7174 | New 0.3601
Epoch 55, Train ACC Unlabelled_v2: All 0.3830 | Old 0.5449 | New 0.2969
Train Accuracies: All 0.4842 | Old 0.7174 | New 0.3601
Train Epoch: 56 Avg Loss: 2.3194 | Seen Class Acc: 0.0000 
Collating features...
157 6960
Epoch 56, Train ACC Unlabelled_v1: All 0.4841 | Old 0.7149 | New 0.3612
Epoch 56, Train ACC Unlabelled_v2: All 0.3833 | Old 0.5424 | New 0.2987
Train Accuracies: All 0.4841 | Old 0.7149 | New 0.3612
Train Epoch: 57 Avg Loss: 2.3250 | Seen Class Acc: 0.0000 
Collating features...
161 6960
Epoch 57, Train ACC Unlabelled_v1: All 0.4813 | Old 0.7145 | New 0.3573
Epoch 57, Train ACC Unlabelled_v2: All 0.3820 | Old 0.5416 | New 0.2972
Train Accuracies: All 0.4813 | Old 0.7145 | New 0.3573
Train Epoch: 58 Avg Loss: 2.3213 | Seen Class Acc: 0.0000 
Collating features...
156 6960
Epoch 58, Train ACC Unlabelled_v1: All 0.4848 | Old 0.7141 | New 0.3628
Epoch 58, Train ACC Unlabelled_v2: All 0.3830 | Old 0.5412 | New 0.2989
Train Accuracies: All 0.4848 | Old 0.7141 | New 0.3628
Train Epoch: 59 Avg Loss: 2.3241 | Seen Class Acc: 0.0000 
Collating features...
156 6960
Epoch 59, Train ACC Unlabelled_v1: All 0.4815 | Old 0.7149 | New 0.3573
Epoch 59, Train ACC Unlabelled_v2: All 0.3815 | Old 0.5445 | New 0.2947
Train Accuracies: All 0.4815 | Old 0.7149 | New 0.3573
Train Epoch: 60 Avg Loss: 2.3072 | Seen Class Acc: 0.0000 
Collating features...
154 6960
Epoch 60, Train ACC Unlabelled_v1: All 0.4819 | Old 0.7137 | New 0.3586
Epoch 60, Train ACC Unlabelled_v2: All 0.3830 | Old 0.5420 | New 0.2985
Train Accuracies: All 0.4819 | Old 0.7137 | New 0.3586
Train Epoch: 61 Avg Loss: 2.3168 | Seen Class Acc: 0.0000 
Collating features...
162 6960
Epoch 61, Train ACC Unlabelled_v1: All 0.4807 | Old 0.7145 | New 0.3564
Epoch 61, Train ACC Unlabelled_v2: All 0.3822 | Old 0.5408 | New 0.2978
Train Accuracies: All 0.4807 | Old 0.7145 | New 0.3564
Train Epoch: 62 Avg Loss: 2.3274 | Seen Class Acc: 0.0000 
Collating features...
159 6960
Epoch 62, Train ACC Unlabelled_v1: All 0.4806 | Old 0.7125 | New 0.3573
Epoch 62, Train ACC Unlabelled_v2: All 0.3841 | Old 0.5416 | New 0.3002
Train Accuracies: All 0.4806 | Old 0.7125 | New 0.3573
Train Epoch: 63 Avg Loss: 2.3209 | Seen Class Acc: 0.0000 
Collating features...
155 6960
Epoch 63, Train ACC Unlabelled_v1: All 0.4841 | Old 0.7116 | New 0.3630
Epoch 63, Train ACC Unlabelled_v2: All 0.3842 | Old 0.5374 | New 0.3027
Train Accuracies: All 0.4841 | Old 0.7116 | New 0.3630
Train Epoch: 64 Avg Loss: 2.3219 | Seen Class Acc: 0.0000 
Collating features...
160 6960
Epoch 64, Train ACC Unlabelled_v1: All 0.4810 | Old 0.7145 | New 0.3568
Epoch 64, Train ACC Unlabelled_v2: All 0.3813 | Old 0.5399 | New 0.2969
Train Accuracies: All 0.4810 | Old 0.7145 | New 0.3568
Train Epoch: 65 Avg Loss: 2.3243 | Seen Class Acc: 0.0000 
Collating features...
160 6960
Epoch 65, Train ACC Unlabelled_v1: All 0.4832 | Old 0.7141 | New 0.3603
Epoch 65, Train ACC Unlabelled_v2: All 0.3843 | Old 0.5428 | New 0.3000
Train Accuracies: All 0.4832 | Old 0.7141 | New 0.3603
Train Epoch: 66 Avg Loss: 2.3249 | Seen Class Acc: 0.0000 
Collating features...
156 6960
Epoch 66, Train ACC Unlabelled_v1: All 0.4829 | Old 0.7125 | New 0.3608
Epoch 66, Train ACC Unlabelled_v2: All 0.3849 | Old 0.5403 | New 0.3022
Train Accuracies: All 0.4829 | Old 0.7125 | New 0.3608
Train Epoch: 67 Avg Loss: 2.3198 | Seen Class Acc: 0.0000 
Collating features...
154 6960
Epoch 67, Train ACC Unlabelled_v1: All 0.4793 | Old 0.7137 | New 0.3546
Epoch 67, Train ACC Unlabelled_v2: All 0.3812 | Old 0.5416 | New 0.2958
Train Accuracies: All 0.4793 | Old 0.7137 | New 0.3546
Train Epoch: 68 Avg Loss: 2.3050 | Seen Class Acc: 0.0000 
Collating features...
155 6960
Epoch 68, Train ACC Unlabelled_v1: All 0.4835 | Old 0.7137 | New 0.3610
Epoch 68, Train ACC Unlabelled_v2: All 0.3842 | Old 0.5424 | New 0.3000
Train Accuracies: All 0.4835 | Old 0.7137 | New 0.3610
Train Epoch: 69 Avg Loss: 2.3251 | Seen Class Acc: 0.0000 
Collating features...
157 6960
Epoch 69, Train ACC Unlabelled_v1: All 0.4819 | Old 0.7158 | New 0.3575
Epoch 69, Train ACC Unlabelled_v2: All 0.3842 | Old 0.5432 | New 0.2996
Train Accuracies: All 0.4819 | Old 0.7158 | New 0.3575
Train Epoch: 70 Avg Loss: 2.3178 | Seen Class Acc: 0.0000 
Collating features...
151 6960
Epoch 70, Train ACC Unlabelled_v1: All 0.4846 | Old 0.7133 | New 0.3630
Epoch 70, Train ACC Unlabelled_v2: All 0.3875 | Old 0.5412 | New 0.3057
Train Accuracies: All 0.4846 | Old 0.7133 | New 0.3630
Train Epoch: 71 Avg Loss: 2.3164 | Seen Class Acc: 0.0000 
Collating features...
151 6960
Epoch 71, Train ACC Unlabelled_v1: All 0.4818 | Old 0.7149 | New 0.3577
Epoch 71, Train ACC Unlabelled_v2: All 0.3832 | Old 0.5424 | New 0.2985
Train Accuracies: All 0.4818 | Old 0.7149 | New 0.3577
Train Epoch: 72 Avg Loss: 2.2899 | Seen Class Acc: 0.0000 
Collating features...
160 6960
Epoch 72, Train ACC Unlabelled_v1: All 0.4823 | Old 0.7145 | New 0.3588
Epoch 72, Train ACC Unlabelled_v2: All 0.3841 | Old 0.5428 | New 0.2996
Train Accuracies: All 0.4823 | Old 0.7145 | New 0.3588
Train Epoch: 73 Avg Loss: 2.3233 | Seen Class Acc: 0.0000 
Collating features...
156 6960
Epoch 73, Train ACC Unlabelled_v1: All 0.4830 | Old 0.7137 | New 0.3603
Epoch 73, Train ACC Unlabelled_v2: All 0.3843 | Old 0.5416 | New 0.3007
Train Accuracies: All 0.4830 | Old 0.7137 | New 0.3603
Train Epoch: 74 Avg Loss: 2.3125 | Seen Class Acc: 0.0000 
Collating features...
157 6960
Epoch 74, Train ACC Unlabelled_v1: All 0.4815 | Old 0.7141 | New 0.3577
Epoch 74, Train ACC Unlabelled_v2: All 0.3830 | Old 0.5424 | New 0.2983
Train Accuracies: All 0.4815 | Old 0.7141 | New 0.3577
Train Epoch: 75 Avg Loss: 2.3033 | Seen Class Acc: 0.0000 
Collating features...
157 6960
Epoch 75, Train ACC Unlabelled_v1: All 0.4839 | Old 0.7137 | New 0.3617
Epoch 75, Train ACC Unlabelled_v2: All 0.3845 | Old 0.5420 | New 0.3007
Train Accuracies: All 0.4839 | Old 0.7137 | New 0.3617
Train Epoch: 76 Avg Loss: 2.3074 | Seen Class Acc: 0.0000 
Collating features...
156 6960
Epoch 76, Train ACC Unlabelled_v1: All 0.4833 | Old 0.7137 | New 0.3608
Epoch 76, Train ACC Unlabelled_v2: All 0.3830 | Old 0.5428 | New 0.2980
Train Accuracies: All 0.4833 | Old 0.7137 | New 0.3608
Train Epoch: 77 Avg Loss: 2.3218 | Seen Class Acc: 0.0000 
Collating features...
156 6960
Epoch 77, Train ACC Unlabelled_v1: All 0.4830 | Old 0.7133 | New 0.3606
Epoch 77, Train ACC Unlabelled_v2: All 0.3832 | Old 0.5432 | New 0.2980
Train Accuracies: All 0.4830 | Old 0.7133 | New 0.3606
Train Epoch: 78 Avg Loss: 2.3195 | Seen Class Acc: 0.0000 
Collating features...
153 6960
Epoch 78, Train ACC Unlabelled_v1: All 0.4825 | Old 0.7149 | New 0.3588
Epoch 78, Train ACC Unlabelled_v2: All 0.3846 | Old 0.5436 | New 0.3000
Train Accuracies: All 0.4825 | Old 0.7149 | New 0.3588
Train Epoch: 79 Avg Loss: 2.2965 | Seen Class Acc: 0.0000 
Collating features...
158 6960
Epoch 79, Train ACC Unlabelled_v1: All 0.4823 | Old 0.7145 | New 0.3588
Epoch 79, Train ACC Unlabelled_v2: All 0.3838 | Old 0.5432 | New 0.2989
Train Accuracies: All 0.4823 | Old 0.7145 | New 0.3588
Train Epoch: 80 Avg Loss: 2.2977 | Seen Class Acc: 0.0000 
Collating features...
158 6960
Epoch 80, Train ACC Unlabelled_v1: All 0.4826 | Old 0.7141 | New 0.3595
Epoch 80, Train ACC Unlabelled_v2: All 0.3820 | Old 0.5436 | New 0.2961
Train Accuracies: All 0.4826 | Old 0.7141 | New 0.3595
Train Epoch: 81 Avg Loss: 2.3302 | Seen Class Acc: 0.0000 
Collating features...
155 6960
Epoch 81, Train ACC Unlabelled_v1: All 0.4828 | Old 0.7141 | New 0.3597
Epoch 81, Train ACC Unlabelled_v2: All 0.3835 | Old 0.5412 | New 0.2996
Train Accuracies: All 0.4828 | Old 0.7141 | New 0.3597
Train Epoch: 82 Avg Loss: 2.3308 | Seen Class Acc: 0.0000 
Collating features...
155 6960
Epoch 82, Train ACC Unlabelled_v1: All 0.4830 | Old 0.7158 | New 0.3592
Epoch 82, Train ACC Unlabelled_v2: All 0.3828 | Old 0.5420 | New 0.2980
Train Accuracies: All 0.4830 | Old 0.7158 | New 0.3592
Train Epoch: 83 Avg Loss: 2.3312 | Seen Class Acc: 0.0000 
Collating features...
155 6960
Epoch 83, Train ACC Unlabelled_v1: All 0.4841 | Old 0.7149 | New 0.3612
Epoch 83, Train ACC Unlabelled_v2: All 0.3849 | Old 0.5436 | New 0.3005
Train Accuracies: All 0.4841 | Old 0.7149 | New 0.3612
Train Epoch: 84 Avg Loss: 2.3074 | Seen Class Acc: 0.0000 
Collating features...
156 6960
Epoch 84, Train ACC Unlabelled_v1: All 0.4830 | Old 0.7145 | New 0.3599
Epoch 84, Train ACC Unlabelled_v2: All 0.3832 | Old 0.5436 | New 0.2978
Train Accuracies: All 0.4830 | Old 0.7145 | New 0.3599
Train Epoch: 85 Avg Loss: 2.2948 | Seen Class Acc: 0.0000 
Collating features...
157 6960
Epoch 85, Train ACC Unlabelled_v1: All 0.4838 | Old 0.7153 | New 0.3606
Epoch 85, Train ACC Unlabelled_v2: All 0.3832 | Old 0.5436 | New 0.2978
Train Accuracies: All 0.4838 | Old 0.7153 | New 0.3606
Train Epoch: 86 Avg Loss: 2.3297 | Seen Class Acc: 0.0000 
Collating features...
154 6960
Epoch 86, Train ACC Unlabelled_v1: All 0.4829 | Old 0.7158 | New 0.3590
Epoch 86, Train ACC Unlabelled_v2: All 0.3822 | Old 0.5449 | New 0.2956
Train Accuracies: All 0.4829 | Old 0.7158 | New 0.3590
Train Epoch: 87 Avg Loss: 2.3299 | Seen Class Acc: 0.0000 
Collating features...
156 6960
Epoch 87, Train ACC Unlabelled_v1: All 0.4838 | Old 0.7158 | New 0.3603
Epoch 87, Train ACC Unlabelled_v2: All 0.3833 | Old 0.5432 | New 0.2983
Train Accuracies: All 0.4838 | Old 0.7158 | New 0.3603
Train Epoch: 88 Avg Loss: 2.3261 | Seen Class Acc: 0.0000 
Collating features...
155 6960
Epoch 88, Train ACC Unlabelled_v1: All 0.4832 | Old 0.7170 | New 0.3588
Epoch 88, Train ACC Unlabelled_v2: All 0.3833 | Old 0.5461 | New 0.2967
Train Accuracies: All 0.4832 | Old 0.7170 | New 0.3588
Train Epoch: 89 Avg Loss: 2.3220 | Seen Class Acc: 0.0000 
Collating features...
153 6960
Epoch 89, Train ACC Unlabelled_v1: All 0.4846 | Old 0.7153 | New 0.3619
Epoch 89, Train ACC Unlabelled_v2: All 0.3845 | Old 0.5436 | New 0.2998
Train Accuracies: All 0.4846 | Old 0.7153 | New 0.3619
Train Epoch: 90 Avg Loss: 2.3280 | Seen Class Acc: 0.0000 
Collating features...
153 6960
Epoch 90, Train ACC Unlabelled_v1: All 0.4851 | Old 0.7149 | New 0.3628
Epoch 90, Train ACC Unlabelled_v2: All 0.3852 | Old 0.5428 | New 0.3013
Train Accuracies: All 0.4851 | Old 0.7149 | New 0.3628
Train Epoch: 91 Avg Loss: 2.3210 | Seen Class Acc: 0.0000 
Collating features...
156 6960
Epoch 91, Train ACC Unlabelled_v1: All 0.4833 | Old 0.7149 | New 0.3601
Epoch 91, Train ACC Unlabelled_v2: All 0.3856 | Old 0.5441 | New 0.3013
Train Accuracies: All 0.4833 | Old 0.7149 | New 0.3601
Train Epoch: 92 Avg Loss: 2.3269 | Seen Class Acc: 0.0000 
Collating features...
156 6960
Epoch 92, Train ACC Unlabelled_v1: All 0.4832 | Old 0.7153 | New 0.3597
Epoch 92, Train ACC Unlabelled_v2: All 0.3830 | Old 0.5432 | New 0.2978
Train Accuracies: All 0.4832 | Old 0.7153 | New 0.3597
Train Epoch: 93 Avg Loss: 2.3133 | Seen Class Acc: 0.0000 
Collating features...
146 6960
Epoch 93, Train ACC Unlabelled_v1: All 0.4819 | Old 0.7170 | New 0.3568
Epoch 93, Train ACC Unlabelled_v2: All 0.3823 | Old 0.5453 | New 0.2956
Train Accuracies: All 0.4819 | Old 0.7170 | New 0.3568
Train Epoch: 94 Avg Loss: 2.3196 | Seen Class Acc: 0.0000 
Collating features...
146 6960
Epoch 94, Train ACC Unlabelled_v1: All 0.4839 | Old 0.7125 | New 0.3623
Epoch 94, Train ACC Unlabelled_v2: All 0.3861 | Old 0.5399 | New 0.3042
Train Accuracies: All 0.4839 | Old 0.7125 | New 0.3623
Train Epoch: 95 Avg Loss: 2.3158 | Seen Class Acc: 0.0000 
Collating features...
152 6960
Epoch 95, Train ACC Unlabelled_v1: All 0.4833 | Old 0.7153 | New 0.3599
Epoch 95, Train ACC Unlabelled_v2: All 0.3822 | Old 0.5441 | New 0.2961
Train Accuracies: All 0.4833 | Old 0.7153 | New 0.3599
Train Epoch: 96 Avg Loss: 2.3203 | Seen Class Acc: 0.0000 
Collating features...
149 6960
Epoch 96, Train ACC Unlabelled_v1: All 0.4819 | Old 0.7158 | New 0.3575
Epoch 96, Train ACC Unlabelled_v2: All 0.3826 | Old 0.5449 | New 0.2963
Train Accuracies: All 0.4819 | Old 0.7158 | New 0.3575
Train Epoch: 97 Avg Loss: 2.3070 | Seen Class Acc: 0.0000 
Collating features...
154 6960
Epoch 97, Train ACC Unlabelled_v1: All 0.4845 | Old 0.7141 | New 0.3623
Epoch 97, Train ACC Unlabelled_v2: All 0.3838 | Old 0.5420 | New 0.2996
Train Accuracies: All 0.4845 | Old 0.7141 | New 0.3623
Train Epoch: 98 Avg Loss: 2.3097 | Seen Class Acc: 0.0000 
Collating features...
153 6960
Epoch 98, Train ACC Unlabelled_v1: All 0.4846 | Old 0.7158 | New 0.3617
Epoch 98, Train ACC Unlabelled_v2: All 0.3846 | Old 0.5445 | New 0.2996
Train Accuracies: All 0.4846 | Old 0.7158 | New 0.3617
Train Epoch: 99 Avg Loss: 2.3244 | Seen Class Acc: 0.0000 
Collating features...
155 6960
Epoch 99, Train ACC Unlabelled_v1: All 0.4843 | Old 0.7158 | New 0.3612
Epoch 99, Train ACC Unlabelled_v2: All 0.3836 | Old 0.5445 | New 0.2980
Train Accuracies: All 0.4843 | Old 0.7158 | New 0.3612
